TN:
SF:/home/runner/work/beaver/beaver/src/actions/BVPressureAction.C
FN:22,_ZN16BVPressureAction11validParamsEv
FN:36,_ZN16BVPressureActionC2ERK15InputParameters
FN:39,_ZN16BVPressureAction3actEv
FNDA:14,_ZN16BVPressureAction3actEv
FNDA:14,_ZN16BVPressureActionC2ERK15InputParameters
FNDA:16,_ZN16BVPressureAction11validParamsEv
FNF:3
FNH:3
DA:22,16
DA:24,16
DA:25,16
DA:26,32
DA:28,32
DA:31,32
DA:32,32
DA:33,16
DA:34,0
DA:36,14
DA:39,14
DA:41,14
DA:44,28
DA:47,54
DA:50,120
DA:52,40
DA:53,40
DA:54,40
DA:55,40
DA:56,40
DA:58,40
DA:59,40
DA:60,28
LF:23
LH:22
end_of_record
TN:
SF:/home/runner/work/beaver/beaver/src/actions/BVShearTractionAction.C
FN:22,_ZN21BVShearTractionAction11validParamsEv
FN:37,_ZN21BVShearTractionActionC2ERK15InputParameters
FN:40,_ZN21BVShearTractionAction3actEv
FNDA:2,_ZN21BVShearTractionActionC2ERK15InputParameters
FNDA:2,_ZN21BVShearTractionAction3actEv
FNDA:4,_ZN21BVShearTractionAction11validParamsEv
FNF:3
FNH:3
DA:22,4
DA:24,4
DA:25,4
DA:26,8
DA:29,8
DA:32,8
DA:33,8
DA:34,4
DA:35,0
DA:37,2
DA:40,2
DA:42,2
DA:45,4
DA:48,6
DA:51,12
DA:53,4
DA:54,4
DA:55,4
DA:56,4
DA:57,4
DA:59,4
DA:60,4
DA:61,4
LF:23
LH:22
end_of_record
TN:
SF:/home/runner/work/beaver/beaver/src/auxkernels/BVDarcyVelocityAux.C
FN:20,_ZN18BVDarcyVelocityAux11validParamsEv
FN:31,_ZN18BVDarcyVelocityAuxC2ERK15InputParameters
FN:44,_ZN18BVDarcyVelocityAux12computeValueEv
FNDA:8,_ZN18BVDarcyVelocityAuxC2ERK15InputParameters
FNDA:41590,_ZN18BVDarcyVelocityAux12computeValueEv
FNDA:152,_ZN18BVDarcyVelocityAux11validParamsEv
FNF:3
FNH:3
DA:20,152
DA:22,152
DA:23,304
DA:24,304
DA:25,304
DA:27,304
DA:28,152
DA:29,152
DA:31,8
DA:33,8
DA:34,16
DA:35,8
DA:36,8
DA:37,24
DA:39,8
DA:40,0
DA:41,8
DA:44,41590
DA:46,41590
DA:47,41590
DA:49,41590
LF:21
LH:20
end_of_record
TN:
SF:/home/runner/work/beaver/beaver/src/auxkernels/BVEqvStrainAux.C
FN:19,_ZN14BVEqvStrainAux11validParamsEv
FN:26,_ZN14BVEqvStrainAuxC2ERK15InputParameters
FN:32,_ZN14BVEqvStrainAux12computeValueEv
FNDA:21280,_ZN14BVEqvStrainAux12computeValueEv
FNDA:4,_ZN14BVEqvStrainAuxC2ERK15InputParameters
FNDA:144,_ZN14BVEqvStrainAux11validParamsEv
FNF:3
FNH:3
DA:19,144
DA:21,144
DA:22,144
DA:23,144
DA:24,0
DA:26,4
DA:27,4
DA:29,4
DA:32,21280
DA:34,21280
DA:35,21280
LF:11
LH:10
end_of_record
TN:
SF:/home/runner/work/beaver/beaver/src/auxkernels/BVEqvStrainRateAux.C
FN:19,_ZN18BVEqvStrainRateAux11validParamsEv
FN:26,_ZN18BVEqvStrainRateAuxC2ERK15InputParameters
FN:32,_ZN18BVEqvStrainRateAux12computeValueEv
FNDA:4,_ZN18BVEqvStrainRateAuxC2ERK15InputParameters
FNDA:21280,_ZN18BVEqvStrainRateAux12computeValueEv
FNDA:144,_ZN18BVEqvStrainRateAux11validParamsEv
FNF:3
FNH:3
DA:19,144
DA:21,144
DA:22,144
DA:23,144
DA:24,0
DA:26,4
DA:27,4
DA:29,4
DA:32,21280
DA:34,21280
DA:35,21280
LF:11
LH:10
end_of_record
TN:
SF:/home/runner/work/beaver/beaver/src/auxkernels/BVFaultNormalStressAux.C
FN:19,_ZN22BVFaultNormalStressAux11validParamsEv
FN:26,_ZN22BVFaultNormalStressAuxC2ERK15InputParameters
FN:32,_ZN22BVFaultNormalStressAux12computeValueEv
FNDA:2,_ZN22BVFaultNormalStressAuxC2ERK15InputParameters
FNDA:880,_ZN22BVFaultNormalStressAux12computeValueEv
FNDA:140,_ZN22BVFaultNormalStressAux11validParamsEv
FNF:3
FNH:3
DA:19,140
DA:21,140
DA:22,140
DA:23,140
DA:24,0
DA:26,2
DA:27,2
DA:29,2
DA:32,880
DA:34,880
DA:35,880
DA:37,880
LF:12
LH:11
end_of_record
TN:
SF:/home/runner/work/beaver/beaver/src/auxkernels/BVFaultShearStressAux.C
FN:19,_ZN21BVFaultShearStressAux11validParamsEv
FN:26,_ZN21BVFaultShearStressAuxC2ERK15InputParameters
FN:32,_ZN21BVFaultShearStressAux12computeValueEv
FNDA:2,_ZN21BVFaultShearStressAuxC2ERK15InputParameters
FNDA:880,_ZN21BVFaultShearStressAux12computeValueEv
FNDA:140,_ZN21BVFaultShearStressAux11validParamsEv
FNF:3
FNH:3
DA:19,140
DA:21,140
DA:22,140
DA:23,140
DA:24,0
DA:26,2
DA:27,2
DA:29,2
DA:32,880
DA:34,880
DA:35,880
DA:36,1760
DA:37,880
LF:13
LH:12
end_of_record
TN:
SF:/home/runner/work/beaver/beaver/src/auxkernels/BVFaultStressAuxBase.C
FN:18,_ZN20BVFaultStressAuxBase11validParamsEv
FN:26,_ZN20BVFaultStressAuxBaseC2ERK15InputParameters
FN:40,_ZN20BVFaultStressAuxBase19computeNormalVectorEv
FN:49,_ZN20BVFaultStressAuxBase20computeFaultTractionEv
FNDA:280,_ZN20BVFaultStressAuxBase11validParamsEv
FNDA:3520,_ZN20BVFaultStressAuxBase19computeNormalVectorEv
FNDA:4,_ZN20BVFaultStressAuxBaseC2ERK15InputParameters
FNDA:1760,_ZN20BVFaultStressAuxBase20computeFaultTractionEv
FNF:4
FNH:4
DA:18,280
DA:20,280
DA:21,280
DA:22,560
DA:23,280
DA:24,0
DA:26,4
DA:27,4
DA:29,12
DA:31,4
DA:32,2
DA:33,0
DA:35,6
DA:36,0
DA:37,4
DA:40,3520
DA:42,3520
DA:43,3200
DA:45,320
DA:49,1760
DA:51,1760
DA:53,1760
LF:22
LH:19
end_of_record
TN:
SF:/home/runner/work/beaver/beaver/src/auxkernels/BVMisesStressAux.C
FN:19,_ZN16BVMisesStressAux11validParamsEv
FN:26,_ZN16BVMisesStressAuxC2ERK15InputParameters
FN:31,_ZN16BVMisesStressAux12computeValueEv
FNDA:6,_ZN16BVMisesStressAuxC2ERK15InputParameters
FNDA:148,_ZN16BVMisesStressAux11validParamsEv
FNDA:25152,_ZN16BVMisesStressAux12computeValueEv
FNF:3
FNH:3
DA:19,148
DA:21,148
DA:22,148
DA:23,148
DA:24,0
DA:26,6
DA:28,6
DA:31,25152
DA:33,25152
DA:34,25152
LF:10
LH:9
end_of_record
TN:
SF:/home/runner/work/beaver/beaver/src/auxkernels/BVPressureAux.C
FN:19,_ZN13BVPressureAux11validParamsEv
FN:26,_ZN13BVPressureAuxC2ERK15InputParameters
FN:29,_ZN13BVPressureAux12computeValueEv
FNDA:4088,_ZN13BVPressureAux12computeValueEv
FNDA:3,_ZN13BVPressureAuxC2ERK15InputParameters
FNDA:142,_ZN13BVPressureAux11validParamsEv
FNF:3
FNH:3
DA:19,142
DA:21,142
DA:22,142
DA:23,142
DA:24,0
DA:26,3
DA:29,4088
DA:31,4088
LF:8
LH:7
end_of_record
TN:
SF:/home/runner/work/beaver/beaver/src/auxkernels/BVStrainAuxBase.C
FN:17,_ZN15BVStrainAuxBase11validParamsEv
FN:24,_ZN15BVStrainAuxBaseC2ERK15InputParameters
FNDA:19,_ZN15BVStrainAuxBaseC2ERK15InputParameters
FNDA:718,_ZN15BVStrainAuxBase11validParamsEv
FNF:2
FNH:2
DA:17,718
DA:19,718
DA:20,718
DA:21,718
DA:22,0
DA:24,19
DA:26,38
DA:28,19
LF:8
LH:7
end_of_record
TN:
SF:/home/runner/work/beaver/beaver/src/auxkernels/BVStrainComponentAux.C
FN:19,_ZN20BVStrainComponentAux11validParamsEv
FN:31,_ZN20BVStrainComponentAuxC2ERK15InputParameters
FN:40,_ZN20BVStrainComponentAux12computeValueEv
FNDA:11,_ZN20BVStrainComponentAuxC2ERK15InputParameters
FNDA:158,_ZN20BVStrainComponentAux11validParamsEv
FNDA:52202,_ZN20BVStrainComponentAux12computeValueEv
FNF:3
FNH:3
DA:19,158
DA:21,158
DA:22,316
DA:23,316
DA:24,316
DA:26,316
DA:28,158
DA:29,158
DA:31,11
DA:33,22
DA:34,22
DA:35,33
DA:37,11
DA:40,52202
DA:42,52202
LF:15
LH:15
end_of_record
TN:
SF:/home/runner/work/beaver/beaver/src/auxkernels/BVStressAuxBase.C
FN:17,_ZN15BVStressAuxBase11validParamsEv
FN:24,_ZN15BVStressAuxBaseC2ERK15InputParameters
FNDA:732,_ZN15BVStressAuxBase11validParamsEv
FNDA:26,_ZN15BVStressAuxBaseC2ERK15InputParameters
FNF:2
FNH:2
DA:17,732
DA:19,732
DA:20,732
DA:21,732
DA:22,0
DA:24,26
DA:25,52
DA:27,26
LF:8
LH:7
end_of_record
TN:
SF:/home/runner/work/beaver/beaver/src/auxkernels/BVStressComponentAux.C
FN:19,_ZN20BVStressComponentAux11validParamsEv
FN:31,_ZN20BVStressComponentAuxC2ERK15InputParameters
FN:39,_ZN20BVStressComponentAux12computeValueEv
FNDA:13,_ZN20BVStressComponentAuxC2ERK15InputParameters
FNDA:32962,_ZN20BVStressComponentAux12computeValueEv
FNDA:162,_ZN20BVStressComponentAux11validParamsEv
FNF:3
FNH:3
DA:19,162
DA:21,162
DA:22,324
DA:23,324
DA:24,324
DA:26,324
DA:28,162
DA:29,162
DA:31,13
DA:33,13
DA:34,39
DA:36,13
DA:39,32962
DA:41,32962
LF:14
LH:14
end_of_record
TN:
SF:/home/runner/work/beaver/beaver/src/auxkernels/BVVolStrainAux.C
FN:19,_ZN14BVVolStrainAux11validParamsEv
FN:26,_ZN14BVVolStrainAuxC2ERK15InputParameters
FN:32,_ZN14BVVolStrainAux12computeValueEv
FNDA:0,_ZN14BVVolStrainAux12computeValueEv
FNDA:0,_ZN14BVVolStrainAuxC2ERK15InputParameters
FNDA:136,_ZN14BVVolStrainAux11validParamsEv
FNF:3
FNH:1
DA:19,136
DA:21,136
DA:22,136
DA:23,136
DA:24,0
DA:26,0
DA:27,0
DA:29,0
DA:32,0
DA:34,0
LF:10
LH:4
end_of_record
TN:
SF:/home/runner/work/beaver/beaver/src/auxkernels/BVVolStrainRateAux.C
FN:19,_ZN18BVVolStrainRateAux11validParamsEv
FN:26,_ZN18BVVolStrainRateAuxC2ERK15InputParameters
FN:32,_ZN18BVVolStrainRateAux12computeValueEv
FNDA:0,_ZN18BVVolStrainRateAux12computeValueEv
FNDA:0,_ZN18BVVolStrainRateAuxC2ERK15InputParameters
FNDA:136,_ZN18BVVolStrainRateAux11validParamsEv
FNF:3
FNH:1
DA:19,136
DA:21,136
DA:22,136
DA:23,136
DA:24,0
DA:26,0
DA:27,0
DA:29,0
DA:32,0
DA:34,0
LF:10
LH:4
end_of_record
TN:
SF:/home/runner/work/beaver/beaver/src/base/BeaverApp.C
FN:21,_ZN9BeaverApp11validParamsEv
FN:31,_ZN9BeaverAppC2ERK15InputParameters
FN:36,_ZN9BeaverAppD0Ev
FN:36,_ZN9BeaverAppD2Ev
FN:39,_ZN9BeaverApp11registerAllER7FactoryR13ActionFactoryR6Syntax
FN:53,_ZN9BeaverApp12registerAppsEv
FN:62,BeaverApp__registerAll
FN:67,BeaverApp__registerApps
FNDA:0,_ZN9BeaverAppD2Ev
FNDA:0,_ZN9BeaverApp12registerAppsEv
FNDA:31,_ZN9BeaverApp11registerAllER7FactoryR13ActionFactoryR6Syntax
FNDA:0,BeaverApp__registerAll
FNDA:0,_ZN9BeaverAppD0Ev
FNDA:31,_ZN9BeaverApp11validParamsEv
FNDA:0,_ZN9BeaverAppC2ERK15InputParameters
FNDA:0,BeaverApp__registerApps
FNF:8
FNH:2
DA:21,31
DA:23,31
DA:26,31
DA:27,31
DA:28,31
DA:29,0
DA:31,0
DA:33,0
DA:34,0
DA:36,0
DA:39,31
DA:41,31
DA:42,31
DA:43,31
DA:46,62
DA:47,62
DA:48,62
DA:49,62
DA:50,31
DA:53,0
DA:55,0
DA:56,0
DA:62,0
DA:64,0
DA:65,0
DA:67,0
DA:69,0
DA:70,0
LF:28
LH:14
end_of_record
TN:
SF:/home/runner/work/beaver/beaver/src/bcs/BVPressureBC.C
FN:20,_ZN12BVPressureBC11validParamsEv
FN:31,_ZN12BVPressureBCC2ERK15InputParameters
FN:42,_ZN12BVPressureBC17computeQpResidualEv
FNDA:40,_ZN12BVPressureBCC2ERK15InputParameters
FNDA:478944,_ZN12BVPressureBC17computeQpResidualEv
FNDA:216,_ZN12BVPressureBC11validParamsEv
FNF:3
FNH:3
DA:20,216
DA:22,216
DA:23,216
DA:24,432
DA:25,432
DA:26,432
DA:27,216
DA:28,216
DA:29,0
DA:31,40
DA:33,40
DA:34,80
DA:35,126
DA:37,40
DA:38,0
DA:39,40
DA:42,478944
DA:44,478944
DA:46,478944
DA:47,38496
DA:49,478944
LF:21
LH:19
end_of_record
TN:
SF:/home/runner/work/beaver/beaver/src/bcs/BVShearTractionBC.C
FN:20,_ZN17BVShearTractionBC11validParamsEv
FN:31,_ZN17BVShearTractionBCC2ERK15InputParameters
FN:42,_ZN17BVShearTractionBC17computeQpResidualEv
FNDA:4,_ZN17BVShearTractionBCC2ERK15InputParameters
FNDA:144,_ZN17BVShearTractionBC11validParamsEv
FNDA:960,_ZN17BVShearTractionBC17computeQpResidualEv
FNF:3
FNH:3
DA:20,144
DA:22,144
DA:23,144
DA:24,288
DA:25,288
DA:26,288
DA:27,144
DA:28,144
DA:29,0
DA:31,4
DA:33,4
DA:34,8
DA:35,12
DA:37,4
DA:38,0
DA:39,4
DA:42,960
DA:45,960
DA:47,960
DA:49,960
DA:50,0
DA:52,960
LF:22
LH:19
end_of_record
TN:
SF:/home/runner/work/beaver/beaver/src/fvkernels/BVFVFluxKernelBase.C
FN:17,_ZN18BVFVFluxKernelBase11validParamsEv
FN:24,_ZN18BVFVFluxKernelBaseC2ERK15InputParameters
FN:27,_ZNK18BVFVFluxKernelBase16transmissibilityERKN11MetaPhysicL10DualNumberIdNS0_35SemiDynamicSparseNumberArrayGenericIdmNS0_8NWrapperILm64EEENS0_19DynamicArrayWrapperISt5arraydLm64EEEEELb1EEESB_
FN:51,_ZNK18BVFVFluxKernelBase13diffusiveFluxERKN11MetaPhysicL10DualNumberIdNS0_35SemiDynamicSparseNumberArrayGenericIdmNS0_8NWrapperILm64EEENS0_19DynamicArrayWrapperISt5arraydLm64EEEEELb1EEESB_RK15MooseVariableFVIdE
FN:64,_ZNK18BVFVFluxKernelBase21advectiveFluxVariableERKN7libMesh11VectorValueIN11MetaPhysicL10DualNumberIdNS2_35SemiDynamicSparseNumberArrayGenericIdmNS2_8NWrapperILm64EEENS2_19DynamicArrayWrapperISt5arraydLm64EEEEELb1EEEEE
FN:78,_ZNK18BVFVFluxKernelBase21advectiveFluxMaterialERKN11MetaPhysicL10DualNumberIdNS0_35SemiDynamicSparseNumberArrayGenericIdmNS0_8NWrapperILm64EEENS0_19DynamicArrayWrapperISt5arraydLm64EEEEELb1EEESB_RKN7libMesh11VectorValueIS9_EE
FNDA:21614,_ZNK18BVFVFluxKernelBase16transmissibilityERKN11MetaPhysicL10DualNumberIdNS0_35SemiDynamicSparseNumberArrayGenericIdmNS0_8NWrapperILm64EEENS0_19DynamicArrayWrapperISt5arraydLm64EEEEELb1EEESB_
FNDA:0,_ZNK18BVFVFluxKernelBase21advectiveFluxMaterialERKN11MetaPhysicL10DualNumberIdNS0_35SemiDynamicSparseNumberArrayGenericIdmNS0_8NWrapperILm64EEENS0_19DynamicArrayWrapperISt5arraydLm64EEEEELb1EEESB_RKN7libMesh11VectorValueIS9_EE
FNDA:550,_ZN18BVFVFluxKernelBase11validParamsEv
FNDA:0,_ZNK18BVFVFluxKernelBase21advectiveFluxVariableERKN7libMesh11VectorValueIN11MetaPhysicL10DualNumberIdNS2_35SemiDynamicSparseNumberArrayGenericIdmNS2_8NWrapperILm64EEENS2_19DynamicArrayWrapperISt5arraydLm64EEEEELb1EEEEE
FNDA:21614,_ZNK18BVFVFluxKernelBase13diffusiveFluxERKN11MetaPhysicL10DualNumberIdNS0_35SemiDynamicSparseNumberArrayGenericIdmNS0_8NWrapperILm64EEENS0_19DynamicArrayWrapperISt5arraydLm64EEEEELb1EEESB_RK15MooseVariableFVIdE
FNDA:3,_ZN18BVFVFluxKernelBaseC2ERK15InputParameters
FNF:6
FNH:4
DA:17,550
DA:19,550
DA:20,550
DA:21,550
DA:22,0
DA:24,3
DA:27,21614
DA:33,21614
DA:34,468
DA:40,21146
DA:41,0
DA:43,21146
DA:44,21146
DA:47,21614
DA:51,21614
DA:55,21614
DA:57,43228
DA:58,21614
DA:60,21614
DA:64,0
DA:66,0
DA:68,0
DA:71,0
DA:72,0
DA:74,0
DA:78,0
DA:84,0
DA:85,0
DA:87,0
DA:92,0
DA:93,0
DA:95,0
LF:32
LH:17
end_of_record
TN:
SF:/home/runner/work/beaver/beaver/src/fvkernels/BVFVMultiPhasePressureDarcy.C
FN:19,_ZN27BVFVMultiPhasePressureDarcy11validParamsEv
FN:28,_ZN27BVFVMultiPhasePressureDarcyC2ERK15InputParameters
FN:39,_ZN27BVFVMultiPhasePressureDarcy17computeQpResidualEv
FNDA:136,_ZN27BVFVMultiPhasePressureDarcy11validParamsEv
FNDA:0,_ZN27BVFVMultiPhasePressureDarcy17computeQpResidualEv
FNDA:0,_ZN27BVFVMultiPhasePressureDarcyC2ERK15InputParameters
FNF:3
FNH:1
DA:19,136
DA:21,136
DA:22,136
DA:24,136
DA:25,136
DA:26,0
DA:28,0
DA:30,0
DA:31,0
DA:36,0
DA:39,0
DA:42,0
DA:44,0
LF:13
LH:5
end_of_record
TN:
SF:/home/runner/work/beaver/beaver/src/fvkernels/BVFVMultiPhasePressureTimeDerivative.C
FN:19,_ZN36BVFVMultiPhasePressureTimeDerivative11validParamsEv
FN:28,_ZN36BVFVMultiPhasePressureTimeDerivativeC2ERK15InputParameters
FN:41,_ZN36BVFVMultiPhasePressureTimeDerivative17computeQpResidualEv
FNDA:136,_ZN36BVFVMultiPhasePressureTimeDerivative11validParamsEv
FNDA:0,_ZN36BVFVMultiPhasePressureTimeDerivativeC2ERK15InputParameters
FNDA:0,_ZN36BVFVMultiPhasePressureTimeDerivative17computeQpResidualEv
FNF:3
FNH:1
DA:19,136
DA:21,136
DA:22,136
DA:23,272
DA:24,272
DA:25,136
DA:26,0
DA:28,0
DA:30,0
DA:31,0
DA:32,0
DA:33,0
DA:34,0
DA:35,0
DA:36,0
DA:38,0
DA:41,0
DA:43,0
DA:44,0
DA:45,0
DA:46,0
LF:21
LH:6
end_of_record
TN:
SF:/home/runner/work/beaver/beaver/src/fvkernels/BVFVMultiPhaseSaturationDarcy.C
FN:19,_ZN29BVFVMultiPhaseSaturationDarcy11validParamsEv
FN:30,_ZN29BVFVMultiPhaseSaturationDarcyC2ERK15InputParameters
FN:49,_ZN29BVFVMultiPhaseSaturationDarcy17computeQpResidualEv
FNDA:0,_ZN29BVFVMultiPhaseSaturationDarcyC2ERK15InputParameters
FNDA:136,_ZN29BVFVMultiPhaseSaturationDarcy11validParamsEv
FNDA:0,_ZN29BVFVMultiPhaseSaturationDarcy17computeQpResidualEv
FNF:3
FNH:1
DA:19,136
DA:21,136
DA:22,272
DA:23,272
DA:24,272
DA:26,272
DA:27,136
DA:28,136
DA:30,0
DA:32,0
DA:33,0
DA:34,0
DA:35,0
DA:36,0
DA:37,0
DA:38,0
DA:39,0
DA:40,0
DA:41,0
DA:46,0
DA:49,0
DA:52,0
DA:56,0
DA:58,0
DA:59,0
DA:60,0
DA:61,0
DA:62,0
DA:63,0
DA:64,0
DA:65,0
DA:69,0
DA:71,0
LF:33
LH:8
end_of_record
TN:
SF:/home/runner/work/beaver/beaver/src/fvkernels/BVFVMultiPhaseSaturationTimeDerivative.C
FN:19,_ZN38BVFVMultiPhaseSaturationTimeDerivative11validParamsEv
FN:29,_ZN38BVFVMultiPhaseSaturationTimeDerivativeC2ERK15InputParameters
FN:40,_ZN38BVFVMultiPhaseSaturationTimeDerivative9phase_extB5cxx11Ev
FN:54,_ZN38BVFVMultiPhaseSaturationTimeDerivative17computeQpResidualEv
FNDA:136,_ZN38BVFVMultiPhaseSaturationTimeDerivative11validParamsEv
FNDA:0,_ZN38BVFVMultiPhaseSaturationTimeDerivativeC2ERK15InputParameters
FNDA:0,_ZN38BVFVMultiPhaseSaturationTimeDerivative17computeQpResidualEv
FNDA:0,_ZN38BVFVMultiPhaseSaturationTimeDerivative9phase_extB5cxx11Ev
FNF:4
FNH:1
DA:19,136
DA:21,136
DA:22,272
DA:23,272
DA:24,272
DA:26,136
DA:27,136
DA:29,0
DA:31,0
DA:32,0
DA:33,0
DA:34,0
DA:35,0
DA:37,0
DA:40,0
DA:42,0
DA:45,0
DA:47,0
DA:48,0
DA:49,0
DA:54,0
DA:56,0
DA:57,0
LF:23
LH:7
end_of_record
TN:
SF:/home/runner/work/beaver/beaver/src/fvkernels/BVFVSinglePhaseDarcy.C
FN:19,_ZN20BVFVSinglePhaseDarcy11validParamsEv
FN:28,_ZN20BVFVSinglePhaseDarcyC2ERK15InputParameters
FN:39,_ZN20BVFVSinglePhaseDarcy17computeQpResidualEv
FNDA:3,_ZN20BVFVSinglePhaseDarcyC2ERK15InputParameters
FNDA:21614,_ZN20BVFVSinglePhaseDarcy17computeQpResidualEv
FNDA:142,_ZN20BVFVSinglePhaseDarcy11validParamsEv
FNF:3
FNH:3
DA:19,142
DA:21,142
DA:22,142
DA:24,142
DA:25,142
DA:26,0
DA:28,3
DA:30,3
DA:31,9
DA:36,3
DA:39,21614
DA:42,21614
DA:43,21614
LF:13
LH:12
end_of_record
TN:
SF:/home/runner/work/beaver/beaver/src/fvkernels/BVFVSinglePhaseSoluteDarcy.C
FN:19,_ZN26BVFVSinglePhaseSoluteDarcy11validParamsEv
FN:28,_ZN26BVFVSinglePhaseSoluteDarcyC2ERK15InputParameters
FN:39,_ZN26BVFVSinglePhaseSoluteDarcy17computeQpResidualEv
FNDA:136,_ZN26BVFVSinglePhaseSoluteDarcy11validParamsEv
FNDA:0,_ZN26BVFVSinglePhaseSoluteDarcy17computeQpResidualEv
FNDA:0,_ZN26BVFVSinglePhaseSoluteDarcyC2ERK15InputParameters
FNF:3
FNH:1
DA:19,136
DA:21,136
DA:22,136
DA:24,272
DA:25,136
DA:26,0
DA:28,0
DA:30,0
DA:31,0
DA:32,0
DA:33,0
DA:34,0
DA:36,0
DA:39,0
DA:43,0
DA:46,0
DA:49,0
DA:51,0
LF:18
LH:5
end_of_record
TN:
SF:/home/runner/work/beaver/beaver/src/fvkernels/BVFVSinglePhaseSoluteTimeDerivative.C
FN:19,_ZN35BVFVSinglePhaseSoluteTimeDerivative11validParamsEv
FN:27,_ZN35BVFVSinglePhaseSoluteTimeDerivativeC2ERK15InputParameters
FN:34,_ZN35BVFVSinglePhaseSoluteTimeDerivative17computeQpResidualEv
FNDA:0,_ZN35BVFVSinglePhaseSoluteTimeDerivativeC2ERK15InputParameters
FNDA:136,_ZN35BVFVSinglePhaseSoluteTimeDerivative11validParamsEv
FNDA:0,_ZN35BVFVSinglePhaseSoluteTimeDerivative17computeQpResidualEv
FNF:3
FNH:1
DA:19,136
DA:21,136
DA:22,136
DA:24,136
DA:25,0
DA:27,0
DA:28,0
DA:29,0
DA:31,0
DA:34,0
DA:36,0
LF:11
LH:4
end_of_record
TN:
SF:/home/runner/work/beaver/beaver/src/fvkernels/BVFVSinglePhaseTimeDerivative.C
FN:19,_ZN29BVFVSinglePhaseTimeDerivative11validParamsEv
FN:26,_ZN29BVFVSinglePhaseTimeDerivativeC2ERK15InputParameters
FN:38,_ZN29BVFVSinglePhaseTimeDerivative17computeQpResidualEv
FNDA:1,_ZN29BVFVSinglePhaseTimeDerivativeC2ERK15InputParameters
FNDA:138,_ZN29BVFVSinglePhaseTimeDerivative11validParamsEv
FNDA:1550,_ZN29BVFVSinglePhaseTimeDerivative17computeQpResidualEv
FNF:3
FNH:3
DA:19,138
DA:21,138
DA:22,138
DA:23,138
DA:24,0
DA:26,1
DA:28,1
DA:29,2
DA:30,2
DA:31,1
DA:32,1
DA:33,2
DA:35,1
DA:38,1550
DA:41,1550
DA:44,1550
DA:45,0
DA:47,1550
LF:18
LH:16
end_of_record
TN:
SF:/home/runner/work/beaver/beaver/src/interfacekernels/BVMechanicalInterface.C
FN:19,_ZN21BVMechanicalInterface11validParamsEv
FN:32,_ZN21BVMechanicalInterfaceC2ERK15InputParameters
FN:40,_ZN21BVMechanicalInterface17computeQpResidualEN5Moose14DGResidualTypeE
FNDA:150,_ZN21BVMechanicalInterface11validParamsEv
FNDA:140160,_ZN21BVMechanicalInterface17computeQpResidualEN5Moose14DGResidualTypeE
FNDA:7,_ZN21BVMechanicalInterfaceC2ERK15InputParameters
FNF:3
FNH:3
DA:19,150
DA:21,150
DA:22,150
DA:23,150
DA:24,300
DA:25,300
DA:29,150
DA:30,150
DA:32,7
DA:34,7
DA:35,21
DA:37,7
DA:40,140160
DA:42,140160
DA:44,140160
DA:47,70080
DA:48,70080
DA:49,70080
DA:50,70080
DA:51,70080
DA:55,140160
LF:21
LH:21
end_of_record
TN:
SF:/home/runner/work/beaver/beaver/src/kernels/BVSinglePhaseDarcy.C
FN:19,_ZN18BVSinglePhaseDarcy11validParamsEv
FN:27,_ZN18BVSinglePhaseDarcyC2ERK15InputParameters
FN:33,_ZN18BVSinglePhaseDarcy20precomputeQpResidualEv
FNDA:146,_ZN18BVSinglePhaseDarcy11validParamsEv
FNDA:5,_ZN18BVSinglePhaseDarcyC2ERK15InputParameters
FNDA:166640,_ZN18BVSinglePhaseDarcy20precomputeQpResidualEv
FNF:3
FNH:3
DA:19,146
DA:21,146
DA:22,146
DA:24,146
DA:25,0
DA:27,5
DA:28,10
DA:30,5
DA:33,166640
DA:35,166640
LF:10
LH:9
end_of_record
TN:
SF:/home/runner/work/beaver/beaver/src/kernels/BVSinglePhaseTimeDerivative.C
FN:19,_ZN27BVSinglePhaseTimeDerivative11validParamsEv
FN:26,_ZN27BVSinglePhaseTimeDerivativeC2ERK15InputParameters
FN:38,_ZN27BVSinglePhaseTimeDerivative20precomputeQpResidualEv
FNDA:3,_ZN27BVSinglePhaseTimeDerivativeC2ERK15InputParameters
FNDA:106160,_ZN27BVSinglePhaseTimeDerivative20precomputeQpResidualEv
FNDA:142,_ZN27BVSinglePhaseTimeDerivative11validParamsEv
FNF:3
FNH:3
DA:19,142
DA:21,142
DA:22,142
DA:23,142
DA:24,0
DA:26,3
DA:28,3
DA:29,6
DA:30,6
DA:31,3
DA:32,5
DA:33,8
DA:35,3
DA:38,106160
DA:41,106160
DA:44,106160
DA:45,49120
DA:47,106160
LF:18
LH:17
end_of_record
TN:
SF:/home/runner/work/beaver/beaver/src/kernels/BVStressDivergence.C
FN:19,_ZN18BVStressDivergence11validParamsEv
FN:36,_ZN18BVStressDivergenceC2ERK15InputParameters
FN:49,_ZN18BVStressDivergence17computeQpResidualEv
FNDA:6829848,_ZN18BVStressDivergence17computeQpResidualEv
FNDA:52,_ZN18BVStressDivergenceC2ERK15InputParameters
FNDA:240,_ZN18BVStressDivergence11validParamsEv
FNF:3
FNH:3
DA:19,240
DA:21,240
DA:22,240
DA:23,480
DA:24,240
DA:25,480
DA:26,480
DA:30,720
DA:31,480
DA:32,480
DA:33,240
DA:34,240
DA:36,52
DA:38,52
DA:39,52
DA:40,104
DA:41,104
DA:42,104
DA:43,104
DA:44,108
DA:46,52
DA:49,6829848
DA:51,6829848
DA:53,6829848
DA:54,6829848
DA:55,392960
DA:57,13659696
LF:27
LH:27
end_of_record
TN:
SF:/home/runner/work/beaver/beaver/src/main.C
FN:15,main
FNDA:31,main
FNF:1
FNH:1
DA:15,31
DA:17,31
LF:2
LH:2
end_of_record
TN:
SF:/home/runner/work/beaver/beaver/src/materials/BVBlancoMartinModelUpdate.C
FN:19,_ZN25BVBlancoMartinModelUpdate11validParamsEv
FN:41,_ZN25BVBlancoMartinModelUpdateC2ERK15InputParameters
FN:65,_ZN25BVBlancoMartinModelUpdate24initQpStatefulPropertiesEv
FN:72,_ZN25BVBlancoMartinModelUpdate9creepRateERKSt6vectorIN11MetaPhysicL10DualNumberIdNS1_35SemiDynamicSparseNumberArrayGenericIdmNS1_8NWrapperILm64EEENS1_19DynamicArrayWrapperISt5arraydLm64EEEEELb1EEESaISA_EEj
FN:83,_ZN25BVBlancoMartinModelUpdate10creepRateRERKSt6vectorIN11MetaPhysicL10DualNumberIdNS1_35SemiDynamicSparseNumberArrayGenericIdmNS1_8NWrapperILm64EEENS1_19DynamicArrayWrapperISt5arraydLm64EEEEELb1EEESaISA_EE
FN:94,_ZN25BVBlancoMartinModelUpdate17creepRateLemaitreERKSt6vectorIN11MetaPhysicL10DualNumberIdNS1_35SemiDynamicSparseNumberArrayGenericIdmNS1_8NWrapperILm64EEENS1_19DynamicArrayWrapperISt5arraydLm64EEEEELb1EEESaISA_EE
FN:105,_ZN25BVBlancoMartinModelUpdate21creepRateMunsonDawsonERKSt6vectorIN11MetaPhysicL10DualNumberIdNS1_35SemiDynamicSparseNumberArrayGenericIdmNS1_8NWrapperILm64EEENS1_19DynamicArrayWrapperISt5arraydLm64EEEEELb1EEESaISA_EE
FN:121,_ZN25BVBlancoMartinModelUpdate19creepRateDerivativeERKSt6vectorIN11MetaPhysicL10DualNumberIdNS1_35SemiDynamicSparseNumberArrayGenericIdmNS1_8NWrapperILm64EEENS1_19DynamicArrayWrapperISt5arraydLm64EEEEELb1EEESaISA_EEjj
FN:135,_ZN25BVBlancoMartinModelUpdate20creepRateRDerivativeERKSt6vectorIN11MetaPhysicL10DualNumberIdNS1_35SemiDynamicSparseNumberArrayGenericIdmNS1_8NWrapperILm64EEENS1_19DynamicArrayWrapperISt5arraydLm64EEEEELb1EEESaISA_EE
FN:149,_ZN25BVBlancoMartinModelUpdate27creepRateLemaitreDerivativeERKSt6vectorIN11MetaPhysicL10DualNumberIdNS1_35SemiDynamicSparseNumberArrayGenericIdmNS1_8NWrapperILm64EEENS1_19DynamicArrayWrapperISt5arraydLm64EEEEELb1EEESaISA_EEj
FN:174,_ZN25BVBlancoMartinModelUpdate31creepRateMunsonDawsonDerivativeERKSt6vectorIN11MetaPhysicL10DualNumberIdNS1_35SemiDynamicSparseNumberArrayGenericIdmNS1_8NWrapperILm64EEENS1_19DynamicArrayWrapperISt5arraydLm64EEEEELb1EEESaISA_EEj
FN:206,_ZN25BVBlancoMartinModelUpdate19lemaitreCreepStrainERKSt6vectorIN11MetaPhysicL10DualNumberIdNS1_35SemiDynamicSparseNumberArrayGenericIdmNS1_8NWrapperILm64EEENS1_19DynamicArrayWrapperISt5arraydLm64EEEEELb1EEESaISA_EE
FN:212,_ZN25BVBlancoMartinModelUpdate23munsondawsonCreepStrainERKSt6vectorIN11MetaPhysicL10DualNumberIdNS1_35SemiDynamicSparseNumberArrayGenericIdmNS1_8NWrapperILm64EEENS1_19DynamicArrayWrapperISt5arraydLm64EEEEELb1EEESaISA_EE
FN:218,_ZN25BVBlancoMartinModelUpdate12preReturnMapEv
FN:225,_ZN25BVBlancoMartinModelUpdate13postReturnMapERKSt6vectorIN11MetaPhysicL10DualNumberIdNS1_35SemiDynamicSparseNumberArrayGenericIdmNS1_8NWrapperILm64EEENS1_19DynamicArrayWrapperISt5arraydLm64EEEEELb1EEESaISA_EE
FNDA:48088,_ZN25BVBlancoMartinModelUpdate19lemaitreCreepStrainERKSt6vectorIN11MetaPhysicL10DualNumberIdNS1_35SemiDynamicSparseNumberArrayGenericIdmNS1_8NWrapperILm64EEENS1_19DynamicArrayWrapperISt5arraydLm64EEEEELb1EEESaISA_EE
FNDA:3208,_ZN25BVBlancoMartinModelUpdate13postReturnMapERKSt6vectorIN11MetaPhysicL10DualNumberIdNS1_35SemiDynamicSparseNumberArrayGenericIdmNS1_8NWrapperILm64EEENS1_19DynamicArrayWrapperISt5arraydLm64EEEEELb1EEESaISA_EE
FNDA:48088,_ZN25BVBlancoMartinModelUpdate23munsondawsonCreepStrainERKSt6vectorIN11MetaPhysicL10DualNumberIdNS1_35SemiDynamicSparseNumberArrayGenericIdmNS1_8NWrapperILm64EEENS1_19DynamicArrayWrapperISt5arraydLm64EEEEELb1EEESaISA_EE
FNDA:59744,_ZN25BVBlancoMartinModelUpdate10creepRateRERKSt6vectorIN11MetaPhysicL10DualNumberIdNS1_35SemiDynamicSparseNumberArrayGenericIdmNS1_8NWrapperILm64EEENS1_19DynamicArrayWrapperISt5arraydLm64EEEEELb1EEESaISA_EE
FNDA:29920,_ZN25BVBlancoMartinModelUpdate27creepRateLemaitreDerivativeERKSt6vectorIN11MetaPhysicL10DualNumberIdNS1_35SemiDynamicSparseNumberArrayGenericIdmNS1_8NWrapperILm64EEENS1_19DynamicArrayWrapperISt5arraydLm64EEEEELb1EEESaISA_EEj
FNDA:14960,_ZN25BVBlancoMartinModelUpdate21creepRateMunsonDawsonERKSt6vectorIN11MetaPhysicL10DualNumberIdNS1_35SemiDynamicSparseNumberArrayGenericIdmNS1_8NWrapperILm64EEENS1_19DynamicArrayWrapperISt5arraydLm64EEEEELb1EEESaISA_EE
FNDA:3,_ZN25BVBlancoMartinModelUpdateC2ERK15InputParameters
FNDA:3208,_ZN25BVBlancoMartinModelUpdate12preReturnMapEv
FNDA:29920,_ZN25BVBlancoMartinModelUpdate9creepRateERKSt6vectorIN11MetaPhysicL10DualNumberIdNS1_35SemiDynamicSparseNumberArrayGenericIdmNS1_8NWrapperILm64EEENS1_19DynamicArrayWrapperISt5arraydLm64EEEEELb1EEESaISA_EEj
FNDA:16,_ZN25BVBlancoMartinModelUpdate24initQpStatefulPropertiesEv
FNDA:140,_ZN25BVBlancoMartinModelUpdate11validParamsEv
FNDA:29920,_ZN25BVBlancoMartinModelUpdate31creepRateMunsonDawsonDerivativeERKSt6vectorIN11MetaPhysicL10DualNumberIdNS1_35SemiDynamicSparseNumberArrayGenericIdmNS1_8NWrapperILm64EEENS1_19DynamicArrayWrapperISt5arraydLm64EEEEELb1EEESaISA_EEj
FNDA:59840,_ZN25BVBlancoMartinModelUpdate20creepRateRDerivativeERKSt6vectorIN11MetaPhysicL10DualNumberIdNS1_35SemiDynamicSparseNumberArrayGenericIdmNS1_8NWrapperILm64EEENS1_19DynamicArrayWrapperISt5arraydLm64EEEEELb1EEESaISA_EE
FNDA:59840,_ZN25BVBlancoMartinModelUpdate19creepRateDerivativeERKSt6vectorIN11MetaPhysicL10DualNumberIdNS1_35SemiDynamicSparseNumberArrayGenericIdmNS1_8NWrapperILm64EEENS1_19DynamicArrayWrapperISt5arraydLm64EEEEELb1EEESaISA_EEjj
FNDA:14960,_ZN25BVBlancoMartinModelUpdate17creepRateLemaitreERKSt6vectorIN11MetaPhysicL10DualNumberIdNS1_35SemiDynamicSparseNumberArrayGenericIdmNS1_8NWrapperILm64EEENS1_19DynamicArrayWrapperISt5arraydLm64EEEEELb1EEESaISA_EE
FNF:15
FNH:15
DA:19,140
DA:21,140
DA:22,140
DA:26,280
DA:27,280
DA:28,280
DA:29,280
DA:30,280
DA:32,280
DA:33,280
DA:34,280
DA:35,280
DA:36,280
DA:37,280
DA:38,140
DA:39,0
DA:41,3
DA:44,3
DA:45,6
DA:46,6
DA:47,6
DA:48,6
DA:50,6
DA:51,6
DA:52,6
DA:53,6
DA:54,6
DA:55,6
DA:57,3
DA:58,6
DA:59,3
DA:60,9
DA:62,3
DA:65,16
DA:67,16
DA:68,16
DA:69,16
DA:72,29920
DA:74,29920
DA:75,14960
DA:76,14960
DA:77,14960
DA:79,0
DA:83,59744
DA:85,179232
DA:87,59744
DA:88,144
DA:90,298000
DA:94,14960
DA:96,29920
DA:98,14960
DA:99,192
DA:101,29728
DA:105,14960
DA:107,44880
DA:108,29872
DA:110,29920
DA:112,14960
DA:113,44880
DA:114,29920
DA:116,0
DA:117,0
DA:121,59840
DA:125,59840
DA:126,29920
DA:127,29920
DA:128,29920
DA:131,0
DA:135,59840
DA:137,179520
DA:139,59840
DA:140,192
DA:142,59648
DA:143,238592
DA:144,119296
DA:145,178944
DA:149,29920
DA:152,59840
DA:154,29920
DA:155,14960
DA:156,192
DA:158,14864
DA:159,14864
DA:160,29728
DA:162,14960
DA:163,14960
DA:164,192
DA:166,29728
DA:170,0
DA:174,29920
DA:177,89760
DA:178,59744
DA:180,59840
DA:182,29920
DA:183,14960
DA:184,44880
DA:185,29920
DA:187,0
DA:188,0
DA:190,14960
DA:191,14960
DA:192,44880
DA:193,29920
DA:194,29920
DA:196,0
DA:197,0
DA:198,0
DA:202,0
DA:206,48088
DA:208,48088
DA:212,48088
DA:214,48088
DA:218,3208
DA:220,3208
DA:221,3208
DA:222,3208
DA:225,3208
DA:227,3208
DA:228,3208
DA:229,3208
LF:120
LH:108
end_of_record
TN:
SF:/home/runner/work/beaver/beaver/src/materials/BVBurgerModelUpdate.C
FN:19,_ZN19BVBurgerModelUpdate11validParamsEv
FN:30,_ZN19BVBurgerModelUpdateC2ERK15InputParameters
FN:42,_ZN19BVBurgerModelUpdate24initQpStatefulPropertiesEv
FN:48,_ZN19BVBurgerModelUpdate9creepRateERKSt6vectorIN11MetaPhysicL10DualNumberIdNS1_35SemiDynamicSparseNumberArrayGenericIdmNS1_8NWrapperILm64EEENS1_19DynamicArrayWrapperISt5arraydLm64EEEEELb1EEESaISA_EEj
FN:59,_ZN19BVBurgerModelUpdate16creepRateMaxwellERKSt6vectorIN11MetaPhysicL10DualNumberIdNS1_35SemiDynamicSparseNumberArrayGenericIdmNS1_8NWrapperILm64EEENS1_19DynamicArrayWrapperISt5arraydLm64EEEEELb1EEESaISA_EE
FN:67,_ZN19BVBurgerModelUpdate15creepRateKelvinERKSt6vectorIN11MetaPhysicL10DualNumberIdNS1_35SemiDynamicSparseNumberArrayGenericIdmNS1_8NWrapperILm64EEENS1_19DynamicArrayWrapperISt5arraydLm64EEEEELb1EEESaISA_EE
FN:75,_ZN19BVBurgerModelUpdate19creepRateDerivativeERKSt6vectorIN11MetaPhysicL10DualNumberIdNS1_35SemiDynamicSparseNumberArrayGenericIdmNS1_8NWrapperILm64EEENS1_19DynamicArrayWrapperISt5arraydLm64EEEEELb1EEESaISA_EEjj
FN:89,_ZN19BVBurgerModelUpdate26creepRateMaxwellDerivativeERKSt6vectorIN11MetaPhysicL10DualNumberIdNS1_35SemiDynamicSparseNumberArrayGenericIdmNS1_8NWrapperILm64EEENS1_19DynamicArrayWrapperISt5arraydLm64EEEEELb1EEESaISA_EEj
FN:98,_ZN19BVBurgerModelUpdate25creepRateKelvinDerivativeERKSt6vectorIN11MetaPhysicL10DualNumberIdNS1_35SemiDynamicSparseNumberArrayGenericIdmNS1_8NWrapperILm64EEENS1_19DynamicArrayWrapperISt5arraydLm64EEEEELb1EEESaISA_EEj
FN:120,_ZN19BVBurgerModelUpdate16viscosityMaxwellERKSt6vectorIN11MetaPhysicL10DualNumberIdNS1_35SemiDynamicSparseNumberArrayGenericIdmNS1_8NWrapperILm64EEENS1_19DynamicArrayWrapperISt5arraydLm64EEEEELb1EEESaISA_EE
FN:126,_ZN19BVBurgerModelUpdate15viscosityKelvinERKSt6vectorIN11MetaPhysicL10DualNumberIdNS1_35SemiDynamicSparseNumberArrayGenericIdmNS1_8NWrapperILm64EEENS1_19DynamicArrayWrapperISt5arraydLm64EEEEELb1EEESaISA_EE
FN:132,_ZN19BVBurgerModelUpdate26viscosityMaxwellDerivativeERKSt6vectorIN11MetaPhysicL10DualNumberIdNS1_35SemiDynamicSparseNumberArrayGenericIdmNS1_8NWrapperILm64EEENS1_19DynamicArrayWrapperISt5arraydLm64EEEEELb1EEESaISA_EEj
FN:139,_ZN19BVBurgerModelUpdate25viscosityKelvinDerivativeERKSt6vectorIN11MetaPhysicL10DualNumberIdNS1_35SemiDynamicSparseNumberArrayGenericIdmNS1_8NWrapperILm64EEENS1_19DynamicArrayWrapperISt5arraydLm64EEEEELb1EEESaISA_EEj
FN:146,_ZN19BVBurgerModelUpdate18shearModulusKelvinERKSt6vectorIN11MetaPhysicL10DualNumberIdNS1_35SemiDynamicSparseNumberArrayGenericIdmNS1_8NWrapperILm64EEENS1_19DynamicArrayWrapperISt5arraydLm64EEEEELb1EEESaISA_EE
FN:152,_ZN19BVBurgerModelUpdate28shearModulusKelvinDerivativeERKSt6vectorIN11MetaPhysicL10DualNumberIdNS1_35SemiDynamicSparseNumberArrayGenericIdmNS1_8NWrapperILm64EEENS1_19DynamicArrayWrapperISt5arraydLm64EEEEELb1EEESaISA_EEj
FN:159,_ZN19BVBurgerModelUpdate17kelvinCreepStrainERKSt6vectorIN11MetaPhysicL10DualNumberIdNS1_35SemiDynamicSparseNumberArrayGenericIdmNS1_8NWrapperILm64EEENS1_19DynamicArrayWrapperISt5arraydLm64EEEEELb1EEESaISA_EE
FN:165,_ZN19BVBurgerModelUpdate12preReturnMapEv
FN:171,_ZN19BVBurgerModelUpdate13postReturnMapERKSt6vectorIN11MetaPhysicL10DualNumberIdNS1_35SemiDynamicSparseNumberArrayGenericIdmNS1_8NWrapperILm64EEENS1_19DynamicArrayWrapperISt5arraydLm64EEEEELb1EEESaISA_EE
FNDA:2342912,_ZN19BVBurgerModelUpdate26creepRateMaxwellDerivativeERKSt6vectorIN11MetaPhysicL10DualNumberIdNS1_35SemiDynamicSparseNumberArrayGenericIdmNS1_8NWrapperILm64EEENS1_19DynamicArrayWrapperISt5arraydLm64EEEEELb1EEESaISA_EEj
FNDA:1171456,_ZN19BVBurgerModelUpdate16creepRateMaxwellERKSt6vectorIN11MetaPhysicL10DualNumberIdNS1_35SemiDynamicSparseNumberArrayGenericIdmNS1_8NWrapperILm64EEENS1_19DynamicArrayWrapperISt5arraydLm64EEEEELb1EEESaISA_EE
FNDA:2342912,_ZN19BVBurgerModelUpdate9creepRateERKSt6vectorIN11MetaPhysicL10DualNumberIdNS1_35SemiDynamicSparseNumberArrayGenericIdmNS1_8NWrapperILm64EEENS1_19DynamicArrayWrapperISt5arraydLm64EEEEELb1EEESaISA_EEj
FNDA:280,_ZN19BVBurgerModelUpdate11validParamsEv
FNDA:614400,_ZN19BVBurgerModelUpdate16viscosityMaxwellERKSt6vectorIN11MetaPhysicL10DualNumberIdNS1_35SemiDynamicSparseNumberArrayGenericIdmNS1_8NWrapperILm64EEENS1_19DynamicArrayWrapperISt5arraydLm64EEEEELb1EEESaISA_EE
FNDA:1171456,_ZN19BVBurgerModelUpdate15creepRateKelvinERKSt6vectorIN11MetaPhysicL10DualNumberIdNS1_35SemiDynamicSparseNumberArrayGenericIdmNS1_8NWrapperILm64EEENS1_19DynamicArrayWrapperISt5arraydLm64EEEEELb1EEESaISA_EE
FNDA:245760,_ZN19BVBurgerModelUpdate25viscosityKelvinDerivativeERKSt6vectorIN11MetaPhysicL10DualNumberIdNS1_35SemiDynamicSparseNumberArrayGenericIdmNS1_8NWrapperILm64EEENS1_19DynamicArrayWrapperISt5arraydLm64EEEEELb1EEESaISA_EEj
FNDA:4096,_ZN19BVBurgerModelUpdate24initQpStatefulPropertiesEv
FNDA:143360,_ZN19BVBurgerModelUpdate12preReturnMapEv
FNDA:245760,_ZN19BVBurgerModelUpdate28shearModulusKelvinDerivativeERKSt6vectorIN11MetaPhysicL10DualNumberIdNS1_35SemiDynamicSparseNumberArrayGenericIdmNS1_8NWrapperILm64EEENS1_19DynamicArrayWrapperISt5arraydLm64EEEEELb1EEESaISA_EEj
FNDA:143360,_ZN19BVBurgerModelUpdate13postReturnMapERKSt6vectorIN11MetaPhysicL10DualNumberIdNS1_35SemiDynamicSparseNumberArrayGenericIdmNS1_8NWrapperILm64EEENS1_19DynamicArrayWrapperISt5arraydLm64EEEEELb1EEESaISA_EE
FNDA:6,_ZN19BVBurgerModelUpdateC2ERK15InputParameters
FNDA:2342912,_ZN19BVBurgerModelUpdate25creepRateKelvinDerivativeERKSt6vectorIN11MetaPhysicL10DualNumberIdNS1_35SemiDynamicSparseNumberArrayGenericIdmNS1_8NWrapperILm64EEENS1_19DynamicArrayWrapperISt5arraydLm64EEEEELb1EEESaISA_EEj
FNDA:3657728,_ZN19BVBurgerModelUpdate17kelvinCreepStrainERKSt6vectorIN11MetaPhysicL10DualNumberIdNS1_35SemiDynamicSparseNumberArrayGenericIdmNS1_8NWrapperILm64EEENS1_19DynamicArrayWrapperISt5arraydLm64EEEEELb1EEESaISA_EE
FNDA:245760,_ZN19BVBurgerModelUpdate18shearModulusKelvinERKSt6vectorIN11MetaPhysicL10DualNumberIdNS1_35SemiDynamicSparseNumberArrayGenericIdmNS1_8NWrapperILm64EEENS1_19DynamicArrayWrapperISt5arraydLm64EEEEELb1EEESaISA_EE
FNDA:4685824,_ZN19BVBurgerModelUpdate19creepRateDerivativeERKSt6vectorIN11MetaPhysicL10DualNumberIdNS1_35SemiDynamicSparseNumberArrayGenericIdmNS1_8NWrapperILm64EEENS1_19DynamicArrayWrapperISt5arraydLm64EEEEELb1EEESaISA_EEjj
FNDA:245760,_ZN19BVBurgerModelUpdate26viscosityMaxwellDerivativeERKSt6vectorIN11MetaPhysicL10DualNumberIdNS1_35SemiDynamicSparseNumberArrayGenericIdmNS1_8NWrapperILm64EEENS1_19DynamicArrayWrapperISt5arraydLm64EEEEELb1EEESaISA_EEj
FNDA:614400,_ZN19BVBurgerModelUpdate15viscosityKelvinERKSt6vectorIN11MetaPhysicL10DualNumberIdNS1_35SemiDynamicSparseNumberArrayGenericIdmNS1_8NWrapperILm64EEENS1_19DynamicArrayWrapperISt5arraydLm64EEEEELb1EEESaISA_EE
FNF:18
FNH:18
DA:19,280
DA:21,280
DA:22,280
DA:23,560
DA:24,560
DA:25,560
DA:27,280
DA:28,0
DA:30,6
DA:32,6
DA:33,12
DA:34,12
DA:36,6
DA:37,18
DA:39,6
DA:42,4096
DA:44,4096
DA:45,4096
DA:48,2342912
DA:50,2342912
DA:51,1171456
DA:52,1171456
DA:53,1171456
DA:55,0
DA:59,1171456
DA:62,2342912
DA:63,1171456
DA:67,1171456
DA:69,2342912
DA:70,1171456
DA:71,1171456
DA:75,4685824
DA:79,4685824
DA:80,2342912
DA:81,2342912
DA:82,2342912
DA:85,0
DA:89,2342912
DA:92,2342912
DA:93,4685824
DA:94,2342912
DA:98,2342912
DA:101,2342912
DA:102,2342912
DA:103,2342912
DA:104,1171456
DA:105,2342912
DA:106,2342912
DA:107,1171456
DA:108,1171456
DA:109,1171456
DA:110,2342912
DA:111,1171456
DA:112,2342912
DA:113,2342912
DA:116,0
DA:120,614400
DA:122,614400
DA:126,614400
DA:128,614400
DA:132,245760
DA:135,245760
DA:139,245760
DA:142,245760
DA:146,245760
DA:148,245760
DA:152,245760
DA:155,245760
DA:159,3657728
DA:161,3657728
DA:165,143360
DA:167,143360
DA:168,143360
DA:171,143360
DA:173,143360
DA:174,143360
LF:76
LH:72
end_of_record
TN:
SF:/home/runner/work/beaver/beaver/src/materials/BVCapillaryPressureBase.C
FN:17,_ZN23BVCapillaryPressureBase11validParamsEv
FN:25,_ZN23BVCapillaryPressureBaseC2ERK15InputParameters
FNDA:136,_ZN23BVCapillaryPressureBase11validParamsEv
FNDA:0,_ZN23BVCapillaryPressureBaseC2ERK15InputParameters
FNF:2
FNH:1
DA:17,136
DA:19,136
DA:20,136
DA:21,272
DA:22,136
DA:23,0
DA:25,0
DA:27,0
DA:28,0
DA:29,0
DA:31,0
LF:11
LH:5
end_of_record
TN:
SF:/home/runner/work/beaver/beaver/src/materials/BVCapillaryPressurePowerLaw.C
FN:19,_ZN27BVCapillaryPressurePowerLaw11validParamsEv
FN:28,_ZN27BVCapillaryPressurePowerLawC2ERK15InputParameters
FN:36,_ZN27BVCapillaryPressurePowerLaw19computeQpPropertiesEv
FNDA:136,_ZN27BVCapillaryPressurePowerLaw11validParamsEv
FNDA:0,_ZN27BVCapillaryPressurePowerLawC2ERK15InputParameters
FNDA:0,_ZN27BVCapillaryPressurePowerLaw19computeQpPropertiesEv
FNF:3
FNH:1
DA:19,136
DA:21,136
DA:22,136
DA:23,272
DA:24,272
DA:25,136
DA:26,0
DA:28,0
DA:30,0
DA:31,0
DA:33,0
DA:36,0
DA:39,0
DA:40,0
DA:41,0
LF:15
LH:6
end_of_record
TN:
SF:/home/runner/work/beaver/beaver/src/materials/BVConstantDispersion.C
FN:19,_ZN20BVConstantDispersion11validParamsEv
FN:28,_ZN20BVConstantDispersionC2ERK15InputParameters
FN:34,_ZN20BVConstantDispersion19computeQpPropertiesEv
FNDA:136,_ZN20BVConstantDispersion11validParamsEv
FNDA:0,_ZN20BVConstantDispersion19computeQpPropertiesEv
FNDA:0,_ZN20BVConstantDispersionC2ERK15InputParameters
FNF:3
FNH:1
DA:19,136
DA:21,136
DA:22,136
DA:23,272
DA:25,136
DA:26,0
DA:28,0
DA:29,0
DA:31,0
DA:34,0
DA:36,0
DA:37,0
LF:12
LH:5
end_of_record
TN:
SF:/home/runner/work/beaver/beaver/src/materials/BVConstantFrictionUpdate.C
FN:19,_ZN24BVConstantFrictionUpdate11validParamsEv
FN:28,_ZN24BVConstantFrictionUpdateC2ERK15InputParameters
FN:34,_ZN24BVConstantFrictionUpdate18frictionalStrengthERKN11MetaPhysicL10DualNumberIdNS0_35SemiDynamicSparseNumberArrayGenericIdmNS0_8NWrapperILm64EEENS0_19DynamicArrayWrapperISt5arraydLm64EEEEELb1EEE
FN:40,_ZN24BVConstantFrictionUpdate23frictionalStrengthDerivERKN11MetaPhysicL10DualNumberIdNS0_35SemiDynamicSparseNumberArrayGenericIdmNS0_8NWrapperILm64EEENS0_19DynamicArrayWrapperISt5arraydLm64EEEEELb1EEE
FNDA:2356,_ZN24BVConstantFrictionUpdate18frictionalStrengthERKN11MetaPhysicL10DualNumberIdNS0_35SemiDynamicSparseNumberArrayGenericIdmNS0_8NWrapperILm64EEENS0_19DynamicArrayWrapperISt5arraydLm64EEEEELb1EEE
FNDA:140,_ZN24BVConstantFrictionUpdate11validParamsEv
FNDA:3,_ZN24BVConstantFrictionUpdateC2ERK15InputParameters
FNDA:1356,_ZN24BVConstantFrictionUpdate23frictionalStrengthDerivERKN11MetaPhysicL10DualNumberIdNS0_35SemiDynamicSparseNumberArrayGenericIdmNS0_8NWrapperILm64EEENS0_19DynamicArrayWrapperISt5arraydLm64EEEEELb1EEE
FNF:4
FNH:4
DA:19,140
DA:21,140
DA:22,140
DA:23,280
DA:25,140
DA:26,0
DA:28,3
DA:29,6
DA:31,3
DA:34,2356
DA:36,2356
DA:40,1356
DA:42,1356
LF:13
LH:12
end_of_record
TN:
SF:/home/runner/work/beaver/beaver/src/materials/BVConstantPermeability.C
FN:19,_ZN22BVConstantPermeability11validParamsEv
FN:28,_ZN22BVConstantPermeabilityC2ERK15InputParameters
FN:34,_ZN22BVConstantPermeability19computeQpPropertiesEv
FNDA:176,_ZN22BVConstantPermeability11validParamsEv
FNDA:30,_ZN22BVConstantPermeabilityC2ERK15InputParameters
FNDA:256790,_ZN22BVConstantPermeability19computeQpPropertiesEv
FNF:3
FNH:3
DA:19,176
DA:21,176
DA:22,176
DA:23,352
DA:25,176
DA:26,0
DA:28,30
DA:29,60
DA:31,30
DA:34,256790
DA:36,256790
DA:37,256790
LF:12
LH:11
end_of_record
TN:
SF:/home/runner/work/beaver/beaver/src/materials/BVConstantPorosity.C
FN:19,_ZN18BVConstantPorosity11validParamsEv
FN:28,_ZN18BVConstantPorosityC2ERK15InputParameters
FN:34,_ZN18BVConstantPorosity24initQpStatefulPropertiesEv
FN:40,_ZN18BVConstantPorosity19computeQpPropertiesEv
FNDA:152,_ZN18BVConstantPorosity11validParamsEv
FNDA:0,_ZN18BVConstantPorosity24initQpStatefulPropertiesEv
FNDA:12,_ZN18BVConstantPorosityC2ERK15InputParameters
FNDA:133510,_ZN18BVConstantPorosity19computeQpPropertiesEv
FNF:4
FNH:3
DA:19,152
DA:21,152
DA:22,152
DA:23,304
DA:25,152
DA:26,0
DA:28,12
DA:29,24
DA:31,12
DA:34,0
DA:36,0
DA:37,0
DA:40,133510
DA:42,133510
DA:43,133510
LF:15
LH:11
end_of_record
TN:
SF:/home/runner/work/beaver/beaver/src/materials/BVCreepUpdateBase.C
FN:18,_ZN17BVCreepUpdateBase11validParamsEv
FN:30,_ZN17BVCreepUpdateBaseC2ERK15InputParameters
FN:38,_ZN17BVCreepUpdateBase15inelasticUpdateER18RankTwoTensorTemplIN11MetaPhysicL10DualNumberIdNS1_35SemiDynamicSparseNumberArrayGenericIdmNS1_8NWrapperILm64EEENS1_19DynamicArrayWrapperISt5arraydLm64EEEEELb1EEEERKS0_IdERK19RankFourTensorTemplIdE
FN:70,_ZN17BVCreepUpdateBase9returnMapEv
FN:97,_ZN17BVCreepUpdateBase8residualERKN11MetaPhysicL10DualNumberIdNS0_35SemiDynamicSparseNumberArrayGenericIdmNS0_8NWrapperILm64EEENS0_19DynamicArrayWrapperISt5arraydLm64EEEEELb1EEE
FN:103,_ZN17BVCreepUpdateBase8jacobianERKN11MetaPhysicL10DualNumberIdNS0_35SemiDynamicSparseNumberArrayGenericIdmNS0_8NWrapperILm64EEENS0_19DynamicArrayWrapperISt5arraydLm64EEEEELb1EEE
FN:109,_ZN17BVCreepUpdateBase25reformPlasticStrainTensorERKN11MetaPhysicL10DualNumberIdNS0_35SemiDynamicSparseNumberArrayGenericIdmNS0_8NWrapperILm64EEENS0_19DynamicArrayWrapperISt5arraydLm64EEEEELb1EEE
FN:118,_ZN17BVCreepUpdateBase12preReturnMapEv
FN:123,_ZN17BVCreepUpdateBase13postReturnMapERKN11MetaPhysicL10DualNumberIdNS0_35SemiDynamicSparseNumberArrayGenericIdmNS0_8NWrapperILm64EEENS0_19DynamicArrayWrapperISt5arraydLm64EEEEELb1EEE
FNDA:63488,_ZN17BVCreepUpdateBase12preReturnMapEv
FNDA:128152,_ZN17BVCreepUpdateBase15inelasticUpdateER18RankTwoTensorTemplIN11MetaPhysicL10DualNumberIdNS1_35SemiDynamicSparseNumberArrayGenericIdmNS1_8NWrapperILm64EEENS1_19DynamicArrayWrapperISt5arraydLm64EEEEELb1EEEERKS0_IdERK19RankFourTensorTemplIdE
FNDA:260192,_ZN17BVCreepUpdateBase8residualERKN11MetaPhysicL10DualNumberIdNS0_35SemiDynamicSparseNumberArrayGenericIdmNS0_8NWrapperILm64EEENS0_19DynamicArrayWrapperISt5arraydLm64EEEEELb1EEE
FNDA:260192,_ZN17BVCreepUpdateBase8jacobianERKN11MetaPhysicL10DualNumberIdNS0_35SemiDynamicSparseNumberArrayGenericIdmNS0_8NWrapperILm64EEENS0_19DynamicArrayWrapperISt5arraydLm64EEEEELb1EEE
FNDA:63488,_ZN17BVCreepUpdateBase13postReturnMapERKN11MetaPhysicL10DualNumberIdNS0_35SemiDynamicSparseNumberArrayGenericIdmNS0_8NWrapperILm64EEENS0_19DynamicArrayWrapperISt5arraydLm64EEEEELb1EEE
FNDA:128152,_ZN17BVCreepUpdateBase25reformPlasticStrainTensorERKN11MetaPhysicL10DualNumberIdNS0_35SemiDynamicSparseNumberArrayGenericIdmNS0_8NWrapperILm64EEENS0_19DynamicArrayWrapperISt5arraydLm64EEEEELb1EEE
FNDA:9,_ZN17BVCreepUpdateBaseC2ERK15InputParameters
FNDA:420,_ZN17BVCreepUpdateBase11validParamsEv
FNDA:128152,_ZN17BVCreepUpdateBase9returnMapEv
FNF:9
FNH:9
DA:18,420
DA:20,420
DA:21,420
DA:22,840
DA:27,420
DA:28,0
DA:30,9
DA:32,9
DA:33,18
DA:35,9
DA:38,128152
DA:50,256304
DA:52,128152
DA:55,128152
DA:58,128152
DA:61,128152
DA:64,128152
DA:65,256304
DA:66,128152
DA:67,128152
DA:70,128152
DA:73,128152
DA:76,128152
DA:78,128152
DA:79,128152
DA:82,132040
DA:84,132040
DA:86,132040
DA:87,132040
DA:90,143704
DA:91,128152
DA:93,0
DA:97,260192
DA:99,260192
DA:103,260192
DA:105,260192
DA:109,128152
DA:112,128152
DA:114,256304
DA:118,63488
DA:120,63488
DA:123,63488
DA:125,63488
LF:43
LH:41
end_of_record
TN:
SF:/home/runner/work/beaver/beaver/src/materials/BVDeviatoricVolumetricUpdateBase.C
FN:18,_ZN32BVDeviatoricVolumetricUpdateBase11validParamsEv
FN:28,_ZN32BVDeviatoricVolumetricUpdateBaseC2ERK15InputParameters
FN:35,_ZN32BVDeviatoricVolumetricUpdateBase9returnMapEv
FN:80,_ZN32BVDeviatoricVolumetricUpdateBase15preReturnMapVolERKSt6vectorIN11MetaPhysicL10DualNumberIdNS1_35SemiDynamicSparseNumberArrayGenericIdmNS1_8NWrapperILm64EEENS1_19DynamicArrayWrapperISt5arraydLm64EEEEELb1EEESaISA_EE
FN:85,_ZN32BVDeviatoricVolumetricUpdateBase11residualVolERKN11MetaPhysicL10DualNumberIdNS0_35SemiDynamicSparseNumberArrayGenericIdmNS0_8NWrapperILm64EEENS0_19DynamicArrayWrapperISt5arraydLm64EEEEELb1EEE
FN:91,_ZN32BVDeviatoricVolumetricUpdateBase11jacobianVolERKN11MetaPhysicL10DualNumberIdNS0_35SemiDynamicSparseNumberArrayGenericIdmNS0_8NWrapperILm64EEENS0_19DynamicArrayWrapperISt5arraydLm64EEEEELb1EEE
FN:97,_ZN32BVDeviatoricVolumetricUpdateBase12creepRateVolERKN11MetaPhysicL10DualNumberIdNS0_35SemiDynamicSparseNumberArrayGenericIdmNS0_8NWrapperILm64EEENS0_19DynamicArrayWrapperISt5arraydLm64EEEEELb1EEE
FN:103,_ZN32BVDeviatoricVolumetricUpdateBase22creepRateVolDerivativeERKN11MetaPhysicL10DualNumberIdNS0_35SemiDynamicSparseNumberArrayGenericIdmNS0_8NWrapperILm64EEENS0_19DynamicArrayWrapperISt5arraydLm64EEEEELb1EEE
FN:109,_ZN32BVDeviatoricVolumetricUpdateBase25reformPlasticStrainTensorERKSt6vectorIN11MetaPhysicL10DualNumberIdNS1_35SemiDynamicSparseNumberArrayGenericIdmNS1_8NWrapperILm64EEENS1_19DynamicArrayWrapperISt5arraydLm64EEEEELb1EEESaISA_EE
FNDA:0,_ZN32BVDeviatoricVolumetricUpdateBase11jacobianVolERKN11MetaPhysicL10DualNumberIdNS0_35SemiDynamicSparseNumberArrayGenericIdmNS0_8NWrapperILm64EEENS0_19DynamicArrayWrapperISt5arraydLm64EEEEELb1EEE
FNDA:0,_ZN32BVDeviatoricVolumetricUpdateBase11residualVolERKN11MetaPhysicL10DualNumberIdNS0_35SemiDynamicSparseNumberArrayGenericIdmNS0_8NWrapperILm64EEENS0_19DynamicArrayWrapperISt5arraydLm64EEEEELb1EEE
FNDA:0,_ZN32BVDeviatoricVolumetricUpdateBase12creepRateVolERKN11MetaPhysicL10DualNumberIdNS0_35SemiDynamicSparseNumberArrayGenericIdmNS0_8NWrapperILm64EEENS0_19DynamicArrayWrapperISt5arraydLm64EEEEELb1EEE
FNDA:136,_ZN32BVDeviatoricVolumetricUpdateBase11validParamsEv
FNDA:0,_ZN32BVDeviatoricVolumetricUpdateBase15preReturnMapVolERKSt6vectorIN11MetaPhysicL10DualNumberIdNS1_35SemiDynamicSparseNumberArrayGenericIdmNS1_8NWrapperILm64EEENS1_19DynamicArrayWrapperISt5arraydLm64EEEEELb1EEESaISA_EE
FNDA:0,_ZN32BVDeviatoricVolumetricUpdateBase9returnMapEv
FNDA:0,_ZN32BVDeviatoricVolumetricUpdateBaseC2ERK15InputParameters
FNDA:0,_ZN32BVDeviatoricVolumetricUpdateBase22creepRateVolDerivativeERKN11MetaPhysicL10DualNumberIdNS0_35SemiDynamicSparseNumberArrayGenericIdmNS0_8NWrapperILm64EEENS0_19DynamicArrayWrapperISt5arraydLm64EEEEELb1EEE
FNDA:0,_ZN32BVDeviatoricVolumetricUpdateBase25reformPlasticStrainTensorERKSt6vectorIN11MetaPhysicL10DualNumberIdNS1_35SemiDynamicSparseNumberArrayGenericIdmNS1_8NWrapperILm64EEENS1_19DynamicArrayWrapperISt5arraydLm64EEEEELb1EEESaISA_EE
FNF:9
FNH:1
DA:18,136
DA:20,136
DA:21,136
DA:24,272
DA:25,136
DA:26,0
DA:28,0
DA:29,0
DA:30,0
DA:32,0
DA:35,0
DA:38,0
DA:41,0
DA:43,0
DA:46,0
DA:49,0
DA:51,0
DA:52,0
DA:55,0
DA:57,0
DA:59,0
DA:60,0
DA:63,0
DA:65,0
DA:66,0
DA:71,0
DA:80,0
DA:82,0
DA:85,0
DA:87,0
DA:91,0
DA:93,0
DA:97,0
DA:99,0
DA:103,0
DA:105,0
DA:109,0
DA:112,0
DA:115,0
DA:116,0
DA:118,0
LF:41
LH:5
end_of_record
TN:
SF:/home/runner/work/beaver/beaver/src/materials/BVDispersionBase.C
FN:17,_ZN16BVDispersionBase11validParamsEv
FN:25,_ZN16BVDispersionBaseC2ERK15InputParameters
FNDA:0,_ZN16BVDispersionBaseC2ERK15InputParameters
FNDA:136,_ZN16BVDispersionBase11validParamsEv
FNF:2
FNH:1
DA:17,136
DA:19,136
DA:20,136
DA:22,136
DA:23,0
DA:25,0
DA:26,0
DA:28,0
LF:8
LH:4
end_of_record
TN:
SF:/home/runner/work/beaver/beaver/src/materials/BVFluidProperties.C
FN:19,_ZN17BVFluidProperties11validParamsEv
FN:34,_ZN17BVFluidPropertiesC2ERK15InputParameters
FN:47,_ZN17BVFluidProperties9phase_extB5cxx11Ev
FN:63,_ZN17BVFluidProperties24initQpStatefulPropertiesEv
FN:70,_ZN17BVFluidProperties19computeQpPropertiesEv
FNDA:168,_ZN17BVFluidProperties11validParamsEv
FNDA:24,_ZN17BVFluidPropertiesC2ERK15InputParameters
FNDA:24,_ZN17BVFluidProperties9phase_extB5cxx11Ev
FNDA:3508,_ZN17BVFluidProperties24initQpStatefulPropertiesEv
FNDA:256790,_ZN17BVFluidProperties19computeQpPropertiesEv
FNF:5
FNH:5
DA:19,168
DA:21,168
DA:22,168
DA:24,336
DA:25,336
DA:26,336
DA:28,336
DA:29,336
DA:31,168
DA:32,168
DA:34,24
DA:36,24
DA:37,24
DA:38,48
DA:39,24
DA:40,24
DA:41,24
DA:42,48
DA:44,24
DA:47,24
DA:49,24
DA:52,0
DA:54,0
DA:56,24
DA:57,0
DA:58,0
DA:63,3508
DA:65,3508
DA:66,3508
DA:67,3508
DA:70,256790
DA:72,256790
DA:73,256790
DA:74,256790
LF:34
LH:30
end_of_record
TN:
SF:/home/runner/work/beaver/beaver/src/materials/BVFrictionUpdateBase.C
FN:17,_ZN20BVFrictionUpdateBase11validParamsEv
FN:41,_ZN20BVFrictionUpdateBaseC2ERK15InputParameters
FN:50,_ZN20BVFrictionUpdateBase5setQpEj
FN:56,_ZN20BVFrictionUpdateBase14frictionUpdateERN7libMesh11VectorValueIN11MetaPhysicL10DualNumberIdNS2_35SemiDynamicSparseNumberArrayGenericIdmNS2_8NWrapperILm64EEENS2_19DynamicArrayWrapperISt5arraydLm64EEEEELb1EEEEERK18RankTwoTensorTemplIdE
FN:82,_ZN20BVFrictionUpdateBase9returnMapEv
FN:110,_ZN20BVFrictionUpdateBase8residualERKN11MetaPhysicL10DualNumberIdNS0_35SemiDynamicSparseNumberArrayGenericIdmNS0_8NWrapperILm64EEENS0_19DynamicArrayWrapperISt5arraydLm64EEEEELb1EEE
FN:116,_ZN20BVFrictionUpdateBase8jacobianERKN11MetaPhysicL10DualNumberIdNS0_35SemiDynamicSparseNumberArrayGenericIdmNS0_8NWrapperILm64EEENS0_19DynamicArrayWrapperISt5arraydLm64EEEEELb1EEE
FN:122,_ZN20BVFrictionUpdateBase16reformSlipVectorERKN11MetaPhysicL10DualNumberIdNS0_35SemiDynamicSparseNumberArrayGenericIdmNS0_8NWrapperILm64EEENS0_19DynamicArrayWrapperISt5arraydLm64EEEEELb1EEE
FN:128,_ZN20BVFrictionUpdateBase12preReturnMapEv
FN:133,_ZN20BVFrictionUpdateBase13postReturnMapERKN11MetaPhysicL10DualNumberIdNS0_35SemiDynamicSparseNumberArrayGenericIdmNS0_8NWrapperILm64EEENS0_19DynamicArrayWrapperISt5arraydLm64EEEEELb1EEE
FNDA:678,_ZN20BVFrictionUpdateBase9returnMapEv
FNDA:678,_ZN20BVFrictionUpdateBase13postReturnMapERKN11MetaPhysicL10DualNumberIdNS0_35SemiDynamicSparseNumberArrayGenericIdmNS0_8NWrapperILm64EEENS0_19DynamicArrayWrapperISt5arraydLm64EEEEELb1EEE
FNDA:1000,_ZN20BVFrictionUpdateBase5setQpEj
FNDA:678,_ZN20BVFrictionUpdateBase16reformSlipVectorERKN11MetaPhysicL10DualNumberIdNS0_35SemiDynamicSparseNumberArrayGenericIdmNS0_8NWrapperILm64EEENS0_19DynamicArrayWrapperISt5arraydLm64EEEEELb1EEE
FNDA:1000,_ZN20BVFrictionUpdateBase12preReturnMapEv
FNDA:1000,_ZN20BVFrictionUpdateBase14frictionUpdateERN7libMesh11VectorValueIN11MetaPhysicL10DualNumberIdNS2_35SemiDynamicSparseNumberArrayGenericIdmNS2_8NWrapperILm64EEENS2_19DynamicArrayWrapperISt5arraydLm64EEEEELb1EEEEERK18RankTwoTensorTemplIdE
FNDA:1356,_ZN20BVFrictionUpdateBase8jacobianERKN11MetaPhysicL10DualNumberIdNS0_35SemiDynamicSparseNumberArrayGenericIdmNS0_8NWrapperILm64EEENS0_19DynamicArrayWrapperISt5arraydLm64EEEEELb1EEE
FNDA:1356,_ZN20BVFrictionUpdateBase8residualERKN11MetaPhysicL10DualNumberIdNS0_35SemiDynamicSparseNumberArrayGenericIdmNS0_8NWrapperILm64EEENS0_19DynamicArrayWrapperISt5arraydLm64EEEEELb1EEE
FNDA:3,_ZN20BVFrictionUpdateBaseC2ERK15InputParameters
FNDA:140,_ZN20BVFrictionUpdateBase11validParamsEv
FNF:10
FNH:10
DA:17,140
DA:19,140
DA:20,140
DA:22,420
DA:23,280
DA:26,420
DA:27,280
DA:30,420
DA:32,280
DA:36,140
DA:37,140
DA:38,140
DA:39,0
DA:41,3
DA:43,3
DA:44,6
DA:45,9
DA:47,3
DA:50,1000
DA:52,1000
DA:53,1000
DA:56,1000
DA:59,2000
DA:61,1000
DA:62,1000
DA:65,1000
DA:68,1000
DA:70,2000
DA:71,322
DA:73,678
DA:76,678
DA:77,678
DA:78,678
DA:82,678
DA:85,678
DA:88,678
DA:90,678
DA:91,678
DA:94,678
DA:96,678
DA:98,678
DA:99,678
DA:102,678
DA:103,678
DA:106,0
DA:110,1356
DA:112,4068
DA:116,1356
DA:118,1356
DA:122,678
DA:124,2034
DA:128,1000
DA:130,1000
DA:133,678
DA:135,678
LF:55
LH:53
end_of_record
TN:
SF:/home/runner/work/beaver/beaver/src/materials/BVInelasticUpdateBase.C
FN:17,_ZN21BVInelasticUpdateBase11validParamsEv
FN:41,_ZN21BVInelasticUpdateBaseC2ERK15InputParameters
FN:50,_ZN21BVInelasticUpdateBase5setQpEj
FNDA:1112,_ZN21BVInelasticUpdateBase11validParamsEv
FNDA:18,_ZN21BVInelasticUpdateBaseC2ERK15InputParameters
FNDA:274720,_ZN21BVInelasticUpdateBase5setQpEj
FNF:3
FNH:3
DA:17,1112
DA:19,1112
DA:20,1112
DA:22,3336
DA:23,2224
DA:26,3336
DA:27,2224
DA:30,3336
DA:32,2224
DA:36,1112
DA:37,1112
DA:38,1112
DA:39,0
DA:41,18
DA:43,18
DA:44,36
DA:45,54
DA:47,18
DA:50,274720
DA:52,274720
DA:53,274720
LF:21
LH:20
end_of_record
TN:
SF:/home/runner/work/beaver/beaver/src/materials/BVKelvinViscoelasticUpdate.C
FN:19,_ZN26BVKelvinViscoelasticUpdate11validParamsEv
FN:29,_ZN26BVKelvinViscoelasticUpdateC2ERK15InputParameters
FN:40,_ZN26BVKelvinViscoelasticUpdate24initQpStatefulPropertiesEv
FN:46,_ZN26BVKelvinViscoelasticUpdate9creepRateERKN11MetaPhysicL10DualNumberIdNS0_35SemiDynamicSparseNumberArrayGenericIdmNS0_8NWrapperILm64EEENS0_19DynamicArrayWrapperISt5arraydLm64EEEEELb1EEE
FN:52,_ZN26BVKelvinViscoelasticUpdate19creepRateDerivativeERKN11MetaPhysicL10DualNumberIdNS0_35SemiDynamicSparseNumberArrayGenericIdmNS0_8NWrapperILm64EEENS0_19DynamicArrayWrapperISt5arraydLm64EEEEELb1EEE
FN:58,_ZN26BVKelvinViscoelasticUpdate17kelvinCreepStrainERKN11MetaPhysicL10DualNumberIdNS0_35SemiDynamicSparseNumberArrayGenericIdmNS0_8NWrapperILm64EEENS0_19DynamicArrayWrapperISt5arraydLm64EEEEELb1EEE
FN:64,_ZN26BVKelvinViscoelasticUpdate27kelvinCreepStrainDerivativeERKN11MetaPhysicL10DualNumberIdNS0_35SemiDynamicSparseNumberArrayGenericIdmNS0_8NWrapperILm64EEENS0_19DynamicArrayWrapperISt5arraydLm64EEEEELb1EEE
FN:70,_ZN26BVKelvinViscoelasticUpdate12preReturnMapEv
FN:76,_ZN26BVKelvinViscoelasticUpdate13postReturnMapERKN11MetaPhysicL10DualNumberIdNS0_35SemiDynamicSparseNumberArrayGenericIdmNS0_8NWrapperILm64EEENS0_19DynamicArrayWrapperISt5arraydLm64EEEEELb1EEE
FNDA:2048,_ZN26BVKelvinViscoelasticUpdate24initQpStatefulPropertiesEv
FNDA:61440,_ZN26BVKelvinViscoelasticUpdate12preReturnMapEv
FNDA:122880,_ZN26BVKelvinViscoelasticUpdate19creepRateDerivativeERKN11MetaPhysicL10DualNumberIdNS0_35SemiDynamicSparseNumberArrayGenericIdmNS0_8NWrapperILm64EEENS0_19DynamicArrayWrapperISt5arraydLm64EEEEELb1EEE
FNDA:122880,_ZN26BVKelvinViscoelasticUpdate9creepRateERKN11MetaPhysicL10DualNumberIdNS0_35SemiDynamicSparseNumberArrayGenericIdmNS0_8NWrapperILm64EEENS0_19DynamicArrayWrapperISt5arraydLm64EEEEELb1EEE
FNDA:122880,_ZN26BVKelvinViscoelasticUpdate27kelvinCreepStrainDerivativeERKN11MetaPhysicL10DualNumberIdNS0_35SemiDynamicSparseNumberArrayGenericIdmNS0_8NWrapperILm64EEENS0_19DynamicArrayWrapperISt5arraydLm64EEEEELb1EEE
FNDA:140,_ZN26BVKelvinViscoelasticUpdate11validParamsEv
FNDA:184320,_ZN26BVKelvinViscoelasticUpdate17kelvinCreepStrainERKN11MetaPhysicL10DualNumberIdNS0_35SemiDynamicSparseNumberArrayGenericIdmNS0_8NWrapperILm64EEENS0_19DynamicArrayWrapperISt5arraydLm64EEEEELb1EEE
FNDA:3,_ZN26BVKelvinViscoelasticUpdateC2ERK15InputParameters
FNDA:61440,_ZN26BVKelvinViscoelasticUpdate13postReturnMapERKN11MetaPhysicL10DualNumberIdNS0_35SemiDynamicSparseNumberArrayGenericIdmNS0_8NWrapperILm64EEENS0_19DynamicArrayWrapperISt5arraydLm64EEEEELb1EEE
FNF:9
FNH:9
DA:19,140
DA:21,140
DA:22,140
DA:23,280
DA:24,280
DA:26,140
DA:27,0
DA:29,3
DA:31,3
DA:32,6
DA:34,3
DA:35,9
DA:37,3
DA:40,2048
DA:42,2048
DA:43,2048
DA:46,122880
DA:48,368640
DA:52,122880
DA:54,368640
DA:58,184320
DA:60,184320
DA:64,122880
DA:66,122880
DA:70,61440
DA:72,61440
DA:73,61440
DA:76,61440
DA:78,61440
DA:79,61440
LF:30
LH:29
end_of_record
TN:
SF:/home/runner/work/beaver/beaver/src/materials/BVLubby2ModelUpdate.C
FN:19,_ZN19BVLubby2ModelUpdate11validParamsEv
FN:30,_ZN19BVLubby2ModelUpdateC2ERK15InputParameters
FN:40,_ZN19BVLubby2ModelUpdate16viscosityMaxwellERKSt6vectorIN11MetaPhysicL10DualNumberIdNS1_35SemiDynamicSparseNumberArrayGenericIdmNS1_8NWrapperILm64EEENS1_19DynamicArrayWrapperISt5arraydLm64EEEEELb1EEESaISA_EE
FN:48,_ZN19BVLubby2ModelUpdate15viscosityKelvinERKSt6vectorIN11MetaPhysicL10DualNumberIdNS1_35SemiDynamicSparseNumberArrayGenericIdmNS1_8NWrapperILm64EEENS1_19DynamicArrayWrapperISt5arraydLm64EEEEELb1EEESaISA_EE
FN:56,_ZN19BVLubby2ModelUpdate26viscosityMaxwellDerivativeERKSt6vectorIN11MetaPhysicL10DualNumberIdNS1_35SemiDynamicSparseNumberArrayGenericIdmNS1_8NWrapperILm64EEENS1_19DynamicArrayWrapperISt5arraydLm64EEEEELb1EEESaISA_EEj
FN:63,_ZN19BVLubby2ModelUpdate25viscosityKelvinDerivativeERKSt6vectorIN11MetaPhysicL10DualNumberIdNS1_35SemiDynamicSparseNumberArrayGenericIdmNS1_8NWrapperILm64EEENS1_19DynamicArrayWrapperISt5arraydLm64EEEEELb1EEESaISA_EEj
FN:70,_ZN19BVLubby2ModelUpdate18shearModulusKelvinERKSt6vectorIN11MetaPhysicL10DualNumberIdNS1_35SemiDynamicSparseNumberArrayGenericIdmNS1_8NWrapperILm64EEENS1_19DynamicArrayWrapperISt5arraydLm64EEEEELb1EEESaISA_EE
FN:78,_ZN19BVLubby2ModelUpdate28shearModulusKelvinDerivativeERKSt6vectorIN11MetaPhysicL10DualNumberIdNS1_35SemiDynamicSparseNumberArrayGenericIdmNS1_8NWrapperILm64EEENS1_19DynamicArrayWrapperISt5arraydLm64EEEEELb1EEESaISA_EEj
FNDA:2097152,_ZN19BVLubby2ModelUpdate25viscosityKelvinDerivativeERKSt6vectorIN11MetaPhysicL10DualNumberIdNS1_35SemiDynamicSparseNumberArrayGenericIdmNS1_8NWrapperILm64EEENS1_19DynamicArrayWrapperISt5arraydLm64EEEEELb1EEESaISA_EEj
FNDA:4194304,_ZN19BVLubby2ModelUpdate18shearModulusKelvinERKSt6vectorIN11MetaPhysicL10DualNumberIdNS1_35SemiDynamicSparseNumberArrayGenericIdmNS1_8NWrapperILm64EEENS1_19DynamicArrayWrapperISt5arraydLm64EEEEELb1EEESaISA_EE
FNDA:7340032,_ZN19BVLubby2ModelUpdate16viscosityMaxwellERKSt6vectorIN11MetaPhysicL10DualNumberIdNS1_35SemiDynamicSparseNumberArrayGenericIdmNS1_8NWrapperILm64EEENS1_19DynamicArrayWrapperISt5arraydLm64EEEEELb1EEESaISA_EE
FNDA:3,_ZN19BVLubby2ModelUpdateC2ERK15InputParameters
FNDA:7340032,_ZN19BVLubby2ModelUpdate15viscosityKelvinERKSt6vectorIN11MetaPhysicL10DualNumberIdNS1_35SemiDynamicSparseNumberArrayGenericIdmNS1_8NWrapperILm64EEENS1_19DynamicArrayWrapperISt5arraydLm64EEEEELb1EEESaISA_EE
FNDA:140,_ZN19BVLubby2ModelUpdate11validParamsEv
FNDA:2097152,_ZN19BVLubby2ModelUpdate28shearModulusKelvinDerivativeERKSt6vectorIN11MetaPhysicL10DualNumberIdNS1_35SemiDynamicSparseNumberArrayGenericIdmNS1_8NWrapperILm64EEENS1_19DynamicArrayWrapperISt5arraydLm64EEEEELb1EEESaISA_EEj
FNDA:2097152,_ZN19BVLubby2ModelUpdate26viscosityMaxwellDerivativeERKSt6vectorIN11MetaPhysicL10DualNumberIdNS1_35SemiDynamicSparseNumberArrayGenericIdmNS1_8NWrapperILm64EEENS1_19DynamicArrayWrapperISt5arraydLm64EEEEELb1EEESaISA_EEj
FNF:8
FNH:8
DA:19,140
DA:21,140
DA:22,140
DA:23,280
DA:24,280
DA:25,280
DA:26,280
DA:27,140
DA:28,0
DA:30,3
DA:32,3
DA:33,6
DA:34,6
DA:35,9
DA:37,3
DA:40,7340032
DA:42,7340032
DA:43,29360128
DA:44,7340032
DA:48,7340032
DA:50,7340032
DA:51,29360128
DA:52,7340032
DA:56,2097152
DA:59,2097152
DA:63,2097152
DA:66,2097152
DA:70,4194304
DA:72,4194304
DA:73,16777216
DA:74,4194304
DA:78,2097152
DA:81,2097152
LF:33
LH:32
end_of_record
TN:
SF:/home/runner/work/beaver/beaver/src/materials/BVMaxwellViscoelasticUpdate.C
FN:19,_ZN27BVMaxwellViscoelasticUpdate11validParamsEv
FN:27,_ZN27BVMaxwellViscoelasticUpdateC2ERK15InputParameters
FN:33,_ZN27BVMaxwellViscoelasticUpdate9creepRateERKN11MetaPhysicL10DualNumberIdNS0_35SemiDynamicSparseNumberArrayGenericIdmNS0_8NWrapperILm64EEENS0_19DynamicArrayWrapperISt5arraydLm64EEEEELb1EEE
FN:39,_ZN27BVMaxwellViscoelasticUpdate19creepRateDerivativeERKN11MetaPhysicL10DualNumberIdNS0_35SemiDynamicSparseNumberArrayGenericIdmNS0_8NWrapperILm64EEENS0_19DynamicArrayWrapperISt5arraydLm64EEEEELb1EEE
FNDA:3,_ZN27BVMaxwellViscoelasticUpdateC2ERK15InputParameters
FNDA:126976,_ZN27BVMaxwellViscoelasticUpdate19creepRateDerivativeERKN11MetaPhysicL10DualNumberIdNS0_35SemiDynamicSparseNumberArrayGenericIdmNS0_8NWrapperILm64EEENS0_19DynamicArrayWrapperISt5arraydLm64EEEEELb1EEE
FNDA:126976,_ZN27BVMaxwellViscoelasticUpdate9creepRateERKN11MetaPhysicL10DualNumberIdNS0_35SemiDynamicSparseNumberArrayGenericIdmNS0_8NWrapperILm64EEENS0_19DynamicArrayWrapperISt5arraydLm64EEEEELb1EEE
FNDA:140,_ZN27BVMaxwellViscoelasticUpdate11validParamsEv
FNF:4
FNH:4
DA:19,140
DA:21,140
DA:22,140
DA:23,280
DA:24,140
DA:25,0
DA:27,3
DA:28,6
DA:30,3
DA:33,126976
DA:35,253952
DA:39,126976
DA:41,126976
LF:13
LH:12
end_of_record
TN:
SF:/home/runner/work/beaver/beaver/src/materials/BVMechanicalInterfaceMaterial.C
FN:20,_ZN29BVMechanicalInterfaceMaterial11validParamsEv
FN:43,_ZN29BVMechanicalInterfaceMaterialC2ERK15InputParameters
FN:72,_ZN29BVMechanicalInterfaceMaterial12initialSetupEv
FN:101,_ZN29BVMechanicalInterfaceMaterial26displacementIntegrityCheckEv
FN:111,_ZN29BVMechanicalInterfaceMaterial23initializeFrictionModelEv
FN:121,_ZN29BVMechanicalInterfaceMaterial24initQpStatefulPropertiesEv
FN:130,_ZN29BVMechanicalInterfaceMaterial19computeQpPropertiesEv
FN:142,_ZN29BVMechanicalInterfaceMaterial25computeQpDisplacementJumpEv
FN:154,_ZN29BVMechanicalInterfaceMaterial25computeQpRotationMatricesEv
FN:160,_ZN29BVMechanicalInterfaceMaterial30computeQpLocalDisplacementJumpEv
FN:170,_ZN29BVMechanicalInterfaceMaterial22computeQpLocalTractionEv
FN:184,_ZN29BVMechanicalInterfaceMaterial23computeQpGlobalTractionEv
FN:190,_ZN29BVMechanicalInterfaceMaterial24computeReferenceRotationERKN7libMesh11VectorValueIdEEj
FNDA:3,_ZN29BVMechanicalInterfaceMaterial12initialSetupEv
FNDA:6480,_ZN29BVMechanicalInterfaceMaterial25computeQpDisplacementJumpEv
FNDA:6480,_ZN29BVMechanicalInterfaceMaterial25computeQpRotationMatricesEv
FNDA:6480,_ZN29BVMechanicalInterfaceMaterial24computeReferenceRotationERKN7libMesh11VectorValueIdEEj
FNDA:6480,_ZN29BVMechanicalInterfaceMaterial23computeQpGlobalTractionEv
FNDA:3,_ZN29BVMechanicalInterfaceMaterial23initializeFrictionModelEv
FNDA:1136,_ZN29BVMechanicalInterfaceMaterial24initQpStatefulPropertiesEv
FNDA:6480,_ZN29BVMechanicalInterfaceMaterial22computeQpLocalTractionEv
FNDA:3,_ZN29BVMechanicalInterfaceMaterialC2ERK15InputParameters
FNDA:3,_ZN29BVMechanicalInterfaceMaterial26displacementIntegrityCheckEv
FNDA:142,_ZN29BVMechanicalInterfaceMaterial11validParamsEv
FNDA:6480,_ZN29BVMechanicalInterfaceMaterial30computeQpLocalDisplacementJumpEv
FNDA:6480,_ZN29BVMechanicalInterfaceMaterial19computeQpPropertiesEv
FNF:13
FNH:13
DA:20,142
DA:22,142
DA:23,142
DA:26,284
DA:30,284
DA:32,284
DA:35,284
DA:39,142
DA:40,142
DA:41,0
DA:43,3
DA:46,3
DA:47,3
DA:48,3
DA:49,3
DA:50,3
DA:52,6
DA:53,3
DA:54,12
DA:56,3
DA:57,3
DA:58,3
DA:59,3
DA:60,3
DA:61,3
DA:62,3
DA:63,3
DA:65,3
DA:66,6
DA:67,6
DA:69,3
DA:72,3
DA:74,3
DA:76,3
DA:80,10
DA:82,7
DA:83,7
DA:84,7
DA:86,7
DA:87,7
DA:91,5
DA:93,2
DA:94,2
DA:95,2
DA:96,2
DA:98,3
DA:101,3
DA:104,3
DA:105,0
DA:108,3
DA:111,3
DA:113,6
DA:114,3
DA:116,1
DA:117,1
DA:119,3
DA:121,1136
DA:125,1136
DA:126,1136
DA:127,1136
DA:130,6480
DA:133,6480
DA:134,6480
DA:135,6480
DA:137,6480
DA:138,6480
DA:139,6480
DA:142,6480
DA:145,24720
DA:146,18240
DA:147,18240
DA:148,36480
DA:149,7680
DA:150,1200
DA:151,6480
DA:154,6480
DA:156,6480
DA:157,6480
DA:160,6480
DA:162,6480
DA:163,6480
DA:166,6480
DA:167,6480
DA:168,6480
DA:170,6480
DA:172,6480
DA:173,12960
DA:176,6480
DA:178,1000
DA:179,1000
DA:181,6480
DA:184,6480
DA:186,12960
DA:187,6480
DA:190,6480
DA:193,6480
DA:194,6480
DA:196,5280
DA:197,5280
DA:198,5280
DA:199,1200
DA:200,1200
DA:201,1200
DA:202,0
DA:203,0
DA:204,0
DA:205,0
DA:206,0
DA:208,0
DA:210,6480
LF:110
LH:102
end_of_record
TN:
SF:/home/runner/work/beaver/beaver/src/materials/BVMechanicalMaterial.C
FN:20,_ZN20BVMechanicalMaterial11validParamsEv
FN:61,_ZN20BVMechanicalMaterialC2ERK15InputParameters
FN:89,_ZN20BVMechanicalMaterial12initialSetupEv
FN:120,_ZN20BVMechanicalMaterial23elasticModuliInputCheckEv
FN:149,_ZN20BVMechanicalMaterial26displacementIntegrityCheckEv
FN:159,_ZN20BVMechanicalMaterial25initializeInelasticModelsEv
FN:181,_ZN20BVMechanicalMaterial23initializeInitialStressEv
FN:198,_ZN20BVMechanicalMaterial23initializeThermalStrainEv
FN:209,_ZN20BVMechanicalMaterial24initQpStatefulPropertiesEv
FN:224,_ZN20BVMechanicalMaterial19computeQpPropertiesEv
FN:232,_ZN20BVMechanicalMaterial24computeQpStrainIncrementEv
FN:257,_ZN20BVMechanicalMaterial20computeQpSmallStrainERK18RankTwoTensorTemplIN11MetaPhysicL10DualNumberIdNS1_35SemiDynamicSparseNumberArrayGenericIdmNS1_8NWrapperILm64EEENS1_19DynamicArrayWrapperISt5arraydLm64EEEEELb1EEEERKS0_IdE
FN:267,_ZN20BVMechanicalMaterial21computeQpFiniteStrainERK18RankTwoTensorTemplIN11MetaPhysicL10DualNumberIdNS1_35SemiDynamicSparseNumberArrayGenericIdmNS1_8NWrapperILm64EEENS1_19DynamicArrayWrapperISt5arraydLm64EEEEELb1EEEERKS0_IdE
FN:284,_ZN20BVMechanicalMaterial25computeQpElasticityTensorEv
FN:294,_ZN20BVMechanicalMaterial15computeQpStressEv
FN:311,_ZN20BVMechanicalMaterial12spinRotationERK18RankTwoTensorTemplIN11MetaPhysicL10DualNumberIdNS1_35SemiDynamicSparseNumberArrayGenericIdmNS1_8NWrapperILm64EEENS1_19DynamicArrayWrapperISt5arraydLm64EEEEELb1EEEE
FNDA:54,_ZN20BVMechanicalMaterial25initializeInelasticModelsEv
FNDA:54,_ZN20BVMechanicalMaterial26displacementIntegrityCheckEv
FNDA:54,_ZN20BVMechanicalMaterial23initializeThermalStrainEv
FNDA:390372,_ZN20BVMechanicalMaterial20computeQpSmallStrainERK18RankTwoTensorTemplIN11MetaPhysicL10DualNumberIdNS1_35SemiDynamicSparseNumberArrayGenericIdmNS1_8NWrapperILm64EEENS1_19DynamicArrayWrapperISt5arraydLm64EEEEELb1EEEERKS0_IdE
FNDA:390372,_ZN20BVMechanicalMaterial12spinRotationERK18RankTwoTensorTemplIN11MetaPhysicL10DualNumberIdNS1_35SemiDynamicSparseNumberArrayGenericIdmNS1_8NWrapperILm64EEENS1_19DynamicArrayWrapperISt5arraydLm64EEEEELb1EEEE
FNDA:0,_ZN20BVMechanicalMaterial21computeQpFiniteStrainERK18RankTwoTensorTemplIN11MetaPhysicL10DualNumberIdNS1_35SemiDynamicSparseNumberArrayGenericIdmNS1_8NWrapperILm64EEENS1_19DynamicArrayWrapperISt5arraydLm64EEEEELb1EEEERKS0_IdE
FNDA:57,_ZN20BVMechanicalMaterialC2ERK15InputParameters
FNDA:390372,_ZN20BVMechanicalMaterial24computeQpStrainIncrementEv
FNDA:390372,_ZN20BVMechanicalMaterial19computeQpPropertiesEv
FNDA:54,_ZN20BVMechanicalMaterial23initializeInitialStressEv
FNDA:55,_ZN20BVMechanicalMaterial23elasticModuliInputCheckEv
FNDA:25466,_ZN20BVMechanicalMaterial24initQpStatefulPropertiesEv
FNDA:390372,_ZN20BVMechanicalMaterial25computeQpElasticityTensorEv
FNDA:212,_ZN20BVMechanicalMaterial11validParamsEv
FNDA:390372,_ZN20BVMechanicalMaterial15computeQpStressEv
FNDA:55,_ZN20BVMechanicalMaterial12initialSetupEv
FNF:16
FNH:15
DA:20,212
DA:22,212
DA:23,212
DA:25,424
DA:29,424
DA:30,636
DA:31,424
DA:35,424
DA:36,424
DA:39,424
DA:41,424
DA:43,424
DA:45,424
DA:48,424
DA:51,424
DA:57,212
DA:58,212
DA:59,212
DA:61,57
DA:64,57
DA:65,57
DA:66,57
DA:68,57
DA:69,57
DA:70,57
DA:71,114
DA:73,114
DA:75,57
DA:76,57
DA:78,57
DA:80,57
DA:81,171
DA:83,114
DA:84,0
DA:86,57
DA:89,55
DA:91,55
DA:93,54
DA:95,54
DA:97,54
DA:99,54
DA:102,201
DA:104,147
DA:105,147
DA:106,147
DA:108,0
DA:112,69
DA:114,15
DA:115,15
DA:117,54
DA:120,55
DA:122,140
DA:124,54
DA:125,54
DA:127,80
DA:129,48
DA:130,48
DA:132,24
DA:133,24
DA:135,11
DA:137,6
DA:139,6
DA:140,3
DA:143,1
DA:146,54
DA:149,54
DA:152,54
DA:153,0
DA:156,54
DA:159,54
DA:162,162
DA:163,54
DA:164,54
DA:165,54
DA:167,36
DA:170,18
DA:172,18
DA:173,18
DA:175,0
DA:178,54
DA:181,54
DA:183,162
DA:184,54
DA:185,54
DA:186,0
DA:188,54
DA:190,24
DA:192,105
DA:193,81
DA:195,54
DA:198,54
DA:200,54
DA:201,0
DA:203,54
DA:204,0
DA:206,54
DA:209,25466
DA:211,25466
DA:212,25466
DA:213,25466
DA:215,10296
DA:216,45984
DA:217,35688
DA:218,10296
DA:220,25466
DA:221,25466
DA:224,390372
DA:226,390372
DA:227,390372
DA:228,390372
DA:229,390372
DA:232,390372
DA:235,390372
DA:237,390372
DA:239,390372
DA:241,390372
DA:242,390372
DA:244,0
DA:245,0
DA:247,0
DA:248,0
DA:252,390372
DA:253,6480
DA:254,390372
DA:257,390372
DA:260,390372
DA:262,780744
DA:263,780744
DA:264,390372
DA:267,0
DA:271,0
DA:272,0
DA:273,0
DA:276,0
DA:277,0
DA:279,0
DA:280,0
DA:281,0
DA:284,390372
DA:287,390372
DA:290,390372
DA:291,390372
DA:294,390372
DA:297,390372
DA:300,390372
DA:302,549440
DA:304,274720
DA:305,274720
DA:308,390372
DA:311,390372
DA:313,390372
DA:314,780744
LF:152
LH:132
end_of_record
TN:
SF:/home/runner/work/beaver/beaver/src/materials/BVModifiedLemaitreModelUpdate.C
FN:19,_ZN29BVModifiedLemaitreModelUpdate11validParamsEv
FN:32,_ZN29BVModifiedLemaitreModelUpdateC2ERK15InputParameters
FN:47,_ZN29BVModifiedLemaitreModelUpdate24initQpStatefulPropertiesEv
FN:53,_ZN29BVModifiedLemaitreModelUpdate10creepRateRERKN11MetaPhysicL10DualNumberIdNS0_35SemiDynamicSparseNumberArrayGenericIdmNS0_8NWrapperILm64EEENS0_19DynamicArrayWrapperISt5arraydLm64EEEEELb1EEE
FN:64,_ZN29BVModifiedLemaitreModelUpdate9creepRateERKN11MetaPhysicL10DualNumberIdNS0_35SemiDynamicSparseNumberArrayGenericIdmNS0_8NWrapperILm64EEENS0_19DynamicArrayWrapperISt5arraydLm64EEEEELb1EEE
FN:75,_ZN29BVModifiedLemaitreModelUpdate20creepRateRDerivativeERKN11MetaPhysicL10DualNumberIdNS0_35SemiDynamicSparseNumberArrayGenericIdmNS0_8NWrapperILm64EEENS0_19DynamicArrayWrapperISt5arraydLm64EEEEELb1EEE
FN:89,_ZN29BVModifiedLemaitreModelUpdate19creepRateDerivativeERKN11MetaPhysicL10DualNumberIdNS0_35SemiDynamicSparseNumberArrayGenericIdmNS0_8NWrapperILm64EEENS0_19DynamicArrayWrapperISt5arraydLm64EEEEELb1EEE
FN:102,_ZN29BVModifiedLemaitreModelUpdate19lemaitreCreepStrainERKN11MetaPhysicL10DualNumberIdNS0_35SemiDynamicSparseNumberArrayGenericIdmNS0_8NWrapperILm64EEENS0_19DynamicArrayWrapperISt5arraydLm64EEEEELb1EEE
FN:108,_ZN29BVModifiedLemaitreModelUpdate12preReturnMapEv
FN:114,_ZN29BVModifiedLemaitreModelUpdate13postReturnMapERKN11MetaPhysicL10DualNumberIdNS0_35SemiDynamicSparseNumberArrayGenericIdmNS0_8NWrapperILm64EEENS0_19DynamicArrayWrapperISt5arraydLm64EEEEELb1EEE
FNDA:3224,_ZN29BVModifiedLemaitreModelUpdate13postReturnMapERKN11MetaPhysicL10DualNumberIdNS0_35SemiDynamicSparseNumberArrayGenericIdmNS0_8NWrapperILm64EEENS0_19DynamicArrayWrapperISt5arraydLm64EEEEELb1EEE
FNDA:20560,_ZN29BVModifiedLemaitreModelUpdate10creepRateRERKN11MetaPhysicL10DualNumberIdNS0_35SemiDynamicSparseNumberArrayGenericIdmNS0_8NWrapperILm64EEENS0_19DynamicArrayWrapperISt5arraydLm64EEEEELb1EEE
FNDA:23896,_ZN29BVModifiedLemaitreModelUpdate19lemaitreCreepStrainERKN11MetaPhysicL10DualNumberIdNS0_35SemiDynamicSparseNumberArrayGenericIdmNS0_8NWrapperILm64EEENS0_19DynamicArrayWrapperISt5arraydLm64EEEEELb1EEE
FNDA:16,_ZN29BVModifiedLemaitreModelUpdate24initQpStatefulPropertiesEv
FNDA:10336,_ZN29BVModifiedLemaitreModelUpdate20creepRateRDerivativeERKN11MetaPhysicL10DualNumberIdNS0_35SemiDynamicSparseNumberArrayGenericIdmNS0_8NWrapperILm64EEENS0_19DynamicArrayWrapperISt5arraydLm64EEEEELb1EEE
FNDA:10336,_ZN29BVModifiedLemaitreModelUpdate9creepRateERKN11MetaPhysicL10DualNumberIdNS0_35SemiDynamicSparseNumberArrayGenericIdmNS0_8NWrapperILm64EEENS0_19DynamicArrayWrapperISt5arraydLm64EEEEELb1EEE
FNDA:3,_ZN29BVModifiedLemaitreModelUpdateC2ERK15InputParameters
FNDA:3224,_ZN29BVModifiedLemaitreModelUpdate12preReturnMapEv
FNDA:10336,_ZN29BVModifiedLemaitreModelUpdate19creepRateDerivativeERKN11MetaPhysicL10DualNumberIdNS0_35SemiDynamicSparseNumberArrayGenericIdmNS0_8NWrapperILm64EEENS0_19DynamicArrayWrapperISt5arraydLm64EEEEELb1EEE
FNDA:140,_ZN29BVModifiedLemaitreModelUpdate11validParamsEv
FNF:10
FNH:10
DA:19,140
DA:21,140
DA:22,140
DA:24,280
DA:25,280
DA:26,280
DA:27,280
DA:28,280
DA:29,140
DA:30,0
DA:32,3
DA:35,3
DA:36,6
DA:37,6
DA:38,6
DA:39,6
DA:41,3
DA:42,9
DA:44,3
DA:47,16
DA:49,16
DA:50,16
DA:53,20560
DA:55,61680
DA:57,20560
DA:58,48
DA:60,102560
DA:64,10336
DA:66,20672
DA:68,10336
DA:69,224
DA:71,20448
DA:75,10336
DA:77,31008
DA:79,10336
DA:80,48
DA:82,10288
DA:83,41152
DA:84,20576
DA:85,30864
DA:89,10336
DA:91,20672
DA:93,10336
DA:94,224
DA:96,10224
DA:97,10224
DA:98,20448
DA:102,23896
DA:104,23896
DA:108,3224
DA:110,3224
DA:111,3224
DA:114,3224
DA:116,3224
DA:117,3224
LF:55
LH:54
end_of_record
TN:
SF:/home/runner/work/beaver/beaver/src/materials/BVMultiPhaseFlowMaterial.C
FN:19,_ZN24BVMultiPhaseFlowMaterial11validParamsEv
FN:26,_ZN24BVMultiPhaseFlowMaterialC2ERK15InputParameters
FN:42,_ZN24BVMultiPhaseFlowMaterial19computeQpPropertiesEv
FNDA:136,_ZN24BVMultiPhaseFlowMaterial11validParamsEv
FNDA:0,_ZN24BVMultiPhaseFlowMaterialC2ERK15InputParameters
FNDA:0,_ZN24BVMultiPhaseFlowMaterial19computeQpPropertiesEv
FNF:3
FNH:1
DA:19,136
DA:21,136
DA:22,136
DA:23,136
DA:24,0
DA:26,0
DA:28,0
DA:29,0
DA:30,0
DA:31,0
DA:32,0
DA:33,0
DA:34,0
DA:35,0
DA:36,0
DA:37,0
DA:39,0
DA:42,0
DA:45,0
DA:46,0
DA:47,0
DA:50,0
DA:51,0
DA:54,0
DA:55,0
LF:25
LH:4
end_of_record
TN:
SF:/home/runner/work/beaver/beaver/src/materials/BVPermeabilityBase.C
FN:17,_ZN18BVPermeabilityBase11validParamsEv
FN:25,_ZN18BVPermeabilityBaseC2ERK15InputParameters
FNDA:176,_ZN18BVPermeabilityBase11validParamsEv
FNDA:30,_ZN18BVPermeabilityBaseC2ERK15InputParameters
FNF:2
FNH:2
DA:17,176
DA:19,176
DA:20,176
DA:22,176
DA:23,0
DA:25,30
DA:26,30
DA:28,30
LF:8
LH:7
end_of_record
TN:
SF:/home/runner/work/beaver/beaver/src/materials/BVPoroMechanicsMaterial.C
FN:19,_ZN23BVPoroMechanicsMaterial11validParamsEv
FN:32,_ZN23BVPoroMechanicsMaterialC2ERK15InputParameters
FN:50,_ZN23BVPoroMechanicsMaterial19computeQpPropertiesEv
FNDA:144,_ZN23BVPoroMechanicsMaterial11validParamsEv
FNDA:6,_ZN23BVPoroMechanicsMaterialC2ERK15InputParameters
FNDA:24560,_ZN23BVPoroMechanicsMaterial19computeQpPropertiesEv
FNF:3
FNH:3
DA:19,144
DA:21,144
DA:22,144
DA:25,432
DA:26,288
DA:29,144
DA:30,0
DA:32,6
DA:35,6
DA:37,12
DA:39,12
DA:41,12
DA:43,6
DA:44,6
DA:45,12
DA:47,6
DA:50,24560
DA:53,24560
DA:56,24560
DA:59,49120
DA:62,49120
DA:63,24560
LF:22
LH:21
end_of_record
TN:
SF:/home/runner/work/beaver/beaver/src/materials/BVPorosityBase.C
FN:17,_ZN14BVPorosityBase11validParamsEv
FN:25,_ZN14BVPorosityBaseC2ERK15InputParameters
FNDA:152,_ZN14BVPorosityBase11validParamsEv
FNDA:12,_ZN14BVPorosityBaseC2ERK15InputParameters
FNF:2
FNH:2
DA:17,152
DA:19,152
DA:20,152
DA:22,152
DA:23,0
DA:25,12
DA:26,12
DA:28,12
LF:8
LH:7
end_of_record
TN:
SF:/home/runner/work/beaver/beaver/src/materials/BVRTL2020ModelExplicitUpdate.C
FN:20,_ZN28BVRTL2020ModelExplicitUpdate11validParamsEv
FN:54,_ZN28BVRTL2020ModelExplicitUpdateC2ERK15InputParameters
FN:103,_ZN28BVRTL2020ModelExplicitUpdate15inelasticUpdateER18RankTwoTensorTemplIN11MetaPhysicL10DualNumberIdNS1_35SemiDynamicSparseNumberArrayGenericIdmNS1_8NWrapperILm64EEENS1_19DynamicArrayWrapperISt5arraydLm64EEEEELb1EEEERKS0_IdERK19RankFourTensorTemplIdE
FN:163,_ZN28BVRTL2020ModelExplicitUpdate24initQpStatefulPropertiesEv
FN:171,_ZN28BVRTL2020ModelExplicitUpdate10creepRateREv
FN:187,_ZN28BVRTL2020ModelExplicitUpdate17creepRateLemaitreEv
FN:198,_ZN28BVRTL2020ModelExplicitUpdate21creepRateMunsonDawsonEv
FN:211,_ZN28BVRTL2020ModelExplicitUpdate12creepRateVolEv
FN:221,_ZN28BVRTL2020ModelExplicitUpdate9preUpdateEv
FN:228,_ZN28BVRTL2020ModelExplicitUpdate10postUpdateERKSt6vectorIN11MetaPhysicL10DualNumberIdNS1_35SemiDynamicSparseNumberArrayGenericIdmNS1_8NWrapperILm64EEENS1_19DynamicArrayWrapperISt5arraydLm64EEEEELb1EEESaISA_EE
FN:235,_ZN28BVRTL2020ModelExplicitUpdate12preUpdateVolERKSt6vectorIN11MetaPhysicL10DualNumberIdNS1_35SemiDynamicSparseNumberArrayGenericIdmNS1_8NWrapperILm64EEENS1_19DynamicArrayWrapperISt5arraydLm64EEEEELb1EEESaISA_EE
FN:244,_ZN28BVRTL2020ModelExplicitUpdate13postUpdateVolERKSt6vectorIN11MetaPhysicL10DualNumberIdNS1_35SemiDynamicSparseNumberArrayGenericIdmNS1_8NWrapperILm64EEENS1_19DynamicArrayWrapperISt5arraydLm64EEEEELb1EEESaISA_EE
FN:250,_ZN28BVRTL2020ModelExplicitUpdate25reformPlasticStrainTensorERKSt6vectorIN11MetaPhysicL10DualNumberIdNS1_35SemiDynamicSparseNumberArrayGenericIdmNS1_8NWrapperILm64EEENS1_19DynamicArrayWrapperISt5arraydLm64EEEEELb1EEESaISA_EE
FNDA:0,_ZN28BVRTL2020ModelExplicitUpdate10postUpdateERKSt6vectorIN11MetaPhysicL10DualNumberIdNS1_35SemiDynamicSparseNumberArrayGenericIdmNS1_8NWrapperILm64EEENS1_19DynamicArrayWrapperISt5arraydLm64EEEEELb1EEESaISA_EE
FNDA:0,_ZN28BVRTL2020ModelExplicitUpdate9preUpdateEv
FNDA:0,_ZN28BVRTL2020ModelExplicitUpdate21creepRateMunsonDawsonEv
FNDA:136,_ZN28BVRTL2020ModelExplicitUpdate11validParamsEv
FNDA:0,_ZN28BVRTL2020ModelExplicitUpdate10creepRateREv
FNDA:0,_ZN28BVRTL2020ModelExplicitUpdate12creepRateVolEv
FNDA:0,_ZN28BVRTL2020ModelExplicitUpdate17creepRateLemaitreEv
FNDA:0,_ZN28BVRTL2020ModelExplicitUpdate15inelasticUpdateER18RankTwoTensorTemplIN11MetaPhysicL10DualNumberIdNS1_35SemiDynamicSparseNumberArrayGenericIdmNS1_8NWrapperILm64EEENS1_19DynamicArrayWrapperISt5arraydLm64EEEEELb1EEEERKS0_IdERK19RankFourTensorTemplIdE
FNDA:0,_ZN28BVRTL2020ModelExplicitUpdate25reformPlasticStrainTensorERKSt6vectorIN11MetaPhysicL10DualNumberIdNS1_35SemiDynamicSparseNumberArrayGenericIdmNS1_8NWrapperILm64EEENS1_19DynamicArrayWrapperISt5arraydLm64EEEEELb1EEESaISA_EE
FNDA:0,_ZN28BVRTL2020ModelExplicitUpdate13postUpdateVolERKSt6vectorIN11MetaPhysicL10DualNumberIdNS1_35SemiDynamicSparseNumberArrayGenericIdmNS1_8NWrapperILm64EEENS1_19DynamicArrayWrapperISt5arraydLm64EEEEELb1EEESaISA_EE
FNDA:0,_ZN28BVRTL2020ModelExplicitUpdate12preUpdateVolERKSt6vectorIN11MetaPhysicL10DualNumberIdNS1_35SemiDynamicSparseNumberArrayGenericIdmNS1_8NWrapperILm64EEENS1_19DynamicArrayWrapperISt5arraydLm64EEEEELb1EEESaISA_EE
FNDA:0,_ZN28BVRTL2020ModelExplicitUpdate24initQpStatefulPropertiesEv
FNDA:0,_ZN28BVRTL2020ModelExplicitUpdateC2ERK15InputParameters
FNF:13
FNH:1
DA:20,136
DA:22,136
DA:23,136
DA:26,272
DA:28,272
DA:29,408
DA:30,272
DA:31,408
DA:32,272
DA:34,272
DA:36,272
DA:37,272
DA:39,272
DA:40,272
DA:41,272
DA:42,272
DA:43,272
DA:44,272
DA:46,272
DA:47,272
DA:48,272
DA:49,272
DA:50,272
DA:51,136
DA:52,0
DA:54,0
DA:56,0
DA:57,0
DA:58,0
DA:60,0
DA:61,0
DA:62,0
DA:63,0
DA:65,0
DA:66,0
DA:67,0
DA:69,0
DA:70,0
DA:71,0
DA:72,0
DA:73,0
DA:74,0
DA:76,0
DA:77,0
DA:78,0
DA:79,0
DA:80,0
DA:82,0
DA:83,0
DA:84,0
DA:85,0
DA:87,0
DA:88,0
DA:91,0
DA:92,0
DA:96,0
DA:97,0
DA:100,0
DA:103,0
DA:112,0
DA:113,0
DA:115,0
DA:116,0
DA:118,0
DA:119,0
DA:122,0
DA:125,0
DA:128,0
DA:131,0
DA:132,0
DA:138,0
DA:145,0
DA:148,0
DA:151,0
DA:154,0
DA:158,0
DA:159,0
DA:160,0
DA:163,0
DA:165,0
DA:166,0
DA:167,0
DA:168,0
DA:171,0
DA:173,0
DA:174,0
DA:177,0
DA:178,0
DA:180,0
DA:181,0
DA:182,0
DA:187,0
DA:189,0
DA:191,0
DA:192,0
DA:194,0
DA:198,0
DA:200,0
DA:202,0
DA:204,0
DA:205,0
DA:207,0
DA:211,0
DA:213,0
DA:214,0
DA:216,0
DA:217,0
DA:221,0
DA:223,0
DA:224,0
DA:225,0
DA:228,0
DA:230,0
DA:231,0
DA:232,0
DA:235,0
DA:237,0
DA:239,0
DA:240,0
DA:241,0
DA:244,0
DA:246,0
DA:247,0
DA:250,0
DA:253,0
DA:256,0
DA:258,0
DA:259,0
DA:262,0
DA:263,0
DA:265,0
LF:131
LH:24
end_of_record
TN:
SF:/home/runner/work/beaver/beaver/src/materials/BVRTL2020ModelUpdate.C
FN:19,_ZN20BVRTL2020ModelUpdate11validParamsEv
FN:52,_ZN20BVRTL2020ModelUpdateC2ERK15InputParameters
FN:98,_ZN20BVRTL2020ModelUpdate24initQpStatefulPropertiesEv
FN:106,_ZN20BVRTL2020ModelUpdate9creepRateERKSt6vectorIN11MetaPhysicL10DualNumberIdNS1_35SemiDynamicSparseNumberArrayGenericIdmNS1_8NWrapperILm64EEENS1_19DynamicArrayWrapperISt5arraydLm64EEEEELb1EEESaISA_EEj
FN:117,_ZN20BVRTL2020ModelUpdate10creepRateRERKSt6vectorIN11MetaPhysicL10DualNumberIdNS1_35SemiDynamicSparseNumberArrayGenericIdmNS1_8NWrapperILm64EEENS1_19DynamicArrayWrapperISt5arraydLm64EEEEELb1EEESaISA_EE
FN:135,_ZN20BVRTL2020ModelUpdate17creepRateLemaitreERKSt6vectorIN11MetaPhysicL10DualNumberIdNS1_35SemiDynamicSparseNumberArrayGenericIdmNS1_8NWrapperILm64EEENS1_19DynamicArrayWrapperISt5arraydLm64EEEEELb1EEESaISA_EE
FN:146,_ZN20BVRTL2020ModelUpdate21creepRateMunsonDawsonERKSt6vectorIN11MetaPhysicL10DualNumberIdNS1_35SemiDynamicSparseNumberArrayGenericIdmNS1_8NWrapperILm64EEENS1_19DynamicArrayWrapperISt5arraydLm64EEEEELb1EEESaISA_EE
FN:161,_ZN20BVRTL2020ModelUpdate19creepRateDerivativeERKSt6vectorIN11MetaPhysicL10DualNumberIdNS1_35SemiDynamicSparseNumberArrayGenericIdmNS1_8NWrapperILm64EEENS1_19DynamicArrayWrapperISt5arraydLm64EEEEELb1EEESaISA_EEjj
FN:175,_ZN20BVRTL2020ModelUpdate20creepRateRDerivativeERKSt6vectorIN11MetaPhysicL10DualNumberIdNS1_35SemiDynamicSparseNumberArrayGenericIdmNS1_8NWrapperILm64EEENS1_19DynamicArrayWrapperISt5arraydLm64EEEEELb1EEESaISA_EE
FN:191,_ZN20BVRTL2020ModelUpdate27creepRateLemaitreDerivativeERKSt6vectorIN11MetaPhysicL10DualNumberIdNS1_35SemiDynamicSparseNumberArrayGenericIdmNS1_8NWrapperILm64EEENS1_19DynamicArrayWrapperISt5arraydLm64EEEEELb1EEESaISA_EEj
FN:216,_ZN20BVRTL2020ModelUpdate31creepRateMunsonDawsonDerivativeERKSt6vectorIN11MetaPhysicL10DualNumberIdNS1_35SemiDynamicSparseNumberArrayGenericIdmNS1_8NWrapperILm64EEENS1_19DynamicArrayWrapperISt5arraydLm64EEEEELb1EEESaISA_EEj
FN:249,_ZN20BVRTL2020ModelUpdate19lemaitreCreepStrainERKSt6vectorIN11MetaPhysicL10DualNumberIdNS1_35SemiDynamicSparseNumberArrayGenericIdmNS1_8NWrapperILm64EEENS1_19DynamicArrayWrapperISt5arraydLm64EEEEELb1EEESaISA_EE
FN:255,_ZN20BVRTL2020ModelUpdate23munsondawsonCreepStrainERKSt6vectorIN11MetaPhysicL10DualNumberIdNS1_35SemiDynamicSparseNumberArrayGenericIdmNS1_8NWrapperILm64EEENS1_19DynamicArrayWrapperISt5arraydLm64EEEEELb1EEESaISA_EE
FN:261,_ZN20BVRTL2020ModelUpdate21volumetricCreepStrainERKSt6vectorIN11MetaPhysicL10DualNumberIdNS1_35SemiDynamicSparseNumberArrayGenericIdmNS1_8NWrapperILm64EEENS1_19DynamicArrayWrapperISt5arraydLm64EEEEELb1EEESaISA_EE
FN:267,_ZN20BVRTL2020ModelUpdate12preReturnMapEv
[...]
FNDA:0,_ZNKSt14default_deleteI10MooseArrayIdEEclEPS1_
FNDA:0,_ZSt11make_uniqueI18BVEqvStrainRateAuxJRK15InputParametersEENSt8__detail9_MakeUniqIT_E15__single_objectEDpOT0_
FNDA:0,_ZNSt10unique_ptrI27BVSinglePhaseTimeDerivativeSt14default_deleteIS0_EED2Ev
FNDA:0,_ZSt11make_uniqueI16BVMisesStressAuxJRK15InputParametersEENSt8__detail9_MakeUniqIT_E15__single_objectEDpOT0_
FNDA:0,_ZNKSt14default_deleteIA_N11MetaPhysicL10DualNumberIdNS0_35SemiDynamicSparseNumberArrayGenericIdmNS0_8NWrapperILm64EEENS0_19DynamicArrayWrapperISt5arraydLm64EEEEELb1EEEEclIS9_EENSt9enable_ifIXsrSt14is_convertibleIPA_T_PSA_E5valueEvE4typeEPSF_
FNDA:0,_ZNSt10unique_ptrIN7libMesh10Parameters5ValueESt14default_deleteIS2_EEaSINS1_9ParameterIbEES3_IS8_EEENSt9enable_ifIXsrSt6__and_IJSB_IJSt14is_convertibleINS_IT_T0_E7pointerEPS2_ESt6__not_ISt8is_arrayISD_EEEESt13is_assignableIRS4_OSE_EEE5valueERS5_E4typeEOSF_
FNDA:0,_ZSt11make_uniqueI20BVMechanicalMaterialJRK15InputParametersEENSt8__detail9_MakeUniqIT_E15__single_objectEDpOT0_
FNDA:0,_ZSt11make_uniqueI19BVLubby2ModelUpdateJRK15InputParametersEENSt8__detail9_MakeUniqIT_E15__single_objectEDpOT0_
FNDA:0,_ZNSt10unique_ptrI17BVShearTractionBCSt14default_deleteIS0_EED2Ev
FNDA:0,_ZNSt10unique_ptrIN7libMesh10Parameters5ValueESt14default_deleteIS2_EEaSINS1_9ParameterIdEES3_IS8_EEENSt9enable_ifIXsrSt6__and_IJSB_IJSt14is_convertibleINS_IT_T0_E7pointerEPS2_ESt6__not_ISt8is_arrayISD_EEEESt13is_assignableIRS4_OSE_EEE5valueERS5_E4typeEOSF_
FNDA:0,_ZNSt10unique_ptrI20BVRTL2020ModelUpdateSt14default_deleteIS0_EED2Ev
FNDA:0,_ZNSt10unique_ptrI12BVPressureBCSt14default_deleteIS0_EED2Ev
FNDA:0,_ZNSt10unique_ptrI29BVModifiedLemaitreModelUpdateSt14default_deleteIS0_EED2Ev
FNDA:0,_ZNSt10unique_ptrI29BVFVMultiPhaseSaturationDarcySt14default_deleteIS0_EED2Ev
FNDA:0,_ZNSt10unique_ptrI16MaterialPropertyIdESt14default_deleteIS1_EED2Ev
FNDA:0,_ZSt11make_uniqueI27BVSinglePhaseTimeDerivativeJRK15InputParametersEENSt8__detail9_MakeUniqIT_E15__single_objectEDpOT0_
FNDA:0,_ZNSt10unique_ptrI13BVPressureAuxSt14default_deleteIS0_EED2Ev
FNDA:0,_ZSt11make_uniqueI20BVRTL2020ModelUpdateJRK15InputParametersEENSt8__detail9_MakeUniqIT_E15__single_objectEDpOT0_
FNDA:0,_ZNSt10unique_ptrI16MaterialPropertyIN7libMesh11VectorValueIdEEESt14default_deleteIS4_EED2Ev
FNDA:0,_ZNSt10unique_ptrI19BVBurgerModelUpdateSt14default_deleteIS0_EED2Ev
FNDA:0,_ZSt11make_uniqueI17BVFluidPropertiesJRK15InputParametersEENSt8__detail9_MakeUniqIT_E15__single_objectEDpOT0_
FNDA:20,_ZNSt10unique_ptrIN7libMesh10Parameters9ParameterISt6vectorI21NonlinearVariableNameSaIS4_EEEESt14default_deleteIS7_EED2Ev
FNDA:0,_ZSt11make_uniqueI29BVFVSinglePhaseTimeDerivativeJRK15InputParametersEENSt8__detail9_MakeUniqIT_E15__single_objectEDpOT0_
FNDA:0,_ZNSt10unique_ptrI18BVEqvStrainRateAuxSt14default_deleteIS0_EED2Ev
FNDA:0,_ZNSt10unique_ptrI28BVRTL2020ModelExplicitUpdateSt14default_deleteIS0_EED2Ev
FNDA:0,_ZNSt10unique_ptrI13PropertyValueSt14default_deleteIS0_EED2Ev
FNDA:0,_ZNSt10unique_ptrI26BVKelvinViscoelasticUpdateSt14default_deleteIS0_EED2Ev
FNDA:0,_ZSt11make_uniqueI16MaterialPropertyIdEJRKjEENSt8__detail9_MakeUniqIT_E15__single_objectEDpOT0_
FNF:211
FNH:18
DA:87,0
DA:93,1838
DA:94,1838
DA:130,0
DA:134,0
DA:135,0
DA:170,298
DA:180,8
DA:183,0
DA:187,0
DA:193,4910
DA:202,232
DA:203,232
DA:204,0
DA:205,0
DA:211,294
DA:212,66
DA:237,0
DA:355,0
DA:393,2144
DA:398,2144
DA:399,0
DA:401,2144
DA:425,232
DA:429,232
DA:673,2704
DA:676,2704
DA:677,0
DA:679,2704
DA:1076,294
DA:1077,294
LF:31
LH:19
end_of_record
TN:
SF:/usr/share/miniconda3/envs/moose/lib/gcc/x86_64-conda-linux-gnu/14.3.0/include/c++/bits/unordered_map.h
FNF:0
FNH:0
DA:109,88
DA:988,0
LF:2
LH:1
end_of_record
TN:
SF:/usr/share/miniconda3/envs/moose/lib/gcc/x86_64-conda-linux-gnu/14.3.0/include/c++/bits/unordered_set.h
FNF:0
FNH:0
DA:433,0
LF:1
LH:0
end_of_record
TN:
SF:/usr/share/miniconda3/envs/moose/lib/gcc/x86_64-conda-linux-gnu/14.3.0/include/c++/bits/vector.tcc
FN:67,_ZNSt6vectorIP10BndElementSaIS1_EE7reserveEm
FN:111,_ZNSt6vectorISt10unique_ptrI13PropertyValueSt14default_deleteIS1_EESaIS4_EE12emplace_backIJS0_I18ADMaterialPropertyIN7libMesh11VectorValueIdEEES2_ISC_EEEEERS4_DpOT_
FN:111,_ZNSt6vectorImSaImEE12emplace_backIJmEEERmDpOT_
FN:111,_ZNSt6vectorISt10shared_ptrI17RegistryEntryBaseESaIS2_EE12emplace_backIJS2_EEERS2_DpOT_
FN:111,_ZNSt6vectorISt10unique_ptrI13PropertyValueSt14default_deleteIS1_EESaIS4_EE12emplace_backIJS0_I18ADMaterialPropertyIdES2_IS9_EEEEERS4_DpOT_
FN:111,_ZNSt6vectorISt10unique_ptrI13PropertyValueSt14default_deleteIS1_EESaIS4_EE12emplace_backIJS0_I16MaterialPropertyIdES2_IS9_EEEEERS4_DpOT_
FN:111,_ZNSt6vectorIP10BndElementSaIS1_EE12emplace_backIJS1_EEERS1_DpOT_
FN:111,_ZNSt6vectorISt10unique_ptrI13PropertyValueSt14default_deleteIS1_EESaIS4_EE12emplace_backIJS0_I16MaterialPropertyIN7libMesh11VectorValueIdEEES2_ISC_EEEEERS4_DpOT_
FN:210,_ZNSt6vectorI12FunctionNameSaIS0_EEaSERKS2_
FN:210,_ZNSt6vectorI12MaterialNameSaIS0_EEaSERKS2_
FN:210,_ZNSt6vectorI12BoundaryNameSaIS0_EEaSERKS2_
FN:210,_ZNSt6vectorI21NonlinearVariableNameSaIS0_EEaSERKS2_
FN:581,_ZNSt6vectorISt10unique_ptrI13PropertyValueSt14default_deleteIS1_EESaIS4_EE17_M_realloc_appendIJS0_I18ADMaterialPropertyIdES2_IS9_EEEEEvDpOT_
FN:581,_ZNSt6vectorISt10unique_ptrI13PropertyValueSt14default_deleteIS1_EESaIS4_EE17_M_realloc_appendIJS0_I16MaterialPropertyIN7libMesh11VectorValueIdEEES2_ISC_EEEEEvDpOT_
FN:581,_ZNSt6vectorISt10unique_ptrI13PropertyValueSt14default_deleteIS1_EESaIS4_EE17_M_realloc_appendIJS0_I16MaterialPropertyIdES2_IS9_EEEEEvDpOT_
FN:581,_ZNSt6vectorISt10unique_ptrI13PropertyValueSt14default_deleteIS1_EESaIS4_EE17_M_realloc_appendIJS0_I18ADMaterialPropertyIN7libMesh11VectorValueIdEEES2_ISC_EEEEEvDpOT_
FN:581,_ZNSt6vectorImSaImEE17_M_realloc_appendIJmEEEvDpOT_
FN:581,_ZNSt6vectorIP21BVInelasticUpdateBaseSaIS1_EE17_M_realloc_appendIJRKS1_EEEvDpOT_
FN:581,_ZNSt6vectorISt10shared_ptrI17RegistryEntryBaseESaIS2_EE17_M_realloc_appendIJS2_EEEvDpOT_
FN:581,_ZNSt6vectorIP10BndElementSaIS1_EE17_M_realloc_appendIJS1_EEEvDpOT_
FN:612,_ZZNSt6vectorISt10unique_ptrI13PropertyValueSt14default_deleteIS1_EESaIS4_EE17_M_realloc_appendIJS0_I16MaterialPropertyIdES2_IS9_EEEEEvDpOT_EN6_GuardD2Ev
FN:612,_ZZNSt6vectorISt10unique_ptrI13PropertyValueSt14default_deleteIS1_EESaIS4_EE17_M_realloc_appendIJS0_I18ADMaterialPropertyIdES2_IS9_EEEEEvDpOT_EN6_GuardD2Ev
FN:612,_ZZNSt6vectorImSaImEE17_M_realloc_appendIJmEEEvDpOT_EN6_GuardD2Ev
FN:612,_ZZNSt6vectorIP10BndElementSaIS1_EE17_M_realloc_appendIJS1_EEEvDpOT_EN6_GuardD2Ev
FN:612,_ZZNSt6vectorISt10unique_ptrI13PropertyValueSt14default_deleteIS1_EESaIS4_EE17_M_realloc_appendIJS0_I16MaterialPropertyIN7libMesh11VectorValueIdEEES2_ISC_EEEEEvDpOT_EN6_GuardD2Ev
FN:612,_ZZNSt6vectorISt10shared_ptrI17RegistryEntryBaseESaIS2_EE17_M_realloc_appendIJS2_EEEvDpOT_EN6_GuardD2Ev
FN:612,_ZZNSt6vectorIP21BVInelasticUpdateBaseSaIS1_EE17_M_realloc_appendIJRKS1_EEEvDpOT_EN6_GuardD2Ev
FN:612,_ZZNSt6vectorISt10unique_ptrI13PropertyValueSt14default_deleteIS1_EESaIS4_EE17_M_realloc_appendIJS0_I18ADMaterialPropertyIN7libMesh11VectorValueIdEEES2_ISC_EEEEEvDpOT_EN6_GuardD2Ev
FN:700,_ZNSt6vectorISt4pairIbN11MetaPhysicL10DualNumberIdNS1_35SemiDynamicSparseNumberArrayGenericIdmNS1_8NWrapperILm64EEENS1_19DynamicArrayWrapperISt5arraydLm64EEEEELb1EEEESaISB_EE14_M_fill_insertEN9__gnu_cxx17__normal_iteratorIPSB_SD_EEmRKSB_
FN:700,_ZNSt6vectorISt4pairIbdESaIS1_EE14_M_fill_insertEN9__gnu_cxx17__normal_iteratorIPS1_S3_EEmRKS1_
FN:805,_ZNSt6vectorIS_ISt4pairIbdESaIS1_EESaIS3_EE17_M_default_appendEm
FN:805,_ZNSt6vectorISt10unique_ptrI13PropertyValueSt14default_deleteIS1_EESaIS4_EE17_M_default_appendEm
FN:805,_ZNSt6vectorIN11MetaPhysicL10DualNumberIdNS0_35SemiDynamicSparseNumberArrayGenericIdmNS0_8NWrapperILm64EEENS0_19DynamicArrayWrapperISt5arraydLm64EEEEELb1EEESaIS9_EE17_M_default_appendEm
FN:805,_ZNSt6vectorIPK8FunctionSaIS2_EE17_M_default_appendEm
FN:805,_ZNSt6vectorIS_ISt4pairIbN11MetaPhysicL10DualNumberIdNS1_35SemiDynamicSparseNumberArrayGenericIdmNS1_8NWrapperILm64EEENS1_19DynamicArrayWrapperISt5arraydLm64EEEEELb1EEEESaISB_EESaISD_EE17_M_default_appendEm
FN:852,_ZZNSt6vectorIPK8FunctionSaIS2_EE17_M_default_appendEmEN6_GuardD2Ev
FN:852,_ZZNSt6vectorIS_ISt4pairIbN11MetaPhysicL10DualNumberIdNS1_35SemiDynamicSparseNumberArrayGenericIdmNS1_8NWrapperILm64EEENS1_19DynamicArrayWrapperISt5arraydLm64EEEEELb1EEEESaISB_EESaISD_EE17_M_default_appendEmEN6_GuardD2Ev
FN:852,_ZZNSt6vectorIS_ISt4pairIbdESaIS1_EESaIS3_EE17_M_default_appendEmEN6_GuardD2Ev
FN:852,_ZZNSt6vectorIN11MetaPhysicL10DualNumberIdNS0_35SemiDynamicSparseNumberArrayGenericIdmNS0_8NWrapperILm64EEENS0_19DynamicArrayWrapperISt5arraydLm64EEEEELb1EEESaIS9_EE17_M_default_appendEmEN6_GuardD2Ev
FN:852,_ZZNSt6vectorISt10unique_ptrI13PropertyValueSt14default_deleteIS1_EESaIS4_EE17_M_default_appendEmEN6_GuardD2Ev
FNDA:0,_ZNSt6vectorIS_ISt4pairIbdESaIS1_EESaIS3_EE17_M_default_appendEm
FNDA:0,_ZNSt6vectorISt10unique_ptrI13PropertyValueSt14default_deleteIS1_EESaIS4_EE12emplace_backIJS0_I18ADMaterialPropertyIdES2_IS9_EEEEERS4_DpOT_
FNDA:0,_ZNSt6vectorISt10unique_ptrI13PropertyValueSt14default_deleteIS1_EESaIS4_EE17_M_default_appendEm
FNDA:0,_ZZNSt6vectorISt10unique_ptrI13PropertyValueSt14default_deleteIS1_EESaIS4_EE17_M_realloc_appendIJS0_I16MaterialPropertyIN7libMesh11VectorValueIdEEES2_ISC_EEEEEvDpOT_EN6_GuardD2Ev
FNDA:524,_ZNSt6vectorIP10BndElementSaIS1_EE12emplace_backIJS1_EEERS1_DpOT_
FNDA:0,_ZNSt6vectorI21NonlinearVariableNameSaIS0_EEaSERKS2_
FNDA:0,_ZNSt6vectorIN11MetaPhysicL10DualNumberIdNS0_35SemiDynamicSparseNumberArrayGenericIdmNS0_8NWrapperILm64EEENS0_19DynamicArrayWrapperISt5arraydLm64EEEEELb1EEESaIS9_EE17_M_default_appendEm
FNDA:0,_ZNSt6vectorISt10unique_ptrI13PropertyValueSt14default_deleteIS1_EESaIS4_EE17_M_realloc_appendIJS0_I18ADMaterialPropertyIN7libMesh11VectorValueIdEEES2_ISC_EEEEEvDpOT_
FNDA:0,_ZNSt6vectorISt10unique_ptrI13PropertyValueSt14default_deleteIS1_EESaIS4_EE12emplace_backIJS0_I16MaterialPropertyIdES2_IS9_EEEEERS4_DpOT_
FNDA:0,_ZNSt6vectorIP10BndElementSaIS1_EE7reserveEm
FNDA:0,_ZNSt6vectorImSaImEE17_M_realloc_appendIJmEEEvDpOT_
FNDA:0,_ZZNSt6vectorIN11MetaPhysicL10DualNumberIdNS0_35SemiDynamicSparseNumberArrayGenericIdmNS0_8NWrapperILm64EEENS0_19DynamicArrayWrapperISt5arraydLm64EEEEELb1EEESaIS9_EE17_M_default_appendEmEN6_GuardD2Ev
FNDA:0,_ZZNSt6vectorISt10shared_ptrI17RegistryEntryBaseESaIS2_EE17_M_realloc_appendIJS2_EEEvDpOT_EN6_GuardD2Ev
FNDA:0,_ZNSt6vectorIP10BndElementSaIS1_EE17_M_realloc_appendIJS1_EEEvDpOT_
FNDA:0,_ZNSt6vectorISt10shared_ptrI17RegistryEntryBaseESaIS2_EE17_M_realloc_appendIJS2_EEEvDpOT_
FNDA:0,_ZZNSt6vectorISt10unique_ptrI13PropertyValueSt14default_deleteIS1_EESaIS4_EE17_M_default_appendEmEN6_GuardD2Ev
FNDA:18,_ZNSt6vectorIP21BVInelasticUpdateBaseSaIS1_EE17_M_realloc_appendIJRKS1_EEEvDpOT_
FNDA:0,_ZNSt6vectorISt10unique_ptrI13PropertyValueSt14default_deleteIS1_EESaIS4_EE12emplace_backIJS0_I16MaterialPropertyIN7libMesh11VectorValueIdEEES2_ISC_EEEEERS4_DpOT_
FNDA:0,_ZNSt6vectorIPK8FunctionSaIS2_EE17_M_default_appendEm
FNDA:0,_ZNSt6vectorIS_ISt4pairIbN11MetaPhysicL10DualNumberIdNS1_35SemiDynamicSparseNumberArrayGenericIdmNS1_8NWrapperILm64EEENS1_19DynamicArrayWrapperISt5arraydLm64EEEEELb1EEEESaISB_EESaISD_EE17_M_default_appendEm
FNDA:0,_ZZNSt6vectorISt10unique_ptrI13PropertyValueSt14default_deleteIS1_EESaIS4_EE17_M_realloc_appendIJS0_I18ADMaterialPropertyIN7libMesh11VectorValueIdEEES2_ISC_EEEEEvDpOT_EN6_GuardD2Ev
FNDA:18,_ZZNSt6vectorIP21BVInelasticUpdateBaseSaIS1_EE17_M_realloc_appendIJRKS1_EEEvDpOT_EN6_GuardD2Ev
FNDA:0,_ZZNSt6vectorISt10unique_ptrI13PropertyValueSt14default_deleteIS1_EESaIS4_EE17_M_realloc_appendIJS0_I16MaterialPropertyIdES2_IS9_EEEEEvDpOT_EN6_GuardD2Ev
FNDA:0,_ZNSt6vectorISt10unique_ptrI13PropertyValueSt14default_deleteIS1_EESaIS4_EE17_M_realloc_appendIJS0_I18ADMaterialPropertyIdES2_IS9_EEEEEvDpOT_
FNDA:0,_ZNSt6vectorISt10unique_ptrI13PropertyValueSt14default_deleteIS1_EESaIS4_EE12emplace_backIJS0_I18ADMaterialPropertyIN7libMesh11VectorValueIdEEES2_ISC_EEEEERS4_DpOT_
FNDA:0,_ZNSt6vectorISt10unique_ptrI13PropertyValueSt14default_deleteIS1_EESaIS4_EE17_M_realloc_appendIJS0_I16MaterialPropertyIdES2_IS9_EEEEEvDpOT_
FNDA:0,_ZZNSt6vectorIPK8FunctionSaIS2_EE17_M_default_appendEmEN6_GuardD2Ev
FNDA:2512,_ZNSt6vectorImSaImEE12emplace_backIJmEEERmDpOT_
FNDA:0,_ZNSt6vectorISt10unique_ptrI13PropertyValueSt14default_deleteIS1_EESaIS4_EE17_M_realloc_appendIJS0_I16MaterialPropertyIN7libMesh11VectorValueIdEEES2_ISC_EEEEEvDpOT_
FNDA:212,_ZNSt6vectorI12FunctionNameSaIS0_EEaSERKS2_
FNDA:0,_ZNSt6vectorISt4pairIbN11MetaPhysicL10DualNumberIdNS1_35SemiDynamicSparseNumberArrayGenericIdmNS1_8NWrapperILm64EEENS1_19DynamicArrayWrapperISt5arraydLm64EEEEELb1EEEESaISB_EE14_M_fill_insertEN9__gnu_cxx17__normal_iteratorIPSB_SD_EEmRKSB_
FNDA:0,_ZZNSt6vectorISt10unique_ptrI13PropertyValueSt14default_deleteIS1_EESaIS4_EE17_M_realloc_appendIJS0_I18ADMaterialPropertyIdES2_IS9_EEEEEvDpOT_EN6_GuardD2Ev
FNDA:1519,_ZNSt6vectorISt10shared_ptrI17RegistryEntryBaseESaIS2_EE12emplace_backIJS2_EEERS2_DpOT_
FNDA:0,_ZNSt6vectorI12MaterialNameSaIS0_EEaSERKS2_
FNDA:0,_ZZNSt6vectorIS_ISt4pairIbN11MetaPhysicL10DualNumberIdNS1_35SemiDynamicSparseNumberArrayGenericIdmNS1_8NWrapperILm64EEENS1_19DynamicArrayWrapperISt5arraydLm64EEEEELb1EEEESaISB_EESaISD_EE17_M_default_appendEmEN6_GuardD2Ev
FNDA:0,_ZNSt6vectorI12BoundaryNameSaIS0_EEaSERKS2_
FNDA:0,_ZZNSt6vectorIS_ISt4pairIbdESaIS1_EESaIS3_EE17_M_default_appendEmEN6_GuardD2Ev
FNDA:0,_ZZNSt6vectorImSaImEE17_M_realloc_appendIJmEEEvDpOT_EN6_GuardD2Ev
FNDA:0,_ZZNSt6vectorIP10BndElementSaIS1_EE17_M_realloc_appendIJS1_EEEvDpOT_EN6_GuardD2Ev
FNDA:0,_ZNSt6vectorISt4pairIbdESaIS1_EE14_M_fill_insertEN9__gnu_cxx17__normal_iteratorIPS1_S3_EEmRKS1_
FNF:40
FNH:6
DA:67,0
DA:70,0
DA:71,0
DA:72,0
DA:80,0
DA:94,0
DA:95,0
DA:96,0
DA:97,0
DA:98,0
DA:100,0
DA:111,4555
DA:114,4555
DA:119,3160
DA:123,1395
DA:125,4555
DA:210,212
DA:213,212
DA:236,212
DA:238,0
DA:240,0
DA:243,0
DA:244,0
DA:245,0
DA:246,0
DA:248,212
DA:255,0
DA:257,0
DA:258,0
DA:262,212
DA:264,212
DA:581,18
DA:590,18
DA:591,18
DA:592,0
DA:593,18
DA:594,18
DA:607,18
DA:608,18
DA:612,18
DA:614,18
DA:616,0
DA:617,18
DA:624,18
DA:634,18
DA:635,18
DA:649,18
DA:686,18
DA:687,18
DA:688,18
DA:692,18
DA:693,18
DA:694,18
DA:695,18
DA:700,0
DA:703,0
DA:705,0
DA:706,0
DA:714,0
DA:716,0
DA:719,0
DA:723,0
DA:725,0
DA:727,0
DA:733,0
DA:734,0
DA:742,0
DA:751,0
DA:756,0
DA:757,0
DA:763,0
DA:772,0
DA:793,0
DA:794,0
DA:795,0
DA:796,0
DA:799,0
DA:805,0
DA:808,0
DA:811,0
DA:812,0
DA:814,0
DA:815,0
DA:817,0
DA:819,0
DA:820,0
DA:823,0
DA:836,0
DA:847,0
DA:848,0
DA:852,0
DA:854,0
DA:856,0
DA:857,0
DA:864,0
DA:866,0
DA:871,0
DA:905,0
DA:906,0
DA:907,0
DA:911,0
DA:912,0
DA:913,0
DA:916,0
LF:104
LH:32
end_of_record
TN:
SF:/usr/share/miniconda3/envs/moose/lib/gcc/x86_64-conda-linux-gnu/14.3.0/include/c++/complex
FNF:0
FNH:0
DA:2456,7006
LF:1
LH:1
end_of_record
TN:
SF:/usr/share/miniconda3/envs/moose/lib/gcc/x86_64-conda-linux-gnu/14.3.0/include/c++/ext/aligned_buffer.h
FNF:0
FNH:0
DA:65,1594
DA:69,702
DA:106,2242
LF:3
LH:3
end_of_record
TN:
SF:/usr/share/miniconda3/envs/moose/lib/gcc/x86_64-conda-linux-gnu/14.3.0/include/c++/ext/atomicity.h
FNF:0
FNH:0
DA:52,3729
DA:66,0
DA:71,0
DA:84,1861
DA:85,1861
DA:92,1868
DA:98,1861
DA:99,1861
DA:101,0
DA:108,1868
LF:10
LH:7
end_of_record
TN:
SF:/usr/share/miniconda3/envs/moose/lib/gcc/x86_64-conda-linux-gnu/14.3.0/include/c++/future
FN:351,_ZNSt13__future_base13_State_baseV2D0Ev
FN:351,_ZNSt13__future_base13_State_baseV2D2Ev
FN:605,_ZNSt13__future_base13_State_baseV217_M_complete_asyncEv
FN:608,_ZNKSt13__future_base13_State_baseV221_M_is_deferred_futureEv
FN:679,_ZNSt13__future_base7_ResultIvE10_M_destroyEv
FNDA:0,_ZNKSt13__future_base13_State_baseV221_M_is_deferred_futureEv
FNDA:0,_ZNSt13__future_base13_State_baseV2D2Ev
FNDA:0,_ZNSt13__future_base13_State_baseV217_M_complete_asyncEv
FNDA:0,_ZNSt13__future_base7_ResultIvE10_M_destroyEv
FNDA:0,_ZNSt13__future_base13_State_baseV2D0Ev
FNF:5
FNH:0
DA:236,0
DA:351,0
DA:605,0
DA:608,0
DA:679,0
LF:5
LH:0
end_of_record
TN:
SF:/usr/share/miniconda3/envs/moose/lib/gcc/x86_64-conda-linux-gnu/14.3.0/include/c++/initializer_list
FNF:0
FNH:0
DA:77,447
LF:1
LH:1
end_of_record
TN:
SF:/usr/share/miniconda3/envs/moose/lib/gcc/x86_64-conda-linux-gnu/14.3.0/include/c++/iomanip
FNF:0
FNH:0
DA:247,0
LF:1
LH:0
end_of_record
TN:
SF:/usr/share/miniconda3/envs/moose/lib/gcc/x86_64-conda-linux-gnu/14.3.0/include/c++/istream
FNF:0
FNH:0
DA:224,0
LF:1
LH:0
end_of_record
TN:
SF:/usr/share/miniconda3/envs/moose/lib/gcc/x86_64-conda-linux-gnu/14.3.0/include/c++/optional
FN:280,_ZNSt22_Optional_payload_baseIN5Moose13DataFileUtils4PathEE10_M_destroyEv
FN:280,_ZNSt22_Optional_payload_baseIN15InputParameters19CommandLineMetadataEE10_M_destroyEv
FN:311,_ZNSt22_Optional_payload_baseINSt7__cxx1112basic_stringIcSt11char_traitsIcESaIcEEEE8_M_resetEv
FNDA:0,_ZNSt22_Optional_payload_baseIN5Moose13DataFileUtils4PathEE10_M_destroyEv
FNDA:0,_ZNSt22_Optional_payload_baseIN15InputParameters19CommandLineMetadataEE10_M_destroyEv
FNDA:0,_ZNSt22_Optional_payload_baseINSt7__cxx1112basic_stringIcSt11char_traitsIcESaIcEEEE8_M_resetEv
FNF:3
FNH:0
DA:280,0
DA:282,0
DA:283,0
DA:284,0
DA:311,0
DA:313,0
DA:316,0
DA:317,0
DA:437,0
DA:703,0
LF:10
LH:0
end_of_record
TN:
SF:/usr/share/miniconda3/envs/moose/lib/gcc/x86_64-conda-linux-gnu/14.3.0/include/c++/ostream
FNF:0
FNH:0
DA:121,0
DA:183,0
DA:193,0
DA:204,0
DA:232,0
DA:302,0
LF:6
LH:0
end_of_record
TN:
SF:/usr/share/miniconda3/envs/moose/lib/gcc/x86_64-conda-linux-gnu/14.3.0/include/c++/sstream
FNF:0
FNH:0
DA:931,0
DA:1153,0
LF:2
LH:0
end_of_record
TN:
SF:/usr/share/miniconda3/envs/moose/lib/gcc/x86_64-conda-linux-gnu/14.3.0/include/c++/string_view
FN:343,_ZNKSt17basic_string_viewIcSt11char_traitsIcEE7compareES2_
FNDA:1372,_ZNKSt17basic_string_viewIcSt11char_traitsIcEE7compareES2_
FNF:1
FNH:1
DA:140,0
DA:141,0
DA:142,0
DA:343,1372
DA:346,1372
DA:347,1372
DA:349,1372
DA:578,0
DA:579,0
DA:581,0
DA:583,0
DA:683,232
DA:690,1140
DA:765,0
LF:14
LH:6
end_of_record
TN:
SF:/usr/share/miniconda3/envs/moose/lib/gcc/x86_64-conda-linux-gnu/14.3.0/include/c++/tuple
FN:2540,_ZNSt15__tuple_compareISt5tupleIJPK8FaceInfoN5Moose2FV11LimiterTypeEbbPKN7libMesh4ElemEEESB_Lm1ELm5EE6__lessERKSB_SE_
FN:2540,_ZNSt15__tuple_compareISt5tupleIJPK8FaceInfoN5Moose2FV11LimiterTypeEbbPKN7libMesh4ElemEEESB_Lm0ELm5EE6__lessERKSB_SE_
FN:2540,_ZNSt15__tuple_compareISt5tupleIJPK8FaceInfoN5Moose2FV11LimiterTypeEbbPKN7libMesh4ElemEEESB_Lm2ELm5EE6__lessERKSB_SE_
FN:2888,_ZNSt4pairIKNSt7__cxx1112basic_stringIcSt11char_traitsIcESaIcEEEN15InputParameters8MetadataEEC2IJRS6_EJLm0EEJEJEEERSt5tupleIJDpT_EERSC_IJDpT1_EESt12_Index_tupleIJXspT0_EEESL_IJXspT2_EEE
FNDA:0,_ZNSt15__tuple_compareISt5tupleIJPK8FaceInfoN5Moose2FV11LimiterTypeEbbPKN7libMesh4ElemEEESB_Lm0ELm5EE6__lessERKSB_SE_
FNDA:0,_ZNSt15__tuple_compareISt5tupleIJPK8FaceInfoN5Moose2FV11LimiterTypeEbbPKN7libMesh4ElemEEESB_Lm1ELm5EE6__lessERKSB_SE_
FNDA:0,_ZNSt15__tuple_compareISt5tupleIJPK8FaceInfoN5Moose2FV11LimiterTypeEbbPKN7libMesh4ElemEEESB_Lm2ELm5EE6__lessERKSB_SE_
FNDA:20,_ZNSt4pairIKNSt7__cxx1112basic_stringIcSt11char_traitsIcESaIcEEEN15InputParameters8MetadataEEC2IJRS6_EJLm0EEJEJEEERSt5tupleIJDpT_EERSC_IJDpT1_EESt12_Index_tupleIJXspT0_EEESL_IJXspT2_EEE
FNF:4
FNH:1
DA:134,0
DA:197,0
DA:199,236
DA:200,294
DA:202,344
DA:203,344
DA:209,0
DA:210,1857
DA:243,20
DA:327,8
DA:587,20
DA:589,2201
DA:836,0
DA:2540,0
DA:2542,0
DA:2543,0
DA:2544,0
DA:2610,0
DA:2876,20
DA:2881,20
DA:2888,2201
DA:2891,1833
DA:2892,82
DA:2893,20
LF:24
LH:15
end_of_record
TN:
SF:/usr/share/miniconda3/envs/moose/lib/gcc/x86_64-conda-linux-gnu/14.3.0/include/c++/typeinfo
FN:192,_ZNKSt9type_infoeqERKS_
FNDA:0,_ZNKSt9type_infoeqERKS_
FNF:1
FNH:0
DA:103,31
DA:192,0
DA:197,0
DA:205,0
LF:4
LH:1
end_of_record
TN:
SF:/usr/share/miniconda3/envs/moose/lib/gcc/x86_64-conda-linux-gnu/14.3.0/include/c++/x86_64-conda-linux-gnu/bits/gthr-default.h
FNF:0
FNH:0
DA:762,0
DA:792,0
LF:2
LH:0
end_of_record
