TN:
SF:/home/runner/work/beaver/beaver/src/actions/BVPressureAction.C
FN:22,_ZN16BVPressureAction11validParamsEv
FN:36,_ZN16BVPressureActionC2ERK15InputParameters
FN:39,_ZN16BVPressureAction3actEv
FNDA:1,_ZN16BVPressureActionC2ERK15InputParameters
FNDA:1,_ZN16BVPressureAction3actEv
FNDA:3,_ZN16BVPressureAction11validParamsEv
FNF:3
FNH:3
DA:22,3
DA:24,3
DA:25,3
DA:26,6
DA:28,6
DA:31,6
DA:32,6
DA:33,3
DA:36,1
DA:39,1
DA:41,1
DA:44,3
DA:47,3
DA:50,4
DA:52,4
DA:53,2
DA:54,2
DA:55,2
DA:56,2
DA:58,2
DA:60,1
LF:21
LH:21
end_of_record
TN:
SF:/home/runner/work/beaver/beaver/src/auxkernels/BVDarcyVelocityAux.C
FN:21,_ZN18BVDarcyVelocityAux11validParamsEv
FN:31,_ZN18BVDarcyVelocityAuxC2ERK15InputParameters
FN:44,_ZN18BVDarcyVelocityAux12computeValueEv
FNDA:4,_ZN18BVDarcyVelocityAuxC2ERK15InputParameters
FNDA:118,_ZN18BVDarcyVelocityAux11validParamsEv
FNDA:36080,_ZN18BVDarcyVelocityAux12computeValueEv
FNF:3
FNH:3
DA:21,118
DA:23,118
DA:24,118
DA:25,236
DA:26,236
DA:27,236
DA:28,118
DA:31,4
DA:33,4
DA:34,4
DA:35,4
DA:36,4
DA:37,20
DA:39,4
DA:40,0
DA:41,4
DA:44,36080
DA:46,36080
DA:48,36080
LF:19
LH:18
end_of_record
TN:
SF:/home/runner/work/beaver/beaver/src/auxkernels/BVMisesStress.C
FN:20,_ZN16BVMisesStressAux11validParamsEv
FN:27,_ZN16BVMisesStressAuxC2ERK15InputParameters
FN:33,_ZN16BVMisesStressAux12computeValueEv
FNDA:1,_ZN16BVMisesStressAuxC2ERK15InputParameters
FNDA:3072,_ZN16BVMisesStressAux12computeValueEv
FNDA:112,_ZN16BVMisesStressAux11validParamsEv
FNF:3
FNH:3
DA:20,112
DA:22,112
DA:23,112
DA:24,112
DA:27,1
DA:28,1
DA:30,1
DA:33,3072
DA:35,3072
DA:36,3072
LF:10
LH:10
end_of_record
TN:
SF:/home/runner/work/beaver/beaver/src/auxkernels/BVPressureAux.C
FN:20,_ZN13BVPressureAux11validParamsEv
FN:27,_ZN13BVPressureAuxC2ERK15InputParameters
FN:33,_ZN13BVPressureAux12computeValueEv
FNDA:1,_ZN13BVPressureAuxC2ERK15InputParameters
FNDA:3072,_ZN13BVPressureAux12computeValueEv
FNDA:112,_ZN13BVPressureAux11validParamsEv
FNF:3
FNH:3
DA:20,112
DA:22,112
DA:23,112
DA:24,112
DA:27,1
DA:28,1
DA:30,1
DA:33,3072
DA:35,3072
LF:9
LH:9
end_of_record
TN:
SF:/home/runner/work/beaver/beaver/src/auxkernels/BVStrainAuxBase.C
FN:17,_ZN15BVStrainAuxBase11validParamsEv
FN:24,_ZN15BVStrainAuxBaseC2ERK15InputParameters
FNDA:114,_ZN15BVStrainAuxBase11validParamsEv
FNDA:2,_ZN15BVStrainAuxBaseC2ERK15InputParameters
FNF:2
FNH:2
DA:17,114
DA:19,114
DA:20,114
DA:21,114
DA:24,2
DA:25,4
DA:27,2
LF:7
LH:7
end_of_record
TN:
SF:/home/runner/work/beaver/beaver/src/auxkernels/BVStrainComponentAux.C
FN:20,_ZN20BVStrainComponentAux11validParamsEv
FN:30,_ZN20BVStrainComponentAuxC2ERK15InputParameters
FN:39,_ZN20BVStrainComponentAux12computeValueEv
FNDA:114,_ZN20BVStrainComponentAux11validParamsEv
FNDA:2,_ZN20BVStrainComponentAuxC2ERK15InputParameters
FNDA:4096,_ZN20BVStrainComponentAux12computeValueEv
FNF:3
FNH:3
DA:20,114
DA:22,114
DA:23,114
DA:24,228
DA:25,228
DA:26,228
DA:27,114
DA:30,2
DA:32,2
DA:33,4
DA:34,6
DA:36,2
DA:39,4096
DA:41,4096
LF:14
LH:14
end_of_record
TN:
SF:/home/runner/work/beaver/beaver/src/auxkernels/BVStressAuxBase.C
FN:17,_ZN15BVStressAuxBase11validParamsEv
FN:24,_ZN15BVStressAuxBaseC2ERK15InputParameters
FNDA:7,_ZN15BVStressAuxBaseC2ERK15InputParameters
FNDA:344,_ZN15BVStressAuxBase11validParamsEv
FNF:2
FNH:2
DA:17,344
DA:19,344
DA:20,344
DA:21,344
DA:24,7
DA:25,14
DA:27,7
LF:7
LH:7
end_of_record
TN:
SF:/home/runner/work/beaver/beaver/src/auxkernels/BVStressComponentAux.C
FN:20,_ZN20BVStressComponentAux11validParamsEv
FN:30,_ZN20BVStressComponentAuxC2ERK15InputParameters
FN:38,_ZN20BVStressComponentAux12computeValueEv
FNDA:120,_ZN20BVStressComponentAux11validParamsEv
FNDA:5,_ZN20BVStressComponentAuxC2ERK15InputParameters
FNDA:4632,_ZN20BVStressComponentAux12computeValueEv
FNF:3
FNH:3
DA:20,120
DA:22,120
DA:23,120
DA:24,240
DA:25,240
DA:26,240
DA:27,120
DA:30,5
DA:32,10
DA:33,15
DA:35,5
DA:38,4632
DA:40,4632
LF:13
LH:13
end_of_record
TN:
SF:/home/runner/work/beaver/beaver/src/base/BeaverApp.C
FN:8,_ZN9BeaverApp11validParamsEv
FN:18,_ZN9BeaverAppC2E15InputParameters
FN:23,_ZN9BeaverAppD0Ev
FN:23,_ZN9BeaverAppD2Ev
FN:26,_ZN9BeaverApp11registerAllER7FactoryR13ActionFactoryR6Syntax
FN:38,_ZN9BeaverApp12registerAppsEv
FN:47,BeaverApp__registerAll
FN:52,BeaverApp__registerApps
FNDA:0,_ZN9BeaverAppC2E15InputParameters
FNDA:0,BeaverApp__registerApps
FNDA:0,_ZN9BeaverAppD0Ev
FNDA:0,_ZN9BeaverAppD2Ev
FNDA:13,_ZN9BeaverApp11registerAllER7FactoryR13ActionFactoryR6Syntax
FNDA:33,_ZN9BeaverApp11validParamsEv
FNDA:0,_ZN9BeaverApp12registerAppsEv
FNDA:0,BeaverApp__registerAll
FNF:8
FNH:2
DA:8,33
DA:10,33
DA:13,33
DA:15,33
DA:18,0
DA:20,0
DA:21,0
DA:23,0
DA:26,13
DA:28,13
DA:29,39
DA:30,39
DA:33,26
DA:34,26
DA:35,13
DA:38,0
DA:40,0
DA:41,0
DA:47,0
DA:49,0
DA:50,0
DA:52,0
DA:54,0
DA:55,0
LF:24
LH:11
end_of_record
TN:
SF:/home/runner/work/beaver/beaver/src/bcs/BVPressureBC.C
FN:20,_ZN12BVPressureBC11validParamsEv
FN:31,_ZN12BVPressureBCC2ERK15InputParameters
FN:42,_ZN12BVPressureBC17computeQpResidualEv
FNDA:2,_ZN12BVPressureBCC2ERK15InputParameters
FNDA:114,_ZN12BVPressureBC11validParamsEv
FNDA:73728,_ZN12BVPressureBC17computeQpResidualEv
FNF:3
FNH:3
DA:20,114
DA:22,114
DA:23,114
DA:24,228
DA:25,228
DA:26,228
DA:27,114
DA:28,114
DA:31,2
DA:33,6
DA:34,2
DA:35,8
DA:37,2
DA:38,0
DA:39,2
DA:42,73728
DA:44,73728
DA:46,73728
DA:47,0
DA:49,73728
LF:20
LH:18
end_of_record
TN:
SF:/home/runner/work/beaver/beaver/src/kernels/BVSinglePhaseDarcy.C
FN:19,_ZN18BVSinglePhaseDarcy11validParamsEv
FN:26,_ZN18BVSinglePhaseDarcyC2ERK15InputParameters
FN:33,_ZN18BVSinglePhaseDarcy20precomputeQpResidualEv
FNDA:431960,_ZN18BVSinglePhaseDarcy20precomputeQpResidualEv
FNDA:120,_ZN18BVSinglePhaseDarcy11validParamsEv
FNDA:5,_ZN18BVSinglePhaseDarcyC2ERK15InputParameters
FNF:3
FNH:3
DA:19,120
DA:21,120
DA:22,120
DA:23,120
DA:26,5
DA:28,10
DA:30,5
DA:33,431960
DA:35,431960
LF:9
LH:9
end_of_record
TN:
SF:/home/runner/work/beaver/beaver/src/kernels/BVSinglePhaseTimeDerivative.C
FN:19,_ZN27BVSinglePhaseTimeDerivative11validParamsEv
FN:26,_ZN27BVSinglePhaseTimeDerivativeC2ERK15InputParameters
FN:38,_ZN27BVSinglePhaseTimeDerivative20precomputeQpResidualEv
FNDA:3,_ZN27BVSinglePhaseTimeDerivativeC2ERK15InputParameters
FNDA:361400,_ZN27BVSinglePhaseTimeDerivative20precomputeQpResidualEv
FNDA:116,_ZN27BVSinglePhaseTimeDerivative11validParamsEv
FNF:3
FNH:3
DA:19,116
DA:21,116
DA:22,116
DA:23,116
DA:26,3
DA:28,6
DA:29,3
DA:30,3
DA:31,3
DA:32,3
DA:33,22
DA:35,3
DA:38,361400
DA:41,361400
DA:44,361400
DA:45,527600
DA:47,361400
LF:17
LH:17
end_of_record
TN:
SF:/home/runner/work/beaver/beaver/src/kernels/BVStressDivergence.C
FN:19,_ZN18BVStressDivergence11validParamsEv
FN:36,_ZN18BVStressDivergenceC2ERK15InputParameters
FN:49,_ZN18BVStressDivergence17computeQpResidualEv
FNDA:2801984,_ZN18BVStressDivergence17computeQpResidualEv
FNDA:19,_ZN18BVStressDivergenceC2ERK15InputParameters
FNDA:148,_ZN18BVStressDivergence11validParamsEv
FNF:3
FNH:3
DA:19,148
DA:21,148
DA:22,148
DA:23,296
DA:24,148
DA:25,296
DA:26,296
DA:33,148
DA:36,19
DA:38,19
DA:39,19
DA:40,19
DA:43,19
DA:44,99
DA:46,19
DA:49,2801984
DA:53,2801984
DA:54,2801984
DA:55,4220800
DA:57,2801984
LF:20
LH:20
end_of_record
TN:
SF:/home/runner/work/beaver/beaver/src/main.C
FN:21,main
FNDA:13,main
FNF:1
FNH:1
DA:21,13
DA:24,13
DA:27,13
DA:30,26
DA:33,13
LF:5
LH:5
end_of_record
TN:
SF:/home/runner/work/beaver/beaver/src/materials/BVConstantPermeability.C
FN:19,_ZN22BVConstantPermeability11validParamsEv
FN:28,_ZN22BVConstantPermeabilityC2ERK15InputParameters
FN:34,_ZN22BVConstantPermeability19computeQpPropertiesEv
FNDA:18,_ZN22BVConstantPermeabilityC2ERK15InputParameters
FNDA:478396,_ZN22BVConstantPermeability19computeQpPropertiesEv
FNDA:134,_ZN22BVConstantPermeability11validParamsEv
FNF:3
FNH:3
DA:19,134
DA:21,134
DA:22,134
DA:23,268
DA:25,134
DA:28,18
DA:29,36
DA:31,18
DA:34,478396
DA:36,478396
DA:37,478396
LF:11
LH:11
end_of_record
TN:
SF:/home/runner/work/beaver/beaver/src/materials/BVConstantPorosity.C
FN:19,_ZN18BVConstantPorosity11validParamsEv
FN:28,_ZN18BVConstantPorosityC2ERK15InputParameters
FN:34,_ZN18BVConstantPorosity24initQpStatefulPropertiesEv
FN:40,_ZN18BVConstantPorosity19computeQpPropertiesEv
FNDA:3428,_ZN18BVConstantPorosity24initQpStatefulPropertiesEv
FNDA:9,_ZN18BVConstantPorosityC2ERK15InputParameters
FNDA:397756,_ZN18BVConstantPorosity19computeQpPropertiesEv
FNDA:122,_ZN18BVConstantPorosity11validParamsEv
FNF:4
FNH:4
DA:19,122
DA:21,122
DA:22,122
DA:23,244
DA:25,122
DA:28,9
DA:29,18
DA:31,9
DA:34,3428
DA:36,3428
DA:37,3428
DA:40,397756
DA:42,397756
DA:43,397756
LF:14
LH:14
end_of_record
TN:
SF:/home/runner/work/beaver/beaver/src/materials/BVFluidProperties.C
FN:19,_ZN17BVFluidProperties11validParamsEv
FN:34,_ZN17BVFluidPropertiesC2ERK15InputParameters
FN:65,_ZN17BVFluidProperties24initQpStatefulPropertiesEv
FN:72,_ZN17BVFluidProperties19computeQpPropertiesEv
FNDA:15,_ZN17BVFluidPropertiesC2ERK15InputParameters
FNDA:130,_ZN17BVFluidProperties11validParamsEv
FNDA:3428,_ZN17BVFluidProperties24initQpStatefulPropertiesEv
FNDA:478396,_ZN17BVFluidProperties19computeQpPropertiesEv
FNF:4
FNH:4
DA:19,130
DA:21,130
DA:22,130
DA:24,260
DA:25,260
DA:26,260
DA:31,130
DA:34,15
DA:36,15
DA:37,15
DA:40,15
DA:43,15
DA:44,75
DA:46,15
DA:65,3428
DA:67,3428
DA:68,3428
DA:69,3428
DA:72,478396
DA:74,478396
DA:75,478396
DA:76,478396
LF:22
LH:22
end_of_record
TN:
SF:/home/runner/work/beaver/beaver/src/materials/BVMechanicalMaterial.C
FN:20,_ZN20BVMechanicalMaterial11validParamsEv
FN:49,_ZN20BVMechanicalMaterialC2ERK15InputParameters
FN:83,_ZN20BVMechanicalMaterial12initialSetupEv
FN:108,_ZN20BVMechanicalMaterial23elasticModuliInputCheckEv
FN:137,_ZN20BVMechanicalMaterial26displacementIntegrityCheckEv
FN:147,_ZN20BVMechanicalMaterial24initQpStatefulPropertiesEv
FN:162,_ZN20BVMechanicalMaterial19computeQpPropertiesEv
FN:170,_ZN20BVMechanicalMaterial24computeQpStrainIncrementEv
FN:191,_ZN20BVMechanicalMaterial20computeQpSmallStrainERK18RankTwoTensorTemplIN11MetaPhysicL10DualNumberIdNS1_28SemiDynamicSparseNumberArrayIdmNS1_8NWrapperILm53EEEEELb1EEEERKS0_IdE
FN:201,_ZN20BVMechanicalMaterial21computeQpFiniteStrainERK18RankTwoTensorTemplIN11MetaPhysicL10DualNumberIdNS1_28SemiDynamicSparseNumberArrayIdmNS1_8NWrapperILm53EEEEELb1EEEERKS0_IdE
FN:218,_ZN20BVMechanicalMaterial25computeQpElasticityTensorEv
FN:228,_ZN20BVMechanicalMaterial15computeQpStressEv
FN:234,_ZN20BVMechanicalMaterial12spinRotationERK18RankTwoTensorTemplIN11MetaPhysicL10DualNumberIdNS1_28SemiDynamicSparseNumberArrayIdmNS1_8NWrapperILm53EEEEELb1EEEE
FNDA:325636,_ZN20BVMechanicalMaterial19computeQpPropertiesEv
FNDA:19,_ZN20BVMechanicalMaterial12initialSetupEv
FNDA:21,_ZN20BVMechanicalMaterialC2ERK15InputParameters
FNDA:6580,_ZN20BVMechanicalMaterial24initQpStatefulPropertiesEv
FNDA:325636,_ZN20BVMechanicalMaterial15computeQpStressEv
FNDA:138,_ZN20BVMechanicalMaterial11validParamsEv
FNDA:325636,_ZN20BVMechanicalMaterial20computeQpSmallStrainERK18RankTwoTensorTemplIN11MetaPhysicL10DualNumberIdNS1_28SemiDynamicSparseNumberArrayIdmNS1_8NWrapperILm53EEEEELb1EEEERKS0_IdE
FNDA:19,_ZN20BVMechanicalMaterial23elasticModuliInputCheckEv
FNDA:325636,_ZN20BVMechanicalMaterial12spinRotationERK18RankTwoTensorTemplIN11MetaPhysicL10DualNumberIdNS1_28SemiDynamicSparseNumberArrayIdmNS1_8NWrapperILm53EEEEELb1EEEE
FNDA:0,_ZN20BVMechanicalMaterial21computeQpFiniteStrainERK18RankTwoTensorTemplIN11MetaPhysicL10DualNumberIdNS1_28SemiDynamicSparseNumberArrayIdmNS1_8NWrapperILm53EEEEELb1EEEERKS0_IdE
FNDA:325636,_ZN20BVMechanicalMaterial24computeQpStrainIncrementEv
FNDA:18,_ZN20BVMechanicalMaterial26displacementIntegrityCheckEv
FNDA:325636,_ZN20BVMechanicalMaterial25computeQpElasticityTensorEv
FNF:13
FNH:12
DA:20,138
DA:22,138
DA:23,138
DA:25,276
DA:29,276
DA:30,276
DA:33,276
DA:35,276
DA:37,276
DA:39,276
DA:42,276
DA:45,276
DA:46,138
DA:49,21
DA:52,21
DA:56,42
DA:61,21
DA:62,21
DA:64,21
DA:66,21
DA:67,168
DA:69,42
DA:70,0
DA:73,21
DA:74,0
DA:76,21
DA:78,30
DA:79,9
DA:80,21
DA:83,19
DA:85,19
DA:87,18
DA:90,66
DA:92,48
DA:93,48
DA:94,48
DA:96,0
DA:100,24
DA:102,6
DA:103,6
DA:105,18
DA:108,19
DA:110,59
DA:112,12
DA:113,12
DA:115,44
DA:117,18
DA:118,18
DA:120,9
DA:121,9
DA:123,14
DA:125,6
DA:127,6
DA:128,3
DA:131,1
DA:134,18
DA:137,18
DA:140,18
DA:141,0
DA:144,18
DA:147,6580
DA:149,6580
DA:150,6580
DA:151,6580
DA:153,3200
DA:154,12800
DA:155,9600
DA:156,3200
DA:158,6580
DA:159,6580
DA:162,325636
DA:164,325636
DA:165,325636
DA:166,325636
DA:167,325636
DA:170,325636
DA:173,325636
DA:175,325636
DA:177,325636
DA:179,325636
DA:180,325636
DA:182,0
DA:183,0
DA:185,0
DA:186,0
DA:188,325636
DA:191,325636
DA:194,325636
DA:196,651272
DA:197,651272
DA:198,325636
DA:201,0
DA:205,0
DA:206,0
DA:207,0
DA:210,0
DA:211,0
DA:213,0
DA:214,0
DA:215,0
DA:218,325636
DA:221,325636
DA:224,325636
DA:225,325636
DA:228,325636
DA:230,325636
DA:231,325636
DA:234,325636
DA:236,325636
DA:237,651272
LF:110
LH:93
end_of_record
TN:
SF:/home/runner/work/beaver/beaver/src/materials/BVPermeabilityBase.C
FN:17,_ZN18BVPermeabilityBase11validParamsEv
FN:25,_ZN18BVPermeabilityBaseC2ERK15InputParameters
FNDA:18,_ZN18BVPermeabilityBaseC2ERK15InputParameters
FNDA:134,_ZN18BVPermeabilityBase11validParamsEv
FNF:2
FNH:2
DA:17,134
DA:19,134
DA:20,134
DA:22,134
DA:25,18
DA:26,18
DA:28,18
LF:7
LH:7
end_of_record
TN:
SF:/home/runner/work/beaver/beaver/src/materials/BVPoroMechanicsMaterial.C
FN:19,_ZN23BVPoroMechanicsMaterial11validParamsEv
FN:29,_ZN23BVPoroMechanicsMaterialC2ERK15InputParameters
FN:47,_ZN23BVPoroMechanicsMaterial19computeQpPropertiesEv
FNDA:284156,_ZN23BVPoroMechanicsMaterial19computeQpPropertiesEv
FNDA:118,_ZN23BVPoroMechanicsMaterial11validParamsEv
FNDA:6,_ZN23BVPoroMechanicsMaterialC2ERK15InputParameters
FNF:3
FNH:3
DA:19,118
DA:21,118
DA:22,118
DA:24,354
DA:25,236
DA:26,118
DA:29,6
DA:32,18
DA:34,6
DA:36,6
DA:38,6
DA:40,6
DA:41,6
DA:42,42
DA:44,6
DA:47,284156
DA:50,284156
DA:53,284156
DA:56,568312
DA:59,568312
DA:60,284156
LF:21
LH:21
end_of_record
TN:
SF:/home/runner/work/beaver/beaver/src/materials/BVPorosityBase.C
FN:17,_ZN14BVPorosityBase11validParamsEv
FN:25,_ZN14BVPorosityBaseC2ERK15InputParameters
FNDA:9,_ZN14BVPorosityBaseC2ERK15InputParameters
FNDA:122,_ZN14BVPorosityBase11validParamsEv
FNF:2
FNH:2
DA:17,122
DA:19,122
DA:20,122
DA:22,122
DA:25,9
DA:26,9
DA:28,9
LF:7
LH:7
end_of_record
TN:
SF:/home/runner/work/beaver/beaver/src/materials/BVSinglePhaseFlowMaterial.C
FN:19,_ZN25BVSinglePhaseFlowMaterial11validParamsEv
FN:27,_ZN25BVSinglePhaseFlowMaterialC2ERK15InputParameters
FN:36,_ZN25BVSinglePhaseFlowMaterial19computeQpPropertiesEv
FNDA:15,_ZN25BVSinglePhaseFlowMaterialC2ERK15InputParameters
FNDA:130,_ZN25BVSinglePhaseFlowMaterial11validParamsEv
FNDA:478396,_ZN25BVSinglePhaseFlowMaterial19computeQpPropertiesEv
FNF:3
FNH:3
DA:19,130
DA:21,130
DA:22,130
DA:24,130
DA:27,15
DA:29,15
DA:30,15
DA:31,45
DA:33,15
DA:36,478396
DA:39,956792
DA:40,478396
LF:12
LH:12
end_of_record
TN:
SF:/usr/share/miniconda/envs/moose/libmesh/include/Eigen/src/Core/DenseStorage.h
FNF:0
FNH:0
DA:621,0
LF:1
LH:0
end_of_record
TN:
SF:/usr/share/miniconda/envs/moose/libmesh/include/Eigen/src/Core/Matrix.h
FNF:0
FNH:0
DA:178,0
LF:1
LH:0
end_of_record
TN:
SF:/usr/share/miniconda/envs/moose/libmesh/include/Eigen/src/Core/util/Memory.h
FNF:0
FNH:0
DA:203,0
LF:1
LH:0
end_of_record
TN:
SF:/usr/share/miniconda/envs/moose/libmesh/include/libmesh/dense_matrix.h
FN:99,_ZN7libMesh11DenseMatrixIdED2Ev
FN:99,_ZN7libMesh11DenseMatrixIdED0Ev
FN:126,_ZNK7libMesh11DenseMatrixIdE2elEjj
FN:130,_ZN7libMesh11DenseMatrixIdE2elEjj
FN:911,_ZN7libMesh11DenseMatrixIdE4zeroEv
FNDA:0,_ZN7libMesh11DenseMatrixIdE4zeroEv
FNDA:0,_ZN7libMesh11DenseMatrixIdED0Ev
FNDA:1152,_ZN7libMesh11DenseMatrixIdED2Ev
FNDA:0,_ZNK7libMesh11DenseMatrixIdE2elEjj
FNDA:0,_ZN7libMesh11DenseMatrixIdE2elEjj
FNF:5
FNH:1
DA:99,1152
DA:126,0
DA:128,0
DA:130,0
DA:132,0
DA:911,0
DA:913,0
DA:916,0
DA:962,0
DA:977,0
LF:10
LH:1
end_of_record
TN:
SF:/usr/share/miniconda/envs/moose/libmesh/include/libmesh/dense_vector.h
FN:102,_ZN7libMesh11DenseVectorIdED0Ev
FN:102,_ZN7libMesh11DenseVectorIdED2Ev
FN:104,_ZNK7libMesh11DenseVectorIdE4sizeEv
FN:109,_ZNK7libMesh11DenseVectorIdE5emptyEv
FN:124,_ZNK7libMesh11DenseVectorIdE2elEj
FN:127,_ZN7libMesh11DenseVectorIdE2elEj
FN:398,_ZN7libMesh11DenseVectorIdE4zeroEv
FNDA:0,_ZNK7libMesh11DenseVectorIdE2elEj
FNDA:0,_ZN7libMesh11DenseVectorIdED0Ev
FNDA:0,_ZNK7libMesh11DenseVectorIdE4sizeEv
FNDA:0,_ZNK7libMesh11DenseVectorIdE5emptyEv
FNDA:0,_ZN7libMesh11DenseVectorIdE4zeroEv
FNDA:0,_ZN7libMesh11DenseVectorIdE2elEj
FNDA:183,_ZN7libMesh11DenseVectorIdED2Ev
FNF:7
FNH:1
DA:102,183
DA:104,0
DA:106,0
DA:109,0
DA:110,0
DA:124,0
DA:125,0
DA:127,0
DA:128,0
DA:398,0
DA:403,0
DA:413,0
DA:424,0
LF:13
LH:1
end_of_record
TN:
SF:/usr/share/miniconda/envs/moose/libmesh/include/libmesh/dof_object.h
FNF:0
FNH:0
DA:825,0
LF:1
LH:0
end_of_record
TN:
SF:/usr/share/miniconda/envs/moose/libmesh/include/libmesh/elem.h
FN:559,_ZNK7libMesh4Elem9is_remoteEv
FN:617,_ZNK7libMesh4Elem16n_nodes_in_childEj
FN:703,_ZNK7libMesh4Elem18is_vertex_on_childEjj
FN:901,_ZNK7libMesh4Elem18default_side_orderEv
FN:945,_ZNK7libMesh4Elem17quasicircumcenterEv
FN:989,_ZNK7libMesh4Elem11qual_boundsENS_11ElemQualityE
FN:1029,_ZNK7libMesh4Elem14has_affine_mapEv
FN:1045,_ZNK7libMesh4Elem9is_linearEv
FN:1650,_ZNK7libMesh4Elem19local_singular_nodeERKNS_5PointEd
FN:1657,_ZNK7libMesh4Elem16is_singular_nodeEj
FN:1817,_ZNK7libMesh4Elem24embedding_matrix_versionEv
FN:1964,_ZNK7libMesh4Elem26_get_bracketing_node_cacheEv
FN:1978,_ZNK7libMesh4Elem25_get_parent_indices_cacheEv
FN:2294,_ZN7libMesh4Elem8set_nodeEj
FNDA:0,_ZNK7libMesh4Elem14has_affine_mapEv
FNDA:0,_ZNK7libMesh4Elem17quasicircumcenterEv
FNDA:0,_ZNK7libMesh4Elem18is_vertex_on_childEjj
FNDA:0,_ZNK7libMesh4Elem24embedding_matrix_versionEv
FNDA:0,_ZNK7libMesh4Elem16n_nodes_in_childEj
FNDA:0,_ZNK7libMesh4Elem18default_side_orderEv
FNDA:0,_ZNK7libMesh4Elem25_get_parent_indices_cacheEv
FNDA:0,_ZNK7libMesh4Elem16is_singular_nodeEj
FNDA:0,_ZNK7libMesh4Elem9is_linearEv
FNDA:0,_ZNK7libMesh4Elem19local_singular_nodeERKNS_5PointEd
FNDA:0,_ZNK7libMesh4Elem26_get_bracketing_node_cacheEv
FNDA:0,_ZN7libMesh4Elem8set_nodeEj
FNDA:0,_ZNK7libMesh4Elem9is_remoteEv
FNDA:0,_ZNK7libMesh4Elem11qual_boundsENS_11ElemQualityE
FNF:14
FNH:0
DA:559,0
DA:560,0
DA:617,0
DA:618,0
DA:703,0
DA:705,0
DA:901,0
DA:945,0
DA:946,0
DA:989,0
DA:990,0
DA:1029,0
DA:1045,0
DA:1650,0
DA:1651,0
DA:1657,0
DA:1817,0
DA:1964,0
DA:1966,0
DA:1967,0
DA:1978,0
DA:1980,0
DA:1981,0
DA:2294,0
DA:2298,0
LF:25
LH:0
end_of_record
TN:
SF:/usr/share/miniconda/envs/moose/libmesh/include/libmesh/int_range.h
FNF:0
FNH:0
DA:63,9399232
DA:64,9399232
LF:2
LH:2
end_of_record
TN:
SF:/usr/share/miniconda/envs/moose/libmesh/include/libmesh/libmesh_common.h
FNF:0
FNH:0
DA:689,0
LF:1
LH:0
end_of_record
TN:
SF:/usr/share/miniconda/envs/moose/libmesh/include/libmesh/libmesh_exceptions.h
FNF:0
FNH:0
DA:42,0
DA:54,0
LF:2
LH:0
end_of_record
TN:
SF:/usr/share/miniconda/envs/moose/libmesh/include/libmesh/ostream_proxy.h
FNF:0
FNH:0
DA:116,0
DA:123,0
LF:2
LH:0
end_of_record
TN:
SF:/usr/share/miniconda/envs/moose/libmesh/include/libmesh/parallel_object.h
FNF:0
FNH:0
DA:91,1
LF:1
LH:1
end_of_record
TN:
SF:/usr/share/miniconda/envs/moose/libmesh/include/libmesh/parameters.h
FN:85,_ZN7libMesh10ParametersD2Ev
FN:85,_ZN7libMesh10ParametersD0Ev
FN:138,_ZN7libMesh10Parameters14set_attributesERKNSt7__cxx1112basic_stringIcSt11char_traitsIcESaIcEEEb
FN:295,_ZNK7libMesh10Parameters9ParameterISt6vectorI12BoundaryNameSaIS3_EEE4typeB5cxx11Ev
FN:295,_ZNK7libMesh10Parameters9ParameterIbE4typeB5cxx11Ev
FN:295,_ZNK7libMesh10Parameters9ParameterISt6vectorI21NonlinearVariableNameSaIS3_EEE4typeB5cxx11Ev
FN:295,_ZNK7libMesh10Parameters9ParameterI14UserObjectNameE4typeB5cxx11Ev
FN:295,_ZNK7libMesh10Parameters9ParameterIjE4typeB5cxx11Ev
FN:295,_ZNK7libMesh10Parameters9ParameterI21NonlinearVariableNameE4typeB5cxx11Ev
FN:295,_ZNK7libMesh10Parameters9ParameterISt6vectorI12FunctionNameSaIS3_EEE4typeB5cxx11Ev
FN:295,_ZNK7libMesh10Parameters9ParameterI9MooseEnumE4typeB5cxx11Ev
FN:295,_ZNK7libMesh10Parameters9ParameterIdE4typeB5cxx11Ev
FN:295,_ZNK7libMesh10Parameters9ParameterI12FunctionNameE4typeB5cxx11Ev
FN:295,_ZNK7libMesh10Parameters9ParameterIP13FEProblemBaseE4typeB5cxx11Ev
FN:303,_ZNK7libMesh10Parameters9ParameterI21NonlinearVariableNameE5printERSo
FN:303,_ZNK7libMesh10Parameters9ParameterIbE5printERSo
FN:303,_ZNK7libMesh10Parameters9ParameterIdE5printERSo
FN:303,_ZNK7libMesh10Parameters9ParameterI14UserObjectNameE5printERSo
FN:303,_ZNK7libMesh10Parameters9ParameterISt6vectorI12BoundaryNameSaIS3_EEE5printERSo
FN:303,_ZNK7libMesh10Parameters9ParameterIjE5printERSo
FN:303,_ZNK7libMesh10Parameters9ParameterISt6vectorI12FunctionNameSaIS3_EEE5printERSo
FN:303,_ZNK7libMesh10Parameters9ParameterISt6vectorI21NonlinearVariableNameSaIS3_EEE5printERSo
FN:303,_ZNK7libMesh10Parameters9ParameterIP13FEProblemBaseE5printERSo
FN:303,_ZNK7libMesh10Parameters9ParameterI9MooseEnumE5printERSo
FN:303,_ZNK7libMesh10Parameters9ParameterI12FunctionNameE5printERSo
FN:311,_ZNK7libMesh10Parameters9ParameterI14UserObjectNameE5cloneEv
FN:311,_ZNK7libMesh10Parameters9ParameterI12FunctionNameE5cloneEv
FN:311,_ZNK7libMesh10Parameters9ParameterIdE5cloneEv
FN:311,_ZNK7libMesh10Parameters9ParameterI21NonlinearVariableNameE5cloneEv
FN:311,_ZNK7libMesh10Parameters9ParameterIbE5cloneEv
FN:311,_ZNK7libMesh10Parameters9ParameterISt6vectorI12FunctionNameSaIS3_EEE5cloneEv
FN:311,_ZNK7libMesh10Parameters9ParameterIjE5cloneEv
FN:311,_ZNK7libMesh10Parameters9ParameterISt6vectorI12BoundaryNameSaIS3_EEE5cloneEv
FN:311,_ZNK7libMesh10Parameters9ParameterI9MooseEnumE5cloneEv
FN:311,_ZNK7libMesh10Parameters9ParameterISt6vectorI21NonlinearVariableNameSaIS3_EEE5cloneEv
FN:311,_ZNK7libMesh10Parameters9ParameterIP13FEProblemBaseE5cloneEv
FN:324,_ZN7libMesh10Parameters5clearEv
FN:332,_ZN7libMesh10ParametersaSERKS0_
FN:341,_ZN7libMesh10ParameterspLERKS0_
FN:360,_ZNK7libMesh10Parameters5printERSo
FN:395,_ZNK7libMesh10Parameters14have_parameterIbEEbSt17basic_string_viewIcSt11char_traitsIcEE
FN:395,_ZNK7libMesh10Parameters14have_parameterI9MooseEnumEEbSt17basic_string_viewIcSt11char_traitsIcEE
FN:395,_ZNK7libMesh10Parameters14have_parameterISt6vectorI12FunctionNameSaIS3_EEEEbSt17basic_string_viewIcSt11char_traitsIcEE
FN:395,_ZNK7libMesh10Parameters14have_parameterI20MaterialPropertyNameEEbSt17basic_string_viewIcSt11char_traitsIcEE
FN:395,_ZNK7libMesh10Parameters14have_parameterI14UserObjectNameEEbSt17basic_string_viewIcSt11char_traitsIcEE
FN:395,_ZNK7libMesh10Parameters14have_parameterISt6vectorI12BoundaryNameSaIS3_EEEEbSt17basic_string_viewIcSt11char_traitsIcEE
FN:395,_ZNK7libMesh10Parameters14have_parameterISt6vectorI21NonlinearVariableNameSaIS3_EEEEbSt17basic_string_viewIcSt11char_traitsIcEE
FN:395,_ZNK7libMesh10Parameters14have_parameterIjEEbSt17basic_string_viewIcSt11char_traitsIcEE
FN:395,_ZNK7libMesh10Parameters14have_parameterIdEEbSt17basic_string_viewIcSt11char_traitsIcEE
FN:395,_ZNK7libMesh10Parameters14have_parameterI21NonlinearVariableNameEEbSt17basic_string_viewIcSt11char_traitsIcEE
FN:395,_ZNK7libMesh10Parameters14have_parameterI12FunctionNameEEbSt17basic_string_viewIcSt11char_traitsIcEE
FN:426,_ZNK7libMesh10Parameters3getI20MaterialPropertyNameEERKT_St17basic_string_viewIcSt11char_traitsIcEE
FN:426,_ZNK7libMesh10Parameters3getIjEERKT_St17basic_string_viewIcSt11char_traitsIcEE
FN:426,_ZNK7libMesh10Parameters3getISt6vectorI12FunctionNameSaIS3_EEEERKT_St17basic_string_viewIcSt11char_traitsIcEE
FN:426,_ZNK7libMesh10Parameters3getIbEERKT_St17basic_string_viewIcSt11char_traitsIcEE
FN:426,_ZNK7libMesh10Parameters3getISt6vectorI21NonlinearVariableNameSaIS3_EEEERKT_St17basic_string_viewIcSt11char_traitsIcEE
FN:426,_ZNK7libMesh10Parameters3getIdEERKT_St17basic_string_viewIcSt11char_traitsIcEE
FN:458,_ZN7libMesh10Parameters6insertIjEEvRKNSt7__cxx1112basic_stringIcSt11char_traitsIcESaIcEEE
FN:458,_ZN7libMesh10Parameters6insertISt6vectorI12FunctionNameSaIS3_EEEEvRKNSt7__cxx1112basic_stringIcSt11char_traitsIcESaIcEEE
FN:458,_ZN7libMesh10Parameters6insertI14UserObjectNameEEvRKNSt7__cxx1112basic_stringIcSt11char_traitsIcESaIcEEE
FN:458,_ZN7libMesh10Parameters6insertIdEEvRKNSt7__cxx1112basic_stringIcSt11char_traitsIcESaIcEEE
FN:458,_ZN7libMesh10Parameters6insertI12FunctionNameEEvRKNSt7__cxx1112basic_stringIcSt11char_traitsIcESaIcEEE
FN:458,_ZN7libMesh10Parameters6insertISt6vectorI12BoundaryNameSaIS3_EEEEvRKNSt7__cxx1112basic_stringIcSt11char_traitsIcESaIcEEE
FN:458,_ZN7libMesh10Parameters6insertISt6vectorI21NonlinearVariableNameSaIS3_EEEEvRKNSt7__cxx1112basic_stringIcSt11char_traitsIcESaIcEEE
FN:469,_ZN7libMesh10Parameters3setIbEERT_RKNSt7__cxx1112basic_stringIcSt11char_traitsIcESaIcEEE
FN:469,_ZN7libMesh10Parameters3setI9MooseEnumEERT_RKNSt7__cxx1112basic_stringIcSt11char_traitsIcESaIcEEE
FN:469,_ZN7libMesh10Parameters3setIjEERT_RKNSt7__cxx1112basic_stringIcSt11char_traitsIcESaIcEEE
FN:469,_ZN7libMesh10Parameters3setIdEERT_RKNSt7__cxx1112basic_stringIcSt11char_traitsIcESaIcEEE
FN:469,_ZN7libMesh10Parameters3setI21NonlinearVariableNameEERT_RKNSt7__cxx1112basic_stringIcSt11char_traitsIcESaIcEEE
FN:558,_ZN7libMesh12print_helperI21NonlinearVariableNameEEvRSoPKSt6vectorIT_SaIS4_EE
FN:558,_ZN7libMesh12print_helperI12FunctionNameEEvRSoPKSt6vectorIT_SaIS4_EE
FN:558,_ZN7libMesh12print_helperI12BoundaryNameEEvRSoPKSt6vectorIT_SaIS4_EE
FNDA:260,_ZN7libMesh10Parameters14set_attributesERKNSt7__cxx1112basic_stringIcSt11char_traitsIcESaIcEEEb
FNDA:2,_ZN7libMesh10Parameters3setI21NonlinearVariableNameEERT_RKNSt7__cxx1112basic_stringIcSt11char_traitsIcESaIcEEE
FNDA:0,_ZNK7libMesh10Parameters9ParameterIP13FEProblemBaseE4typeB5cxx11Ev
FNDA:87,_ZNK7libMesh10Parameters9ParameterISt6vectorI21NonlinearVariableNameSaIS3_EEE5cloneEv
FNDA:356,_ZNK7libMesh10Parameters9ParameterI12FunctionNameE4typeB5cxx11Ev
FNDA:0,_ZN7libMesh10Parameters5clearEv
FNDA:98,_ZNK7libMesh10Parameters9ParameterI12FunctionNameE5printERSo
FNDA:1241,_ZNK7libMesh10Parameters9ParameterI9MooseEnumE5printERSo
FNDA:0,_ZN7libMesh10ParameterspLERKS0_
FNDA:17866,_ZNK7libMesh10Parameters9ParameterIP13FEProblemBaseE5cloneEv
FNDA:1437,_ZNK7libMesh10Parameters14have_parameterI12FunctionNameEEbSt17basic_string_viewIcSt11char_traitsIcEE
FNDA:4,_ZNK7libMesh10Parameters14have_parameterI21NonlinearVariableNameEEbSt17basic_string_viewIcSt11char_traitsIcEE
FNDA:2178,_ZNK7libMesh10Parameters9ParameterIjE5printERSo
FNDA:3,_ZN7libMesh10Parameters6insertISt6vectorI21NonlinearVariableNameSaIS3_EEEEvRKNSt7__cxx1112basic_stringIcSt11char_traitsIcESaIcEEE
FNDA:0,_ZNK7libMesh10Parameters5printERSo
FNDA:34051,_ZNK7libMesh10Parameters9ParameterISt6vectorI12BoundaryNameSaIS3_EEE5cloneEv
FNDA:1,_ZNK7libMesh10Parameters9ParameterISt6vectorI12FunctionNameSaIS3_EEE5printERSo
FNDA:54,_ZN7libMesh12print_helperI12BoundaryNameEEvRSoPKSt6vectorIT_SaIS4_EE
FNDA:76035,_ZNK7libMesh10Parameters9ParameterIjE5cloneEv
FNDA:40,_ZNK7libMesh10Parameters9ParameterISt6vectorI12FunctionNameSaIS3_EEE5cloneEv
FNDA:19801,_ZNK7libMesh10Parameters9ParameterI9MooseEnumE5cloneEv
FNDA:2531,_ZNK7libMesh10Parameters9ParameterIdE4typeB5cxx11Ev
FNDA:1,_ZNK7libMesh10Parameters9ParameterISt6vectorI21NonlinearVariableNameSaIS3_EEE5printERSo
FNDA:0,_ZN7libMesh10ParametersD0Ev
FNDA:0,_ZNK7libMesh10Parameters9ParameterIP13FEProblemBaseE5printERSo
FNDA:71,_ZNK7libMesh10Parameters3getIdEERKT_St17basic_string_viewIcSt11char_traitsIcEE
FNDA:10232,_ZNK7libMesh10Parameters9ParameterI9MooseEnumE4typeB5cxx11Ev
FNDA:0,_ZN7libMesh10ParametersaSERKS0_
FNDA:114,_ZNK7libMesh10Parameters9ParameterISt6vectorI12FunctionNameSaIS3_EEE4typeB5cxx11Ev
FNDA:21,_ZNK7libMesh10Parameters3getIbEERKT_St17basic_string_viewIcSt11char_traitsIcEE
FNDA:1,_ZNK7libMesh10Parameters3getISt6vectorI21NonlinearVariableNameSaIS3_EEEERKT_St17basic_string_viewIcSt11char_traitsIcEE
FNDA:54,_ZNK7libMesh10Parameters9ParameterISt6vectorI12BoundaryNameSaIS3_EEE5printERSo
FNDA:12947,_ZN7libMesh10Parameters6insertISt6vectorI12BoundaryNameSaIS3_EEEEvRKNSt7__cxx1112basic_stringIcSt11char_traitsIcESaIcEEE
FNDA:269738,_ZNK7libMesh10Parameters9ParameterIbE5cloneEv
FNDA:1437,_ZN7libMesh10Parameters6insertI12FunctionNameEEvRKNSt7__cxx1112basic_stringIcSt11char_traitsIcESaIcEEE
FNDA:2243,_ZNK7libMesh10Parameters9ParameterIjE4typeB5cxx11Ev
FNDA:1548,_ZNK7libMesh10Parameters9ParameterI21NonlinearVariableNameE4typeB5cxx11Ev
FNDA:89487,_ZNK7libMesh10Parameters14have_parameterIdEEbSt17basic_string_viewIcSt11char_traitsIcEE
FNDA:2112,_ZNK7libMesh10Parameters9ParameterIdE5printERSo
FNDA:7,_ZNK7libMesh10Parameters9ParameterI14UserObjectNameE5printERSo
FNDA:12947,_ZNK7libMesh10Parameters14have_parameterISt6vectorI12BoundaryNameSaIS3_EEEEbSt17basic_string_viewIcSt11char_traitsIcEE
FNDA:2,_ZN7libMesh10Parameters3setIjEERT_RKNSt7__cxx1112basic_stringIcSt11char_traitsIcESaIcEEE
FNDA:35048,_ZN7libMesh10Parameters6insertIdEEvRKNSt7__cxx1112basic_stringIcSt11char_traitsIcESaIcEEE
FNDA:4,_ZNK7libMesh10Parameters14have_parameterISt6vectorI21NonlinearVariableNameSaIS3_EEEEbSt17basic_string_viewIcSt11char_traitsIcEE
FNDA:6190,_ZNK7libMesh10Parameters14have_parameterIjEEbSt17basic_string_viewIcSt11char_traitsIcEE
FNDA:53811,_ZN7libMesh10Parameters3setIdEERT_RKNSt7__cxx1112basic_stringIcSt11char_traitsIcESaIcEEE
FNDA:168,_ZNK7libMesh10Parameters9ParameterI21NonlinearVariableNameE5cloneEv
FNDA:3882,_ZN7libMesh10Parameters6insertI14UserObjectNameEEvRKNSt7__cxx1112basic_stringIcSt11char_traitsIcESaIcEEE
FNDA:0,_ZN7libMesh10ParametersD2Ev
FNDA:174,_ZNK7libMesh10Parameters14have_parameterI20MaterialPropertyNameEEbSt17basic_string_viewIcSt11char_traitsIcEE
FNDA:21,_ZNK7libMesh10Parameters3getISt6vectorI12FunctionNameSaIS3_EEEERKT_St17basic_string_viewIcSt11char_traitsIcEE
FNDA:1,_ZN7libMesh12print_helperI12FunctionNameEEvRSoPKSt6vectorIT_SaIS4_EE
FNDA:281,_ZNK7libMesh10Parameters9ParameterI14UserObjectNameE4typeB5cxx11Ev
FNDA:3882,_ZNK7libMesh10Parameters14have_parameterI14UserObjectNameEEbSt17basic_string_viewIcSt11char_traitsIcEE
FNDA:104,_ZNK7libMesh10Parameters9ParameterISt6vectorI21NonlinearVariableNameSaIS3_EEE4typeB5cxx11Ev
FNDA:11399,_ZNK7libMesh10Parameters9ParameterIbE4typeB5cxx11Ev
FNDA:736483,_ZN7libMesh10Parameters3setIbEERT_RKNSt7__cxx1112basic_stringIcSt11char_traitsIcESaIcEEE
FNDA:46656,_ZN7libMesh10Parameters3setI9MooseEnumEERT_RKNSt7__cxx1112basic_stringIcSt11char_traitsIcESaIcEEE
FNDA:798,_ZN7libMesh10Parameters6insertISt6vectorI12FunctionNameSaIS3_EEEEvRKNSt7__cxx1112basic_stringIcSt11char_traitsIcESaIcEEE
FNDA:48718,_ZNK7libMesh10Parameters14have_parameterI9MooseEnumEEbSt17basic_string_viewIcSt11char_traitsIcEE
FNDA:5064,_ZN7libMesh10Parameters6insertIjEEvRKNSt7__cxx1112basic_stringIcSt11char_traitsIcESaIcEEE
FNDA:819,_ZNK7libMesh10Parameters14have_parameterISt6vectorI12FunctionNameSaIS3_EEEEbSt17basic_string_viewIcSt11char_traitsIcEE
FNDA:2,_ZNK7libMesh10Parameters3getIjEERKT_St17basic_string_viewIcSt11char_traitsIcEE
FNDA:758788,_ZNK7libMesh10Parameters14have_parameterIbEEbSt17basic_string_viewIcSt11char_traitsIcEE
FNDA:0,_ZNK7libMesh10Parameters3getI20MaterialPropertyNameEERKT_St17basic_string_viewIcSt11char_traitsIcEE
FNDA:1,_ZN7libMesh12print_helperI21NonlinearVariableNameEEvRSoPKSt6vectorIT_SaIS4_EE
FNDA:17,_ZNK7libMesh10Parameters9ParameterI12FunctionNameE5cloneEv
FNDA:3572,_ZNK7libMesh10Parameters9ParameterISt6vectorI12BoundaryNameSaIS3_EEE4typeB5cxx11Ev
FNDA:140,_ZNK7libMesh10Parameters9ParameterI14UserObjectNameE5cloneEv
FNDA:53,_ZNK7libMesh10Parameters9ParameterI21NonlinearVariableNameE5printERSo
FNDA:25836,_ZNK7libMesh10Parameters9ParameterIdE5cloneEv
FNDA:12292,_ZNK7libMesh10Parameters9ParameterIbE5printERSo
FNF:72
FNH:63
DA:85,2
DA:138,260
DA:206,1269129
DA:213,116
DA:218,836954
DA:295,32380
DA:297,32380
DA:303,18037
DA:306,56
DA:307,18037
DA:311,443779
DA:313,498083
DA:315,443454
DA:317,443779
DA:324,0
DA:327,0
DA:332,0
DA:335,0
DA:337,0
DA:341,0
DA:344,0
DA:345,0
DA:347,0
DA:360,0
DA:365,0
DA:366,0
DA:370,0
DA:372,0
DA:373,0
DA:377,0
DA:387,0
DA:388,0
DA:395,922450
DA:399,922450
DA:403,30523
DA:404,30469
DA:426,116
DA:428,116
DA:430,0
DA:432,0
DA:434,0
DA:438,0
DA:441,0
DA:453,116
DA:458,59179
DA:460,59179
DA:461,59179
DA:463,59179
DA:464,59179
DA:469,836954
DA:471,836954
DA:472,832628
DA:474,836954
DA:477,836954
DA:480,836954
DA:537,16582
DA:558,56
DA:560,115
DA:561,59
DA:562,56
LF:60
LH:37
end_of_record
TN:
SF:/usr/share/miniconda/envs/moose/libmesh/include/libmesh/reference_counter.h
FNF:0
FNH:0
DA:152,1269129
LF:1
LH:1
end_of_record
TN:
SF:/usr/share/miniconda/envs/moose/libmesh/include/libmesh/remote_elem.h
FN:119,_ZNK7libMesh10RemoteElem7n_nodesEv
FN:122,_ZNK7libMesh10RemoteElem7n_sidesEv
FN:137,_ZNK7libMesh10RemoteElem9is_vertexEj
FN:204,_ZNK7libMesh10RemoteElem13default_orderEv
FNDA:0,_ZNK7libMesh10RemoteElem13default_orderEv
FNDA:0,_ZNK7libMesh10RemoteElem9is_vertexEj
FNDA:0,_ZNK7libMesh10RemoteElem7n_sidesEv
FNDA:0,_ZNK7libMesh10RemoteElem7n_nodesEv
FNF:4
FNH:0
DA:119,0
DA:120,0
DA:122,0
DA:123,0
DA:137,0
DA:138,0
DA:204,0
DA:205,0
LF:8
LH:0
end_of_record
TN:
SF:/usr/share/miniconda/envs/moose/libmesh/include/libmesh/tensor_value.h
FNF:0
FNH:0
DA:44,0
DA:261,664432
DA:262,664432
DA:304,651272
DA:305,3256360
LF:5
LH:4
end_of_record
TN:
SF:/usr/share/miniconda/envs/moose/libmesh/include/libmesh/threads_pthread.h
FN:147,_ZN7libMesh7Threads10spin_mutexD2Ev
FN:524,_ZN7libMesh7Threads6atomicIjEppEv
FN:538,_ZN7libMesh7Threads6atomicIjEmmEv
FNDA:1335586,_ZN7libMesh7Threads6atomicIjEppEv
FNDA:0,_ZN7libMesh7Threads10spin_mutexD2Ev
FNDA:1699873,_ZN7libMesh7Threads6atomicIjEmmEv
FNF:3
FNH:2
DA:147,0
DA:149,2849650
DA:150,2849650
DA:524,1335586
DA:527,1335586
DA:528,1335586
DA:538,1699873
DA:541,1699873
DA:542,1699873
LF:9
LH:8
end_of_record
TN:
SF:/usr/share/miniconda/envs/moose/libmesh/include/libmesh/type_tensor.h
FN:505,_ZN7libMesh10TypeTensorIN11MetaPhysicL10DualNumberIdNS1_28SemiDynamicSparseNumberArrayIdmNS1_8NWrapperILm53EEEEELb1EEEEC2Ev
FN:528,_ZN7libMesh10TypeTensorIN11MetaPhysicL10DualNumberIdNS1_28SemiDynamicSparseNumberArrayIdmNS1_8NWrapperILm53EEEEELb1EEEEC2ERKS7_SA_SA_SA_SA_SA_SA_SA_SA_
FN:623,_ZN7libMesh10TypeTensorIN11MetaPhysicL10DualNumberIdNS1_28SemiDynamicSparseNumberArrayIdmNS1_8NWrapperILm53EEEEELb1EEEEC2IdEERKNS0_IT_EE
FN:760,_ZNK7libMesh10TypeTensorIN11MetaPhysicL10DualNumberIdNS1_28SemiDynamicSparseNumberArrayIdmNS1_8NWrapperILm53EEEEELb1EEEE3rowEj
FN:774,_ZNK7libMesh10TypeTensorIN11MetaPhysicL10DualNumberIdNS1_28SemiDynamicSparseNumberArrayIdmNS1_8NWrapperILm53EEEEELb1EEEEplIS7_EENS0_INS_12CompareTypesIS7_T_E9supertypeEEERKNS0_ISB_EE
FN:844,_ZNK7libMesh10TypeTensorIN11MetaPhysicL10DualNumberIdNS1_28SemiDynamicSparseNumberArrayIdmNS1_8NWrapperILm53EEEEELb1EEEEmiIdEENS0_INS_12CompareTypesIS7_T_E9supertypeEEERKNS0_ISB_EE
FN:844,_ZNK7libMesh10TypeTensorIN11MetaPhysicL10DualNumberIdNS1_28SemiDynamicSparseNumberArrayIdmNS1_8NWrapperILm53EEEEELb1EEEEmiIS7_EENS0_INS_12CompareTypesIS7_T_E9supertypeEEERKNS0_ISB_EE
FN:945,_ZNK7libMesh10TypeTensorIN11MetaPhysicL10DualNumberIdNS1_28SemiDynamicSparseNumberArrayIdmNS1_8NWrapperILm53EEEEELb1EEEEmlIdEENS_9boostcopy11enable_if_cIXsrNS_12ScalarTraitsIT_EE5valueENS0_IDTmlcvS7__Efp_EEEE4typeERKSD_
FN:1213,_ZNK7libMesh10TypeTensorIdEmlIN11MetaPhysicL10DualNumberIdNS3_28SemiDynamicSparseNumberArrayIdmNS3_8NWrapperILm53EEEEELb1EEEEENS0_INS_12CompareTypesIdT_E9supertypeEEERKNS0_ISB_EE
FN:1213,_ZNK7libMesh10TypeTensorIN11MetaPhysicL10DualNumberIdNS1_28SemiDynamicSparseNumberArrayIdmNS1_8NWrapperILm53EEEEELb1EEEEmlIS7_EENS0_INS_12CompareTypesIS7_T_E9supertypeEEERKNS0_ISB_EE
FN:1318,_ZN7libMesh10TypeTensorIN11MetaPhysicL10DualNumberIdNS1_28SemiDynamicSparseNumberArrayIdmNS1_8NWrapperILm53EEEEELb1EEEE4zeroEv
FNDA:664432,_ZN7libMesh10TypeTensorIN11MetaPhysicL10DualNumberIdNS1_28SemiDynamicSparseNumberArrayIdmNS1_8NWrapperILm53EEEEELb1EEEEC2IdEERKNS0_IT_EE
FNDA:651272,_ZN7libMesh10TypeTensorIN11MetaPhysicL10DualNumberIdNS1_28SemiDynamicSparseNumberArrayIdmNS1_8NWrapperILm53EEEEELb1EEEEC2Ev
FNDA:976908,_ZNK7libMesh10TypeTensorIN11MetaPhysicL10DualNumberIdNS1_28SemiDynamicSparseNumberArrayIdmNS1_8NWrapperILm53EEEEELb1EEEEplIS7_EENS0_INS_12CompareTypesIS7_T_E9supertypeEEERKNS0_ISB_EE
FNDA:6580,_ZN7libMesh10TypeTensorIN11MetaPhysicL10DualNumberIdNS1_28SemiDynamicSparseNumberArrayIdmNS1_8NWrapperILm53EEEEELb1EEEE4zeroEv
FNDA:651272,_ZNK7libMesh10TypeTensorIN11MetaPhysicL10DualNumberIdNS1_28SemiDynamicSparseNumberArrayIdmNS1_8NWrapperILm53EEEEELb1EEEEmiIS7_EENS0_INS_12CompareTypesIS7_T_E9supertypeEEERKNS0_ISB_EE
FNDA:651272,_ZNK7libMesh10TypeTensorIN11MetaPhysicL10DualNumberIdNS1_28SemiDynamicSparseNumberArrayIdmNS1_8NWrapperILm53EEEEELb1EEEEmlIS7_EENS0_INS_12CompareTypesIS7_T_E9supertypeEEERKNS0_ISB_EE
FNDA:2801984,_ZNK7libMesh10TypeTensorIN11MetaPhysicL10DualNumberIdNS1_28SemiDynamicSparseNumberArrayIdmNS1_8NWrapperILm53EEEEELb1EEEE3rowEj
FNDA:651272,_ZNK7libMesh10TypeTensorIN11MetaPhysicL10DualNumberIdNS1_28SemiDynamicSparseNumberArrayIdmNS1_8NWrapperILm53EEEEELb1EEEEmlIdEENS_9boostcopy11enable_if_cIXsrNS_12ScalarTraitsIT_EE5valueENS0_IDTmlcvS7__Efp_EEEE4typeERKSD_
FNDA:325636,_ZNK7libMesh10TypeTensorIN11MetaPhysicL10DualNumberIdNS1_28SemiDynamicSparseNumberArrayIdmNS1_8NWrapperILm53EEEEELb1EEEEmiIdEENS0_INS_12CompareTypesIS7_T_E9supertypeEEERKNS0_ISB_EE
FNDA:2605088,_ZN7libMesh10TypeTensorIN11MetaPhysicL10DualNumberIdNS1_28SemiDynamicSparseNumberArrayIdmNS1_8NWrapperILm53EEEEELb1EEEEC2ERKS7_SA_SA_SA_SA_SA_SA_SA_SA_
FNDA:0,_ZNK7libMesh10TypeTensorIdEmlIN11MetaPhysicL10DualNumberIdNS3_28SemiDynamicSparseNumberArrayIdmNS3_8NWrapperILm53EEEEELb1EEEEENS0_INS_12CompareTypesIdT_E9supertypeEEERKNS0_ISB_EE
FNF:11
FNH:10
DA:505,6512720
DA:507,651272
DA:510,651272
DA:511,651272
DA:512,651272
DA:516,651272
DA:517,651272
DA:518,651272
DA:519,651272
DA:520,651272
DA:522,651272
DA:528,2605088
DA:536,26050880
DA:538,2605088
DA:552,2605088
DA:553,2605088
DA:554,2605088
DA:555,2605088
DA:556,2605088
DA:557,2605088
DA:558,2605088
DA:559,2605088
DA:568,2605088
DA:623,6644320
DA:626,6644320
DA:627,5979888
DA:628,664432
DA:684,651272
DA:713,23564232
DA:733,17584344
DA:760,2801984
DA:762,2801984
DA:764,11207936
DA:765,8405952
DA:767,2801984
DA:774,976908
DA:790,976908
DA:791,976908
DA:792,976908
DA:793,976908
DA:794,976908
DA:795,976908
DA:796,976908
DA:797,976908
DA:798,1953816
DA:844,976908
DA:860,976908
DA:861,976908
DA:862,976908
DA:863,976908
DA:864,976908
DA:865,976908
DA:866,976908
DA:867,976908
DA:868,1953816
DA:945,651272
DA:964,651272
DA:965,651272
DA:966,651272
DA:967,651272
DA:968,651272
DA:969,651272
DA:970,651272
DA:971,651272
DA:972,1302544
DA:986,651272
DA:1213,651272
DA:1215,651272
DA:1216,2605088
DA:1217,7815264
DA:1218,23445792
DA:1219,17584344
DA:1221,651272
DA:1318,6580
DA:1320,65800
DA:1321,59220
DA:1322,6580
LF:77
LH:77
end_of_record
TN:
SF:/usr/share/miniconda/envs/moose/libmesh/include/libmesh/type_vector.h
FN:160,_ZN7libMesh10TypeVectorIN11MetaPhysicL10DualNumberIdNS1_28SemiDynamicSparseNumberArrayIdmNS1_8NWrapperILm53EEEEELb1EEEEC2ERKS8_
FN:451,_ZN7libMesh10TypeVectorIN11MetaPhysicL10DualNumberIdNS1_28SemiDynamicSparseNumberArrayIdmNS1_8NWrapperILm53EEEEELb1EEEEC2Ev
FN:468,_ZN7libMesh10TypeVectorIN11MetaPhysicL10DualNumberIdNS1_28SemiDynamicSparseNumberArrayIdmNS1_8NWrapperILm53EEEEELb1EEEEC2ERKS7_SA_SA_
FN:544,_ZN7libMesh10TypeVectorIN11MetaPhysicL10DualNumberIdNS1_28SemiDynamicSparseNumberArrayIdmNS1_8NWrapperILm53EEEEELb1EEEEC2IdEERKNS0_IT_EE
FN:763,_ZNK7libMesh10TypeVectorIN11MetaPhysicL10DualNumberIdNS1_28SemiDynamicSparseNumberArrayIdmNS1_8NWrapperILm53EEEEELb1EEEEmlIS7_EENS_9boostcopy11enable_if_cIXsrNS_12ScalarTraitsIT_EE5valueENS0_INS_12CompareTypesIS7_SD_E9supertypeEEEE4typeERKSD_
FN:874,_ZNK7libMesh10TypeVectorIN11MetaPhysicL10DualNumberIdNS1_28SemiDynamicSparseNumberArrayIdmNS1_8NWrapperILm53EEEEELb1EEEEmlIS7_EENS_12CompareTypesIS7_T_E9supertypeERKNS0_ISB_EE
FN:874,_ZNK7libMesh10TypeVectorIN11MetaPhysicL10DualNumberIdNS1_28SemiDynamicSparseNumberArrayIdmNS1_8NWrapperILm53EEEEELb1EEEEmlIdEENS_12CompareTypesIS7_T_E9supertypeERKNS0_ISB_EE
FNDA:2801984,_ZN7libMesh10TypeVectorIN11MetaPhysicL10DualNumberIdNS1_28SemiDynamicSparseNumberArrayIdmNS1_8NWrapperILm53EEEEELb1EEEEC2Ev
FNDA:2801984,_ZNK7libMesh10TypeVectorIN11MetaPhysicL10DualNumberIdNS1_28SemiDynamicSparseNumberArrayIdmNS1_8NWrapperILm53EEEEELb1EEEEmlIS7_EENS_12CompareTypesIS7_T_E9supertypeERKNS0_ISB_EE
FNDA:0,_ZNK7libMesh10TypeVectorIN11MetaPhysicL10DualNumberIdNS1_28SemiDynamicSparseNumberArrayIdmNS1_8NWrapperILm53EEEEELb1EEEEmlIdEENS_12CompareTypesIS7_T_E9supertypeERKNS0_ISB_EE
FNDA:3233944,_ZN7libMesh10TypeVectorIN11MetaPhysicL10DualNumberIdNS1_28SemiDynamicSparseNumberArrayIdmNS1_8NWrapperILm53EEEEELb1EEEEC2ERKS8_
FNDA:431960,_ZNK7libMesh10TypeVectorIN11MetaPhysicL10DualNumberIdNS1_28SemiDynamicSparseNumberArrayIdmNS1_8NWrapperILm53EEEEELb1EEEEmlIS7_EENS_9boostcopy11enable_if_cIXsrNS_12ScalarTraitsIT_EE5valueENS0_INS_12CompareTypesIS7_SD_E9supertypeEEEE4typeERKSD_
FNDA:431960,_ZN7libMesh10TypeVectorIN11MetaPhysicL10DualNumberIdNS1_28SemiDynamicSparseNumberArrayIdmNS1_8NWrapperILm53EEEEELb1EEEEC2ERKS7_SA_SA_
FNDA:0,_ZN7libMesh10TypeVectorIN11MetaPhysicL10DualNumberIdNS1_28SemiDynamicSparseNumberArrayIdmNS1_8NWrapperILm53EEEEELb1EEEEC2IdEERKNS0_IT_EE
FNF:7
FNH:5
DA:160,12935776
DA:165,2801984
DA:451,11207936
DA:453,2801984
DA:456,2801984
DA:460,2801984
DA:462,2801984
DA:468,431960
DA:470,1727840
DA:472,431960
DA:475,431960
DA:482,431960
DA:487,431960
DA:544,0
DA:547,0
DA:548,0
DA:549,0
DA:570,36080
DA:581,2110400
DA:763,431960
DA:777,431960
DA:778,431960
DA:779,863920
DA:793,431960
DA:874,2801984
DA:886,2801984
DA:887,2801984
DA:888,2801984
LF:28
LH:24
end_of_record
TN:
SF:/usr/share/miniconda/envs/moose/libmesh/include/libmesh/vector_value.h
FNF:0
FNH:0
DA:47,2801984
DA:150,0
DA:151,0
DA:198,0
DA:199,0
DA:208,2801984
DA:209,3233944
DA:262,0
DA:263,0
LF:9
LH:3
end_of_record
TN:
SF:/usr/share/miniconda/envs/moose/libmesh/include/metaphysicl/dualnumber.h
FN:99,_ZN11MetaPhysicL10DualNumberIdNS_28SemiDynamicSparseNumberArrayIdmNS_8NWrapperILm53EEEEELb1EEaSERKS5_
FN:113,_ZN11MetaPhysicL10DualNumberIdNS_28SemiDynamicSparseNumberArrayIdmNS_8NWrapperILm53EEEEELb1EEaSEOS5_
FN:140,_ZN11MetaPhysicL10DualNumberIdNS_28SemiDynamicSparseNumberArrayIdmNS_8NWrapperILm53EEEEELb1EEC2ERKS5_
FN:150,_ZN11MetaPhysicL10DualNumberIdNS_28SemiDynamicSparseNumberArrayIdmNS_8NWrapperILm53EEEEELb1EEC2EOS5_
FN:193,_ZN11MetaPhysicL10DualNumberIdNS_28SemiDynamicSparseNumberArrayIdmNS_8NWrapperILm53EEEEELb1EEaSIdEERS5_RKT_
FN:220,_ZN11MetaPhysicL10DualNumberIdNS_28SemiDynamicSparseNumberArrayIdmNS_8NWrapperILm53EEEEELb1EEC2IdEERKT_NSt9enable_ifIXsrSt14is_convertibleIS7_dE5valueEPvE4typeE
FN:265,_ZN11MetaPhysicL26derivative_multiply_helperIdNS_28SemiDynamicSparseNumberArrayIdmNS_8NWrapperILm53EEEEELb1EEEvRNS_10DualNumberIT_T0_XT1_EEERKS8_
FN:316,_ZN11MetaPhysicL26derivative_division_helperIdNS_28SemiDynamicSparseNumberArrayIdmNS_8NWrapperILm53EEEEELb1EEEvRNS_10DualNumberIT_T0_XT1_EEERKS8_
FN:470,_ZN11MetaPhysicL10DualNumberIdNS_28SemiDynamicSparseNumberArrayIdmNS_8NWrapperILm53EEEEELb1EEpLIdS4_EERS5_RKNS0_IT_T0_Lb1EEE
FN:472,_ZN11MetaPhysicL10DualNumberIdNS_28SemiDynamicSparseNumberArrayIdmNS_8NWrapperILm53EEEEELb1EEmIIdS4_EERS5_RKNS0_IT_T0_Lb1EEE
FN:474,_ZN11MetaPhysicL10DualNumberIdNS_28SemiDynamicSparseNumberArrayIdmNS_8NWrapperILm53EEEEELb1EEmLIdS4_EERS5_RKNS0_IT_T0_Lb1EEE
FN:474,_ZN11MetaPhysicL10DualNumberIdNS_28SemiDynamicSparseNumberArrayIdmNS_8NWrapperILm53EEEEELb1EEmLIdEERS5_RKT_
FN:479,_ZN11MetaPhysicL10DualNumberIdNS_28SemiDynamicSparseNumberArrayIdmNS_8NWrapperILm53EEEEELb1EEdVIdS4_EERS5_RKNS0_IT_T0_Lb1EEE
FN:479,_ZN11MetaPhysicL10DualNumberIdNS_28SemiDynamicSparseNumberArrayIdmNS_8NWrapperILm53EEEEELb1EEdVIdEERS5_RKT_
FNDA:7158880,_ZN11MetaPhysicL10DualNumberIdNS_28SemiDynamicSparseNumberArrayIdmNS_8NWrapperILm53EEEEELb1EEC2EOS5_
FNDA:528912,_ZN11MetaPhysicL26derivative_division_helperIdNS_28SemiDynamicSparseNumberArrayIdmNS_8NWrapperILm53EEEEELb1EEEvRNS_10DualNumberIT_T0_XT1_EEERKS8_
FNDA:645556,_ZN11MetaPhysicL10DualNumberIdNS_28SemiDynamicSparseNumberArrayIdmNS_8NWrapperILm53EEEEELb1EEdVIdEERS5_RKT_
FNDA:33147624,_ZN11MetaPhysicL10DualNumberIdNS_28SemiDynamicSparseNumberArrayIdmNS_8NWrapperILm53EEEEELb1EEaSERKS5_
FNDA:28479688,_ZN11MetaPhysicL10DualNumberIdNS_28SemiDynamicSparseNumberArrayIdmNS_8NWrapperILm53EEEEELb1EEmLIdS4_EERS5_RKNS0_IT_T0_Lb1EEE
FNDA:7909288,_ZN11MetaPhysicL10DualNumberIdNS_28SemiDynamicSparseNumberArrayIdmNS_8NWrapperILm53EEEEELb1EEaSIdEERS5_RKT_
FNDA:7971848,_ZN11MetaPhysicL10DualNumberIdNS_28SemiDynamicSparseNumberArrayIdmNS_8NWrapperILm53EEEEELb1EEmLIdEERS5_RKT_
FNDA:93884748,_ZN11MetaPhysicL10DualNumberIdNS_28SemiDynamicSparseNumberArrayIdmNS_8NWrapperILm53EEEEELb1EEC2ERKS5_
FNDA:8256004,_ZN11MetaPhysicL10DualNumberIdNS_28SemiDynamicSparseNumberArrayIdmNS_8NWrapperILm53EEEEELb1EEmIIdS4_EERS5_RKNS0_IT_T0_Lb1EEE
FNDA:13432488,_ZN11MetaPhysicL26derivative_multiply_helperIdNS_28SemiDynamicSparseNumberArrayIdmNS_8NWrapperILm53EEEEELb1EEEvRNS_10DualNumberIT_T0_XT1_EEERKS8_
FNDA:32508084,_ZN11MetaPhysicL10DualNumberIdNS_28SemiDynamicSparseNumberArrayIdmNS_8NWrapperILm53EEEEELb1EEpLIdS4_EERS5_RKNS0_IT_T0_Lb1EEE
FNDA:284156,_ZN11MetaPhysicL10DualNumberIdNS_28SemiDynamicSparseNumberArrayIdmNS_8NWrapperILm53EEEEELb1EEC2IdEERKT_NSt9enable_ifIXsrSt14is_convertibleIS7_dE5valueEPvE4typeE
FNDA:16277756,_ZN11MetaPhysicL10DualNumberIdNS_28SemiDynamicSparseNumberArrayIdmNS_8NWrapperILm53EEEEELb1EEaSEOS5_
FNDA:1123952,_ZN11MetaPhysicL10DualNumberIdNS_28SemiDynamicSparseNumberArrayIdmNS_8NWrapperILm53EEEEELb1EEdVIdS4_EERS5_RKNS0_IT_T0_Lb1EEE
FNF:14
FNH:14
DA:50,13432488
DA:55,0
DA:65,19488280
DA:99,33147624
DA:101,33147624
DA:103,33147624
DA:106,33147624
DA:113,16277756
DA:115,16277756
DA:117,16277756
DA:120,16277756
DA:140,93884748
DA:141,93884748
DA:143,93884748
DA:145,93884748
DA:150,7158880
DA:151,7158880
DA:153,7158880
DA:155,7158880
DA:193,7909288
DA:195,7909288
DA:196,7909288
DA:197,3894888
DA:198,7909288
DA:220,284156
DA:221,284156
DA:223,284156
DA:224,138428
DA:225,284156
DA:265,13432488
DA:268,13432488
DA:271,13432488
DA:272,0
DA:275,13432488
DA:276,13432488
DA:316,528912
DA:319,528912
DA:322,528912
DA:323,0
DA:324,0
DA:327,528912
DA:328,528912
DA:470,36550776
DA:472,9878468
DA:474,61225008
DA:479,3539016
LF:46
LH:42
end_of_record
TN:
SF:/usr/share/miniconda/envs/moose/libmesh/include/metaphysicl/dualnumber_decl.h
FNF:0
FNH:0
DA:59,24539180
DA:178,284156
LF:2
LH:2
end_of_record
TN:
SF:/usr/share/miniconda/envs/moose/libmesh/include/metaphysicl/dynamic_std_array_wrapper.h
FN:71,_ZN11MetaPhysicL22DynamicStdArrayWrapperImNS_8NWrapperILm53EEEEaSERKS3_
FN:71,_ZN11MetaPhysicL22DynamicStdArrayWrapperIdNS_8NWrapperILm53EEEEaSERKS3_
FN:122,_ZN11MetaPhysicL22DynamicStdArrayWrapperIdNS_8NWrapperILm53EEEE6resizeEm
FN:122,_ZN11MetaPhysicL22DynamicStdArrayWrapperImNS_8NWrapperILm53EEEE6resizeEm
FNDA:60326388,_ZN11MetaPhysicL22DynamicStdArrayWrapperIdNS_8NWrapperILm53EEEEaSERKS3_
FNDA:26349508,_ZN11MetaPhysicL22DynamicStdArrayWrapperIdNS_8NWrapperILm53EEEE6resizeEm
FNDA:26349508,_ZN11MetaPhysicL22DynamicStdArrayWrapperImNS_8NWrapperILm53EEEE6resizeEm
FNDA:60326388,_ZN11MetaPhysicL22DynamicStdArrayWrapperImNS_8NWrapperILm53EEEEaSERKS3_
FNF:4
FNH:4
DA:62,0
DA:64,0
DA:67,0
DA:68,0
DA:71,120652776
DA:73,120652776
DA:75,120652776
DA:76,120652776
DA:82,29856960
DA:85,101839968
DA:86,71983008
DA:90,167626524
DA:99,74517764
DA:105,390702396
DA:120,44460504
DA:122,52699016
DA:124,52699016
DA:125,0
DA:126,52699016
DA:127,52699016
DA:132,12388108
DA:138,12388108
DA:143,12388108
LF:23
LH:18
end_of_record
TN:
SF:/usr/share/miniconda/envs/moose/libmesh/include/metaphysicl/dynamicsparsenumberbase.h
FN:48,_ZN11MetaPhysicL23DynamicSparseNumberBaseINS_22DynamicStdArrayWrapperIdNS_8NWrapperILm53EEEEENS1_ImS3_EENS_28SemiDynamicSparseNumberArrayEJdmS3_EE6resizeEm
FN:284,_ZN11MetaPhysicL23DynamicSparseNumberBaseINS_22DynamicStdArrayWrapperIdNS_8NWrapperILm53EEEEENS1_ImS3_EENS_28SemiDynamicSparseNumberArrayEJdmS3_EE14sparsity_unionIS5_EEvRKT_
FN:555,_ZN11MetaPhysicL23DynamicSparseNumberBaseINS_22DynamicStdArrayWrapperIdNS_8NWrapperILm53EEEEENS1_ImS3_EENS_28SemiDynamicSparseNumberArrayEJdmS3_EEpLIJdmS3_EEERNS6_IdmS3_EERKNS6_IDpT_EE
FN:590,_ZN11MetaPhysicL23DynamicSparseNumberBaseINS_22DynamicStdArrayWrapperIdNS_8NWrapperILm53EEEEENS1_ImS3_EENS_28SemiDynamicSparseNumberArrayEJdmS3_EEmIIJdmS3_EEERNS6_IdmS3_EERKNS6_IDpT_EE
FN:952,_ZN11MetaPhysicLmlINS_28SemiDynamicSparseNumberArrayENS_22DynamicStdArrayWrapperIdNS_8NWrapperILm53EEEEENS2_ImS4_EEJdmS4_EdEENS_14MultipliesTypeIT_IJDpT2_EET3_Lb1EvE9supertypeERKSC_RKNS_23DynamicSparseNumberBaseIT0_T1_T_JSA_EEE
FN:974,_ZN11MetaPhysicLmlINS_28SemiDynamicSparseNumberArrayENS_22DynamicStdArrayWrapperIdNS_8NWrapperILm53EEEEENS2_ImS4_EEJdmS4_EdEENS_14MultipliesTypeIT_IJDpT2_EET3_Lb0EvE9supertypeERKNS_23DynamicSparseNumberBaseIT0_T1_T_JSA_EEERKSC_
FN:995,_ZN11MetaPhysicLdvINS_28SemiDynamicSparseNumberArrayENS_22DynamicStdArrayWrapperIdNS_8NWrapperILm53EEEEENS2_ImS4_EEJdmS4_EdEENS_11DividesTypeIT_IJDpT2_EET3_Lb0EvE9supertypeERKNS_23DynamicSparseNumberBaseIT0_T1_T_JSA_EEERKSC_
FNDA:26349508,_ZN11MetaPhysicL23DynamicSparseNumberBaseINS_22DynamicStdArrayWrapperIdNS_8NWrapperILm53EEEEENS1_ImS3_EENS_28SemiDynamicSparseNumberArrayEJdmS3_EE6resizeEm
FNDA:28933308,_ZN11MetaPhysicL23DynamicSparseNumberBaseINS_22DynamicStdArrayWrapperIdNS_8NWrapperILm53EEEEENS1_ImS3_EENS_28SemiDynamicSparseNumberArrayEJdmS3_EEpLIJdmS3_EEERNS6_IdmS3_EERKNS6_IDpT_EE
FNDA:0,_ZN11MetaPhysicLdvINS_28SemiDynamicSparseNumberArrayENS_22DynamicStdArrayWrapperIdNS_8NWrapperILm53EEEEENS2_ImS4_EEJdmS4_EdEENS_11DividesTypeIT_IJDpT2_EET3_Lb0EvE9supertypeERKNS_23DynamicSparseNumberBaseIT0_T1_T_JSA_EEERKSC_
FNDA:13961400,_ZN11MetaPhysicLmlINS_28SemiDynamicSparseNumberArrayENS_22DynamicStdArrayWrapperIdNS_8NWrapperILm53EEEEENS2_ImS4_EEJdmS4_EdEENS_14MultipliesTypeIT_IJDpT2_EET3_Lb1EvE9supertypeERKSC_RKNS_23DynamicSparseNumberBaseIT0_T1_T_JSA_EEE
FNDA:0,_ZN11MetaPhysicLmlINS_28SemiDynamicSparseNumberArrayENS_22DynamicStdArrayWrapperIdNS_8NWrapperILm53EEEEENS2_ImS4_EEJdmS4_EdEENS_14MultipliesTypeIT_IJDpT2_EET3_Lb0EvE9supertypeERKNS_23DynamicSparseNumberBaseIT0_T1_T_JSA_EEERKSC_
FNDA:4516372,_ZN11MetaPhysicL23DynamicSparseNumberBaseINS_22DynamicStdArrayWrapperIdNS_8NWrapperILm53EEEEENS1_ImS3_EENS_28SemiDynamicSparseNumberArrayEJdmS3_EEmIIJdmS3_EEERNS6_IdmS3_EERKNS6_IDpT_EE
FNDA:33449680,_ZN11MetaPhysicL23DynamicSparseNumberBaseINS_22DynamicStdArrayWrapperIdNS_8NWrapperILm53EEEEENS1_ImS3_EENS_28SemiDynamicSparseNumberArrayEJdmS3_EE14sparsity_unionIS5_EEvRKT_
FNF:7
FNH:5
DA:48,26349508
DA:50,26349508
DA:51,26349508
DA:55,153665124
DA:99,30207280
DA:129,33449680
DA:284,33449680
DA:306,78110484
DA:307,44660804
DA:308,44660804
DA:310,66481300
DA:311,21820496
DA:312,21820496
DA:315,126453476
DA:316,126453476
DA:317,81792672
DA:318,81792672
DA:319,81792672
DA:320,81792672
DA:323,109079160
DA:324,76696784
DA:325,76696784
DA:326,76696784
DA:328,64418356
DA:333,33449680
DA:338,12388108
DA:359,106869532
DA:360,94481424
DA:361,32013712
DA:362,32013712
DA:363,76696784
DA:364,76696784
DA:367,17784640
DA:368,16219640
DA:372,17784640
DA:373,17784640
DA:555,28933308
DA:558,28933308
DA:566,166973020
DA:568,138039712
DA:569,138039712
DA:571,277031296
DA:572,138991584
DA:573,138991584
DA:575,138991584
DA:579,138039712
DA:582,28933308
DA:590,4516372
DA:593,4516372
DA:601,24966116
DA:603,20449744
DA:604,20449744
DA:606,39895140
DA:607,19445396
DA:608,19445396
DA:610,19445396
DA:614,20449744
DA:617,4516372
DA:695,101889232
DA:696,84607712
DA:707,2719844
DA:708,1890368
DA:952,13961400
DA:954,13961400
DA:958,13961400
DA:960,44168680
DA:961,30207280
DA:962,30207280
DA:965,13961400
DA:974,0
DA:976,0
DA:980,0
DA:982,0
DA:983,0
DA:984,0
DA:986,0
DA:995,0
DA:997,0
DA:1000,0
DA:1002,0
DA:1003,0
DA:1004,0
DA:1007,0
LF:83
LH:69
end_of_record
TN:
SF:/usr/share/miniconda/envs/moose/libmesh/include/metaphysicl/dynamicsparsenumberbase_decl.h
FN:72,_ZN11MetaPhysicL23DynamicSparseNumberBaseINS_22DynamicStdArrayWrapperIdNS_8NWrapperILm53EEEEENS1_ImS3_EENS_28SemiDynamicSparseNumberArrayEJdmS3_EEC2EOS7_
FN:75,_ZN11MetaPhysicL23DynamicSparseNumberBaseINS_22DynamicStdArrayWrapperIdNS_8NWrapperILm53EEEEENS1_ImS3_EENS_28SemiDynamicSparseNumberArrayEJdmS3_EEaSEOS7_
FN:81,_ZN11MetaPhysicL23DynamicSparseNumberBaseINS_22DynamicStdArrayWrapperIdNS_8NWrapperILm53EEEEENS1_ImS3_EENS_28SemiDynamicSparseNumberArrayEJdmS3_EEaSERKS7_
FNDA:60326388,_ZN11MetaPhysicL23DynamicSparseNumberBaseINS_22DynamicStdArrayWrapperIdNS_8NWrapperILm53EEEEENS1_ImS3_EENS_28SemiDynamicSparseNumberArrayEJdmS3_EEaSERKS7_
FNDA:14928480,_ZN11MetaPhysicL23DynamicSparseNumberBaseINS_22DynamicStdArrayWrapperIdNS_8NWrapperILm53EEEEENS1_ImS3_EENS_28SemiDynamicSparseNumberArrayEJdmS3_EEaSEOS7_
FNDA:0,_ZN11MetaPhysicL23DynamicSparseNumberBaseINS_22DynamicStdArrayWrapperIdNS_8NWrapperILm53EEEEENS1_ImS3_EENS_28SemiDynamicSparseNumberArrayEJdmS3_EEC2EOS7_
FNF:3
FNH:2
DA:72,0
DA:75,14928480
DA:81,60326388
LF:3
LH:2
end_of_record
TN:
SF:/usr/share/miniconda/envs/moose/libmesh/include/metaphysicl/metaphysicl_exceptions.h
FNF:0
FNH:0
DA:45,0
LF:1
LH:0
end_of_record
TN:
SF:/usr/share/miniconda/envs/moose/libmesh/include/metaphysicl/raw_type.h
FNF:0
FNH:0
DA:73,6777584
DA:88,664432
LF:2
LH:2
end_of_record
TN:
SF:/usr/share/miniconda/envs/moose/libmesh/include/metaphysicl/semidynamicsparsenumberarray.h
FNF:0
FNH:0
DA:84,0
DA:85,0
LF:2
LH:0
end_of_record
TN:
SF:/usr/share/miniconda/envs/moose/libmesh/include/metaphysicl/semidynamicsparsenumberarray_decl.h
FNF:0
FNH:0
DA:34,17994716
DA:56,0
DA:58,14928480
DA:62,60326388
LF:4
LH:3
end_of_record
TN:
SF:/usr/share/miniconda/envs/moose/x86_64-conda-linux-gnu/include/c++/10.4.0/array
FNF:0
FNH:0
DA:235,42245068
DA:239,187552136
LF:2
LH:2
end_of_record
TN:
SF:/usr/share/miniconda/envs/moose/x86_64-conda-linux-gnu/include/c++/10.4.0/bits/alloc_traits.h
FN:459,_ZNSt16allocator_traitsISaIdEE8allocateERS0_m
FN:459,_ZNSt16allocator_traitsISaISt6vectorISt4pairIbN11MetaPhysicL10DualNumberIdNS2_28SemiDynamicSparseNumberArrayIdmNS2_8NWrapperILm53EEEEELb1EEEESaIS9_EEEE8allocateERSC_m
FN:459,_ZNSt16allocator_traitsISaIPNSt8__detail15_Hash_node_baseEEE8allocateERS3_m
FN:459,_ZNSt16allocator_traitsISaINSt7__cxx1112basic_stringIcSt11char_traitsIcESaIcEEEEE8allocateERS6_m
FN:459,_ZNSt16allocator_traitsISaISt6vectorISt4pairIbdESaIS2_EEEE8allocateERS5_m
FN:459,_ZNSt16allocator_traitsISaIPK8FunctionEE8allocateERS3_m
FN:459,_ZNSt16allocator_traitsISaI12BoundaryNameEE8allocateERS1_m
FN:459,_ZNSt16allocator_traitsISaIPK10MooseArrayIN7libMesh11VectorValueIN11MetaPhysicL10DualNumberIdNS3_28SemiDynamicSparseNumberArrayIdmNS3_8NWrapperILm53EEEEELb1EEEEEEEE8allocateERSE_m
FN:459,_ZNSt16allocator_traitsISaI21NonlinearVariableNameEE8allocateERS1_m
FN:459,_ZNSt16allocator_traitsISaISt4pairIbdEEE8allocateERS2_m
FN:459,_ZNSt16allocator_traitsISaISt4pairIbN11MetaPhysicL10DualNumberIdNS1_28SemiDynamicSparseNumberArrayIdmNS1_8NWrapperILm53EEEEELb1EEEEEE8allocateERS9_m
FN:459,_ZNSt16allocator_traitsISaIPK10MooseArrayIN7libMesh11VectorValueIdEEEEE8allocateERS7_m
FN:459,_ZNSt16allocator_traitsISaIP13PropertyValueEE8allocateERS2_m
FN:459,_ZNSt16allocator_traitsISaI12FunctionNameEE8allocateERS1_m
FNDA:178,_ZNSt16allocator_traitsISaI12BoundaryNameEE8allocateERS1_m
FNDA:21,_ZNSt16allocator_traitsISaIPK10MooseArrayIN7libMesh11VectorValueIN11MetaPhysicL10DualNumberIdNS3_28SemiDynamicSparseNumberArrayIdmNS3_8NWrapperILm53EEEEELb1EEEEEEEE8allocateERSE_m
FNDA:0,_ZNSt16allocator_traitsISaISt6vectorISt4pairIbN11MetaPhysicL10DualNumberIdNS2_28SemiDynamicSparseNumberArrayIdmNS2_8NWrapperILm53EEEEELb1EEEESaIS9_EEEE8allocateERSC_m
FNDA:0,_ZNSt16allocator_traitsISaIPNSt8__detail15_Hash_node_baseEEE8allocateERS3_m
FNDA:62379,_ZNSt16allocator_traitsISaIdEE8allocateERS0_m
FNDA:0,_ZNSt16allocator_traitsISaISt6vectorISt4pairIbdESaIS2_EEEE8allocateERS5_m
FNDA:3,_ZNSt16allocator_traitsISaIPK8FunctionEE8allocateERS3_m
FNDA:0,_ZNSt16allocator_traitsISaINSt7__cxx1112basic_stringIcSt11char_traitsIcESaIcEEEEE8allocateERS6_m
FNDA:10,_ZNSt16allocator_traitsISaI12FunctionNameEE8allocateERS1_m
FNDA:2421,_ZNSt16allocator_traitsISaIP13PropertyValueEE8allocateERS2_m
FNDA:4,_ZNSt16allocator_traitsISaI21NonlinearVariableNameEE8allocateERS1_m
FNDA:21,_ZNSt16allocator_traitsISaIPK10MooseArrayIN7libMesh11VectorValueIdEEEEE8allocateERS7_m
FNDA:0,_ZNSt16allocator_traitsISaISt4pairIbdEEE8allocateERS2_m
FNDA:0,_ZNSt16allocator_traitsISaISt4pairIbN11MetaPhysicL10DualNumberIdNS1_28SemiDynamicSparseNumberArrayIdmNS1_8NWrapperILm53EEEEELb1EEEEEE8allocateERS9_m
FNF:14
FNH:8
DA:459,65037
DA:460,65037
DA:492,4385
DA:512,59179
DA:516,347824
LF:5
LH:5
end_of_record
TN:
SF:/usr/share/miniconda/envs/moose/x86_64-conda-linux-gnu/include/c++/10.4.0/bits/allocated_ptr.h
FN:70,_ZNSt15__allocated_ptrISaISt23_Sp_counted_ptr_inplaceI20BVStressComponentAuxSaIS1_ELN9__gnu_cxx12_Lock_policyE2EEEED2Ev
FN:70,_ZNSt15__allocated_ptrISaISt23_Sp_counted_ptr_inplaceI16BVPressureActionSaIS1_ELN9__gnu_cxx12_Lock_policyE2EEEED2Ev
FN:70,_ZNSt15__allocated_ptrISaISt23_Sp_counted_ptr_inplaceINSt13__future_base13_State_baseV2ESaIS2_ELN9__gnu_cxx12_Lock_policyE2EEEED2Ev
FN:70,_ZNSt15__allocated_ptrISaISt23_Sp_counted_ptr_inplaceI27BVSinglePhaseTimeDerivativeSaIS1_ELN9__gnu_cxx12_Lock_policyE2EEEED2Ev
FN:70,_ZNSt15__allocated_ptrISaISt23_Sp_counted_ptr_inplaceI9BeaverAppSaIS1_ELN9__gnu_cxx12_Lock_policyE2EEEED2Ev
FN:70,_ZNSt15__allocated_ptrISaISt23_Sp_counted_ptr_inplaceISt5mutexSaIS1_ELN9__gnu_cxx12_Lock_policyE2EEEED2Ev
FN:70,_ZNSt15__allocated_ptrISaISt23_Sp_counted_ptr_inplaceI16BVMisesStressAuxSaIS1_ELN9__gnu_cxx12_Lock_policyE2EEEED2Ev
FN:70,_ZNSt15__allocated_ptrISaISt23_Sp_counted_ptr_inplaceI18BVStressDivergenceSaIS1_ELN9__gnu_cxx12_Lock_policyE2EEEED2Ev
FN:70,_ZNSt15__allocated_ptrISaISt23_Sp_counted_ptr_inplaceI18BVConstantPorositySaIS1_ELN9__gnu_cxx12_Lock_policyE2EEEED2Ev
FN:70,_ZNSt15__allocated_ptrISaISt23_Sp_counted_ptr_inplaceI22BVConstantPermeabilitySaIS1_ELN9__gnu_cxx12_Lock_policyE2EEEED2Ev
FN:70,_ZNSt15__allocated_ptrISaISt23_Sp_counted_ptr_inplaceI20BVStrainComponentAuxSaIS1_ELN9__gnu_cxx12_Lock_policyE2EEEED2Ev
FN:70,_ZNSt15__allocated_ptrISaISt23_Sp_counted_ptr_inplaceI18BVDarcyVelocityAuxSaIS1_ELN9__gnu_cxx12_Lock_policyE2EEEED2Ev
FN:70,_ZNSt15__allocated_ptrISaISt23_Sp_counted_ptr_inplaceI23BVPoroMechanicsMaterialSaIS1_ELN9__gnu_cxx12_Lock_policyE2EEEED2Ev
FN:70,_ZNSt15__allocated_ptrISaISt23_Sp_counted_ptr_inplaceI18BVSinglePhaseDarcySaIS1_ELN9__gnu_cxx12_Lock_policyE2EEEED2Ev
FN:70,_ZNSt15__allocated_ptrISaISt23_Sp_counted_ptr_inplaceI13BVPressureAuxSaIS1_ELN9__gnu_cxx12_Lock_policyE2EEEED2Ev
FN:70,_ZNSt15__allocated_ptrISaISt23_Sp_counted_ptr_inplaceI17BVFluidPropertiesSaIS1_ELN9__gnu_cxx12_Lock_policyE2EEEED2Ev
FN:70,_ZNSt15__allocated_ptrISaISt23_Sp_counted_ptr_inplaceI12BVPressureBCSaIS1_ELN9__gnu_cxx12_Lock_policyE2EEEED2Ev
FN:70,_ZNSt15__allocated_ptrISaISt23_Sp_counted_ptr_inplaceI25BVSinglePhaseFlowMaterialSaIS1_ELN9__gnu_cxx12_Lock_policyE2EEEED2Ev
FN:70,_ZNSt15__allocated_ptrISaISt23_Sp_counted_ptr_inplaceI20BVMechanicalMaterialSaIS1_ELN9__gnu_cxx12_Lock_policyE2EEEED2Ev
FNDA:30,_ZNSt15__allocated_ptrISaISt23_Sp_counted_ptr_inplaceI17BVFluidPropertiesSaIS1_ELN9__gnu_cxx12_Lock_policyE2EEEED2Ev
FNDA:2,_ZNSt15__allocated_ptrISaISt23_Sp_counted_ptr_inplaceI13BVPressureAuxSaIS1_ELN9__gnu_cxx12_Lock_policyE2EEEED2Ev
FNDA:4,_ZNSt15__allocated_ptrISaISt23_Sp_counted_ptr_inplaceI12BVPressureBCSaIS1_ELN9__gnu_cxx12_Lock_policyE2EEEED2Ev
FNDA:30,_ZNSt15__allocated_ptrISaISt23_Sp_counted_ptr_inplaceI25BVSinglePhaseFlowMaterialSaIS1_ELN9__gnu_cxx12_Lock_policyE2EEEED2Ev
FNDA:39,_ZNSt15__allocated_ptrISaISt23_Sp_counted_ptr_inplaceI20BVMechanicalMaterialSaIS1_ELN9__gnu_cxx12_Lock_policyE2EEEED2Ev
FNDA:4,_ZNSt15__allocated_ptrISaISt23_Sp_counted_ptr_inplaceI20BVStrainComponentAuxSaIS1_ELN9__gnu_cxx12_Lock_policyE2EEEED2Ev
FNDA:8,_ZNSt15__allocated_ptrISaISt23_Sp_counted_ptr_inplaceI18BVDarcyVelocityAuxSaIS1_ELN9__gnu_cxx12_Lock_policyE2EEEED2Ev
FNDA:12,_ZNSt15__allocated_ptrISaISt23_Sp_counted_ptr_inplaceI23BVPoroMechanicsMaterialSaIS1_ELN9__gnu_cxx12_Lock_policyE2EEEED2Ev
FNDA:10,_ZNSt15__allocated_ptrISaISt23_Sp_counted_ptr_inplaceI18BVSinglePhaseDarcySaIS1_ELN9__gnu_cxx12_Lock_policyE2EEEED2Ev
FNDA:18,_ZNSt15__allocated_ptrISaISt23_Sp_counted_ptr_inplaceI18BVConstantPorositySaIS1_ELN9__gnu_cxx12_Lock_policyE2EEEED2Ev
FNDA:36,_ZNSt15__allocated_ptrISaISt23_Sp_counted_ptr_inplaceI22BVConstantPermeabilitySaIS1_ELN9__gnu_cxx12_Lock_policyE2EEEED2Ev
FNDA:2,_ZNSt15__allocated_ptrISaISt23_Sp_counted_ptr_inplaceI16BVPressureActionSaIS1_ELN9__gnu_cxx12_Lock_policyE2EEEED2Ev
FNDA:9,_ZNSt15__allocated_ptrISaISt23_Sp_counted_ptr_inplaceI20BVStressComponentAuxSaIS1_ELN9__gnu_cxx12_Lock_policyE2EEEED2Ev
FNDA:0,_ZNSt15__allocated_ptrISaISt23_Sp_counted_ptr_inplaceINSt13__future_base13_State_baseV2ESaIS2_ELN9__gnu_cxx12_Lock_policyE2EEEED2Ev
FNDA:6,_ZNSt15__allocated_ptrISaISt23_Sp_counted_ptr_inplaceI27BVSinglePhaseTimeDerivativeSaIS1_ELN9__gnu_cxx12_Lock_policyE2EEEED2Ev
FNDA:0,_ZNSt15__allocated_ptrISaISt23_Sp_counted_ptr_inplaceI9BeaverAppSaIS1_ELN9__gnu_cxx12_Lock_policyE2EEEED2Ev
FNDA:2,_ZNSt15__allocated_ptrISaISt23_Sp_counted_ptr_inplaceI16BVMisesStressAuxSaIS1_ELN9__gnu_cxx12_Lock_policyE2EEEED2Ev
FNDA:35,_ZNSt15__allocated_ptrISaISt23_Sp_counted_ptr_inplaceI18BVStressDivergenceSaIS1_ELN9__gnu_cxx12_Lock_policyE2EEEED2Ev
FNDA:0,_ZNSt15__allocated_ptrISaISt23_Sp_counted_ptr_inplaceISt5mutexSaIS1_ELN9__gnu_cxx12_Lock_policyE2EEEED2Ev
FNF:19
FNH:16
DA:52,120
DA:53,247
DA:70,247
DA:72,247
DA:74,247
DA:80,127
LF:6
LH:6
end_of_record
TN:
SF:/usr/share/miniconda/envs/moose/x86_64-conda-linux-gnu/include/c++/10.4.0/bits/basic_string.h
FN:533,_ZNSt7__cxx1112basic_stringIcSt11char_traitsIcESaIcEEC2IS3_EEPKcRKS3_
FN:1483,_ZNSt7__cxx1112basic_stringIcSt11char_traitsIcESaIcEE6assignIPcvEERS4_T_S8_
FN:6044,_ZStplIcSt11char_traitsIcESaIcEENSt7__cxx1112basic_stringIT_T0_T1_EERKS8_SA_
FN:6081,_ZStplIcSt11char_traitsIcESaIcEENSt7__cxx1112basic_stringIT_T0_T1_EERKS8_PKS5_
FN:6109,_ZStplIcSt11char_traitsIcESaIcEENSt7__cxx1112basic_stringIT_T0_T1_EEOS8_RKS8_
FN:6121,_ZStplIcSt11char_traitsIcESaIcEENSt7__cxx1112basic_stringIT_T0_T1_EEOS8_S9_
FN:6155,_ZStplIcSt11char_traitsIcESaIcEENSt7__cxx1112basic_stringIT_T0_T1_EEOS8_PKS5_
FN:6620,_ZNSt7__cxx119to_stringEj
FNDA:2,_ZStplIcSt11char_traitsIcESaIcEENSt7__cxx1112basic_stringIT_T0_T1_EEOS8_RKS8_
FNDA:2,_ZStplIcSt11char_traitsIcESaIcEENSt7__cxx1112basic_stringIT_T0_T1_EERKS8_PKS5_
FNDA:0,_ZNSt7__cxx1112basic_stringIcSt11char_traitsIcESaIcEE6assignIPcvEERS4_T_S8_
FNDA:3,_ZStplIcSt11char_traitsIcESaIcEENSt7__cxx1112basic_stringIT_T0_T1_EEOS8_S9_
FNDA:746622,_ZStplIcSt11char_traitsIcESaIcEENSt7__cxx1112basic_stringIT_T0_T1_EERKS8_SA_
FNDA:3,_ZStplIcSt11char_traitsIcESaIcEENSt7__cxx1112basic_stringIT_T0_T1_EEOS8_PKS5_
FNDA:2,_ZNSt7__cxx119to_stringEj
FNDA:13821,_ZNSt7__cxx1112basic_stringIcSt11char_traitsIcESaIcEEC2IS3_EEPKcRKS3_
FNF:8
FNH:7
DA:164,13821
DA:165,16322
DA:167,7613
DA:168,7621
DA:187,438713
DA:191,1724412
DA:195,9029131
DA:201,5272
DA:211,12
DA:219,438713
DA:225,1714292
DA:401,1700471
DA:406,13821
DA:439,3591
DA:533,13821
DA:536,13821
DA:539,13821
DA:540,13821
DA:555,2
DA:565,0
DA:568,8
DA:576,8
DA:585,3
DA:671,4196917
DA:680,0
DA:827,0
DA:915,925320
DA:921,3
DA:979,4
DA:1054,1
DA:1162,0
DA:1206,749124
DA:1379,166011
DA:1483,0
DA:1484,0
DA:1653,0
DA:6044,746622
DA:6047,746622
DA:6049,746622
DA:6081,2
DA:6084,2
DA:6085,2
DA:6086,2
DA:6109,2
DA:6111,2
DA:6121,3
DA:6134,3
DA:6135,4
DA:6155,3
DA:6157,3
DA:6292,42988927
DA:6485,1458
DA:6620,2
DA:6622,2
DA:6623,2
DA:6624,2
LF:56
LH:49
end_of_record
TN:
SF:/usr/share/miniconda/envs/moose/x86_64-conda-linux-gnu/include/c++/10.4.0/bits/basic_string.tcc
FN:206,_ZNSt7__cxx1112basic_stringIcSt11char_traitsIcESaIcEE12_M_constructIPKcEEvT_S8_St20forward_iterator_tag
FN:206,_ZNSt7__cxx1112basic_stringIcSt11char_traitsIcESaIcEE12_M_constructIPcEEvT_S7_St20forward_iterator_tag
FN:1152,_ZStplIcSt11char_traitsIcESaIcEENSt7__cxx1112basic_stringIT_T0_T1_EEPKS5_RKS8_
FNDA:1700471,_ZNSt7__cxx1112basic_stringIcSt11char_traitsIcESaIcEE12_M_constructIPcEEvT_S7_St20forward_iterator_tag
FNDA:13821,_ZNSt7__cxx1112basic_stringIcSt11char_traitsIcESaIcEE12_M_constructIPKcEEvT_S8_St20forward_iterator_tag
FNDA:2499,_ZStplIcSt11char_traitsIcESaIcEENSt7__cxx1112basic_stringIT_T0_T1_EEPKS5_RKS8_
FNF:3
FNH:3
DA:206,1714292
DA:211,1714292
DA:212,0
DA:215,1714292
DA:217,1714292
DA:219,438713
DA:220,438713
DA:232,1714292
DA:233,1714292
DA:1152,2499
DA:1164,2499
DA:1165,2499
DA:1167,2499
LF:13
LH:12
end_of_record
TN:
SF:/usr/share/miniconda/envs/moose/x86_64-conda-linux-gnu/include/c++/10.4.0/bits/char_traits.h
FNF:0
FNH:0
DA:357,4699
DA:374,3927498
DA:389,3927498
DA:399,16320
LF:4
LH:4
end_of_record
TN:
SF:/usr/share/miniconda/envs/moose/x86_64-conda-linux-gnu/include/c++/10.4.0/bits/charconv.h
FN:47,_ZNSt8__detail14__to_chars_lenIjEEjT_i
FN:72,_ZNSt8__detail18__to_chars_10_implIjEEvPcjT_
FNDA:2,_ZNSt8__detail14__to_chars_lenIjEEjT_i
FNDA:1156,_ZNSt8__detail18__to_chars_10_implIjEEvPcjT_
FNF:2
FNH:2
DA:47,2
DA:53,2
DA:54,2
DA:55,2
DA:58,2
DA:59,0
DA:60,0
DA:61,0
DA:62,0
DA:63,0
DA:72,1156
DA:83,1156
DA:84,1366
DA:86,210
DA:87,210
DA:88,210
DA:89,210
DA:90,210
DA:92,1156
DA:94,739
DA:95,739
DA:96,739
DA:99,417
DA:100,1156
LF:24
LH:19
end_of_record
TN:
SF:/usr/share/miniconda/envs/moose/x86_64-conda-linux-gnu/include/c++/10.4.0/bits/hashtable.h
FN:290,_ZNSt10_HashtableImSt4pairIKmSt6vectorIS0_IbN11MetaPhysicL10DualNumberIdNS3_28SemiDynamicSparseNumberArrayIdmNS3_8NWrapperILm53EEEEELb1EEEESaISA_EEESaISD_ENSt8__detail10_Select1stESt8equal_toImESt4hashImENSF_18_Mod_range_hashingENSF_20_Default_ranged_hashENSF_20_Prime_rehash_policyENSF_17_Hashtable_traitsILb0ELb0ELb1EEEE12_Scoped_nodeD2Ev
FN:290,_ZNSt10_HashtableImSt4pairIKmSt6vectorIS2_IS0_IbN11MetaPhysicL10DualNumberIdNS3_28SemiDynamicSparseNumberArrayIdmNS3_8NWrapperILm53EEEEELb1EEEESaISA_EESaISC_EEESaISF_ENSt8__detail10_Select1stESt8equal_toImESt4hashImENSH_18_Mod_range_hashingENSH_20_Default_ranged_hashENSH_20_Prime_rehash_policyENSH_17_Hashtable_traitsILb0ELb0ELb1EEEE12_Scoped_nodeD2Ev
FN:290,_ZNSt10_HashtableImSt4pairIKmSt6vectorIS0_IbdESaIS3_EEESaIS6_ENSt8__detail10_Select1stESt8equal_toImESt4hashImENS8_18_Mod_range_hashingENS8_20_Default_ranged_hashENS8_20_Prime_rehash_policyENS8_17_Hashtable_traitsILb0ELb0ELb1EEEE12_Scoped_nodeD2Ev
FN:290,_ZNSt10_HashtableImSt4pairIKmSt6vectorIS2_IS0_IbdESaIS3_EESaIS5_EEESaIS8_ENSt8__detail10_Select1stESt8equal_toImESt4hashImENSA_18_Mod_range_hashingENSA_20_Default_ranged_hashENSA_20_Prime_rehash_policyENSA_17_Hashtable_traitsILb0ELb0ELb1EEEE12_Scoped_nodeD2Ev
FN:425,_ZNSt10_HashtableImSt4pairIKmSt6vectorIS0_IbdESaIS3_EEESaIS6_ENSt8__detail10_Select1stESt8equal_toImESt4hashImENS8_18_Mod_range_hashingENS8_20_Default_ranged_hashENS8_20_Prime_rehash_policyENS8_17_Hashtable_traitsILb0ELb0ELb1EEEE21_M_deallocate_bucketsEv
FN:425,_ZNSt10_HashtableINSt7__cxx1112basic_stringIcSt11char_traitsIcESaIcEEESt4pairIKS5_St10unique_ptrI10MooseArrayIN5Eigen6MatrixIdLin1ELi1ELi0ELin1ELi1EEEESt14default_deleteISD_EEESaISH_ENSt8__detail10_Select1stESt8equal_toIS5_ESt4hashIS5_ENSJ_18_Mod_range_hashingENSJ_20_Default_ranged_hashENSJ_20_Prime_rehash_policyENSJ_17_Hashtable_traitsILb1ELb0ELb1EEEE21_M_deallocate_bucketsEv
FN:425,_ZNSt10_HashtableINSt7__cxx1112basic_stringIcSt11char_traitsIcESaIcEEESt4pairIKS5_St10unique_ptrI10MooseArrayIN7libMesh11VectorValueIdEEESt14default_deleteISD_EEESaISH_ENSt8__detail10_Select1stESt8equal_toIS5_ESt4hashIS5_ENSJ_18_Mod_range_hashingENSJ_20_Default_ranged_hashENSJ_20_Prime_rehash_policyENSJ_17_Hashtable_traitsILb1ELb0ELb1EEEE21_M_deallocate_bucketsEv
FN:425,_ZNSt10_HashtableINSt7__cxx1112basic_stringIcSt11char_traitsIcESaIcEEESt4pairIKS5_St6vectorIjSaIjEEESaISB_ENSt8__detail10_Select1stESt8equal_toIS5_ESt4hashIS5_ENSD_18_Mod_range_hashingENSD_20_Default_ranged_hashENSD_20_Prime_rehash_policyENSD_17_Hashtable_traitsILb1ELb0ELb1EEEE21_M_deallocate_bucketsEv
FN:425,_ZNSt10_HashtableINSt7__cxx1112basic_stringIcSt11char_traitsIcESaIcEEESt4pairIKS5_S5_ESaIS8_ENSt8__detail10_Select1stESt8equal_toIS5_ESt4hashIS5_ENSA_18_Mod_range_hashingENSA_20_Default_ranged_hashENSA_20_Prime_rehash_policyENSA_17_Hashtable_traitsILb1ELb0ELb1EEEE21_M_deallocate_bucketsEv
FN:425,_ZNSt10_HashtableINSt7__cxx1112basic_stringIcSt11char_traitsIcESaIcEEESt4pairIKS5_St10unique_ptrI10MooseArrayIdESt14default_deleteISA_EEESaISE_ENSt8__detail10_Select1stESt8equal_toIS5_ESt4hashIS5_ENSG_18_Mod_range_hashingENSG_20_Default_ranged_hashENSG_20_Prime_rehash_policyENSG_17_Hashtable_traitsILb1ELb0ELb1EEEE21_M_deallocate_bucketsEv
FN:425,_ZNSt10_HashtableImSt4pairIKmSt6vectorIS2_IS0_IbN11MetaPhysicL10DualNumberIdNS3_28SemiDynamicSparseNumberArrayIdmNS3_8NWrapperILm53EEEEELb1EEEESaISA_EESaISC_EEESaISF_ENSt8__detail10_Select1stESt8equal_toImESt4hashImENSH_18_Mod_range_hashingENSH_20_Default_ranged_hashENSH_20_Prime_rehash_policyENSH_17_Hashtable_traitsILb0ELb0ELb1EEEE21_M_deallocate_bucketsEv
FN:425,_ZNSt10_HashtableINSt7__cxx1112basic_stringIcSt11char_traitsIcESaIcEEESt4pairIKS5_St6vectorISt10unique_ptrI10MooseArrayIdESt14default_deleteISB_EESaISE_EEESaISH_ENSt8__detail10_Select1stESt8equal_toIS5_ESt4hashIS5_ENSJ_18_Mod_range_hashingENSJ_20_Default_ranged_hashENSJ_20_Prime_rehash_policyENSJ_17_Hashtable_traitsILb1ELb0ELb1EEEE21_M_deallocate_bucketsEv
FN:425,_ZNSt10_HashtableINSt7__cxx1112basic_stringIcSt11char_traitsIcESaIcEEESt4pairIKS5_St10unique_ptrI10MooseArrayIN11MetaPhysicL10DualNumberIdNSA_28SemiDynamicSparseNumberArrayIdmNSA_8NWrapperILm53EEEEELb1EEEESt14default_deleteISH_EEESaISL_ENSt8__detail10_Select1stESt8equal_toIS5_ESt4hashIS5_ENSN_18_Mod_range_hashingENSN_20_Default_ranged_hashENSN_20_Prime_rehash_policyENSN_17_Hashtable_traitsILb1ELb0ELb1EEEE21_M_deallocate_bucketsEv
FN:425,_ZNSt10_HashtableINSt7__cxx1112basic_stringIcSt11char_traitsIcESaIcEEESt4pairIKS5_St6vectorIP19MooseVariableScalarSaISA_EEESaISD_ENSt8__detail10_Select1stESt8equal_toIS5_ESt4hashIS5_ENSF_18_Mod_range_hashingENSF_20_Default_ranged_hashENSF_20_Prime_rehash_policyENSF_17_Hashtable_traitsILb1ELb0ELb1EEEE21_M_deallocate_bucketsEv
FN:425,_ZNSt10_HashtableINSt7__cxx1112basic_stringIcSt11char_traitsIcESaIcEEESt4pairIKS5_St6vectorIP22MooseVariableFieldBaseSaISA_EEESaISD_ENSt8__detail10_Select1stESt8equal_toIS5_ESt4hashIS5_ENSF_18_Mod_range_hashingENSF_20_Default_ranged_hashENSF_20_Prime_rehash_policyENSF_17_Hashtable_traitsILb1ELb0ELb1EEEE21_M_deallocate_bucketsEv
FN:425,_ZNSt10_HashtableINSt7__cxx1112basic_stringIcSt11char_traitsIcESaIcEEESt4pairIKS5_St10unique_ptrI10MooseArrayIN7libMesh11VectorValueIN11MetaPhysicL10DualNumberIdNSC_28SemiDynamicSparseNumberArrayIdmNSC_8NWrapperILm53EEEEELb1EEEEEESt14default_deleteISK_EEESaISO_ENSt8__detail10_Select1stESt8equal_toIS5_ESt4hashIS5_ENSQ_18_Mod_range_hashingENSQ_20_Default_ranged_hashENSQ_20_Prime_rehash_policyENSQ_17_Hashtable_traitsILb1ELb0ELb1EEEE21_M_deallocate_bucketsEv
FN:425,_ZNSt10_HashtableImSt4pairIKmSt6vectorIS0_IbN11MetaPhysicL10DualNumberIdNS3_28SemiDynamicSparseNumberArrayIdmNS3_8NWrapperILm53EEEEELb1EEEESaISA_EEESaISD_ENSt8__detail10_Select1stESt8equal_toImESt4hashImENSF_18_Mod_range_hashingENSF_20_Default_ranged_hashENSF_20_Prime_rehash_policyENSF_17_Hashtable_traitsILb0ELb0ELb1EEEE21_M_deallocate_bucketsEv
FN:425,_ZNSt10_HashtableImSt4pairIKmSt6vectorIS2_IS0_IbdESaIS3_EESaIS5_EEESaIS8_ENSt8__detail10_Select1stESt8equal_toImESt4hashImENSA_18_Mod_range_hashingENSA_20_Default_ranged_hashENSA_20_Prime_rehash_policyENSA_17_Hashtable_traitsILb0ELb0ELb1EEEE21_M_deallocate_bucketsEv
FN:1622,_ZNKSt10_HashtableImSt4pairIKmSt6vectorIS2_IS0_IbN11MetaPhysicL10DualNumberIdNS3_28SemiDynamicSparseNumberArrayIdmNS3_8NWrapperILm53EEEEELb1EEEESaISA_EESaISC_EEESaISF_ENSt8__detail10_Select1stESt8equal_toImESt4hashImENSH_18_Mod_range_hashingENSH_20_Default_ranged_hashENSH_20_Prime_rehash_policyENSH_17_Hashtable_traitsILb0ELb0ELb1EEEE19_M_find_before_nodeEmRS1_m
FN:1622,_ZNKSt10_HashtableImSt4pairIKmSt6vectorIS0_IbN11MetaPhysicL10DualNumberIdNS3_28SemiDynamicSparseNumberArrayIdmNS3_8NWrapperILm53EEEEELb1EEEESaISA_EEESaISD_ENSt8__detail10_Select1stESt8equal_toImESt4hashImENSF_18_Mod_range_hashingENSF_20_Default_ranged_hashENSF_20_Prime_rehash_policyENSF_17_Hashtable_traitsILb0ELb0ELb1EEEE19_M_find_before_nodeEmRS1_m
FN:1622,_ZNKSt10_HashtableImSt4pairIKmSt6vectorIS0_IbdESaIS3_EEESaIS6_ENSt8__detail10_Select1stESt8equal_toImESt4hashImENS8_18_Mod_range_hashingENS8_20_Default_ranged_hashENS8_20_Prime_rehash_policyENS8_17_Hashtable_traitsILb0ELb0ELb1EEEE19_M_find_before_nodeEmRS1_m
FN:1622,_ZNKSt10_HashtableImSt4pairIKmSt6vectorIS2_IS0_IbdESaIS3_EESaIS5_EEESaIS8_ENSt8__detail10_Select1stESt8equal_toImESt4hashImENSA_18_Mod_range_hashingENSA_20_Default_ranged_hashENSA_20_Prime_rehash_policyENSA_17_Hashtable_traitsILb0ELb0ELb1EEEE19_M_find_before_nodeEmRS1_m
FN:1650,_ZNSt10_HashtableImSt4pairIKmSt6vectorIS0_IbdESaIS3_EEESaIS6_ENSt8__detail10_Select1stESt8equal_toImESt4hashImENS8_18_Mod_range_hashingENS8_20_Default_ranged_hashENS8_20_Prime_rehash_policyENS8_17_Hashtable_traitsILb0ELb0ELb1EEEE22_M_insert_bucket_beginEmPNS8_10_Hash_nodeIS6_Lb0EEE
FN:1650,_ZNSt10_HashtableImSt4pairIKmSt6vectorIS2_IS0_IbN11MetaPhysicL10DualNumberIdNS3_28SemiDynamicSparseNumberArrayIdmNS3_8NWrapperILm53EEEEELb1EEEESaISA_EESaISC_EEESaISF_ENSt8__detail10_Select1stESt8equal_toImESt4hashImENSH_18_Mod_range_hashingENSH_20_Default_ranged_hashENSH_20_Prime_rehash_policyENSH_17_Hashtable_traitsILb0ELb0ELb1EEEE22_M_insert_bucket_beginEmPNSH_10_Hash_nodeISF_Lb0EEE
FN:1650,_ZNSt10_HashtableImSt4pairIKmSt6vectorIS0_IbN11MetaPhysicL10DualNumberIdNS3_28SemiDynamicSparseNumberArrayIdmNS3_8NWrapperILm53EEEEELb1EEEESaISA_EEESaISD_ENSt8__detail10_Select1stESt8equal_toImESt4hashImENSF_18_Mod_range_hashingENSF_20_Default_ranged_hashENSF_20_Prime_rehash_policyENSF_17_Hashtable_traitsILb0ELb0ELb1EEEE22_M_insert_bucket_beginEmPNSF_10_Hash_nodeISD_Lb0EEE
FN:1650,_ZNSt10_HashtableImSt4pairIKmSt6vectorIS2_IS0_IbdESaIS3_EESaIS5_EEESaIS8_ENSt8__detail10_Select1stESt8equal_toImESt4hashImENSA_18_Mod_range_hashingENSA_20_Default_ranged_hashENSA_20_Prime_rehash_policyENSA_17_Hashtable_traitsILb0ELb0ELb1EEEE22_M_insert_bucket_beginEmPNSA_10_Hash_nodeIS8_Lb0EEE
FN:1769,_ZNSt10_HashtableImSt4pairIKmSt6vectorIS0_IbN11MetaPhysicL10DualNumberIdNS3_28SemiDynamicSparseNumberArrayIdmNS3_8NWrapperILm53EEEEELb1EEEESaISA_EEESaISD_ENSt8__detail10_Select1stESt8equal_toImESt4hashImENSF_18_Mod_range_hashingENSF_20_Default_ranged_hashENSF_20_Prime_rehash_policyENSF_17_Hashtable_traitsILb0ELb0ELb1EEEE21_M_insert_unique_nodeERS1_mmPNSF_10_Hash_nodeISD_Lb0EEEm
FN:1769,_ZNSt10_HashtableImSt4pairIKmSt6vectorIS2_IS0_IbdESaIS3_EESaIS5_EEESaIS8_ENSt8__detail10_Select1stESt8equal_toImESt4hashImENSA_18_Mod_range_hashingENSA_20_Default_ranged_hashENSA_20_Prime_rehash_policyENSA_17_Hashtable_traitsILb0ELb0ELb1EEEE21_M_insert_unique_nodeERS1_mmPNSA_10_Hash_nodeIS8_Lb0EEEm
FN:1769,_ZNSt10_HashtableImSt4pairIKmSt6vectorIS2_IS0_IbN11MetaPhysicL10DualNumberIdNS3_28SemiDynamicSparseNumberArrayIdmNS3_8NWrapperILm53EEEEELb1EEEESaISA_EESaISC_EEESaISF_ENSt8__detail10_Select1stESt8equal_toImESt4hashImENSH_18_Mod_range_hashingENSH_20_Default_ranged_hashENSH_20_Prime_rehash_policyENSH_17_Hashtable_traitsILb0ELb0ELb1EEEE21_M_insert_unique_nodeERS1_mmPNSH_10_Hash_nodeISF_Lb0EEEm
FN:1769,_ZNSt10_HashtableImSt4pairIKmSt6vectorIS0_IbdESaIS3_EEESaIS6_ENSt8__detail10_Select1stESt8equal_toImESt4hashImENS8_18_Mod_range_hashingENS8_20_Default_ranged_hashENS8_20_Prime_rehash_policyENS8_17_Hashtable_traitsILb0ELb0ELb1EEEE21_M_insert_unique_nodeERS1_mmPNS8_10_Hash_nodeIS6_Lb0EEEm
FN:2081,_ZNSt10_HashtableImSt4pairIKmSt6vectorIS2_IS0_IbN11MetaPhysicL10DualNumberIdNS3_28SemiDynamicSparseNumberArrayIdmNS3_8NWrapperILm53EEEEELb1EEEESaISA_EESaISC_EEESaISF_ENSt8__detail10_Select1stESt8equal_toImESt4hashImENSH_18_Mod_range_hashingENSH_20_Default_ranged_hashENSH_20_Prime_rehash_policyENSH_17_Hashtable_traitsILb0ELb0ELb1EEEE5clearEv
FN:2081,_ZNSt10_HashtableINSt7__cxx1112basic_stringIcSt11char_traitsIcESaIcEEESt4pairIKS5_St10unique_ptrI10MooseArrayIN7libMesh11VectorValueIdEEESt14default_deleteISD_EEESaISH_ENSt8__detail10_Select1stESt8equal_toIS5_ESt4hashIS5_ENSJ_18_Mod_range_hashingENSJ_20_Default_ranged_hashENSJ_20_Prime_rehash_policyENSJ_17_Hashtable_traitsILb1ELb0ELb1EEEE5clearEv
FN:2081,_ZNSt10_HashtableINSt7__cxx1112basic_stringIcSt11char_traitsIcESaIcEEESt4pairIKS5_St10unique_ptrI10MooseArrayIN11MetaPhysicL10DualNumberIdNSA_28SemiDynamicSparseNumberArrayIdmNSA_8NWrapperILm53EEEEELb1EEEESt14default_deleteISH_EEESaISL_ENSt8__detail10_Select1stESt8equal_toIS5_ESt4hashIS5_ENSN_18_Mod_range_hashingENSN_20_Default_ranged_hashENSN_20_Prime_rehash_policyENSN_17_Hashtable_traitsILb1ELb0ELb1EEEE5clearEv
FN:2081,_ZNSt10_HashtableImSt4pairIKmSt6vectorIS0_IbN11MetaPhysicL10DualNumberIdNS3_28SemiDynamicSparseNumberArrayIdmNS3_8NWrapperILm53EEEEELb1EEEESaISA_EEESaISD_ENSt8__detail10_Select1stESt8equal_toImESt4hashImENSF_18_Mod_range_hashingENSF_20_Default_ranged_hashENSF_20_Prime_rehash_policyENSF_17_Hashtable_traitsILb0ELb0ELb1EEEE5clearEv
FN:2081,_ZNSt10_HashtableImSt4pairIKmSt6vectorIS0_IbdESaIS3_EEESaIS6_ENSt8__detail10_Select1stESt8equal_toImESt4hashImENS8_18_Mod_range_hashingENS8_20_Default_ranged_hashENS8_20_Prime_rehash_policyENS8_17_Hashtable_traitsILb0ELb0ELb1EEEE5clearEv
FN:2081,_ZNSt10_HashtableImSt4pairIKmSt6vectorIS2_IS0_IbdESaIS3_EESaIS5_EEESaIS8_ENSt8__detail10_Select1stESt8equal_toImESt4hashImENSA_18_Mod_range_hashingENSA_20_Default_ranged_hashENSA_20_Prime_rehash_policyENSA_17_Hashtable_traitsILb0ELb0ELb1EEEE5clearEv
FN:2081,_ZNSt10_HashtableINSt7__cxx1112basic_stringIcSt11char_traitsIcESaIcEEESt4pairIKS5_St6vectorIP22MooseVariableFieldBaseSaISA_EEESaISD_ENSt8__detail10_Select1stESt8equal_toIS5_ESt4hashIS5_ENSF_18_Mod_range_hashingENSF_20_Default_ranged_hashENSF_20_Prime_rehash_policyENSF_17_Hashtable_traitsILb1ELb0ELb1EEEE5clearEv
FN:2081,_ZNSt10_HashtableINSt7__cxx1112basic_stringIcSt11char_traitsIcESaIcEEESt4pairIKS5_St10unique_ptrI10MooseArrayIN5Eigen6MatrixIdLin1ELi1ELi0ELin1ELi1EEEESt14default_deleteISD_EEESaISH_ENSt8__detail10_Select1stESt8equal_toIS5_ESt4hashIS5_ENSJ_18_Mod_range_hashingENSJ_20_Default_ranged_hashENSJ_20_Prime_rehash_policyENSJ_17_Hashtable_traitsILb1ELb0ELb1EEEE5clearEv
FN:2081,_ZNSt10_HashtableINSt7__cxx1112basic_stringIcSt11char_traitsIcESaIcEEESt4pairIKS5_St10unique_ptrI10MooseArrayIN7libMesh11VectorValueIN11MetaPhysicL10DualNumberIdNSC_28SemiDynamicSparseNumberArrayIdmNSC_8NWrapperILm53EEEEELb1EEEEEESt14default_deleteISK_EEESaISO_ENSt8__detail10_Select1stESt8equal_toIS5_ESt4hashIS5_ENSQ_18_Mod_range_hashingENSQ_20_Default_ranged_hashENSQ_20_Prime_rehash_policyENSQ_17_Hashtable_traitsILb1ELb0ELb1EEEE5clearEv
FN:2081,_ZNSt10_HashtableINSt7__cxx1112basic_stringIcSt11char_traitsIcESaIcEEESt4pairIKS5_St6vectorIP19MooseVariableScalarSaISA_EEESaISD_ENSt8__detail10_Select1stESt8equal_toIS5_ESt4hashIS5_ENSF_18_Mod_range_hashingENSF_20_Default_ranged_hashENSF_20_Prime_rehash_policyENSF_17_Hashtable_traitsILb1ELb0ELb1EEEE5clearEv
FN:2081,_ZNSt10_HashtableINSt7__cxx1112basic_stringIcSt11char_traitsIcESaIcEEESt4pairIKS5_St10unique_ptrI10MooseArrayIdESt14default_deleteISA_EEESaISE_ENSt8__detail10_Select1stESt8equal_toIS5_ESt4hashIS5_ENSG_18_Mod_range_hashingENSG_20_Default_ranged_hashENSG_20_Prime_rehash_policyENSG_17_Hashtable_traitsILb1ELb0ELb1EEEE5clearEv
FN:2081,_ZNSt10_HashtableINSt7__cxx1112basic_stringIcSt11char_traitsIcESaIcEEESt4pairIKS5_S5_ESaIS8_ENSt8__detail10_Select1stESt8equal_toIS5_ESt4hashIS5_ENSA_18_Mod_range_hashingENSA_20_Default_ranged_hashENSA_20_Prime_rehash_policyENSA_17_Hashtable_traitsILb1ELb0ELb1EEEE5clearEv
FN:2081,_ZNSt10_HashtableINSt7__cxx1112basic_stringIcSt11char_traitsIcESaIcEEESt4pairIKS5_St6vectorIjSaIjEEESaISB_ENSt8__detail10_Select1stESt8equal_toIS5_ESt4hashIS5_ENSD_18_Mod_range_hashingENSD_20_Default_ranged_hashENSD_20_Prime_rehash_policyENSD_17_Hashtable_traitsILb1ELb0ELb1EEEE5clearEv
[...]
FN:961,_ZSt11make_uniqueIN7libMesh10Parameters9ParameterIbEEJEENSt9_MakeUniqIT_E15__single_objectEDpOT0_
FN:961,_ZSt11make_uniqueIN7libMesh10Parameters9ParameterI21NonlinearVariableNameEEJEENSt9_MakeUniqIT_E15__single_objectEDpOT0_
FN:961,_ZSt11make_uniqueIN7libMesh10Parameters9ParameterI14UserObjectNameEEJEENSt9_MakeUniqIT_E15__single_objectEDpOT0_
FN:961,_ZSt11make_uniqueIN7libMesh10Parameters9ParameterIdEEJEENSt9_MakeUniqIT_E15__single_objectEDpOT0_
FN:961,_ZSt11make_uniqueIN7libMesh10Parameters9ParameterI9MooseEnumEEJEENSt9_MakeUniqIT_E15__single_objectEDpOT0_
FNDA:88859,_ZNSt10unique_ptrIN7libMesh10Parameters5ValueESt14default_deleteIS2_EEaSINS1_9ParameterIdEES3_IS8_EEENSt9enable_ifIXsrSt6__and_IJSB_IJSt14is_convertibleINS_IT_T0_E7pointerEPS2_ESt6__not_ISt8is_arrayISD_EEEESt13is_assignableIRS4_OSE_EEE5valueERS5_E4typeEOSF_
FNDA:238,_ZNSt10unique_ptrIA_N5Eigen6MatrixIdLin1ELi1ELi0ELin1ELi1EEESt14default_deleteIS3_EED2Ev
FNDA:0,_ZNSt10unique_ptrIdSt14default_deleteIdEED2Ev
FNDA:0,_ZNKSt14default_deleteI10MooseArrayIN7libMesh11VectorValueIN11MetaPhysicL10DualNumberIdNS3_28SemiDynamicSparseNumberArrayIdmNS3_8NWrapperILm53EEEEELb1EEEEEEEclEPSB_
FNDA:114695,_ZSt11make_uniqueIN7libMesh10Parameters9ParameterIdEEJEENSt9_MakeUniqIT_E15__single_objectEDpOT0_
FNDA:0,_ZNSt10unique_ptrIN7libMesh10Parameters5ValueESt14default_deleteIS2_EEaSINS1_9ParameterI21NonlinearVariableNameEES3_IS9_EEENSt9enable_ifIXsrSt6__and_IJSC_IJSt14is_convertibleINS_IT_T0_E7pointerEPS2_ESt6__not_ISt8is_arrayISE_EEEESt13is_assignableIRS4_OSF_EEE5valueERS5_E4typeEOSG_
FNDA:0,_ZNSt10unique_ptrI10MooseArrayIN7libMesh11VectorValueIN11MetaPhysicL10DualNumberIdNS3_28SemiDynamicSparseNumberArrayIdmNS3_8NWrapperILm53EEEEELb1EEEEEESt14default_deleteISB_EED2Ev
FNDA:0,_ZNSt15__uniq_ptr_implIN7libMesh10Parameters5ValueESt14default_deleteIS2_EEaSEOS5_
FNDA:30,_ZNKSt14default_deleteIA_18RankTwoTensorTemplIN11MetaPhysicL10DualNumberIdNS1_28SemiDynamicSparseNumberArrayIdmNS1_8NWrapperILm53EEEEELb1EEEEEclIS8_EENSt9enable_ifIXsrSt14is_convertibleIPA_T_PS9_E5valueEvE4typeEPSE_
FNDA:54,_ZNSt10unique_ptrIA_18RankTwoTensorTemplIN11MetaPhysicL10DualNumberIdNS1_28SemiDynamicSparseNumberArrayIdmNS1_8NWrapperILm53EEEEELb1EEEESt14default_deleteIS9_EED2Ev
FNDA:114695,_ZNSt10unique_ptrIN7libMesh10Parameters9ParameterIdEESt14default_deleteIS3_EED2Ev
FNDA:70,_ZNKSt14default_deleteIA_N11MetaPhysicL10DualNumberIdNS0_28SemiDynamicSparseNumberArrayIdmNS0_8NWrapperILm53EEEEELb1EEEEclIS6_EENSt9enable_ifIXsrSt14is_convertibleIPA_T_PS7_E5valueEvE4typeEPSC_
FNDA:17866,_ZNSt10unique_ptrIN7libMesh10Parameters9ParameterIP13FEProblemBaseEESt14default_deleteIS5_EED2Ev
FNDA:66457,_ZSt11make_uniqueIN7libMesh10Parameters9ParameterI9MooseEnumEEJEENSt9_MakeUniqIT_E15__single_objectEDpOT0_
FNDA:0,_ZNKSt14default_deleteIA_N7libMesh11TensorValueIN11MetaPhysicL10DualNumberIdNS2_28SemiDynamicSparseNumberArrayIdmNS2_8NWrapperILm53EEEEELb1EEEEEEclIS9_EENSt9enable_ifIXsrSt14is_convertibleIPA_T_PSA_E5valueEvE4typeEPSF_
FNDA:732161,_ZNSt10unique_ptrIN7libMesh10Parameters5ValueESt14default_deleteIS2_EEaSINS1_9ParameterIbEES3_IS8_EEENSt9enable_ifIXsrSt6__and_IJSB_IJSt14is_convertibleINS_IT_T0_E7pointerEPS2_ESt6__not_ISt8is_arrayISD_EEEESt13is_assignableIRS4_OSE_EEE5valueERS5_E4typeEOSF_
FNDA:168,_ZSt11make_uniqueIN7libMesh10Parameters9ParameterI21NonlinearVariableNameEEJEENSt9_MakeUniqIT_E15__single_objectEDpOT0_
FNDA:12,_ZNKSt14default_deleteI10MooseArrayIdEEclEPS1_
FNDA:0,_ZNSt10unique_ptrI10MooseArrayIN5Eigen6MatrixIdLin1ELi1ELi0ELin1ELi1EEEESt14default_deleteIS4_EED2Ev
FNDA:5064,_ZNSt10unique_ptrIN7libMesh10Parameters5ValueESt14default_deleteIS2_EEaSINS1_9ParameterIjEES3_IS8_EEENSt9enable_ifIXsrSt6__and_IJSB_IJSt14is_convertibleINS_IT_T0_E7pointerEPS2_ESt6__not_ISt8is_arrayISD_EEEESt13is_assignableIRS4_OSE_EEE5valueERS5_E4typeEOSF_
FNDA:838,_ZNSt10unique_ptrIN7libMesh10Parameters9ParameterISt6vectorI12FunctionNameSaIS4_EEEESt14default_deleteIS7_EED2Ev
FNDA:168,_ZNSt10unique_ptrIN7libMesh10Parameters9ParameterI21NonlinearVariableNameEESt14default_deleteIS4_EED2Ev
FNDA:12,_ZNSt10unique_ptrI10MooseArrayIdESt14default_deleteIS1_EED2Ev
FNDA:46998,_ZNSt10unique_ptrIN7libMesh10Parameters9ParameterISt6vectorI12BoundaryNameSaIS4_EEEESt14default_deleteIS7_EED2Ev
FNDA:3795289,_ZNSt10unique_ptrIN7libMesh10Parameters5ValueESt14default_deleteIS2_EED2Ev
FNDA:0,_ZNSt10unique_ptrI33OptionalMaterialPropertyProxyBaseI8MaterialESt14default_deleteIS2_EED2Ev
FNDA:0,_ZNSt10unique_ptrI16MaterialPropertyIN7libMesh11VectorValueIdEEESt14default_deleteIS4_EED2Ev
FNDA:4022,_ZSt11make_uniqueIN7libMesh10Parameters9ParameterI14UserObjectNameEEJEENSt9_MakeUniqIT_E15__single_objectEDpOT0_
FNDA:0,_ZNSt10unique_ptrINSt13__future_base12_Result_baseENS1_8_DeleterEED2Ev
FNDA:0,_ZNKSt14default_deleteIA_N5Eigen6MatrixIdLin1ELi3ELi0ELin1ELi3EEEEclIS2_EENSt9enable_ifIXsrSt14is_convertibleIPA_T_PS3_E5valueEvE4typeEPS8_
FNDA:1034,_ZNKSt14default_deleteIA_18RankTwoTensorTemplIdEEclIS1_EENSt9enable_ifIXsrSt14is_convertibleIPA_T_PS2_E5valueEvE4typeEPS7_
FNDA:0,_ZNSt10unique_ptrI10MooseArrayIN7libMesh11VectorValueIdEEESt14default_deleteIS4_EED2Ev
FNDA:1454,_ZNSt10unique_ptrIN7libMesh10Parameters9ParameterI12FunctionNameEESt14default_deleteIS4_EED2Ev
FNDA:4,_ZNSt10unique_ptrIN5Moose11FunctorBaseIdEESt14default_deleteIS2_EED2Ev
FNDA:0,_ZNSt10unique_ptrI33OptionalMaterialPropertyProxyBaseI25MaterialPropertyInterfaceESt14default_deleteIS2_EED2Ev
FNDA:15,_ZNSt10unique_ptrI10MooseArrayIN11MetaPhysicL10DualNumberIdNS1_28SemiDynamicSparseNumberArrayIdmNS1_8NWrapperILm53EEEEELb1EEEESt14default_deleteIS8_EED2Ev
FNDA:0,_ZNKSt14default_deleteI10MooseArrayIN7libMesh11VectorValueIdEEEEclEPS4_
FNDA:81099,_ZSt11make_uniqueIN7libMesh10Parameters9ParameterIjEEJEENSt9_MakeUniqIT_E15__single_objectEDpOT0_
FNDA:90,_ZSt11make_uniqueIN7libMesh10Parameters9ParameterISt6vectorI21NonlinearVariableNameSaIS4_EEEEJEENSt9_MakeUniqIT_E15__single_objectEDpOT0_
FNDA:81099,_ZNSt10unique_ptrIN7libMesh10Parameters9ParameterIjEESt14default_deleteIS3_EED2Ev
FNDA:0,_ZNSt10unique_ptrI16MaterialPropertyIdESt14default_deleteIS1_EED2Ev
FNDA:119,_ZNSt10unique_ptrIA_N7libMesh11VectorValueIN11MetaPhysicL10DualNumberIdNS2_28SemiDynamicSparseNumberArrayIdmNS2_8NWrapperILm53EEEEELb1EEEEESt14default_deleteISA_EED2Ev
FNDA:838,_ZSt11make_uniqueIN7libMesh10Parameters9ParameterISt6vectorI12FunctionNameSaIS4_EEEEJEENSt9_MakeUniqIT_E15__single_objectEDpOT0_
FNDA:3,_ZNSt10unique_ptrIN7libMesh10Parameters5ValueESt14default_deleteIS2_EEaSINS1_9ParameterISt6vectorI21NonlinearVariableNameSaIS9_EEEES3_ISC_EEENSt9enable_ifIXsrSt6__and_IJSF_IJSt14is_convertibleINS_IT_T0_E7pointerEPS2_ESt6__not_ISt8is_arrayISH_EEEESt13is_assignableIRS4_OSI_EEE5valueERS5_E4typeEOSJ_
FNDA:1001899,_ZSt11make_uniqueIN7libMesh10Parameters9ParameterIbEEJEENSt9_MakeUniqIT_E15__single_objectEDpOT0_
FNDA:17866,_ZSt11make_uniqueIN7libMesh10Parameters9ParameterIP13FEProblemBaseEEJEENSt9_MakeUniqIT_E15__single_objectEDpOT0_
FNDA:33,_ZNSt10unique_ptrIN5Moose11FunctorBaseIN11MetaPhysicL10DualNumberIdNS2_28SemiDynamicSparseNumberArrayIdmNS2_8NWrapperILm53EEEEELb1EEEEESt14default_deleteIS9_EED2Ev
FNDA:238,_ZNSt10unique_ptrIA_N7libMesh11TensorValueIN11MetaPhysicL10DualNumberIdNS2_28SemiDynamicSparseNumberArrayIdmNS2_8NWrapperILm53EEEEELb1EEEEESt14default_deleteISA_EED2Ev
FNDA:66457,_ZNSt10unique_ptrIN7libMesh10Parameters9ParameterI9MooseEnumEESt14default_deleteIS4_EED2Ev
FNDA:0,_ZNKSt14default_deleteI10MooseArrayIN5Eigen6MatrixIdLin1ELi1ELi0ELin1ELi1EEEEEclEPS4_
FNDA:15,_ZNKSt14default_deleteI10MooseArrayIN11MetaPhysicL10DualNumberIdNS1_28SemiDynamicSparseNumberArrayIdmNS1_8NWrapperILm53EEEEELb1EEEEEclEPS8_
FNDA:90,_ZNSt10unique_ptrIN7libMesh10Parameters9ParameterISt6vectorI21NonlinearVariableNameSaIS4_EEEESt14default_deleteIS7_EED2Ev
FNDA:0,_ZNSt10unique_ptrI18ADMaterialPropertyIdESt14default_deleteIS1_EED2Ev
FNDA:1454,_ZSt11make_uniqueIN7libMesh10Parameters9ParameterI12FunctionNameEEJEENSt9_MakeUniqIT_E15__single_objectEDpOT0_
FNDA:0,_ZNKSt14default_deleteIA_N5Eigen6MatrixIdLin1ELi1ELi0ELin1ELi1EEEEclIS2_EENSt9enable_ifIXsrSt14is_convertibleIPA_T_PS3_E5valueEvE4typeEPS8_
FNDA:1112,_ZNSt10unique_ptrIA_18RankTwoTensorTemplIdESt14default_deleteIS2_EED2Ev
FNDA:119,_ZNSt10unique_ptrIA_N5Eigen6MatrixIdLin1ELi3ELi0ELin1ELi3EEESt14default_deleteIS3_EED2Ev
FNDA:0,_ZNKSt14default_deleteIA_N7libMesh11VectorValueIN11MetaPhysicL10DualNumberIdNS2_28SemiDynamicSparseNumberArrayIdmNS2_8NWrapperILm53EEEEELb1EEEEEEclIS9_EENSt9enable_ifIXsrSt14is_convertibleIPA_T_PSA_E5valueEvE4typeEPSF_
FNDA:798,_ZNSt10unique_ptrIN7libMesh10Parameters5ValueESt14default_deleteIS2_EEaSINS1_9ParameterISt6vectorI12FunctionNameSaIS9_EEEES3_ISC_EEENSt9enable_ifIXsrSt6__and_IJSF_IJSt14is_convertibleINS_IT_T0_E7pointerEPS2_ESt6__not_ISt8is_arrayISH_EEEESt13is_assignableIRS4_OSI_EEE5valueERS5_E4typeEOSJ_
FNDA:46998,_ZSt11make_uniqueIN7libMesh10Parameters9ParameterISt6vectorI12BoundaryNameSaIS4_EEEEJEENSt9_MakeUniqIT_E15__single_objectEDpOT0_
FNDA:0,_ZNSt10unique_ptrI18ADMaterialPropertyIN7libMesh11VectorValueIdEEESt14default_deleteIS4_EED2Ev
FNDA:1437,_ZNSt10unique_ptrIN7libMesh10Parameters5ValueESt14default_deleteIS2_EEaSINS1_9ParameterI12FunctionNameEES3_IS9_EEENSt9enable_ifIXsrSt6__and_IJSC_IJSt14is_convertibleINS_IT_T0_E7pointerEPS2_ESt6__not_ISt8is_arrayISE_EEEESt13is_assignableIRS4_OSF_EEE5valueERS5_E4typeEOSG_
FNDA:238,_ZNSt10unique_ptrIA_N7libMesh11TensorValueIdEESt14default_deleteIS3_EED2Ev
FNDA:0,_ZNKSt14default_deleteIA_N7libMesh11TensorValueIdEEEclIS2_EENSt9enable_ifIXsrSt14is_convertibleIPA_T_PS3_E5valueEvE4typeEPS8_
FNDA:120,_ZNSt10unique_ptrIA_N11MetaPhysicL10DualNumberIdNS0_28SemiDynamicSparseNumberArrayIdmNS0_8NWrapperILm53EEEEELb1EEESt14default_deleteIS7_EED2Ev
FNDA:12947,_ZNSt10unique_ptrIN7libMesh10Parameters5ValueESt14default_deleteIS2_EEaSINS1_9ParameterISt6vectorI12BoundaryNameSaIS9_EEEES3_ISC_EEENSt9enable_ifIXsrSt6__and_IJSF_IJSt14is_convertibleINS_IT_T0_E7pointerEPS2_ESt6__not_ISt8is_arrayISH_EEEESt13is_assignableIRS4_OSI_EEE5valueERS5_E4typeEOSJ_
FNDA:1001899,_ZNSt10unique_ptrIN7libMesh10Parameters9ParameterIbEESt14default_deleteIS3_EED2Ev
FNDA:4022,_ZNSt10unique_ptrIN7libMesh10Parameters9ParameterI14UserObjectNameEESt14default_deleteIS4_EED2Ev
FNDA:3882,_ZNSt10unique_ptrIN7libMesh10Parameters5ValueESt14default_deleteIS2_EEaSINS1_9ParameterI14UserObjectNameEES3_IS9_EEENSt9enable_ifIXsrSt6__and_IJSC_IJSt14is_convertibleINS_IT_T0_E7pointerEPS2_ESt6__not_ISt8is_arrayISE_EEEESt13is_assignableIRS4_OSF_EEE5valueERS5_E4typeEOSG_
FNDA:46656,_ZNSt10unique_ptrIN7libMesh10Parameters5ValueESt14default_deleteIS2_EEaSINS1_9ParameterI9MooseEnumEES3_IS9_EEENSt9enable_ifIXsrSt6__and_IJSC_IJSt14is_convertibleINS_IT_T0_E7pointerEPS2_ESt6__not_ISt8is_arrayISE_EEEESt13is_assignableIRS4_OSF_EEE5valueERS5_E4typeEOSG_
FNF:70
FNH:49
DA:79,27
DA:85,3795343
DA:86,3795316
DA:116,1134
DA:120,1645
DA:121,1645
DA:155,1335586
DA:165,0
DA:169,0
DA:173,941714
DA:174,1161
DA:179,893425
DA:180,893425
DA:181,69816
DA:182,0
DA:187,946111
DA:188,443779
DA:212,0
DA:355,5130939
DA:360,5130939
DA:361,27
DA:363,5130939
DA:386,891807
DA:390,891807
DA:608,2238
DA:611,2912
DA:612,1134
DA:614,2238
DA:961,1335586
DA:962,1402043
LF:30
LH:26
end_of_record
TN:
SF:/usr/share/miniconda/envs/moose/x86_64-conda-linux-gnu/include/c++/10.4.0/bits/unordered_map.h
FNF:0
FNH:0
DA:102,115
DA:985,0
LF:2
LH:1
end_of_record
TN:
SF:/usr/share/miniconda/envs/moose/x86_64-conda-linux-gnu/include/c++/10.4.0/bits/vector.tcc
FN:198,_ZNSt6vectorI12BoundaryNameSaIS0_EEaSERKS2_
FN:198,_ZNSt6vectorI21NonlinearVariableNameSaIS0_EEaSERKS2_
FN:198,_ZNSt6vectorI12FunctionNameSaIS0_EEaSERKS2_
FN:509,_ZNSt6vectorISt4pairIbdESaIS1_EE14_M_fill_insertEN9__gnu_cxx17__normal_iteratorIPS1_S3_EEmRKS1_
FN:509,_ZNSt6vectorIP13PropertyValueSaIS1_EE14_M_fill_insertEN9__gnu_cxx17__normal_iteratorIPS1_S3_EEmRKS1_
FN:509,_ZNSt6vectorISt4pairIbN11MetaPhysicL10DualNumberIdNS1_28SemiDynamicSparseNumberArrayIdmNS1_8NWrapperILm53EEEEELb1EEEESaIS8_EE14_M_fill_insertEN9__gnu_cxx17__normal_iteratorIPS8_SA_EEmRKS8_
FN:611,_ZNSt6vectorIPK8FunctionSaIS2_EE17_M_default_appendEm
FN:611,_ZNSt6vectorIS_ISt4pairIbdESaIS1_EESaIS3_EE17_M_default_appendEm
FN:611,_ZNSt6vectorIS_ISt4pairIbN11MetaPhysicL10DualNumberIdNS1_28SemiDynamicSparseNumberArrayIdmNS1_8NWrapperILm53EEEEELb1EEEESaIS8_EESaISA_EE17_M_default_appendEm
FNDA:3,_ZNSt6vectorIPK8FunctionSaIS2_EE17_M_default_appendEm
FNDA:0,_ZNSt6vectorISt4pairIbdESaIS1_EE14_M_fill_insertEN9__gnu_cxx17__normal_iteratorIPS1_S3_EEmRKS1_
FNDA:0,_ZNSt6vectorIS_ISt4pairIbdESaIS1_EESaIS3_EE17_M_default_appendEm
FNDA:35224,_ZNSt6vectorI12BoundaryNameSaIS0_EEaSERKS2_
FNDA:2619,_ZNSt6vectorIP13PropertyValueSaIS1_EE14_M_fill_insertEN9__gnu_cxx17__normal_iteratorIPS1_S3_EEmRKS1_
FNDA:88,_ZNSt6vectorI21NonlinearVariableNameSaIS0_EEaSERKS2_
FNDA:0,_ZNSt6vectorIS_ISt4pairIbN11MetaPhysicL10DualNumberIdNS1_28SemiDynamicSparseNumberArrayIdmNS1_8NWrapperILm53EEEEELb1EEEESaIS8_EESaISA_EE17_M_default_appendEm
FNDA:0,_ZNSt6vectorISt4pairIbN11MetaPhysicL10DualNumberIdNS1_28SemiDynamicSparseNumberArrayIdmNS1_8NWrapperILm53EEEEELb1EEEESaIS8_EE14_M_fill_insertEN9__gnu_cxx17__normal_iteratorIPS8_SA_EEmRKS8_
FNDA:41,_ZNSt6vectorI12FunctionNameSaIS0_EEaSERKS2_
FNF:9
FNH:5
DA:198,35353
DA:201,35353
DA:224,35353
DA:226,188
DA:228,188
DA:231,188
DA:232,188
DA:233,188
DA:234,188
DA:236,35165
DA:243,0
DA:245,0
DA:246,0
DA:250,35353
DA:252,35353
DA:509,2619
DA:512,2619
DA:514,2619
DA:515,2619
DA:523,198
DA:525,198
DA:528,0
DA:532,0
DA:534,0
DA:536,0
DA:542,198
DA:543,198
DA:551,198
DA:559,2421
DA:566,2421
DA:573,2421
DA:576,2421
DA:580,2421
DA:595,0
DA:599,2421
DA:600,2421
DA:601,2421
DA:602,2421
DA:603,2421
DA:606,2619
DA:611,3
DA:614,3
DA:617,3
DA:618,3
DA:620,3
DA:621,0
DA:623,3
DA:626,0
DA:634,3
DA:640,3
DA:648,3
DA:676,3
DA:677,3
DA:678,3
DA:679,3
DA:680,3
DA:683,3
LF:57
LH:47
end_of_record
TN:
SF:/usr/share/miniconda/envs/moose/x86_64-conda-linux-gnu/include/c++/10.4.0/ext/aligned_buffer.h
FNF:0
FNH:0
DA:65,348317
DA:69,323728
DA:104,247
LF:3
LH:3
end_of_record
TN:
SF:/usr/share/miniconda/envs/moose/x86_64-conda-linux-gnu/include/c++/10.4.0/ext/atomicity.h
FNF:0
FNH:0
DA:50,500
DA:68,0
DA:69,0
DA:83,500
DA:84,500
DA:86,0
LF:6
LH:3
end_of_record
TN:
SF:/usr/share/miniconda/envs/moose/x86_64-conda-linux-gnu/include/c++/10.4.0/ext/new_allocator.h
FN:154,_ZN9__gnu_cxx13new_allocatorISt13_Rb_tree_nodeISt4pairIKNSt7__cxx1112basic_stringIcSt11char_traitsIcESaIcEEEN15InputParameters8MetadataEEEE9constructISC_JRKSt21piecewise_construct_tSt5tupleIJRS9_EESJ_IJEEEEEvPT_DpOT0_
FN:154,_ZN9__gnu_cxx13new_allocatorI9BeaverAppE9constructIS1_JRK15InputParametersEEEvPT_DpOT0_
FNDA:0,_ZN9__gnu_cxx13new_allocatorI9BeaverAppE9constructIS1_JRK15InputParametersEEEvPT_DpOT0_
FNDA:59179,_ZN9__gnu_cxx13new_allocatorISt13_Rb_tree_nodeISt4pairIKNSt7__cxx1112basic_stringIcSt11char_traitsIcESaIcEEEN15InputParameters8MetadataEEEE9constructISC_JRKSt21piecewise_construct_tSt5tupleIJRS9_EESJ_IJEEEEEvPT_DpOT0_
FNF:2
FNH:1
DA:111,65037
DA:112,0
DA:121,1304915
DA:139,4117350
DA:154,59179
DA:156,289090
DA:162,120
LF:7
LH:6
end_of_record
TN:
SF:/usr/share/miniconda/envs/moose/x86_64-conda-linux-gnu/include/c++/10.4.0/future
FN:328,_ZNSt13__future_base13_State_baseV2D0Ev
FN:328,_ZNSt13__future_base13_State_baseV2D2Ev
FN:581,_ZNSt13__future_base13_State_baseV217_M_complete_asyncEv
FN:584,_ZNKSt13__future_base13_State_baseV221_M_is_deferred_futureEv
FN:663,_ZNSt13__future_base7_ResultIvE10_M_destroyEv
FNDA:0,_ZNSt13__future_base13_State_baseV2D0Ev
FNDA:0,_ZNSt13__future_base13_State_baseV2D2Ev
FNDA:0,_ZNSt13__future_base13_State_baseV217_M_complete_asyncEv
FNDA:0,_ZNSt13__future_base7_ResultIvE10_M_destroyEv
FNDA:0,_ZNKSt13__future_base13_State_baseV221_M_is_deferred_futureEv
FNF:5
FNH:0
DA:213,0
DA:328,0
DA:581,0
DA:584,0
DA:663,0
LF:5
LH:0
end_of_record
TN:
SF:/usr/share/miniconda/envs/moose/x86_64-conda-linux-gnu/include/c++/10.4.0/initializer_list
FNF:0
FNH:0
DA:71,59205
DA:79,59205
LF:2
LH:2
end_of_record
TN:
SF:/usr/share/miniconda/envs/moose/x86_64-conda-linux-gnu/include/c++/10.4.0/ostream
FNF:0
FNH:0
DA:113,0
DA:175,12292
DA:196,2178
DA:221,2112
DA:246,0
DA:518,0
LF:6
LH:3
end_of_record
TN:
SF:/usr/share/miniconda/envs/moose/x86_64-conda-linux-gnu/include/c++/10.4.0/sstream
FNF:0
FNH:0
DA:678,1
DA:832,0
LF:2
LH:1
end_of_record
TN:
SF:/usr/share/miniconda/envs/moose/x86_64-conda-linux-gnu/include/c++/10.4.0/string_view
FN:288,_ZNKSt17basic_string_viewIcSt11char_traitsIcEE7compareES2_
FNDA:3927498,_ZNKSt17basic_string_viewIcSt11char_traitsIcEE7compareES2_
FNF:1
FNH:1
DA:288,3927498
DA:290,3927498
DA:291,3927498
DA:292,3927498
DA:294,3927498
DA:463,71519
DA:464,71519
DA:466,71519
DA:468,71519
DA:552,679608
DA:558,3247890
DA:623,0
LF:12
LH:11
end_of_record
TN:
SF:/usr/share/miniconda/envs/moose/x86_64-conda-linux-gnu/include/c++/10.4.0/tuple
FN:1390,_ZNSt15__tuple_compareISt5tupleIJPK8FaceInfoN5Moose2FV11LimiterTypeEbbttEES7_Lm1ELm6EE6__lessERKS7_SA_
FN:1390,_ZNSt15__tuple_compareISt5tupleIJPK8FaceInfoN5Moose2FV11LimiterTypeEbbttEES7_Lm3ELm6EE6__lessERKS7_SA_
FN:1390,_ZNSt15__tuple_compareISt5tupleIJPK8FaceInfoN5Moose2FV11LimiterTypeEbbttEES7_Lm2ELm6EE6__lessERKS7_SA_
FN:1390,_ZNSt15__tuple_compareISt5tupleIJPKN7libMesh4ElemEPK8FaceInfobtEES8_Lm1ELm4EE6__lessERKS8_SB_
FN:1390,_ZNSt15__tuple_compareISt5tupleIJPK8FaceInfoN5Moose2FV11LimiterTypeEbbttEES7_Lm0ELm6EE6__lessERKS7_SA_
FN:1390,_ZNSt15__tuple_compareISt5tupleIJPKN7libMesh4ElemEPK8FaceInfobtEES8_Lm0ELm4EE6__lessERKS8_SB_
FN:1390,_ZNSt15__tuple_compareISt5tupleIJPK8FaceInfoN5Moose2FV11LimiterTypeEbbtEES7_Lm0ELm5EE6__lessERKS7_SA_
FN:1390,_ZNSt15__tuple_compareISt5tupleIJPK8FaceInfoN5Moose2FV11LimiterTypeEbbtEES7_Lm2ELm5EE6__lessERKS7_SA_
FN:1390,_ZNSt15__tuple_compareISt5tupleIJPK8FaceInfoN5Moose2FV11LimiterTypeEbbtEES7_Lm1ELm5EE6__lessERKS7_SA_
FN:1702,_ZNSt4pairIKNSt7__cxx1112basic_stringIcSt11char_traitsIcESaIcEEEN15InputParameters8MetadataEEC2IJRS6_EJLm0EEJEJEEERSt5tupleIJDpT_EERSC_IJDpT1_EESt12_Index_tupleIJXspT0_EEESL_IJXspT2_EEE
FNDA:0,_ZNSt15__tuple_compareISt5tupleIJPK8FaceInfoN5Moose2FV11LimiterTypeEbbttEES7_Lm1ELm6EE6__lessERKS7_SA_
FNDA:59179,_ZNSt4pairIKNSt7__cxx1112basic_stringIcSt11char_traitsIcESaIcEEEN15InputParameters8MetadataEEC2IJRS6_EJLm0EEJEJEEERSt5tupleIJDpT_EERSC_IJDpT1_EESt12_Index_tupleIJXspT0_EEESL_IJXspT2_EEE
FNDA:0,_ZNSt15__tuple_compareISt5tupleIJPK8FaceInfoN5Moose2FV11LimiterTypeEbbttEES7_Lm3ELm6EE6__lessERKS7_SA_
FNDA:0,_ZNSt15__tuple_compareISt5tupleIJPK8FaceInfoN5Moose2FV11LimiterTypeEbbttEES7_Lm0ELm6EE6__lessERKS7_SA_
FNDA:0,_ZNSt15__tuple_compareISt5tupleIJPKN7libMesh4ElemEPK8FaceInfobtEES8_Lm1ELm4EE6__lessERKS8_SB_
FNDA:0,_ZNSt15__tuple_compareISt5tupleIJPK8FaceInfoN5Moose2FV11LimiterTypeEbbttEES7_Lm2ELm6EE6__lessERKS7_SA_
FNDA:0,_ZNSt15__tuple_compareISt5tupleIJPK8FaceInfoN5Moose2FV11LimiterTypeEbbtEES7_Lm1ELm5EE6__lessERKS7_SA_
FNDA:0,_ZNSt15__tuple_compareISt5tupleIJPK8FaceInfoN5Moose2FV11LimiterTypeEbbtEES7_Lm2ELm5EE6__lessERKS7_SA_
FNDA:0,_ZNSt15__tuple_compareISt5tupleIJPK8FaceInfoN5Moose2FV11LimiterTypeEbbtEES7_Lm0ELm5EE6__lessERKS7_SA_
FNDA:0,_ZNSt15__tuple_compareISt5tupleIJPKN7libMesh4ElemEPK8FaceInfobtEES8_Lm0ELm4EE6__lessERKS8_SB_
FNF:10
FNH:1
DA:130,0
DA:132,893776
DA:133,893776
DA:135,1010165
DA:136,950986
DA:143,443779
DA:176,1010165
DA:532,0
DA:1390,0
DA:1392,0
DA:1393,0
DA:1394,0
DA:1460,0
DA:1690,59179
DA:1695,59179
DA:1702,950986
DA:1706,950986
DA:1707,59179
LF:18
LH:11
end_of_record
TN:
SF:/usr/share/miniconda/envs/moose/x86_64-conda-linux-gnu/include/c++/10.4.0/typeinfo
FN:120,_ZNKSt9type_infoeqERKS_
FNDA:0,_ZNKSt9type_infoeqERKS_
FNF:1
FNH:0
DA:100,26405
DA:120,0
DA:122,0
DA:123,0
DA:124,0
LF:5
LH:1
end_of_record
TN:
SF:/usr/share/miniconda/envs/moose/x86_64-conda-linux-gnu/include/c++/10.4.0/utility
FNF:0
FNH:0
DA:189,0
LF:1
LH:0
end_of_record
TN:
SF:/usr/share/miniconda/envs/moose/x86_64-conda-linux-gnu/include/c++/10.4.0/x86_64-conda-linux-gnu/bits/gthr-default.h
FNF:0
FNH:0
DA:748,0
DA:749,0
DA:778,0
DA:779,0
LF:4
LH:0
end_of_record
