TN:
SF:/home/runner/work/beaver/beaver/src/actions/BVPressureAction.C
FN:22,_ZN16BVPressureAction11validParamsEv
FN:36,_ZN16BVPressureActionC2ERK15InputParameters
FN:39,_ZN16BVPressureAction3actEv
FNDA:16,_ZN16BVPressureAction11validParamsEv
FNDA:14,_ZN16BVPressureActionC2ERK15InputParameters
FNDA:14,_ZN16BVPressureAction3actEv
FNF:3
FNH:3
DA:22,16
DA:24,16
DA:25,16
DA:26,32
DA:28,32
DA:31,32
DA:32,32
DA:33,16
DA:34,0
DA:36,14
DA:39,14
DA:41,14
DA:44,28
DA:47,54
DA:50,120
DA:52,40
DA:53,40
DA:54,40
DA:55,40
DA:56,40
DA:58,40
DA:59,40
DA:60,28
LF:23
LH:22
end_of_record
TN:
SF:/home/runner/work/beaver/beaver/src/actions/BVShearTractionAction.C
FN:22,_ZN21BVShearTractionAction11validParamsEv
FN:37,_ZN21BVShearTractionActionC2ERK15InputParameters
FN:40,_ZN21BVShearTractionAction3actEv
FNDA:2,_ZN21BVShearTractionActionC2ERK15InputParameters
FNDA:4,_ZN21BVShearTractionAction11validParamsEv
FNDA:2,_ZN21BVShearTractionAction3actEv
FNF:3
FNH:3
DA:22,4
DA:24,4
DA:25,4
DA:26,8
DA:29,8
DA:32,8
DA:33,8
DA:34,4
DA:35,0
DA:37,2
DA:40,2
DA:42,2
DA:45,4
DA:48,6
DA:51,12
DA:53,4
DA:54,4
DA:55,4
DA:56,4
DA:57,4
DA:59,4
DA:60,4
DA:61,4
LF:23
LH:22
end_of_record
TN:
SF:/home/runner/work/beaver/beaver/src/auxkernels/BVDarcyVelocityAux.C
FN:20,_ZN18BVDarcyVelocityAux11validParamsEv
FN:31,_ZN18BVDarcyVelocityAuxC2ERK15InputParameters
FN:44,_ZN18BVDarcyVelocityAux12computeValueEv
FNDA:41590,_ZN18BVDarcyVelocityAux12computeValueEv
FNDA:8,_ZN18BVDarcyVelocityAuxC2ERK15InputParameters
FNDA:148,_ZN18BVDarcyVelocityAux11validParamsEv
FNF:3
FNH:3
DA:20,148
DA:22,148
DA:23,148
DA:24,296
DA:25,296
DA:27,296
DA:28,148
DA:29,148
DA:31,8
DA:33,8
DA:34,16
DA:35,8
DA:36,8
DA:37,24
DA:39,8
DA:40,0
DA:41,8
DA:44,41590
DA:46,41590
DA:47,41590
DA:49,41590
LF:21
LH:20
end_of_record
TN:
SF:/home/runner/work/beaver/beaver/src/auxkernels/BVEqvStrainAux.C
FN:19,_ZN14BVEqvStrainAux11validParamsEv
FN:26,_ZN14BVEqvStrainAuxC2ERK15InputParameters
FN:32,_ZN14BVEqvStrainAux12computeValueEv
FNDA:4,_ZN14BVEqvStrainAuxC2ERK15InputParameters
FNDA:21280,_ZN14BVEqvStrainAux12computeValueEv
FNDA:140,_ZN14BVEqvStrainAux11validParamsEv
FNF:3
FNH:3
DA:19,140
DA:21,140
DA:22,140
DA:23,140
DA:24,0
DA:26,4
DA:27,4
DA:29,4
DA:32,21280
DA:34,21280
DA:35,21280
LF:11
LH:10
end_of_record
TN:
SF:/home/runner/work/beaver/beaver/src/auxkernels/BVEqvStrainRateAux.C
FN:19,_ZN18BVEqvStrainRateAux11validParamsEv
FN:26,_ZN18BVEqvStrainRateAuxC2ERK15InputParameters
FN:32,_ZN18BVEqvStrainRateAux12computeValueEv
FNDA:21280,_ZN18BVEqvStrainRateAux12computeValueEv
FNDA:4,_ZN18BVEqvStrainRateAuxC2ERK15InputParameters
FNDA:140,_ZN18BVEqvStrainRateAux11validParamsEv
FNF:3
FNH:3
DA:19,140
DA:21,140
DA:22,140
DA:23,140
DA:24,0
DA:26,4
DA:27,4
DA:29,4
DA:32,21280
DA:34,21280
DA:35,21280
LF:11
LH:10
end_of_record
TN:
SF:/home/runner/work/beaver/beaver/src/auxkernels/BVFaultNormalStressAux.C
FN:19,_ZN22BVFaultNormalStressAux11validParamsEv
FN:26,_ZN22BVFaultNormalStressAuxC2ERK15InputParameters
FN:32,_ZN22BVFaultNormalStressAux12computeValueEv
FNDA:138,_ZN22BVFaultNormalStressAux11validParamsEv
FNDA:2992,_ZN22BVFaultNormalStressAux12computeValueEv
FNDA:3,_ZN22BVFaultNormalStressAuxC2ERK15InputParameters
FNF:3
FNH:3
DA:19,138
DA:21,138
DA:22,138
DA:23,138
DA:24,0
DA:26,3
DA:27,3
DA:29,3
DA:32,2992
DA:34,2992
DA:35,2992
DA:37,2992
LF:12
LH:11
end_of_record
TN:
SF:/home/runner/work/beaver/beaver/src/auxkernels/BVFaultShearStressAux.C
FN:19,_ZN21BVFaultShearStressAux11validParamsEv
FN:26,_ZN21BVFaultShearStressAuxC2ERK15InputParameters
FN:32,_ZN21BVFaultShearStressAux12computeValueEv
FNDA:138,_ZN21BVFaultShearStressAux11validParamsEv
FNDA:3,_ZN21BVFaultShearStressAuxC2ERK15InputParameters
FNDA:2992,_ZN21BVFaultShearStressAux12computeValueEv
FNF:3
FNH:3
DA:19,138
DA:21,138
DA:22,138
DA:23,138
DA:24,0
DA:26,3
DA:27,3
DA:29,3
DA:32,2992
DA:34,2992
DA:35,2992
DA:36,5984
DA:37,2992
LF:13
LH:12
end_of_record
TN:
SF:/home/runner/work/beaver/beaver/src/auxkernels/BVFaultStressAuxBase.C
FN:18,_ZN20BVFaultStressAuxBase11validParamsEv
FN:26,_ZN20BVFaultStressAuxBaseC2ERK15InputParameters
FN:40,_ZN20BVFaultStressAuxBase19computeNormalVectorEv
FN:49,_ZN20BVFaultStressAuxBase20computeFaultTractionEv
FNDA:276,_ZN20BVFaultStressAuxBase11validParamsEv
FNDA:11968,_ZN20BVFaultStressAuxBase19computeNormalVectorEv
FNDA:5984,_ZN20BVFaultStressAuxBase20computeFaultTractionEv
FNDA:6,_ZN20BVFaultStressAuxBaseC2ERK15InputParameters
FNF:4
FNH:4
DA:18,276
DA:20,276
DA:21,276
DA:22,552
DA:23,276
DA:24,0
DA:26,6
DA:27,6
DA:29,18
DA:31,4
DA:32,2
DA:33,0
DA:35,12
DA:36,0
DA:37,6
DA:40,11968
DA:42,11968
DA:43,3200
DA:45,8768
DA:49,5984
DA:51,5984
DA:53,5984
LF:22
LH:19
end_of_record
TN:
SF:/home/runner/work/beaver/beaver/src/auxkernels/BVMisesStressAux.C
FN:19,_ZN16BVMisesStressAux11validParamsEv
FN:26,_ZN16BVMisesStressAuxC2ERK15InputParameters
FN:31,_ZN16BVMisesStressAux12computeValueEv
FNDA:6,_ZN16BVMisesStressAuxC2ERK15InputParameters
FNDA:144,_ZN16BVMisesStressAux11validParamsEv
FNDA:25152,_ZN16BVMisesStressAux12computeValueEv
FNF:3
FNH:3
DA:19,144
DA:21,144
DA:22,144
DA:23,144
DA:24,0
DA:26,6
DA:28,6
DA:31,25152
DA:33,25152
DA:34,25152
LF:10
LH:9
end_of_record
TN:
SF:/home/runner/work/beaver/beaver/src/auxkernels/BVPressureAux.C
FN:19,_ZN13BVPressureAux11validParamsEv
FN:26,_ZN13BVPressureAuxC2ERK15InputParameters
FN:29,_ZN13BVPressureAux12computeValueEv
FNDA:2,_ZN13BVPressureAuxC2ERK15InputParameters
FNDA:3872,_ZN13BVPressureAux12computeValueEv
FNDA:136,_ZN13BVPressureAux11validParamsEv
FNF:3
FNH:3
DA:19,136
DA:21,136
DA:22,136
DA:23,136
DA:24,0
DA:26,2
DA:29,3872
DA:31,3872
LF:8
LH:7
end_of_record
TN:
SF:/home/runner/work/beaver/beaver/src/auxkernels/BVStrainAuxBase.C
FN:17,_ZN15BVStrainAuxBase11validParamsEv
FN:24,_ZN15BVStrainAuxBaseC2ERK15InputParameters
FNDA:20,_ZN15BVStrainAuxBaseC2ERK15InputParameters
FNDA:436,_ZN15BVStrainAuxBase11validParamsEv
FNF:2
FNH:2
DA:17,436
DA:19,436
DA:20,436
DA:21,436
DA:22,0
DA:24,20
DA:26,40
DA:28,20
LF:8
LH:7
end_of_record
TN:
SF:/home/runner/work/beaver/beaver/src/auxkernels/BVStrainComponentAux.C
FN:19,_ZN20BVStrainComponentAux11validParamsEv
FN:31,_ZN20BVStrainComponentAuxC2ERK15InputParameters
FN:40,_ZN20BVStrainComponentAux12computeValueEv
FNDA:12,_ZN20BVStrainComponentAuxC2ERK15InputParameters
FNDA:62782,_ZN20BVStrainComponentAux12computeValueEv
FNDA:156,_ZN20BVStrainComponentAux11validParamsEv
FNF:3
FNH:3
DA:19,156
DA:21,156
DA:22,156
DA:23,312
DA:24,312
DA:26,312
DA:28,156
DA:29,156
DA:31,12
DA:33,24
DA:34,24
DA:35,36
DA:37,12
DA:40,62782
DA:42,62782
LF:15
LH:15
end_of_record
TN:
SF:/home/runner/work/beaver/beaver/src/auxkernels/BVStressAuxBase.C
FN:17,_ZN15BVStressAuxBase11validParamsEv
FN:24,_ZN15BVStressAuxBaseC2ERK15InputParameters
FNDA:718,_ZN15BVStressAuxBase11validParamsEv
FNDA:29,_ZN15BVStressAuxBaseC2ERK15InputParameters
FNF:2
FNH:2
DA:17,718
DA:19,718
DA:20,718
DA:21,718
DA:22,0
DA:24,29
DA:25,58
DA:27,29
LF:8
LH:7
end_of_record
TN:
SF:/home/runner/work/beaver/beaver/src/auxkernels/BVStressComponentAux.C
FN:19,_ZN20BVStressComponentAux11validParamsEv
FN:31,_ZN20BVStressComponentAuxC2ERK15InputParameters
FN:39,_ZN20BVStressComponentAux12computeValueEv
FNDA:54122,_ZN20BVStressComponentAux12computeValueEv
FNDA:162,_ZN20BVStressComponentAux11validParamsEv
FNDA:15,_ZN20BVStressComponentAuxC2ERK15InputParameters
FNF:3
FNH:3
DA:19,162
DA:21,162
DA:22,162
DA:23,324
DA:24,324
DA:26,324
DA:28,162
DA:29,162
DA:31,15
DA:33,15
DA:34,45
DA:36,15
DA:39,54122
DA:41,54122
LF:14
LH:14
end_of_record
TN:
SF:/home/runner/work/beaver/beaver/src/base/BeaverApp.C
FN:21,_ZN9BeaverApp11validParamsEv
FN:31,_ZN9BeaverAppC2E15InputParameters
FN:36,_ZN9BeaverAppD2Ev
FN:36,_ZN9BeaverAppD0Ev
FN:39,_ZN9BeaverApp11registerAllER7FactoryR13ActionFactoryR6Syntax
FN:53,_ZN9BeaverApp12registerAppsEv
FN:62,BeaverApp__registerAll
FN:67,BeaverApp__registerApps
FNDA:0,_ZN9BeaverApp12registerAppsEv
FNDA:28,_ZN9BeaverApp11registerAllER7FactoryR13ActionFactoryR6Syntax
FNDA:0,_ZN9BeaverAppD2Ev
FNDA:28,_ZN9BeaverApp11validParamsEv
FNDA:0,_ZN9BeaverAppC2E15InputParameters
FNDA:0,BeaverApp__registerApps
FNDA:0,_ZN9BeaverAppD0Ev
FNDA:0,BeaverApp__registerAll
FNF:8
FNH:2
DA:21,28
DA:23,28
DA:26,28
DA:27,28
DA:28,28
DA:29,0
DA:31,0
DA:33,0
DA:34,0
DA:36,0
DA:39,28
DA:42,84
DA:43,84
DA:46,56
DA:47,56
DA:48,56
DA:49,56
DA:50,112
DA:53,0
DA:55,0
DA:56,0
DA:62,0
DA:64,0
DA:65,0
DA:67,0
DA:69,0
DA:70,0
LF:27
LH:13
end_of_record
TN:
SF:/home/runner/work/beaver/beaver/src/bcs/BVPressureBC.C
FN:20,_ZN12BVPressureBC11validParamsEv
FN:31,_ZN12BVPressureBCC2ERK15InputParameters
FN:42,_ZN12BVPressureBC17computeQpResidualEv
FNDA:40,_ZN12BVPressureBCC2ERK15InputParameters
FNDA:478944,_ZN12BVPressureBC17computeQpResidualEv
FNDA:212,_ZN12BVPressureBC11validParamsEv
FNF:3
FNH:3
DA:20,212
DA:22,212
DA:23,212
DA:24,424
DA:25,424
DA:26,424
DA:27,212
DA:28,212
DA:29,0
DA:31,40
DA:33,40
DA:34,80
DA:35,126
DA:37,40
DA:38,0
DA:39,40
DA:42,478944
DA:44,478944
DA:46,478944
DA:47,38496
DA:49,478944
LF:21
LH:19
end_of_record
TN:
SF:/home/runner/work/beaver/beaver/src/bcs/BVShearTractionBC.C
FN:20,_ZN17BVShearTractionBC11validParamsEv
FN:31,_ZN17BVShearTractionBCC2ERK15InputParameters
FN:42,_ZN17BVShearTractionBC17computeQpResidualEv
FNDA:140,_ZN17BVShearTractionBC11validParamsEv
FNDA:960,_ZN17BVShearTractionBC17computeQpResidualEv
FNDA:4,_ZN17BVShearTractionBCC2ERK15InputParameters
FNF:3
FNH:3
DA:20,140
DA:22,140
DA:23,140
DA:24,280
DA:25,280
DA:26,280
DA:27,140
DA:28,140
DA:29,0
DA:31,4
DA:33,4
DA:34,8
DA:35,12
DA:37,4
DA:38,0
DA:39,4
DA:42,960
DA:45,960
DA:47,960
DA:49,960
DA:50,0
DA:52,960
LF:22
LH:19
end_of_record
TN:
SF:/home/runner/work/beaver/beaver/src/fvkernels/BVFVFluxKernelBase.C
FN:17,_ZN18BVFVFluxKernelBase11validParamsEv
FN:24,_ZN18BVFVFluxKernelBaseC2ERK15InputParameters
FN:27,_ZNK18BVFVFluxKernelBase16transmissibilityERKN11MetaPhysicL10DualNumberIdNS0_28SemiDynamicSparseNumberArrayIdmNS0_8NWrapperILm64EEEEELb1EEES8_
FN:51,_ZNK18BVFVFluxKernelBase13diffusiveFluxERKN11MetaPhysicL10DualNumberIdNS0_28SemiDynamicSparseNumberArrayIdmNS0_8NWrapperILm64EEEEELb1EEES8_RK15MooseVariableFVIdE
FN:64,_ZNK18BVFVFluxKernelBase21advectiveFluxVariableERKN7libMesh11VectorValueIN11MetaPhysicL10DualNumberIdNS2_28SemiDynamicSparseNumberArrayIdmNS2_8NWrapperILm64EEEEELb1EEEEE
FN:78,_ZNK18BVFVFluxKernelBase21advectiveFluxMaterialERKN11MetaPhysicL10DualNumberIdNS0_28SemiDynamicSparseNumberArrayIdmNS0_8NWrapperILm64EEEEELb1EEES8_RKN7libMesh11VectorValueIS6_EE
FNDA:534,_ZN18BVFVFluxKernelBase11validParamsEv
FNDA:3,_ZN18BVFVFluxKernelBaseC2ERK15InputParameters
FNDA:0,_ZNK18BVFVFluxKernelBase21advectiveFluxMaterialERKN11MetaPhysicL10DualNumberIdNS0_28SemiDynamicSparseNumberArrayIdmNS0_8NWrapperILm64EEEEELb1EEES8_RKN7libMesh11VectorValueIS6_EE
FNDA:0,_ZNK18BVFVFluxKernelBase21advectiveFluxVariableERKN7libMesh11VectorValueIN11MetaPhysicL10DualNumberIdNS2_28SemiDynamicSparseNumberArrayIdmNS2_8NWrapperILm64EEEEELb1EEEEE
FNDA:21614,_ZNK18BVFVFluxKernelBase13diffusiveFluxERKN11MetaPhysicL10DualNumberIdNS0_28SemiDynamicSparseNumberArrayIdmNS0_8NWrapperILm64EEEEELb1EEES8_RK15MooseVariableFVIdE
FNDA:21614,_ZNK18BVFVFluxKernelBase16transmissibilityERKN11MetaPhysicL10DualNumberIdNS0_28SemiDynamicSparseNumberArrayIdmNS0_8NWrapperILm64EEEEELb1EEES8_
FNF:6
FNH:4
DA:17,534
DA:19,534
DA:20,534
DA:21,534
DA:22,0
DA:24,3
DA:27,21614
DA:33,21614
DA:34,468
DA:40,21146
DA:41,0
DA:43,21146
DA:44,21146
DA:47,21614
DA:51,21614
DA:55,21614
DA:57,43228
DA:58,21614
DA:60,21614
DA:64,0
DA:66,0
DA:68,0
DA:71,0
DA:72,0
DA:74,0
DA:78,0
DA:84,0
DA:85,0
DA:87,0
DA:92,0
DA:93,0
DA:95,0
LF:32
LH:17
end_of_record
TN:
SF:/home/runner/work/beaver/beaver/src/fvkernels/BVFVMultiPhasePressureDarcy.C
FN:19,_ZN27BVFVMultiPhasePressureDarcy11validParamsEv
FN:28,_ZN27BVFVMultiPhasePressureDarcyC2ERK15InputParameters
FN:39,_ZN27BVFVMultiPhasePressureDarcy17computeQpResidualEv
FNDA:132,_ZN27BVFVMultiPhasePressureDarcy11validParamsEv
FNDA:0,_ZN27BVFVMultiPhasePressureDarcyC2ERK15InputParameters
FNDA:0,_ZN27BVFVMultiPhasePressureDarcy17computeQpResidualEv
FNF:3
FNH:1
DA:19,132
DA:21,132
DA:22,132
DA:24,132
DA:25,132
DA:26,0
DA:28,0
DA:30,0
DA:31,0
DA:33,0
DA:34,0
DA:35,0
DA:36,0
DA:39,0
DA:42,0
DA:44,0
LF:16
LH:5
end_of_record
TN:
SF:/home/runner/work/beaver/beaver/src/fvkernels/BVFVMultiPhasePressureTimeDerivative.C
FN:19,_ZN36BVFVMultiPhasePressureTimeDerivative11validParamsEv
FN:28,_ZN36BVFVMultiPhasePressureTimeDerivativeC2ERK15InputParameters
FN:41,_ZN36BVFVMultiPhasePressureTimeDerivative17computeQpResidualEv
FNDA:132,_ZN36BVFVMultiPhasePressureTimeDerivative11validParamsEv
FNDA:0,_ZN36BVFVMultiPhasePressureTimeDerivative17computeQpResidualEv
FNDA:0,_ZN36BVFVMultiPhasePressureTimeDerivativeC2ERK15InputParameters
FNF:3
FNH:1
DA:19,132
DA:21,132
DA:22,132
DA:23,264
DA:24,264
DA:25,132
DA:26,0
DA:28,0
DA:30,0
DA:31,0
DA:32,0
DA:33,0
DA:34,0
DA:35,0
DA:36,0
DA:38,0
DA:41,0
DA:43,0
DA:44,0
DA:45,0
DA:46,0
LF:21
LH:6
end_of_record
TN:
SF:/home/runner/work/beaver/beaver/src/fvkernels/BVFVMultiPhaseSaturationDarcy.C
FN:19,_ZN29BVFVMultiPhaseSaturationDarcy11validParamsEv
FN:30,_ZN29BVFVMultiPhaseSaturationDarcyC2ERK15InputParameters
FN:49,_ZN29BVFVMultiPhaseSaturationDarcy17computeQpResidualEv
FNDA:0,_ZN29BVFVMultiPhaseSaturationDarcyC2ERK15InputParameters
FNDA:0,_ZN29BVFVMultiPhaseSaturationDarcy17computeQpResidualEv
FNDA:132,_ZN29BVFVMultiPhaseSaturationDarcy11validParamsEv
FNF:3
FNH:1
DA:19,132
DA:21,132
DA:22,132
DA:23,264
DA:24,264
DA:26,264
DA:27,132
DA:28,132
DA:30,0
DA:32,0
DA:33,0
DA:34,0
DA:35,0
DA:36,0
DA:37,0
DA:38,0
DA:39,0
DA:40,0
DA:41,0
DA:43,0
DA:44,0
DA:45,0
DA:46,0
DA:49,0
DA:52,0
DA:56,0
DA:58,0
DA:59,0
DA:60,0
DA:61,0
DA:62,0
DA:63,0
DA:64,0
DA:65,0
DA:69,0
DA:71,0
LF:36
LH:8
end_of_record
TN:
SF:/home/runner/work/beaver/beaver/src/fvkernels/BVFVMultiPhaseSaturationTimeDerivative.C
FN:19,_ZN38BVFVMultiPhaseSaturationTimeDerivative11validParamsEv
FN:29,_ZN38BVFVMultiPhaseSaturationTimeDerivativeC2ERK15InputParameters
FN:40,_ZN38BVFVMultiPhaseSaturationTimeDerivative9phase_extB5cxx11Ev
FN:54,_ZN38BVFVMultiPhaseSaturationTimeDerivative17computeQpResidualEv
FNDA:0,_ZN38BVFVMultiPhaseSaturationTimeDerivative17computeQpResidualEv
FNDA:0,_ZN38BVFVMultiPhaseSaturationTimeDerivative9phase_extB5cxx11Ev
FNDA:0,_ZN38BVFVMultiPhaseSaturationTimeDerivativeC2ERK15InputParameters
FNDA:132,_ZN38BVFVMultiPhaseSaturationTimeDerivative11validParamsEv
FNF:4
FNH:1
DA:19,132
DA:21,132
DA:22,132
DA:23,264
DA:24,264
DA:26,132
DA:27,132
DA:29,0
DA:31,0
DA:32,0
DA:33,0
DA:34,0
DA:35,0
DA:37,0
DA:40,0
DA:42,0
DA:45,0
DA:47,0
DA:48,0
DA:49,0
DA:54,0
DA:56,0
DA:57,0
LF:23
LH:7
end_of_record
TN:
SF:/home/runner/work/beaver/beaver/src/fvkernels/BVFVSinglePhaseDarcy.C
FN:19,_ZN20BVFVSinglePhaseDarcy11validParamsEv
FN:28,_ZN20BVFVSinglePhaseDarcyC2ERK15InputParameters
FN:39,_ZN20BVFVSinglePhaseDarcy17computeQpResidualEv
FNDA:3,_ZN20BVFVSinglePhaseDarcyC2ERK15InputParameters
FNDA:138,_ZN20BVFVSinglePhaseDarcy11validParamsEv
FNDA:21614,_ZN20BVFVSinglePhaseDarcy17computeQpResidualEv
FNF:3
FNH:3
DA:19,138
DA:21,138
DA:22,138
DA:24,138
DA:25,138
DA:26,0
DA:28,3
DA:30,3
DA:31,9
DA:33,3
DA:34,0
DA:35,0
DA:36,3
DA:39,21614
DA:42,21614
DA:43,21614
LF:16
LH:13
end_of_record
TN:
SF:/home/runner/work/beaver/beaver/src/fvkernels/BVFVSinglePhaseSoluteDarcy.C
FN:19,_ZN26BVFVSinglePhaseSoluteDarcy11validParamsEv
FN:28,_ZN26BVFVSinglePhaseSoluteDarcyC2ERK15InputParameters
FN:39,_ZN26BVFVSinglePhaseSoluteDarcy17computeQpResidualEv
FNDA:0,_ZN26BVFVSinglePhaseSoluteDarcy17computeQpResidualEv
FNDA:0,_ZN26BVFVSinglePhaseSoluteDarcyC2ERK15InputParameters
FNDA:132,_ZN26BVFVSinglePhaseSoluteDarcy11validParamsEv
FNF:3
FNH:1
DA:19,132
DA:21,132
DA:22,132
DA:24,264
DA:25,132
DA:26,0
DA:28,0
DA:30,0
DA:31,0
DA:32,0
DA:33,0
DA:34,0
DA:36,0
DA:39,0
DA:43,0
DA:46,0
DA:49,0
DA:51,0
LF:18
LH:5
end_of_record
TN:
SF:/home/runner/work/beaver/beaver/src/fvkernels/BVFVSinglePhaseSoluteTimeDerivative.C
FN:19,_ZN35BVFVSinglePhaseSoluteTimeDerivative11validParamsEv
FN:27,_ZN35BVFVSinglePhaseSoluteTimeDerivativeC2ERK15InputParameters
FN:34,_ZN35BVFVSinglePhaseSoluteTimeDerivative17computeQpResidualEv
FNDA:132,_ZN35BVFVSinglePhaseSoluteTimeDerivative11validParamsEv
FNDA:0,_ZN35BVFVSinglePhaseSoluteTimeDerivative17computeQpResidualEv
FNDA:0,_ZN35BVFVSinglePhaseSoluteTimeDerivativeC2ERK15InputParameters
FNF:3
FNH:1
DA:19,132
DA:21,132
DA:22,132
DA:24,132
DA:25,0
DA:27,0
DA:28,0
DA:29,0
DA:31,0
DA:34,0
DA:36,0
LF:11
LH:4
end_of_record
TN:
SF:/home/runner/work/beaver/beaver/src/fvkernels/BVFVSinglePhaseTimeDerivative.C
FN:19,_ZN29BVFVSinglePhaseTimeDerivative11validParamsEv
FN:26,_ZN29BVFVSinglePhaseTimeDerivativeC2ERK15InputParameters
FN:38,_ZN29BVFVSinglePhaseTimeDerivative17computeQpResidualEv
FNDA:1,_ZN29BVFVSinglePhaseTimeDerivativeC2ERK15InputParameters
FNDA:134,_ZN29BVFVSinglePhaseTimeDerivative11validParamsEv
FNDA:1550,_ZN29BVFVSinglePhaseTimeDerivative17computeQpResidualEv
FNF:3
FNH:3
DA:19,134
DA:21,134
DA:22,134
DA:23,134
DA:24,0
DA:26,1
DA:28,1
DA:29,2
DA:30,2
DA:31,1
DA:32,1
DA:33,2
DA:35,1
DA:38,1550
DA:41,1550
DA:44,1550
DA:45,0
DA:47,1550
LF:18
LH:16
end_of_record
TN:
SF:/home/runner/work/beaver/beaver/src/interfacekernels/BVMechanicalInterface.C
FN:19,_ZN21BVMechanicalInterface11validParamsEv
FN:32,_ZN21BVMechanicalInterfaceC2ERK15InputParameters
FN:40,_ZN21BVMechanicalInterface17computeQpResidualEN5Moose14DGResidualTypeE
FNDA:152,_ZN21BVMechanicalInterface11validParamsEv
FNDA:10,_ZN21BVMechanicalInterfaceC2ERK15InputParameters
FNDA:1003776,_ZN21BVMechanicalInterface17computeQpResidualEN5Moose14DGResidualTypeE
FNF:3
FNH:3
DA:19,152
DA:21,152
DA:22,152
DA:23,152
DA:24,304
DA:25,304
DA:29,152
DA:30,152
DA:32,10
DA:34,10
DA:35,30
DA:37,10
DA:40,1003776
DA:42,1003776
DA:44,1003776
DA:47,501888
DA:48,501888
DA:49,501888
DA:50,501888
DA:51,501888
DA:55,1003776
LF:21
LH:21
end_of_record
TN:
SF:/home/runner/work/beaver/beaver/src/kernels/BVSinglePhaseDarcy.C
FN:19,_ZN18BVSinglePhaseDarcy11validParamsEv
FN:27,_ZN18BVSinglePhaseDarcyC2ERK15InputParameters
FN:33,_ZN18BVSinglePhaseDarcy20precomputeQpResidualEv
FNDA:402464,_ZN18BVSinglePhaseDarcy20precomputeQpResidualEv
FNDA:142,_ZN18BVSinglePhaseDarcy11validParamsEv
FNDA:5,_ZN18BVSinglePhaseDarcyC2ERK15InputParameters
FNF:3
FNH:3
DA:19,142
DA:21,142
DA:22,142
DA:24,142
DA:25,0
DA:27,5
DA:28,10
DA:30,5
DA:33,402464
DA:35,402464
LF:10
LH:9
end_of_record
TN:
SF:/home/runner/work/beaver/beaver/src/kernels/BVSinglePhaseTimeDerivative.C
FN:19,_ZN27BVSinglePhaseTimeDerivative11validParamsEv
FN:26,_ZN27BVSinglePhaseTimeDerivativeC2ERK15InputParameters
FN:38,_ZN27BVSinglePhaseTimeDerivative20precomputeQpResidualEv
FNDA:3,_ZN27BVSinglePhaseTimeDerivativeC2ERK15InputParameters
FNDA:341984,_ZN27BVSinglePhaseTimeDerivative20precomputeQpResidualEv
FNDA:138,_ZN27BVSinglePhaseTimeDerivative11validParamsEv
FNF:3
FNH:3
DA:19,138
DA:21,138
DA:22,138
DA:23,138
DA:24,0
DA:26,3
DA:28,3
DA:29,6
DA:30,6
DA:31,3
DA:32,5
DA:33,8
DA:35,3
DA:38,341984
DA:41,341984
DA:44,341984
DA:45,520768
DA:47,341984
LF:18
LH:17
end_of_record
TN:
SF:/home/runner/work/beaver/beaver/src/kernels/BVStressDivergence.C
FN:19,_ZN18BVStressDivergence11validParamsEv
FN:36,_ZN18BVStressDivergenceC2ERK15InputParameters
FN:49,_ZN18BVStressDivergence17computeQpResidualEv
FNDA:10810632,_ZN18BVStressDivergence17computeQpResidualEv
FNDA:230,_ZN18BVStressDivergence11validParamsEv
FNDA:49,_ZN18BVStressDivergenceC2ERK15InputParameters
FNF:3
FNH:3
DA:19,230
DA:21,230
DA:22,230
DA:23,460
DA:24,230
DA:25,460
DA:26,460
DA:33,230
DA:34,230
DA:36,49
DA:38,49
DA:39,49
DA:40,98
DA:43,98
DA:44,102
DA:46,49
DA:49,10810632
DA:53,10810632
DA:54,10810632
DA:55,4166144
DA:57,10810632
LF:21
LH:21
end_of_record
TN:
SF:/home/runner/work/beaver/beaver/src/main.C
FN:18,main
FNDA:28,main
FNF:1
FNH:1
DA:18,28
DA:20,28
LF:2
LH:2
end_of_record
TN:
SF:/home/runner/work/beaver/beaver/src/materials/BVBlancoMartinModelUpdate.C
FN:19,_ZN25BVBlancoMartinModelUpdate11validParamsEv
FN:41,_ZN25BVBlancoMartinModelUpdateC2ERK15InputParameters
FN:65,_ZN25BVBlancoMartinModelUpdate24initQpStatefulPropertiesEv
FN:72,_ZN25BVBlancoMartinModelUpdate9creepRateERKSt6vectorIN11MetaPhysicL10DualNumberIdNS1_28SemiDynamicSparseNumberArrayIdmNS1_8NWrapperILm64EEEEELb1EEESaIS7_EEj
FN:83,_ZN25BVBlancoMartinModelUpdate10creepRateRERKSt6vectorIN11MetaPhysicL10DualNumberIdNS1_28SemiDynamicSparseNumberArrayIdmNS1_8NWrapperILm64EEEEELb1EEESaIS7_EE
FN:94,_ZN25BVBlancoMartinModelUpdate17creepRateLemaitreERKSt6vectorIN11MetaPhysicL10DualNumberIdNS1_28SemiDynamicSparseNumberArrayIdmNS1_8NWrapperILm64EEEEELb1EEESaIS7_EE
FN:105,_ZN25BVBlancoMartinModelUpdate21creepRateMunsonDawsonERKSt6vectorIN11MetaPhysicL10DualNumberIdNS1_28SemiDynamicSparseNumberArrayIdmNS1_8NWrapperILm64EEEEELb1EEESaIS7_EE
FN:121,_ZN25BVBlancoMartinModelUpdate19creepRateDerivativeERKSt6vectorIN11MetaPhysicL10DualNumberIdNS1_28SemiDynamicSparseNumberArrayIdmNS1_8NWrapperILm64EEEEELb1EEESaIS7_EEjj
FN:135,_ZN25BVBlancoMartinModelUpdate20creepRateRDerivativeERKSt6vectorIN11MetaPhysicL10DualNumberIdNS1_28SemiDynamicSparseNumberArrayIdmNS1_8NWrapperILm64EEEEELb1EEESaIS7_EE
FN:149,_ZN25BVBlancoMartinModelUpdate27creepRateLemaitreDerivativeERKSt6vectorIN11MetaPhysicL10DualNumberIdNS1_28SemiDynamicSparseNumberArrayIdmNS1_8NWrapperILm64EEEEELb1EEESaIS7_EEj
FN:174,_ZN25BVBlancoMartinModelUpdate31creepRateMunsonDawsonDerivativeERKSt6vectorIN11MetaPhysicL10DualNumberIdNS1_28SemiDynamicSparseNumberArrayIdmNS1_8NWrapperILm64EEEEELb1EEESaIS7_EEj
FN:206,_ZN25BVBlancoMartinModelUpdate19lemaitreCreepStrainERKSt6vectorIN11MetaPhysicL10DualNumberIdNS1_28SemiDynamicSparseNumberArrayIdmNS1_8NWrapperILm64EEEEELb1EEESaIS7_EE
FN:212,_ZN25BVBlancoMartinModelUpdate23munsondawsonCreepStrainERKSt6vectorIN11MetaPhysicL10DualNumberIdNS1_28SemiDynamicSparseNumberArrayIdmNS1_8NWrapperILm64EEEEELb1EEESaIS7_EE
FN:218,_ZN25BVBlancoMartinModelUpdate12preReturnMapEv
FN:225,_ZN25BVBlancoMartinModelUpdate13postReturnMapERKSt6vectorIN11MetaPhysicL10DualNumberIdNS1_28SemiDynamicSparseNumberArrayIdmNS1_8NWrapperILm64EEEEELb1EEESaIS7_EE
FNDA:137972,_ZN25BVBlancoMartinModelUpdate10creepRateRERKSt6vectorIN11MetaPhysicL10DualNumberIdNS1_28SemiDynamicSparseNumberArrayIdmNS1_8NWrapperILm64EEEEELb1EEESaIS7_EE
FNDA:3,_ZN25BVBlancoMartinModelUpdateC2ERK15InputParameters
FNDA:111040,_ZN25BVBlancoMartinModelUpdate19lemaitreCreepStrainERKSt6vectorIN11MetaPhysicL10DualNumberIdNS1_28SemiDynamicSparseNumberArrayIdmNS1_8NWrapperILm64EEEEELb1EEESaIS7_EE
FNDA:138176,_ZN25BVBlancoMartinModelUpdate20creepRateRDerivativeERKSt6vectorIN11MetaPhysicL10DualNumberIdNS1_28SemiDynamicSparseNumberArrayIdmNS1_8NWrapperILm64EEEEELb1EEESaIS7_EE
FNDA:34544,_ZN25BVBlancoMartinModelUpdate21creepRateMunsonDawsonERKSt6vectorIN11MetaPhysicL10DualNumberIdNS1_28SemiDynamicSparseNumberArrayIdmNS1_8NWrapperILm64EEEEELb1EEESaIS7_EE
FNDA:69088,_ZN25BVBlancoMartinModelUpdate9creepRateERKSt6vectorIN11MetaPhysicL10DualNumberIdNS1_28SemiDynamicSparseNumberArrayIdmNS1_8NWrapperILm64EEEEELb1EEESaIS7_EEj
FNDA:138176,_ZN25BVBlancoMartinModelUpdate19creepRateDerivativeERKSt6vectorIN11MetaPhysicL10DualNumberIdNS1_28SemiDynamicSparseNumberArrayIdmNS1_8NWrapperILm64EEEEELb1EEESaIS7_EEjj
FNDA:69088,_ZN25BVBlancoMartinModelUpdate27creepRateLemaitreDerivativeERKSt6vectorIN11MetaPhysicL10DualNumberIdNS1_28SemiDynamicSparseNumberArrayIdmNS1_8NWrapperILm64EEEEELb1EEESaIS7_EEj
FNDA:7408,_ZN25BVBlancoMartinModelUpdate12preReturnMapEv
FNDA:136,_ZN25BVBlancoMartinModelUpdate11validParamsEv
FNDA:40,_ZN25BVBlancoMartinModelUpdate24initQpStatefulPropertiesEv
FNDA:7408,_ZN25BVBlancoMartinModelUpdate13postReturnMapERKSt6vectorIN11MetaPhysicL10DualNumberIdNS1_28SemiDynamicSparseNumberArrayIdmNS1_8NWrapperILm64EEEEELb1EEESaIS7_EE
FNDA:69088,_ZN25BVBlancoMartinModelUpdate31creepRateMunsonDawsonDerivativeERKSt6vectorIN11MetaPhysicL10DualNumberIdNS1_28SemiDynamicSparseNumberArrayIdmNS1_8NWrapperILm64EEEEELb1EEESaIS7_EEj
FNDA:111040,_ZN25BVBlancoMartinModelUpdate23munsondawsonCreepStrainERKSt6vectorIN11MetaPhysicL10DualNumberIdNS1_28SemiDynamicSparseNumberArrayIdmNS1_8NWrapperILm64EEEEELb1EEESaIS7_EE
FNDA:34544,_ZN25BVBlancoMartinModelUpdate17creepRateLemaitreERKSt6vectorIN11MetaPhysicL10DualNumberIdNS1_28SemiDynamicSparseNumberArrayIdmNS1_8NWrapperILm64EEEEELb1EEESaIS7_EE
FNF:15
FNH:15
DA:19,136
DA:21,136
DA:22,136
DA:26,272
DA:27,272
DA:28,272
DA:29,272
DA:30,272
DA:32,272
DA:33,272
DA:34,272
DA:35,272
DA:36,272
DA:37,272
DA:38,136
DA:39,0
DA:41,3
DA:44,3
DA:45,6
DA:46,6
DA:47,6
DA:48,6
DA:50,6
DA:51,6
DA:52,6
DA:53,6
DA:54,6
DA:55,6
DA:57,3
DA:58,6
DA:59,3
DA:60,9
DA:62,3
DA:65,40
DA:67,40
DA:68,40
DA:69,40
DA:72,69088
DA:74,69088
DA:75,34544
DA:76,34544
DA:77,34544
DA:79,0
DA:83,137972
DA:85,413916
DA:87,137972
DA:88,288
DA:90,688420
DA:94,34544
DA:96,69088
DA:98,34544
DA:99,408
DA:101,68680
DA:105,34544
DA:107,103632
DA:108,68992
DA:110,69088
DA:112,34544
DA:113,103632
DA:114,69088
DA:116,0
DA:117,0
DA:121,138176
DA:125,138176
DA:126,69088
DA:127,69088
DA:128,69088
DA:130,0
DA:131,0
DA:135,138176
DA:137,414528
DA:139,138176
DA:140,384
DA:142,137792
DA:143,551168
DA:144,275584
DA:145,413376
DA:149,69088
DA:152,138176
DA:154,69088
DA:155,34544
DA:156,408
DA:158,34340
DA:159,34340
DA:160,68680
DA:162,34544
DA:163,34544
DA:164,408
DA:166,68680
DA:169,0
DA:170,0
DA:174,69088
DA:177,207264
DA:178,137984
DA:180,138176
DA:182,69088
DA:183,34544
DA:184,103632
DA:185,69088
DA:187,0
DA:188,0
DA:190,34544
DA:191,34544
DA:192,103632
DA:193,69088
DA:194,69088
DA:196,0
DA:197,0
DA:198,0
DA:201,0
DA:202,0
DA:206,111040
DA:208,111040
DA:212,111040
DA:214,111040
DA:218,7408
DA:220,7408
DA:221,7408
DA:222,7408
DA:225,7408
DA:227,7408
DA:228,7408
DA:229,7408
LF:123
LH:108
end_of_record
TN:
SF:/home/runner/work/beaver/beaver/src/materials/BVBurgerModelUpdate.C
FN:19,_ZN19BVBurgerModelUpdate11validParamsEv
FN:30,_ZN19BVBurgerModelUpdateC2ERK15InputParameters
FN:42,_ZN19BVBurgerModelUpdate24initQpStatefulPropertiesEv
FN:48,_ZN19BVBurgerModelUpdate9creepRateERKSt6vectorIN11MetaPhysicL10DualNumberIdNS1_28SemiDynamicSparseNumberArrayIdmNS1_8NWrapperILm64EEEEELb1EEESaIS7_EEj
FN:59,_ZN19BVBurgerModelUpdate16creepRateMaxwellERKSt6vectorIN11MetaPhysicL10DualNumberIdNS1_28SemiDynamicSparseNumberArrayIdmNS1_8NWrapperILm64EEEEELb1EEESaIS7_EE
FN:67,_ZN19BVBurgerModelUpdate15creepRateKelvinERKSt6vectorIN11MetaPhysicL10DualNumberIdNS1_28SemiDynamicSparseNumberArrayIdmNS1_8NWrapperILm64EEEEELb1EEESaIS7_EE
FN:75,_ZN19BVBurgerModelUpdate19creepRateDerivativeERKSt6vectorIN11MetaPhysicL10DualNumberIdNS1_28SemiDynamicSparseNumberArrayIdmNS1_8NWrapperILm64EEEEELb1EEESaIS7_EEjj
FN:89,_ZN19BVBurgerModelUpdate26creepRateMaxwellDerivativeERKSt6vectorIN11MetaPhysicL10DualNumberIdNS1_28SemiDynamicSparseNumberArrayIdmNS1_8NWrapperILm64EEEEELb1EEESaIS7_EEj
FN:98,_ZN19BVBurgerModelUpdate25creepRateKelvinDerivativeERKSt6vectorIN11MetaPhysicL10DualNumberIdNS1_28SemiDynamicSparseNumberArrayIdmNS1_8NWrapperILm64EEEEELb1EEESaIS7_EEj
FN:120,_ZN19BVBurgerModelUpdate16viscosityMaxwellERKSt6vectorIN11MetaPhysicL10DualNumberIdNS1_28SemiDynamicSparseNumberArrayIdmNS1_8NWrapperILm64EEEEELb1EEESaIS7_EE
FN:126,_ZN19BVBurgerModelUpdate15viscosityKelvinERKSt6vectorIN11MetaPhysicL10DualNumberIdNS1_28SemiDynamicSparseNumberArrayIdmNS1_8NWrapperILm64EEEEELb1EEESaIS7_EE
FN:132,_ZN19BVBurgerModelUpdate26viscosityMaxwellDerivativeERKSt6vectorIN11MetaPhysicL10DualNumberIdNS1_28SemiDynamicSparseNumberArrayIdmNS1_8NWrapperILm64EEEEELb1EEESaIS7_EEj
FN:139,_ZN19BVBurgerModelUpdate25viscosityKelvinDerivativeERKSt6vectorIN11MetaPhysicL10DualNumberIdNS1_28SemiDynamicSparseNumberArrayIdmNS1_8NWrapperILm64EEEEELb1EEESaIS7_EEj
FN:146,_ZN19BVBurgerModelUpdate18shearModulusKelvinERKSt6vectorIN11MetaPhysicL10DualNumberIdNS1_28SemiDynamicSparseNumberArrayIdmNS1_8NWrapperILm64EEEEELb1EEESaIS7_EE
FN:152,_ZN19BVBurgerModelUpdate28shearModulusKelvinDerivativeERKSt6vectorIN11MetaPhysicL10DualNumberIdNS1_28SemiDynamicSparseNumberArrayIdmNS1_8NWrapperILm64EEEEELb1EEESaIS7_EEj
FN:159,_ZN19BVBurgerModelUpdate17kelvinCreepStrainERKSt6vectorIN11MetaPhysicL10DualNumberIdNS1_28SemiDynamicSparseNumberArrayIdmNS1_8NWrapperILm64EEEEELb1EEESaIS7_EE
FN:165,_ZN19BVBurgerModelUpdate12preReturnMapEv
FN:171,_ZN19BVBurgerModelUpdate13postReturnMapERKSt6vectorIN11MetaPhysicL10DualNumberIdNS1_28SemiDynamicSparseNumberArrayIdmNS1_8NWrapperILm64EEEEELb1EEESaIS7_EE
FNDA:4608,_ZN19BVBurgerModelUpdate24initQpStatefulPropertiesEv
FNDA:271360,_ZN19BVBurgerModelUpdate26viscosityMaxwellDerivativeERKSt6vectorIN11MetaPhysicL10DualNumberIdNS1_28SemiDynamicSparseNumberArrayIdmNS1_8NWrapperILm64EEEEELb1EEESaIS7_EEj
FNDA:271360,_ZN19BVBurgerModelUpdate28shearModulusKelvinDerivativeERKSt6vectorIN11MetaPhysicL10DualNumberIdNS1_28SemiDynamicSparseNumberArrayIdmNS1_8NWrapperILm64EEEEELb1EEESaIS7_EEj
FNDA:1298688,_ZN19BVBurgerModelUpdate15creepRateKelvinERKSt6vectorIN11MetaPhysicL10DualNumberIdNS1_28SemiDynamicSparseNumberArrayIdmNS1_8NWrapperILm64EEEEELb1EEESaIS7_EE
FNDA:678400,_ZN19BVBurgerModelUpdate16viscosityMaxwellERKSt6vectorIN11MetaPhysicL10DualNumberIdNS1_28SemiDynamicSparseNumberArrayIdmNS1_8NWrapperILm64EEEEELb1EEESaIS7_EE
FNDA:5194752,_ZN19BVBurgerModelUpdate19creepRateDerivativeERKSt6vectorIN11MetaPhysicL10DualNumberIdNS1_28SemiDynamicSparseNumberArrayIdmNS1_8NWrapperILm64EEEEELb1EEESaIS7_EEjj
FNDA:271360,_ZN19BVBurgerModelUpdate18shearModulusKelvinERKSt6vectorIN11MetaPhysicL10DualNumberIdNS1_28SemiDynamicSparseNumberArrayIdmNS1_8NWrapperILm64EEEEELb1EEESaIS7_EE
FNDA:2597376,_ZN19BVBurgerModelUpdate9creepRateERKSt6vectorIN11MetaPhysicL10DualNumberIdNS1_28SemiDynamicSparseNumberArrayIdmNS1_8NWrapperILm64EEEEELb1EEESaIS7_EEj
FNDA:6,_ZN19BVBurgerModelUpdateC2ERK15InputParameters
FNDA:158720,_ZN19BVBurgerModelUpdate13postReturnMapERKSt6vectorIN11MetaPhysicL10DualNumberIdNS1_28SemiDynamicSparseNumberArrayIdmNS1_8NWrapperILm64EEEEELb1EEESaIS7_EE
FNDA:1298688,_ZN19BVBurgerModelUpdate16creepRateMaxwellERKSt6vectorIN11MetaPhysicL10DualNumberIdNS1_28SemiDynamicSparseNumberArrayIdmNS1_8NWrapperILm64EEEEELb1EEESaIS7_EE
FNDA:4054784,_ZN19BVBurgerModelUpdate17kelvinCreepStrainERKSt6vectorIN11MetaPhysicL10DualNumberIdNS1_28SemiDynamicSparseNumberArrayIdmNS1_8NWrapperILm64EEEEELb1EEESaIS7_EE
FNDA:271360,_ZN19BVBurgerModelUpdate25viscosityKelvinDerivativeERKSt6vectorIN11MetaPhysicL10DualNumberIdNS1_28SemiDynamicSparseNumberArrayIdmNS1_8NWrapperILm64EEEEELb1EEESaIS7_EEj
FNDA:2597376,_ZN19BVBurgerModelUpdate26creepRateMaxwellDerivativeERKSt6vectorIN11MetaPhysicL10DualNumberIdNS1_28SemiDynamicSparseNumberArrayIdmNS1_8NWrapperILm64EEEEELb1EEESaIS7_EEj
FNDA:2597376,_ZN19BVBurgerModelUpdate25creepRateKelvinDerivativeERKSt6vectorIN11MetaPhysicL10DualNumberIdNS1_28SemiDynamicSparseNumberArrayIdmNS1_8NWrapperILm64EEEEELb1EEESaIS7_EEj
FNDA:158720,_ZN19BVBurgerModelUpdate12preReturnMapEv
FNDA:678400,_ZN19BVBurgerModelUpdate15viscosityKelvinERKSt6vectorIN11MetaPhysicL10DualNumberIdNS1_28SemiDynamicSparseNumberArrayIdmNS1_8NWrapperILm64EEEEELb1EEESaIS7_EE
FNDA:272,_ZN19BVBurgerModelUpdate11validParamsEv
FNF:18
FNH:18
DA:19,272
DA:21,272
DA:22,272
DA:23,544
DA:24,544
DA:25,544
DA:27,272
DA:28,0
DA:30,6
DA:32,6
DA:33,12
DA:34,12
DA:36,6
DA:37,18
DA:39,6
DA:42,4608
DA:44,4608
DA:45,4608
DA:48,2597376
DA:50,2597376
DA:51,1298688
DA:52,1298688
DA:53,1298688
DA:55,0
DA:59,1298688
DA:62,2597376
DA:63,1298688
DA:67,1298688
DA:69,2597376
DA:70,1298688
DA:71,1298688
DA:75,5194752
DA:79,5194752
DA:80,2597376
DA:81,2597376
DA:82,2597376
DA:84,0
DA:85,0
DA:89,2597376
DA:92,2597376
DA:93,5194752
DA:94,2597376
DA:98,2597376
DA:101,2597376
DA:102,3896064
DA:103,1298688
DA:104,1298688
DA:105,2597376
DA:106,2597376
DA:107,1298688
DA:108,2597376
DA:109,1298688
DA:110,1298688
DA:111,1298688
DA:112,2597376
DA:113,2597376
DA:115,0
DA:116,0
DA:120,678400
DA:122,678400
DA:126,678400
DA:128,678400
DA:132,271360
DA:135,271360
DA:139,271360
DA:142,271360
DA:146,271360
DA:148,271360
DA:152,271360
DA:155,271360
DA:159,4054784
DA:161,4054784
DA:165,158720
DA:167,158720
DA:168,158720
DA:171,158720
DA:173,158720
DA:174,158720
LF:78
LH:72
end_of_record
TN:
SF:/home/runner/work/beaver/beaver/src/materials/BVCapillaryPressureBase.C
FN:17,_ZN23BVCapillaryPressureBase11validParamsEv
FN:25,_ZN23BVCapillaryPressureBaseC2ERK15InputParameters
FNDA:0,_ZN23BVCapillaryPressureBaseC2ERK15InputParameters
FNDA:132,_ZN23BVCapillaryPressureBase11validParamsEv
FNF:2
FNH:1
DA:17,132
DA:19,132
DA:20,132
DA:21,264
DA:22,132
DA:23,0
DA:25,0
DA:27,0
DA:28,0
DA:29,0
DA:31,0
LF:11
LH:5
end_of_record
TN:
SF:/home/runner/work/beaver/beaver/src/materials/BVCapillaryPressurePowerLaw.C
FN:19,_ZN27BVCapillaryPressurePowerLaw11validParamsEv
FN:28,_ZN27BVCapillaryPressurePowerLawC2ERK15InputParameters
FN:36,_ZN27BVCapillaryPressurePowerLaw19computeQpPropertiesEv
FNDA:132,_ZN27BVCapillaryPressurePowerLaw11validParamsEv
FNDA:0,_ZN27BVCapillaryPressurePowerLawC2ERK15InputParameters
FNDA:0,_ZN27BVCapillaryPressurePowerLaw19computeQpPropertiesEv
FNF:3
FNH:1
DA:19,132
DA:21,132
DA:22,132
DA:23,264
DA:24,264
DA:25,132
DA:26,0
DA:28,0
DA:30,0
DA:31,0
DA:33,0
DA:36,0
DA:39,0
DA:40,0
DA:41,0
LF:15
LH:6
end_of_record
TN:
SF:/home/runner/work/beaver/beaver/src/materials/BVConstantDispersion.C
FN:19,_ZN20BVConstantDispersion11validParamsEv
FN:28,_ZN20BVConstantDispersionC2ERK15InputParameters
FN:34,_ZN20BVConstantDispersion19computeQpPropertiesEv
FNDA:0,_ZN20BVConstantDispersionC2ERK15InputParameters
FNDA:132,_ZN20BVConstantDispersion11validParamsEv
FNDA:0,_ZN20BVConstantDispersion19computeQpPropertiesEv
FNF:3
FNH:1
DA:19,132
DA:21,132
DA:22,132
DA:23,264
DA:25,132
DA:26,0
DA:28,0
DA:29,0
DA:31,0
DA:34,0
DA:36,0
DA:37,0
LF:12
LH:5
end_of_record
TN:
SF:/home/runner/work/beaver/beaver/src/materials/BVConstantFrictionUpdate.C
FN:19,_ZN24BVConstantFrictionUpdate11validParamsEv
FN:28,_ZN24BVConstantFrictionUpdateC2ERK15InputParameters
FN:34,_ZN24BVConstantFrictionUpdate18frictionalStrengthERKN11MetaPhysicL10DualNumberIdNS0_28SemiDynamicSparseNumberArrayIdmNS0_8NWrapperILm64EEEEELb1EEE
FN:40,_ZN24BVConstantFrictionUpdate23frictionalStrengthDerivERKN11MetaPhysicL10DualNumberIdNS0_28SemiDynamicSparseNumberArrayIdmNS0_8NWrapperILm64EEEEELb1EEE
FNDA:54212,_ZN24BVConstantFrictionUpdate23frictionalStrengthDerivERKN11MetaPhysicL10DualNumberIdNS0_28SemiDynamicSparseNumberArrayIdmNS0_8NWrapperILm64EEEEELb1EEE
FNDA:140,_ZN24BVConstantFrictionUpdate11validParamsEv
FNDA:6,_ZN24BVConstantFrictionUpdateC2ERK15InputParameters
FNDA:93388,_ZN24BVConstantFrictionUpdate18frictionalStrengthERKN11MetaPhysicL10DualNumberIdNS0_28SemiDynamicSparseNumberArrayIdmNS0_8NWrapperILm64EEEEELb1EEE
FNF:4
FNH:4
DA:19,140
DA:21,140
DA:22,140
DA:23,280
DA:25,140
DA:26,0
DA:28,6
DA:29,12
DA:31,6
DA:34,93388
DA:36,93388
DA:40,54212
DA:42,54212
LF:13
LH:12
end_of_record
TN:
SF:/home/runner/work/beaver/beaver/src/materials/BVConstantPermeability.C
FN:19,_ZN22BVConstantPermeability11validParamsEv
FN:28,_ZN22BVConstantPermeabilityC2ERK15InputParameters
FN:34,_ZN22BVConstantPermeability19computeQpPropertiesEv
FNDA:30,_ZN22BVConstantPermeabilityC2ERK15InputParameters
FNDA:512684,_ZN22BVConstantPermeability19computeQpPropertiesEv
FNDA:172,_ZN22BVConstantPermeability11validParamsEv
FNF:3
FNH:3
DA:19,172
DA:21,172
DA:22,172
DA:23,344
DA:25,172
DA:26,0
DA:28,30
DA:29,60
DA:31,30
DA:34,512684
DA:36,512684
DA:37,512684
LF:12
LH:11
end_of_record
TN:
SF:/home/runner/work/beaver/beaver/src/materials/BVConstantPorosity.C
FN:19,_ZN18BVConstantPorosity11validParamsEv
FN:28,_ZN18BVConstantPorosityC2ERK15InputParameters
FN:34,_ZN18BVConstantPorosity24initQpStatefulPropertiesEv
FN:40,_ZN18BVConstantPorosity19computeQpPropertiesEv
FNDA:12,_ZN18BVConstantPorosityC2ERK15InputParameters
FNDA:148,_ZN18BVConstantPorosity11validParamsEv
FNDA:0,_ZN18BVConstantPorosity24initQpStatefulPropertiesEv
FNDA:389404,_ZN18BVConstantPorosity19computeQpPropertiesEv
FNF:4
FNH:3
DA:19,148
DA:21,148
DA:22,148
DA:23,296
DA:25,148
DA:26,0
DA:28,12
DA:29,24
DA:31,12
DA:34,0
DA:36,0
DA:37,0
DA:40,389404
DA:42,389404
DA:43,389404
LF:15
LH:11
end_of_record
TN:
SF:/home/runner/work/beaver/beaver/src/materials/BVCreepUpdateBase.C
FN:18,_ZN17BVCreepUpdateBase11validParamsEv
FN:30,_ZN17BVCreepUpdateBaseC2ERK15InputParameters
FN:38,_ZN17BVCreepUpdateBase15inelasticUpdateER18RankTwoTensorTemplIN11MetaPhysicL10DualNumberIdNS1_28SemiDynamicSparseNumberArrayIdmNS1_8NWrapperILm64EEEEELb1EEEERK19RankFourTensorTemplIdE
FN:68,_ZN17BVCreepUpdateBase9returnMapEv
FN:95,_ZN17BVCreepUpdateBase8residualERKN11MetaPhysicL10DualNumberIdNS0_28SemiDynamicSparseNumberArrayIdmNS0_8NWrapperILm64EEEEELb1EEE
FN:101,_ZN17BVCreepUpdateBase8jacobianERKN11MetaPhysicL10DualNumberIdNS0_28SemiDynamicSparseNumberArrayIdmNS0_8NWrapperILm64EEEEELb1EEE
FN:107,_ZN17BVCreepUpdateBase25reformPlasticStrainTensorERKN11MetaPhysicL10DualNumberIdNS0_28SemiDynamicSparseNumberArrayIdmNS0_8NWrapperILm64EEEEELb1EEE
FN:116,_ZN17BVCreepUpdateBase12preReturnMapEv
FN:121,_ZN17BVCreepUpdateBase13postReturnMapERKN11MetaPhysicL10DualNumberIdNS0_28SemiDynamicSparseNumberArrayIdmNS0_8NWrapperILm64EEEEELb1EEE
FNDA:138776,_ZN17BVCreepUpdateBase9returnMapEv
FNDA:286540,_ZN17BVCreepUpdateBase8residualERKN11MetaPhysicL10DualNumberIdNS0_28SemiDynamicSparseNumberArrayIdmNS0_8NWrapperILm64EEEEELb1EEE
FNDA:408,_ZN17BVCreepUpdateBase11validParamsEv
FNDA:138776,_ZN17BVCreepUpdateBase25reformPlasticStrainTensorERKN11MetaPhysicL10DualNumberIdNS0_28SemiDynamicSparseNumberArrayIdmNS0_8NWrapperILm64EEEEELb1EEE
FNDA:138776,_ZN17BVCreepUpdateBase15inelasticUpdateER18RankTwoTensorTemplIN11MetaPhysicL10DualNumberIdNS1_28SemiDynamicSparseNumberArrayIdmNS1_8NWrapperILm64EEEEELb1EEEERK19RankFourTensorTemplIdE
FNDA:286540,_ZN17BVCreepUpdateBase8jacobianERKN11MetaPhysicL10DualNumberIdNS0_28SemiDynamicSparseNumberArrayIdmNS0_8NWrapperILm64EEEEELb1EEE
FNDA:63488,_ZN17BVCreepUpdateBase13postReturnMapERKN11MetaPhysicL10DualNumberIdNS0_28SemiDynamicSparseNumberArrayIdmNS0_8NWrapperILm64EEEEELb1EEE
FNDA:63488,_ZN17BVCreepUpdateBase12preReturnMapEv
FNDA:9,_ZN17BVCreepUpdateBaseC2ERK15InputParameters
FNF:9
FNH:9
DA:18,408
DA:20,408
DA:21,408
DA:22,816
DA:27,408
DA:28,0
DA:30,9
DA:32,9
DA:33,18
DA:35,9
DA:38,138776
DA:46,138776
DA:48,277552
DA:50,138776
DA:53,138776
DA:56,138776
DA:59,138776
DA:62,138776
DA:63,277552
DA:64,138776
DA:65,138776
DA:68,138776
DA:71,138776
DA:74,138776
DA:76,138776
DA:77,138776
DA:80,147764
DA:82,147764
DA:84,147764
DA:85,147764
DA:88,174728
DA:89,138776
DA:91,0
DA:95,286540
DA:97,286540
DA:101,286540
DA:103,286540
DA:107,138776
DA:110,138776
DA:112,277552
DA:116,63488
DA:118,63488
DA:121,63488
DA:123,63488
LF:44
LH:42
end_of_record
TN:
SF:/home/runner/work/beaver/beaver/src/materials/BVDispersionBase.C
FN:17,_ZN16BVDispersionBase11validParamsEv
FN:25,_ZN16BVDispersionBaseC2ERK15InputParameters
FNDA:0,_ZN16BVDispersionBaseC2ERK15InputParameters
FNDA:132,_ZN16BVDispersionBase11validParamsEv
FNF:2
FNH:1
DA:17,132
DA:19,132
DA:20,132
DA:22,132
DA:23,0
DA:25,0
DA:26,0
DA:28,0
LF:8
LH:4
end_of_record
TN:
SF:/home/runner/work/beaver/beaver/src/materials/BVFluidProperties.C
FN:19,_ZN17BVFluidProperties11validParamsEv
FN:34,_ZN17BVFluidPropertiesC2ERK15InputParameters
FN:47,_ZN17BVFluidProperties9phase_extB5cxx11Ev
FN:63,_ZN17BVFluidProperties24initQpStatefulPropertiesEv
FN:70,_ZN17BVFluidProperties19computeQpPropertiesEv
FNDA:3508,_ZN17BVFluidProperties24initQpStatefulPropertiesEv
FNDA:24,_ZN17BVFluidProperties9phase_extB5cxx11Ev
FNDA:164,_ZN17BVFluidProperties11validParamsEv
FNDA:512684,_ZN17BVFluidProperties19computeQpPropertiesEv
FNDA:24,_ZN17BVFluidPropertiesC2ERK15InputParameters
FNF:5
FNH:5
DA:19,164
DA:21,164
DA:22,164
DA:24,328
DA:25,328
DA:26,328
DA:28,328
DA:29,328
DA:31,164
DA:32,164
DA:34,24
DA:36,24
DA:37,24
DA:38,48
DA:39,24
DA:40,24
DA:41,24
DA:42,48
DA:44,24
DA:47,24
DA:49,24
DA:52,0
DA:54,0
DA:56,24
DA:57,0
DA:58,0
DA:63,3508
DA:65,3508
DA:66,3508
DA:67,3508
DA:70,512684
DA:72,512684
DA:73,512684
DA:74,512684
LF:34
LH:30
end_of_record
TN:
SF:/home/runner/work/beaver/beaver/src/materials/BVFrictionUpdateBase.C
FN:17,_ZN20BVFrictionUpdateBase11validParamsEv
FN:41,_ZN20BVFrictionUpdateBaseC2ERK15InputParameters
FN:50,_ZN20BVFrictionUpdateBase5setQpEj
FN:56,_ZN20BVFrictionUpdateBase14frictionUpdateERN7libMesh11VectorValueIN11MetaPhysicL10DualNumberIdNS2_28SemiDynamicSparseNumberArrayIdmNS2_8NWrapperILm64EEEEELb1EEEEERK18RankTwoTensorTemplIdE
FN:82,_ZN20BVFrictionUpdateBase9returnMapEv
FN:110,_ZN20BVFrictionUpdateBase8residualERKN11MetaPhysicL10DualNumberIdNS0_28SemiDynamicSparseNumberArrayIdmNS0_8NWrapperILm64EEEEELb1EEE
FN:116,_ZN20BVFrictionUpdateBase8jacobianERKN11MetaPhysicL10DualNumberIdNS0_28SemiDynamicSparseNumberArrayIdmNS0_8NWrapperILm64EEEEELb1EEE
FN:122,_ZN20BVFrictionUpdateBase16reformSlipVectorERKN11MetaPhysicL10DualNumberIdNS0_28SemiDynamicSparseNumberArrayIdmNS0_8NWrapperILm64EEEEELb1EEE
FN:128,_ZN20BVFrictionUpdateBase12preReturnMapEv
FN:133,_ZN20BVFrictionUpdateBase13postReturnMapERKN11MetaPhysicL10DualNumberIdNS0_28SemiDynamicSparseNumberArrayIdmNS0_8NWrapperILm64EEEEELb1EEE
FNDA:140,_ZN20BVFrictionUpdateBase11validParamsEv
FNDA:27106,_ZN20BVFrictionUpdateBase16reformSlipVectorERKN11MetaPhysicL10DualNumberIdNS0_28SemiDynamicSparseNumberArrayIdmNS0_8NWrapperILm64EEEEELb1EEE
FNDA:39176,_ZN20BVFrictionUpdateBase5setQpEj
FNDA:27106,_ZN20BVFrictionUpdateBase13postReturnMapERKN11MetaPhysicL10DualNumberIdNS0_28SemiDynamicSparseNumberArrayIdmNS0_8NWrapperILm64EEEEELb1EEE
FNDA:54212,_ZN20BVFrictionUpdateBase8residualERKN11MetaPhysicL10DualNumberIdNS0_28SemiDynamicSparseNumberArrayIdmNS0_8NWrapperILm64EEEEELb1EEE
FNDA:39176,_ZN20BVFrictionUpdateBase12preReturnMapEv
FNDA:6,_ZN20BVFrictionUpdateBaseC2ERK15InputParameters
FNDA:54212,_ZN20BVFrictionUpdateBase8jacobianERKN11MetaPhysicL10DualNumberIdNS0_28SemiDynamicSparseNumberArrayIdmNS0_8NWrapperILm64EEEEELb1EEE
FNDA:27106,_ZN20BVFrictionUpdateBase9returnMapEv
FNDA:39176,_ZN20BVFrictionUpdateBase14frictionUpdateERN7libMesh11VectorValueIN11MetaPhysicL10DualNumberIdNS2_28SemiDynamicSparseNumberArrayIdmNS2_8NWrapperILm64EEEEELb1EEEEERK18RankTwoTensorTemplIdE
FNF:10
FNH:10
DA:17,140
DA:19,140
DA:20,140
DA:22,420
DA:23,280
DA:26,420
DA:27,280
DA:30,420
DA:32,280
DA:36,140
DA:37,140
DA:38,140
DA:39,0
DA:41,6
DA:43,6
DA:44,12
DA:45,18
DA:47,6
DA:50,39176
DA:52,39176
DA:53,39176
DA:56,39176
DA:59,39176
DA:61,39176
DA:62,39176
DA:65,39176
DA:68,39176
DA:70,78352
DA:71,12070
DA:73,27106
DA:76,27106
DA:77,27106
DA:78,27106
DA:82,27106
DA:85,27106
DA:88,27106
DA:90,27106
DA:91,27106
DA:94,27106
DA:96,27106
DA:98,27106
DA:99,27106
DA:102,27106
DA:103,27106
DA:105,0
DA:106,0
DA:110,54212
DA:112,162636
DA:116,54212
DA:118,54212
DA:122,27106
DA:124,81318
DA:128,39176
DA:130,39176
DA:133,27106
DA:135,27106
LF:56
LH:53
end_of_record
TN:
SF:/home/runner/work/beaver/beaver/src/materials/BVInelasticUpdateBase.C
FN:17,_ZN21BVInelasticUpdateBase11validParamsEv
FN:41,_ZN21BVInelasticUpdateBaseC2ERK15InputParameters
FN:50,_ZN21BVInelasticUpdateBase5setQpEj
FNDA:948,_ZN21BVInelasticUpdateBase11validParamsEv
FNDA:304904,_ZN21BVInelasticUpdateBase5setQpEj
FNDA:18,_ZN21BVInelasticUpdateBaseC2ERK15InputParameters
FNF:3
FNH:3
DA:17,948
DA:19,948
DA:20,948
DA:22,2844
DA:23,1896
DA:26,2844
DA:27,1896
DA:30,2844
DA:32,1896
DA:36,948
DA:37,948
DA:38,948
DA:39,0
DA:41,18
DA:43,18
DA:44,36
DA:45,54
DA:47,18
DA:50,304904
DA:52,304904
DA:53,304904
LF:21
LH:20
end_of_record
TN:
SF:/home/runner/work/beaver/beaver/src/materials/BVKelvinViscoelasticUpdate.C
FN:19,_ZN26BVKelvinViscoelasticUpdate11validParamsEv
FN:29,_ZN26BVKelvinViscoelasticUpdateC2ERK15InputParameters
FN:40,_ZN26BVKelvinViscoelasticUpdate24initQpStatefulPropertiesEv
FN:46,_ZN26BVKelvinViscoelasticUpdate9creepRateERKN11MetaPhysicL10DualNumberIdNS0_28SemiDynamicSparseNumberArrayIdmNS0_8NWrapperILm64EEEEELb1EEE
FN:52,_ZN26BVKelvinViscoelasticUpdate19creepRateDerivativeERKN11MetaPhysicL10DualNumberIdNS0_28SemiDynamicSparseNumberArrayIdmNS0_8NWrapperILm64EEEEELb1EEE
FN:58,_ZN26BVKelvinViscoelasticUpdate17kelvinCreepStrainERKN11MetaPhysicL10DualNumberIdNS0_28SemiDynamicSparseNumberArrayIdmNS0_8NWrapperILm64EEEEELb1EEE
FN:64,_ZN26BVKelvinViscoelasticUpdate27kelvinCreepStrainDerivativeERKN11MetaPhysicL10DualNumberIdNS0_28SemiDynamicSparseNumberArrayIdmNS0_8NWrapperILm64EEEEELb1EEE
FN:70,_ZN26BVKelvinViscoelasticUpdate12preReturnMapEv
FN:76,_ZN26BVKelvinViscoelasticUpdate13postReturnMapERKN11MetaPhysicL10DualNumberIdNS0_28SemiDynamicSparseNumberArrayIdmNS0_8NWrapperILm64EEEEELb1EEE
FNDA:135680,_ZN26BVKelvinViscoelasticUpdate27kelvinCreepStrainDerivativeERKN11MetaPhysicL10DualNumberIdNS0_28SemiDynamicSparseNumberArrayIdmNS0_8NWrapperILm64EEEEELb1EEE
FNDA:2304,_ZN26BVKelvinViscoelasticUpdate24initQpStatefulPropertiesEv
FNDA:271360,_ZN26BVKelvinViscoelasticUpdate17kelvinCreepStrainERKN11MetaPhysicL10DualNumberIdNS0_28SemiDynamicSparseNumberArrayIdmNS0_8NWrapperILm64EEEEELb1EEE
FNDA:67840,_ZN26BVKelvinViscoelasticUpdate13postReturnMapERKN11MetaPhysicL10DualNumberIdNS0_28SemiDynamicSparseNumberArrayIdmNS0_8NWrapperILm64EEEEELb1EEE
FNDA:67840,_ZN26BVKelvinViscoelasticUpdate12preReturnMapEv
FNDA:136,_ZN26BVKelvinViscoelasticUpdate11validParamsEv
FNDA:135680,_ZN26BVKelvinViscoelasticUpdate19creepRateDerivativeERKN11MetaPhysicL10DualNumberIdNS0_28SemiDynamicSparseNumberArrayIdmNS0_8NWrapperILm64EEEEELb1EEE
FNDA:203520,_ZN26BVKelvinViscoelasticUpdate9creepRateERKN11MetaPhysicL10DualNumberIdNS0_28SemiDynamicSparseNumberArrayIdmNS0_8NWrapperILm64EEEEELb1EEE
FNDA:3,_ZN26BVKelvinViscoelasticUpdateC2ERK15InputParameters
FNF:9
FNH:9
DA:19,136
DA:21,136
DA:22,136
DA:23,272
DA:24,272
DA:26,136
DA:27,0
DA:29,3
DA:31,3
DA:32,6
DA:34,3
DA:35,9
DA:37,3
DA:40,2304
DA:42,2304
DA:43,2304
DA:46,203520
DA:48,610560
DA:52,135680
DA:54,407040
DA:58,271360
DA:60,271360
DA:64,135680
DA:66,135680
DA:70,67840
DA:72,67840
DA:73,67840
DA:76,67840
DA:78,67840
DA:79,67840
LF:30
LH:29
end_of_record
TN:
SF:/home/runner/work/beaver/beaver/src/materials/BVLubby2ModelUpdate.C
FN:19,_ZN19BVLubby2ModelUpdate11validParamsEv
FN:30,_ZN19BVLubby2ModelUpdateC2ERK15InputParameters
FN:40,_ZN19BVLubby2ModelUpdate16viscosityMaxwellERKSt6vectorIN11MetaPhysicL10DualNumberIdNS1_28SemiDynamicSparseNumberArrayIdmNS1_8NWrapperILm64EEEEELb1EEESaIS7_EE
FN:48,_ZN19BVLubby2ModelUpdate15viscosityKelvinERKSt6vectorIN11MetaPhysicL10DualNumberIdNS1_28SemiDynamicSparseNumberArrayIdmNS1_8NWrapperILm64EEEEELb1EEESaIS7_EE
FN:56,_ZN19BVLubby2ModelUpdate26viscosityMaxwellDerivativeERKSt6vectorIN11MetaPhysicL10DualNumberIdNS1_28SemiDynamicSparseNumberArrayIdmNS1_8NWrapperILm64EEEEELb1EEESaIS7_EEj
FN:63,_ZN19BVLubby2ModelUpdate25viscosityKelvinDerivativeERKSt6vectorIN11MetaPhysicL10DualNumberIdNS1_28SemiDynamicSparseNumberArrayIdmNS1_8NWrapperILm64EEEEELb1EEESaIS7_EEj
FN:70,_ZN19BVLubby2ModelUpdate18shearModulusKelvinERKSt6vectorIN11MetaPhysicL10DualNumberIdNS1_28SemiDynamicSparseNumberArrayIdmNS1_8NWrapperILm64EEEEELb1EEESaIS7_EE
FN:78,_ZN19BVLubby2ModelUpdate28shearModulusKelvinDerivativeERKSt6vectorIN11MetaPhysicL10DualNumberIdNS1_28SemiDynamicSparseNumberArrayIdmNS1_8NWrapperILm64EEEEELb1EEESaIS7_EEj
FNDA:2326016,_ZN19BVLubby2ModelUpdate26viscosityMaxwellDerivativeERKSt6vectorIN11MetaPhysicL10DualNumberIdNS1_28SemiDynamicSparseNumberArrayIdmNS1_8NWrapperILm64EEEEELb1EEESaIS7_EEj
FNDA:2326016,_ZN19BVLubby2ModelUpdate28shearModulusKelvinDerivativeERKSt6vectorIN11MetaPhysicL10DualNumberIdNS1_28SemiDynamicSparseNumberArrayIdmNS1_8NWrapperILm64EEEEELb1EEESaIS7_EEj
FNDA:4652032,_ZN19BVLubby2ModelUpdate18shearModulusKelvinERKSt6vectorIN11MetaPhysicL10DualNumberIdNS1_28SemiDynamicSparseNumberArrayIdmNS1_8NWrapperILm64EEEEELb1EEESaIS7_EE
FNDA:8141056,_ZN19BVLubby2ModelUpdate15viscosityKelvinERKSt6vectorIN11MetaPhysicL10DualNumberIdNS1_28SemiDynamicSparseNumberArrayIdmNS1_8NWrapperILm64EEEEELb1EEESaIS7_EE
FNDA:2326016,_ZN19BVLubby2ModelUpdate25viscosityKelvinDerivativeERKSt6vectorIN11MetaPhysicL10DualNumberIdNS1_28SemiDynamicSparseNumberArrayIdmNS1_8NWrapperILm64EEEEELb1EEESaIS7_EEj
FNDA:8141056,_ZN19BVLubby2ModelUpdate16viscosityMaxwellERKSt6vectorIN11MetaPhysicL10DualNumberIdNS1_28SemiDynamicSparseNumberArrayIdmNS1_8NWrapperILm64EEEEELb1EEESaIS7_EE
FNDA:136,_ZN19BVLubby2ModelUpdate11validParamsEv
FNDA:3,_ZN19BVLubby2ModelUpdateC2ERK15InputParameters
FNF:8
FNH:8
DA:19,136
DA:21,136
DA:22,136
DA:23,272
DA:24,272
DA:25,272
DA:26,272
DA:27,136
DA:28,0
DA:30,3
DA:32,3
DA:33,6
DA:34,6
DA:35,9
DA:37,3
DA:40,8141056
DA:42,8141056
DA:43,32564224
DA:44,8141056
DA:48,8141056
DA:50,8141056
DA:51,32564224
DA:52,8141056
DA:56,2326016
DA:59,2326016
DA:63,2326016
DA:66,2326016
DA:70,4652032
DA:72,4652032
DA:73,18608128
DA:74,4652032
DA:78,2326016
DA:81,2326016
LF:33
LH:32
end_of_record
TN:
SF:/home/runner/work/beaver/beaver/src/materials/BVMaxwellViscoelasticUpdate.C
FN:19,_ZN27BVMaxwellViscoelasticUpdate11validParamsEv
FN:27,_ZN27BVMaxwellViscoelasticUpdateC2ERK15InputParameters
FN:33,_ZN27BVMaxwellViscoelasticUpdate9creepRateERKN11MetaPhysicL10DualNumberIdNS0_28SemiDynamicSparseNumberArrayIdmNS0_8NWrapperILm64EEEEELb1EEE
FN:39,_ZN27BVMaxwellViscoelasticUpdate19creepRateDerivativeERKN11MetaPhysicL10DualNumberIdNS0_28SemiDynamicSparseNumberArrayIdmNS0_8NWrapperILm64EEEEELb1EEE
FNDA:136,_ZN27BVMaxwellViscoelasticUpdate11validParamsEv
FNDA:126976,_ZN27BVMaxwellViscoelasticUpdate19creepRateDerivativeERKN11MetaPhysicL10DualNumberIdNS0_28SemiDynamicSparseNumberArrayIdmNS0_8NWrapperILm64EEEEELb1EEE
FNDA:3,_ZN27BVMaxwellViscoelasticUpdateC2ERK15InputParameters
FNDA:190464,_ZN27BVMaxwellViscoelasticUpdate9creepRateERKN11MetaPhysicL10DualNumberIdNS0_28SemiDynamicSparseNumberArrayIdmNS0_8NWrapperILm64EEEEELb1EEE
FNF:4
FNH:4
DA:19,136
DA:21,136
DA:22,136
DA:23,272
DA:24,136
DA:25,0
DA:27,3
DA:28,6
DA:30,3
DA:33,190464
DA:35,380928
DA:39,126976
DA:41,126976
LF:13
LH:12
end_of_record
TN:
SF:/home/runner/work/beaver/beaver/src/materials/BVMechanicalInterfaceMaterial.C
FN:20,_ZN29BVMechanicalInterfaceMaterial11validParamsEv
FN:43,_ZN29BVMechanicalInterfaceMaterialC2ERK15InputParameters
FN:72,_ZN29BVMechanicalInterfaceMaterial12initialSetupEv
FN:101,_ZN29BVMechanicalInterfaceMaterial26displacementIntegrityCheckEv
FN:111,_ZN29BVMechanicalInterfaceMaterial23initializeFrictionModelEv
FN:121,_ZN29BVMechanicalInterfaceMaterial24initQpStatefulPropertiesEv
FN:130,_ZN29BVMechanicalInterfaceMaterial19computeQpPropertiesEv
FN:142,_ZN29BVMechanicalInterfaceMaterial25computeQpDisplacementJumpEv
FN:154,_ZN29BVMechanicalInterfaceMaterial25computeQpRotationMatricesEv
FN:160,_ZN29BVMechanicalInterfaceMaterial30computeQpLocalDisplacementJumpEv
FN:170,_ZN29BVMechanicalInterfaceMaterial22computeQpLocalTractionEv
FN:184,_ZN29BVMechanicalInterfaceMaterial23computeQpGlobalTractionEv
FN:190,_ZN29BVMechanicalInterfaceMaterial24computeReferenceRotationERKN7libMesh11VectorValueIdEEj
FNDA:4,_ZN29BVMechanicalInterfaceMaterial26displacementIntegrityCheckEv
FNDA:44656,_ZN29BVMechanicalInterfaceMaterial19computeQpPropertiesEv
FNDA:140,_ZN29BVMechanicalInterfaceMaterial11validParamsEv
FNDA:44656,_ZN29BVMechanicalInterfaceMaterial22computeQpLocalTractionEv
FNDA:2192,_ZN29BVMechanicalInterfaceMaterial24initQpStatefulPropertiesEv
FNDA:4,_ZN29BVMechanicalInterfaceMaterial23initializeFrictionModelEv
FNDA:44656,_ZN29BVMechanicalInterfaceMaterial23computeQpGlobalTractionEv
FNDA:4,_ZN29BVMechanicalInterfaceMaterialC2ERK15InputParameters
FNDA:44656,_ZN29BVMechanicalInterfaceMaterial30computeQpLocalDisplacementJumpEv
FNDA:44656,_ZN29BVMechanicalInterfaceMaterial25computeQpRotationMatricesEv
FNDA:44656,_ZN29BVMechanicalInterfaceMaterial24computeReferenceRotationERKN7libMesh11VectorValueIdEEj
FNDA:44656,_ZN29BVMechanicalInterfaceMaterial25computeQpDisplacementJumpEv
FNDA:4,_ZN29BVMechanicalInterfaceMaterial12initialSetupEv
FNF:13
FNH:13
DA:20,140
DA:22,140
DA:23,140
DA:26,280
DA:30,280
DA:32,280
DA:35,280
DA:39,140
DA:40,140
DA:41,0
DA:43,4
DA:46,4
DA:47,4
DA:48,4
DA:49,4
DA:50,4
DA:52,12
DA:53,8
DA:54,12
DA:56,4
DA:57,4
DA:58,4
DA:59,4
DA:60,4
DA:61,4
DA:62,4
DA:63,4
DA:65,4
DA:66,8
DA:67,8
DA:69,4
DA:72,4
DA:74,4
DA:76,4
DA:80,14
DA:82,10
DA:83,10
DA:84,10
DA:86,10
DA:87,10
DA:91,6
DA:93,2
DA:94,2
DA:95,2
DA:96,2
DA:98,4
DA:101,4
DA:104,4
DA:105,0
DA:108,4
DA:111,4
DA:113,8
DA:114,4
DA:116,2
DA:117,2
DA:119,4
DA:121,2192
DA:125,2192
DA:126,2192
DA:127,2192
DA:130,44656
DA:133,44656
DA:134,44656
DA:135,44656
DA:137,44656
DA:138,44656
DA:139,44656
DA:142,44656
DA:145,177264
DA:146,132608
DA:147,132608
DA:148,265216
DA:149,46016
DA:150,1360
DA:151,44656
DA:154,44656
DA:156,44656
DA:157,44656
DA:160,44656
DA:162,44656
DA:163,44656
DA:166,44656
DA:167,44656
DA:168,44656
DA:170,44656
DA:172,44656
DA:173,89312
DA:176,44656
DA:178,39176
DA:179,39176
DA:181,44656
DA:184,44656
DA:186,89312
DA:187,44656
DA:190,44656
DA:193,44656
DA:194,44656
DA:196,43296
DA:197,43296
DA:198,43296
DA:199,1360
DA:200,1360
DA:201,1360
DA:202,0
DA:203,0
DA:204,0
DA:205,0
DA:206,0
DA:207,0
DA:208,0
DA:210,44656
LF:111
LH:102
end_of_record
TN:
SF:/home/runner/work/beaver/beaver/src/materials/BVMechanicalMaterial.C
FN:20,_ZN20BVMechanicalMaterial11validParamsEv
FN:55,_ZN20BVMechanicalMaterialC2ERK15InputParameters
FN:78,_ZN20BVMechanicalMaterial12initialSetupEv
FN:107,_ZN20BVMechanicalMaterial23elasticModuliInputCheckEv
FN:136,_ZN20BVMechanicalMaterial26displacementIntegrityCheckEv
FN:146,_ZN20BVMechanicalMaterial25initializeInelasticModelsEv
FN:167,_ZN20BVMechanicalMaterial23initializeInitialStressEv
FN:184,_ZN20BVMechanicalMaterial24initQpStatefulPropertiesEv
FN:199,_ZN20BVMechanicalMaterial19computeQpPropertiesEv
FN:207,_ZN20BVMechanicalMaterial24computeQpStrainIncrementEv
FN:228,_ZN20BVMechanicalMaterial20computeQpSmallStrainERK18RankTwoTensorTemplIN11MetaPhysicL10DualNumberIdNS1_28SemiDynamicSparseNumberArrayIdmNS1_8NWrapperILm64EEEEELb1EEEERKS0_IdE
FN:238,_ZN20BVMechanicalMaterial21computeQpFiniteStrainERK18RankTwoTensorTemplIN11MetaPhysicL10DualNumberIdNS1_28SemiDynamicSparseNumberArrayIdmNS1_8NWrapperILm64EEEEELb1EEEERKS0_IdE
FN:255,_ZN20BVMechanicalMaterial25computeQpElasticityTensorEv
FN:265,_ZN20BVMechanicalMaterial15computeQpStressEv
FN:282,_ZN20BVMechanicalMaterial12spinRotationERK18RankTwoTensorTemplIN11MetaPhysicL10DualNumberIdNS1_28SemiDynamicSparseNumberArrayIdmNS1_8NWrapperILm64EEEEELb1EEEE
FNDA:52,_ZN20BVMechanicalMaterial12initialSetupEv
FNDA:0,_ZN20BVMechanicalMaterial21computeQpFiniteStrainERK18RankTwoTensorTemplIN11MetaPhysicL10DualNumberIdNS1_28SemiDynamicSparseNumberArrayIdmNS1_8NWrapperILm64EEEEELb1EEEERKS0_IdE
FNDA:34224,_ZN20BVMechanicalMaterial24initQpStatefulPropertiesEv
FNDA:947370,_ZN20BVMechanicalMaterial12spinRotationERK18RankTwoTensorTemplIN11MetaPhysicL10DualNumberIdNS1_28SemiDynamicSparseNumberArrayIdmNS1_8NWrapperILm64EEEEELb1EEEE
FNDA:947370,_ZN20BVMechanicalMaterial20computeQpSmallStrainERK18RankTwoTensorTemplIN11MetaPhysicL10DualNumberIdNS1_28SemiDynamicSparseNumberArrayIdmNS1_8NWrapperILm64EEEEELb1EEEERKS0_IdE
FNDA:54,_ZN20BVMechanicalMaterialC2ERK15InputParameters
FNDA:204,_ZN20BVMechanicalMaterial11validParamsEv
FNDA:947370,_ZN20BVMechanicalMaterial19computeQpPropertiesEv
FNDA:52,_ZN20BVMechanicalMaterial23elasticModuliInputCheckEv
FNDA:947370,_ZN20BVMechanicalMaterial25computeQpElasticityTensorEv
FNDA:947370,_ZN20BVMechanicalMaterial24computeQpStrainIncrementEv
FNDA:947370,_ZN20BVMechanicalMaterial15computeQpStressEv
FNDA:51,_ZN20BVMechanicalMaterial25initializeInelasticModelsEv
FNDA:51,_ZN20BVMechanicalMaterial26displacementIntegrityCheckEv
FNDA:51,_ZN20BVMechanicalMaterial23initializeInitialStressEv
FNF:15
FNH:14
DA:20,204
DA:22,204
DA:23,204
DA:25,408
DA:29,408
DA:30,408
DA:33,408
DA:35,408
DA:37,408
DA:39,408
DA:42,408
DA:45,408
DA:51,204
DA:52,204
DA:53,204
DA:55,54
DA:58,54
DA:59,54
DA:60,54
DA:62,108
DA:64,54
DA:65,54
DA:67,54
DA:69,54
DA:70,162
DA:72,108
DA:73,0
DA:75,54
DA:78,52
DA:80,52
DA:82,51
DA:84,51
DA:86,51
DA:89,189
DA:91,138
DA:92,138
DA:93,138
DA:95,0
DA:99,66
DA:101,15
DA:102,15
DA:104,51
DA:107,52
DA:109,152
DA:111,42
DA:112,42
DA:114,116
DA:116,54
DA:117,54
DA:119,27
DA:120,27
DA:122,14
DA:124,6
DA:126,6
DA:127,3
DA:130,1
DA:133,51
DA:136,51
DA:139,51
DA:140,0
DA:143,51
DA:146,51
DA:148,153
DA:149,51
DA:150,51
DA:151,51
DA:153,36
DA:156,18
DA:158,18
DA:159,18
DA:161,0
DA:164,51
DA:167,51
DA:169,153
DA:170,51
DA:171,51
DA:172,0
DA:174,51
DA:176,27
DA:178,117
DA:179,90
DA:181,51
DA:184,34224
DA:186,34224
DA:187,34224
DA:188,34224
DA:190,20962
DA:191,89368
DA:192,68406
DA:193,20962
DA:195,34224
DA:196,34224
DA:199,947370
DA:201,947370
DA:202,947370
DA:203,947370
DA:204,947370
DA:207,947370
DA:210,947370
DA:212,947370
DA:214,947370
DA:216,947370
DA:217,947370
DA:219,0
DA:220,0
DA:222,0
DA:223,0
DA:225,947370
DA:228,947370
DA:231,947370
DA:233,1894740
DA:234,1894740
DA:235,947370
DA:238,0
DA:242,0
DA:243,0
DA:244,0
DA:247,0
DA:248,0
DA:250,0
DA:251,0
DA:252,0
DA:255,947370
DA:258,947370
DA:261,947370
DA:262,947370
DA:265,947370
DA:268,1894740
DA:271,947370
DA:273,609808
DA:275,304904
DA:276,304904
DA:279,947370
DA:282,947370
DA:284,947370
DA:285,1894740
LF:136
LH:118
end_of_record
TN:
SF:/home/runner/work/beaver/beaver/src/materials/BVModifiedLemaitreModelUpdate.C
FN:19,_ZN29BVModifiedLemaitreModelUpdate11validParamsEv
FN:32,_ZN29BVModifiedLemaitreModelUpdateC2ERK15InputParameters
FN:47,_ZN29BVModifiedLemaitreModelUpdate24initQpStatefulPropertiesEv
FN:53,_ZN29BVModifiedLemaitreModelUpdate10creepRateRERKN11MetaPhysicL10DualNumberIdNS0_28SemiDynamicSparseNumberArrayIdmNS0_8NWrapperILm64EEEEELb1EEE
FN:64,_ZN29BVModifiedLemaitreModelUpdate9creepRateERKN11MetaPhysicL10DualNumberIdNS0_28SemiDynamicSparseNumberArrayIdmNS0_8NWrapperILm64EEEEELb1EEE
FN:75,_ZN29BVModifiedLemaitreModelUpdate20creepRateRDerivativeERKN11MetaPhysicL10DualNumberIdNS0_28SemiDynamicSparseNumberArrayIdmNS0_8NWrapperILm64EEEEELb1EEE
FN:89,_ZN29BVModifiedLemaitreModelUpdate19creepRateDerivativeERKN11MetaPhysicL10DualNumberIdNS0_28SemiDynamicSparseNumberArrayIdmNS0_8NWrapperILm64EEEEELb1EEE
FN:102,_ZN29BVModifiedLemaitreModelUpdate19lemaitreCreepStrainERKN11MetaPhysicL10DualNumberIdNS0_28SemiDynamicSparseNumberArrayIdmNS0_8NWrapperILm64EEEEELb1EEE
FN:108,_ZN29BVModifiedLemaitreModelUpdate12preReturnMapEv
FN:114,_ZN29BVModifiedLemaitreModelUpdate13postReturnMapERKN11MetaPhysicL10DualNumberIdNS0_28SemiDynamicSparseNumberArrayIdmNS0_8NWrapperILm64EEEEELb1EEE
FNDA:7448,_ZN29BVModifiedLemaitreModelUpdate13postReturnMapERKN11MetaPhysicL10DualNumberIdNS0_28SemiDynamicSparseNumberArrayIdmNS0_8NWrapperILm64EEEEELb1EEE
FNDA:7448,_ZN29BVModifiedLemaitreModelUpdate12preReturnMapEv
FNDA:3,_ZN29BVModifiedLemaitreModelUpdateC2ERK15InputParameters
FNDA:40,_ZN29BVModifiedLemaitreModelUpdate24initQpStatefulPropertiesEv
FNDA:23884,_ZN29BVModifiedLemaitreModelUpdate20creepRateRDerivativeERKN11MetaPhysicL10DualNumberIdNS0_28SemiDynamicSparseNumberArrayIdmNS0_8NWrapperILm64EEEEELb1EEE
FNDA:136,_ZN29BVModifiedLemaitreModelUpdate11validParamsEv
FNDA:62664,_ZN29BVModifiedLemaitreModelUpdate19lemaitreCreepStrainERKN11MetaPhysicL10DualNumberIdNS0_28SemiDynamicSparseNumberArrayIdmNS0_8NWrapperILm64EEEEELb1EEE
FNDA:23884,_ZN29BVModifiedLemaitreModelUpdate19creepRateDerivativeERKN11MetaPhysicL10DualNumberIdNS0_28SemiDynamicSparseNumberArrayIdmNS0_8NWrapperILm64EEEEELb1EEE
FNDA:31332,_ZN29BVModifiedLemaitreModelUpdate9creepRateERKN11MetaPhysicL10DualNumberIdNS0_28SemiDynamicSparseNumberArrayIdmNS0_8NWrapperILm64EEEEELb1EEE
FNDA:54972,_ZN29BVModifiedLemaitreModelUpdate10creepRateRERKN11MetaPhysicL10DualNumberIdNS0_28SemiDynamicSparseNumberArrayIdmNS0_8NWrapperILm64EEEEELb1EEE
FNF:10
FNH:10
DA:19,136
DA:21,136
DA:22,136
DA:24,272
DA:25,272
DA:26,272
DA:27,272
DA:28,272
DA:29,136
DA:30,0
DA:32,3
DA:35,3
DA:36,6
DA:37,6
DA:38,6
DA:39,6
DA:41,3
DA:42,9
DA:44,3
DA:47,40
DA:49,40
DA:50,40
DA:53,54972
DA:55,164916
DA:57,54972
DA:58,144
DA:60,274140
DA:64,31332
DA:66,62664
DA:68,31332
DA:69,584
DA:71,62080
DA:75,23884
DA:77,71652
DA:79,23884
DA:80,96
DA:82,23788
DA:83,95152
DA:84,47576
DA:85,71364
DA:89,23884
DA:91,47768
DA:93,23884
DA:94,488
DA:96,23640
DA:97,23640
DA:98,47280
DA:102,62664
DA:104,62664
DA:108,7448
DA:110,7448
DA:111,7448
DA:114,7448
DA:116,7448
DA:117,7448
LF:55
LH:54
end_of_record
TN:
SF:/home/runner/work/beaver/beaver/src/materials/BVMultiPhaseFlowMaterial.C
FN:19,_ZN24BVMultiPhaseFlowMaterial11validParamsEv
FN:26,_ZN24BVMultiPhaseFlowMaterialC2ERK15InputParameters
FN:42,_ZN24BVMultiPhaseFlowMaterial19computeQpPropertiesEv
FNDA:132,_ZN24BVMultiPhaseFlowMaterial11validParamsEv
FNDA:0,_ZN24BVMultiPhaseFlowMaterialC2ERK15InputParameters
FNDA:0,_ZN24BVMultiPhaseFlowMaterial19computeQpPropertiesEv
FNF:3
FNH:1
DA:19,132
DA:21,132
DA:22,132
DA:23,132
DA:24,0
DA:26,0
DA:28,0
DA:29,0
DA:30,0
DA:31,0
DA:32,0
DA:33,0
DA:34,0
DA:35,0
DA:36,0
DA:37,0
DA:39,0
DA:42,0
DA:45,0
DA:46,0
DA:47,0
DA:50,0
DA:51,0
DA:54,0
DA:55,0
LF:25
LH:4
end_of_record
TN:
SF:/home/runner/work/beaver/beaver/src/materials/BVPermeabilityBase.C
FN:17,_ZN18BVPermeabilityBase11validParamsEv
FN:25,_ZN18BVPermeabilityBaseC2ERK15InputParameters
FNDA:30,_ZN18BVPermeabilityBaseC2ERK15InputParameters
FNDA:172,_ZN18BVPermeabilityBase11validParamsEv
FNF:2
FNH:2
DA:17,172
DA:19,172
DA:20,172
DA:22,172
DA:23,0
DA:25,30
DA:26,30
DA:28,30
LF:8
LH:7
end_of_record
TN:
SF:/home/runner/work/beaver/beaver/src/materials/BVPoroMechanicsMaterial.C
FN:19,_ZN23BVPoroMechanicsMaterial11validParamsEv
FN:32,_ZN23BVPoroMechanicsMaterialC2ERK15InputParameters
FN:50,_ZN23BVPoroMechanicsMaterial19computeQpPropertiesEv
FNDA:6,_ZN23BVPoroMechanicsMaterialC2ERK15InputParameters
FNDA:140,_ZN23BVPoroMechanicsMaterial11validParamsEv
FNDA:280454,_ZN23BVPoroMechanicsMaterial19computeQpPropertiesEv
FNF:3
FNH:3
DA:19,140
DA:21,140
DA:22,140
DA:25,420
DA:26,280
DA:29,140
DA:30,0
DA:32,6
DA:35,6
DA:37,12
DA:39,12
DA:41,12
DA:43,6
DA:44,6
DA:45,12
DA:47,6
DA:50,280454
DA:53,280454
DA:56,280454
DA:59,560908
DA:62,560908
DA:63,280454
LF:22
LH:21
end_of_record
TN:
SF:/home/runner/work/beaver/beaver/src/materials/BVPorosityBase.C
FN:17,_ZN14BVPorosityBase11validParamsEv
FN:25,_ZN14BVPorosityBaseC2ERK15InputParameters
FNDA:148,_ZN14BVPorosityBase11validParamsEv
FNDA:12,_ZN14BVPorosityBaseC2ERK15InputParameters
FNF:2
FNH:2
DA:17,148
DA:19,148
DA:20,148
DA:22,148
DA:23,0
DA:25,12
DA:26,12
DA:28,12
LF:8
LH:7
end_of_record
TN:
SF:/home/runner/work/beaver/beaver/src/materials/BVRTL2020ModelUpdate.C
FN:19,_ZN20BVRTL2020ModelUpdate11validParamsEv
FN:39,_ZN20BVRTL2020ModelUpdateC2ERK15InputParameters
FN:61,_ZN20BVRTL2020ModelUpdate24initQpStatefulPropertiesEv
FN:68,_ZN20BVRTL2020ModelUpdate9creepRateERKSt6vectorIN11MetaPhysicL10DualNumberIdNS1_28SemiDynamicSparseNumberArrayIdmNS1_8NWrapperILm64EEEEELb1EEESaIS7_EEj
FN:79,_ZN20BVRTL2020ModelUpdate10creepRateRERKSt6vectorIN11MetaPhysicL10DualNumberIdNS1_28SemiDynamicSparseNumberArrayIdmNS1_8NWrapperILm64EEEEELb1EEESaIS7_EE
FN:90,_ZN20BVRTL2020ModelUpdate17creepRateLemaitreERKSt6vectorIN11MetaPhysicL10DualNumberIdNS1_28SemiDynamicSparseNumberArrayIdmNS1_8NWrapperILm64EEEEELb1EEESaIS7_EE
FN:101,_ZN20BVRTL2020ModelUpdate21creepRateMunsonDawsonERKSt6vectorIN11MetaPhysicL10DualNumberIdNS1_28SemiDynamicSparseNumberArrayIdmNS1_8NWrapperILm64EEEEELb1EEESaIS7_EE
FN:117,_ZN20BVRTL2020ModelUpdate19creepRateDerivativeERKSt6vectorIN11MetaPhysicL10DualNumberIdNS1_28SemiDynamicSparseNumberArrayIdmNS1_8NWrapperILm64EEEEELb1EEESaIS7_EEjj
FN:131,_ZN20BVRTL2020ModelUpdate20creepRateRDerivativeERKSt6vectorIN11MetaPhysicL10DualNumberIdNS1_28SemiDynamicSparseNumberArrayIdmNS1_8NWrapperILm64EEEEELb1EEESaIS7_EE
FN:142,_ZN20BVRTL2020ModelUpdate27creepRateLemaitreDerivativeERKSt6vectorIN11MetaPhysicL10DualNumberIdNS1_28SemiDynamicSparseNumberArrayIdmNS1_8NWrapperILm64EEEEELb1EEESaIS7_EEj
FN:167,_ZN20BVRTL2020ModelUpdate31creepRateMunsonDawsonDerivativeERKSt6vectorIN11MetaPhysicL10DualNumberIdNS1_28SemiDynamicSparseNumberArrayIdmNS1_8NWrapperILm64EEEEELb1EEESaIS7_EEj
FN:199,_ZN20BVRTL2020ModelUpdate19lemaitreCreepStrainERKSt6vectorIN11MetaPhysicL10DualNumberIdNS1_28SemiDynamicSparseNumberArrayIdmNS1_8NWrapperILm64EEEEELb1EEESaIS7_EE
FN:205,_ZN20BVRTL2020ModelUpdate23munsondawsonCreepStrainERKSt6vectorIN11MetaPhysicL10DualNumberIdNS1_28SemiDynamicSparseNumberArrayIdmNS1_8NWrapperILm64EEEEELb1EEESaIS7_EE
FN:211,_ZN20BVRTL2020ModelUpdate12preReturnMapEv
FN:218,_ZN20BVRTL2020ModelUpdate13postReturnMapERKSt6vectorIN11MetaPhysicL10DualNumberIdNS1_28SemiDynamicSparseNumberArrayIdmNS1_8NWrapperILm64EEEEELb1EEESaIS7_EE
FNDA:0,_ZN20BVRTL2020ModelUpdateC2ERK15InputParameters
FNDA:0,_ZN20BVRTL2020ModelUpdate31creepRateMunsonDawsonDerivativeERKSt6vectorIN11MetaPhysicL10DualNumberIdNS1_28SemiDynamicSparseNumberArrayIdmNS1_8NWrapperILm64EEEEELb1EEESaIS7_EEj
FNDA:0,_ZN20BVRTL2020ModelUpdate24initQpStatefulPropertiesEv
FNDA:0,_ZN20BVRTL2020ModelUpdate21creepRateMunsonDawsonERKSt6vectorIN11MetaPhysicL10DualNumberIdNS1_28SemiDynamicSparseNumberArrayIdmNS1_8NWrapperILm64EEEEELb1EEESaIS7_EE
FNDA:0,_ZN20BVRTL2020ModelUpdate23munsondawsonCreepStrainERKSt6vectorIN11MetaPhysicL10DualNumberIdNS1_28SemiDynamicSparseNumberArrayIdmNS1_8NWrapperILm64EEEEELb1EEESaIS7_EE
FNDA:0,_ZN20BVRTL2020ModelUpdate20creepRateRDerivativeERKSt6vectorIN11MetaPhysicL10DualNumberIdNS1_28SemiDynamicSparseNumberArrayIdmNS1_8NWrapperILm64EEEEELb1EEESaIS7_EE
FNDA:0,_ZN20BVRTL2020ModelUpdate17creepRateLemaitreERKSt6vectorIN11MetaPhysicL10DualNumberIdNS1_28SemiDynamicSparseNumberArrayIdmNS1_8NWrapperILm64EEEEELb1EEESaIS7_EE
FNDA:0,_ZN20BVRTL2020ModelUpdate19lemaitreCreepStrainERKSt6vectorIN11MetaPhysicL10DualNumberIdNS1_28SemiDynamicSparseNumberArrayIdmNS1_8NWrapperILm64EEEEELb1EEESaIS7_EE
FNDA:0,_ZN20BVRTL2020ModelUpdate9creepRateERKSt6vectorIN11MetaPhysicL10DualNumberIdNS1_28SemiDynamicSparseNumberArrayIdmNS1_8NWrapperILm64EEEEELb1EEESaIS7_EEj
FNDA:0,_ZN20BVRTL2020ModelUpdate12preReturnMapEv
FNDA:132,_ZN20BVRTL2020ModelUpdate11validParamsEv
FNDA:0,_ZN20BVRTL2020ModelUpdate19creepRateDerivativeERKSt6vectorIN11MetaPhysicL10DualNumberIdNS1_28SemiDynamicSparseNumberArrayIdmNS1_8NWrapperILm64EEEEELb1EEESaIS7_EEjj
FNDA:0,_ZN20BVRTL2020ModelUpdate27creepRateLemaitreDerivativeERKSt6vectorIN11MetaPhysicL10DualNumberIdNS1_28SemiDynamicSparseNumberArrayIdmNS1_8NWrapperILm64EEEEELb1EEESaIS7_EEj
FNDA:0,_ZN20BVRTL2020ModelUpdate13postReturnMapERKSt6vectorIN11MetaPhysicL10DualNumberIdNS1_28SemiDynamicSparseNumberArrayIdmNS1_8NWrapperILm64EEEEELb1EEESaIS7_EE
FNDA:0,_ZN20BVRTL2020ModelUpdate10creepRateRERKSt6vectorIN11MetaPhysicL10DualNumberIdNS1_28SemiDynamicSparseNumberArrayIdmNS1_8NWrapperILm64EEEEELb1EEESaIS7_EE
FNF:15
FNH:1
DA:19,132
DA:21,132
DA:22,132
DA:26,264
DA:27,264
DA:28,264
DA:30,264
DA:31,264
DA:32,264
DA:33,264
DA:34,264
DA:35,264
DA:36,132
DA:37,0
DA:39,0
DA:42,0
DA:43,0
DA:44,0
DA:46,0
DA:47,0
DA:48,0
DA:49,0
DA:50,0
DA:51,0
DA:53,0
DA:54,0
DA:55,0
DA:56,0
DA:58,0
DA:61,0
DA:63,0
DA:64,0
DA:65,0
DA:68,0
DA:70,0
DA:71,0
DA:72,0
DA:73,0
DA:75,0
DA:79,0
DA:81,0
DA:83,0
DA:84,0
DA:86,0
DA:90,0
DA:92,0
DA:94,0
DA:95,0
DA:97,0
DA:101,0
DA:103,0
DA:104,0
DA:106,0
DA:108,0
DA:109,0
DA:110,0
DA:112,0
DA:113,0
DA:117,0
DA:121,0
DA:122,0
DA:123,0
DA:124,0
DA:126,0
DA:127,0
DA:131,0
DA:133,0
DA:135,0
DA:136,0
DA:138,0
DA:142,0
DA:145,0
DA:147,0
DA:148,0
DA:149,0
DA:151,0
DA:152,0
DA:153,0
DA:155,0
DA:156,0
DA:157,0
DA:159,0
DA:162,0
DA:163,0
DA:167,0
DA:170,0
DA:171,0
DA:173,0
DA:175,0
DA:176,0
DA:177,0
DA:178,0
DA:180,0
DA:181,0
DA:183,0
DA:184,0
DA:185,0
DA:186,0
DA:187,0
DA:189,0
DA:190,0
DA:191,0
DA:194,0
DA:195,0
DA:199,0
DA:201,0
DA:205,0
DA:207,0
DA:211,0
DA:213,0
DA:214,0
DA:215,0
DA:218,0
DA:220,0
DA:221,0
DA:222,0
LF:116
LH:13
end_of_record
TN:
SF:/home/runner/work/beaver/beaver/src/materials/BVRelaticePermeabilityBase.C
FN:17,_ZN26BVRelativePermeabilityBase11validParamsEv
FN:25,_ZN26BVRelativePermeabilityBaseC2ERK15InputParameters
FNDA:0,_ZN26BVRelativePermeabilityBaseC2ERK15InputParameters
FNDA:132,_ZN26BVRelativePermeabilityBase11validParamsEv
FNF:2
FNH:1
DA:17,132
DA:19,132
DA:20,132
DA:21,264
DA:22,132
DA:23,0
DA:25,0
DA:27,0
DA:28,0
DA:29,0
DA:33,0
LF:11
LH:5
end_of_record
TN:
SF:/home/runner/work/beaver/beaver/src/materials/BVRelativePermeabilityPowerLaw.C
FN:19,_ZN30BVRelativePermeabilityPowerLaw11validParamsEv
FN:27,_ZN30BVRelativePermeabilityPowerLawC2ERK15InputParameters
FN:34,_ZN30BVRelativePermeabilityPowerLaw19computeQpPropertiesEv
FNDA:0,_ZN30BVRelativePermeabilityPowerLaw19computeQpPropertiesEv
FNDA:132,_ZN30BVRelativePermeabilityPowerLaw11validParamsEv
FNDA:0,_ZN30BVRelativePermeabilityPowerLawC2ERK15InputParameters
FNF:3
FNH:1
DA:19,132
DA:21,132
DA:22,132
DA:23,264
DA:24,132
DA:25,0
DA:27,0
DA:29,0
DA:31,0
DA:34,0
DA:37,0
DA:40,0
DA:42,0
LF:13
LH:5
end_of_record
TN:
SF:/home/runner/work/beaver/beaver/src/materials/BVSinglePhaseFlowMaterial.C
FN:19,_ZN25BVSinglePhaseFlowMaterial11validParamsEv
FN:27,_ZN25BVSinglePhaseFlowMaterialC2ERK15InputParameters
FN:36,_ZN25BVSinglePhaseFlowMaterial19computeQpPropertiesEv
FNDA:512684,_ZN25BVSinglePhaseFlowMaterial19computeQpPropertiesEv
FNDA:24,_ZN25BVSinglePhaseFlowMaterialC2ERK15InputParameters
FNDA:164,_ZN25BVSinglePhaseFlowMaterial11validParamsEv
FNF:3
FNH:3
DA:19,164
DA:21,164
DA:22,164
DA:24,164
DA:25,0
DA:27,24
DA:29,24
DA:30,48
DA:31,48
DA:33,24
DA:36,512684
DA:39,1025368
DA:40,512684
LF:13
LH:12
end_of_record
TN:
SF:/home/runner/work/beaver/beaver/src/materials/BVSinglePhaseFlowSoluteMaterial.C
FN:19,_ZN31BVSinglePhaseFlowSoluteMaterial11validParamsEv
FN:27,_ZN31BVSinglePhaseFlowSoluteMaterialC2ERK15InputParameters
FN:36,_ZN31BVSinglePhaseFlowSoluteMaterial19computeQpPropertiesEv
FNDA:132,_ZN31BVSinglePhaseFlowSoluteMaterial11validParamsEv
FNDA:0,_ZN31BVSinglePhaseFlowSoluteMaterial19computeQpPropertiesEv
FNDA:0,_ZN31BVSinglePhaseFlowSoluteMaterialC2ERK15InputParameters
FNF:3
FNH:1
DA:19,132
DA:21,132
DA:22,132
DA:24,132
DA:25,0
DA:27,0
DA:29,0
DA:30,0
DA:31,0
DA:33,0
DA:36,0
DA:39,0
DA:40,0
LF:13
LH:4
end_of_record
TN:
SF:/home/runner/work/beaver/beaver/src/materials/BVTwoCreepUpdateBase.C
FN:18,_ZN20BVTwoCreepUpdateBase11validParamsEv
FN:30,_ZN20BVTwoCreepUpdateBaseC2ERK15InputParameters
FN:39,_ZN20BVTwoCreepUpdateBase15inelasticUpdateER18RankTwoTensorTemplIN11MetaPhysicL10DualNumberIdNS1_28SemiDynamicSparseNumberArrayIdmNS1_8NWrapperILm64EEEEELb1EEEERK19RankFourTensorTemplIdE
FN:74,_ZN20BVTwoCreepUpdateBase9returnMapEv
FN:102,_ZN20BVTwoCreepUpdateBase6nrStepERKSt6vectorIN11MetaPhysicL10DualNumberIdNS1_28SemiDynamicSparseNumberArrayIdmNS1_8NWrapperILm64EEEEELb1EEESaIS7_EERKS0_IS9_SaIS9_EERS9_
FN:121,_ZN20BVTwoCreepUpdateBase4normERKSt6vectorIN11MetaPhysicL10DualNumberIdNS1_28SemiDynamicSparseNumberArrayIdmNS1_8NWrapperILm64EEEEELb1EEESaIS7_EE
FN:131,_ZN20BVTwoCreepUpdateBase8residualERKSt6vectorIN11MetaPhysicL10DualNumberIdNS1_28SemiDynamicSparseNumberArrayIdmNS1_8NWrapperILm64EEEEELb1EEESaIS7_EE
FN:141,_ZN20BVTwoCreepUpdateBase8jacobianERKSt6vectorIN11MetaPhysicL10DualNumberIdNS1_28SemiDynamicSparseNumberArrayIdmNS1_8NWrapperILm64EEEEELb1EEESaIS7_EE
FN:153,_ZN20BVTwoCreepUpdateBase25reformPlasticStrainTensorERKSt6vectorIN11MetaPhysicL10DualNumberIdNS1_28SemiDynamicSparseNumberArrayIdmNS1_8NWrapperILm64EEEEELb1EEESaIS7_EE
FN:168,_ZN20BVTwoCreepUpdateBase12preReturnMapEv
FN:173,_ZN20BVTwoCreepUpdateBase13postReturnMapERKSt6vectorIN11MetaPhysicL10DualNumberIdNS1_28SemiDynamicSparseNumberArrayIdmNS1_8NWrapperILm64EEEEELb1EEESaIS7_EE
FNDA:0,_ZN20BVTwoCreepUpdateBase12preReturnMapEv
FNDA:9,_ZN20BVTwoCreepUpdateBaseC2ERK15InputParameters
FNDA:166128,_ZN20BVTwoCreepUpdateBase15inelasticUpdateER18RankTwoTensorTemplIN11MetaPhysicL10DualNumberIdNS1_28SemiDynamicSparseNumberArrayIdmNS1_8NWrapperILm64EEEEELb1EEEERK19RankFourTensorTemplIdE
FNDA:540,_ZN20BVTwoCreepUpdateBase11validParamsEv
FNDA:166128,_ZN20BVTwoCreepUpdateBase9returnMapEv
FNDA:166128,_ZN20BVTwoCreepUpdateBase25reformPlasticStrainTensorERKSt6vectorIN11MetaPhysicL10DualNumberIdNS1_28SemiDynamicSparseNumberArrayIdmNS1_8NWrapperILm64EEEEELb1EEESaIS7_EE
FNDA:3169056,_ZN20BVTwoCreepUpdateBase4normERKSt6vectorIN11MetaPhysicL10DualNumberIdNS1_28SemiDynamicSparseNumberArrayIdmNS1_8NWrapperILm64EEEEELb1EEESaIS7_EE
FNDA:0,_ZN20BVTwoCreepUpdateBase13postReturnMapERKSt6vectorIN11MetaPhysicL10DualNumberIdNS1_28SemiDynamicSparseNumberArrayIdmNS1_8NWrapperILm64EEEEELb1EEESaIS7_EE
FNDA:1333232,_ZN20BVTwoCreepUpdateBase8residualERKSt6vectorIN11MetaPhysicL10DualNumberIdNS1_28SemiDynamicSparseNumberArrayIdmNS1_8NWrapperILm64EEEEELb1EEESaIS7_EE
FNDA:1333232,_ZN20BVTwoCreepUpdateBase8jacobianERKSt6vectorIN11MetaPhysicL10DualNumberIdNS1_28SemiDynamicSparseNumberArrayIdmNS1_8NWrapperILm64EEEEELb1EEESaIS7_EE
FNDA:1167104,_ZN20BVTwoCreepUpdateBase6nrStepERKSt6vectorIN11MetaPhysicL10DualNumberIdNS1_28SemiDynamicSparseNumberArrayIdmNS1_8NWrapperILm64EEEEELb1EEESaIS7_EERKS0_IS9_SaIS9_EERS9_
FNF:11
FNH:9
DA:18,540
DA:20,540
DA:21,540
DA:22,1080
DA:27,540
DA:28,0
DA:30,9
DA:32,9
DA:33,9
DA:34,18
DA:36,9
DA:39,166128
DA:50,166128
DA:52,332256
DA:53,166128
DA:55,166128
DA:56,166128
DA:59,166128
DA:62,166128
DA:65,166128
DA:68,166128
DA:69,332256
DA:70,166128
DA:71,166128
DA:74,166128
DA:77,166128
DA:80,166128
DA:82,166128
DA:83,166128
DA:86,1167104
DA:88,1167104
DA:90,1167104
DA:91,2334208
DA:94,5171008
DA:95,166128
DA:97,0
DA:98,0
DA:99,166128
DA:102,1167104
DA:106,1167104
DA:109,1167104
DA:111,1167104
DA:112,0
DA:114,1167104
DA:115,1167104
DA:117,1167104
DA:121,3169056
DA:123,3169056
DA:124,9507168
DA:125,6338112
DA:127,3169056
DA:131,1333232
DA:133,1333232
DA:134,3999696
DA:135,5332928
DA:137,1333232
DA:141,1333232
DA:143,1333232
DA:145,3999696
DA:146,7999392
DA:147,13332320
DA:149,1333232
DA:150,0
DA:153,166128
DA:155,166128
DA:156,166128
DA:159,166128
DA:161,498384
DA:162,664512
DA:164,166128
DA:168,0
DA:170,0
DA:173,0
DA:175,0
LF:74
LH:65
end_of_record
TN:
SF:/home/runner/work/beaver/beaver/src/meshgenerators/BVFaultInterfaceGenerator.C
FN:29,_ZN25BVFaultInterfaceGenerator11validParamsEv
FN:40,_ZN25BVFaultInterfaceGeneratorC2ERK15InputParameters
FN:50,_ZN25BVFaultInterfaceGenerator8generateEv
FN:97,_ZN25BVFaultInterfaceGenerator15getSidesetNodesERKSt6vectorIP10BndElementSaIS2_EERKSt3setIsSt4lessIsESaIsEE
FN:147,_ZN25BVFaultInterfaceGenerator21splitNodesOnInterfaceERKSt3mapIsSt3setImSt4lessImESaImEES2_IsESaISt4pairIKsS5_EEERSt10unique_ptrIN7libMesh8MeshBaseESt14default_deleteISG_EE
FN:179,_ZN25BVFaultInterfaceGenerator18stitchNodesToElemsERKSt3mapIsSt3setISt6vectorImSaImEESt4lessIS4_ESaIS4_EES5_IsESaISt4pairIKsS8_EEERS0_ImS4_S5_ImESaISA_IKmS4_EEERKS2_IP10BndElementSaISO_EERSt10unique_ptrIN7libMesh8MeshBaseESt14default_deleteISV_EE
FNDA:5,_ZN25BVFaultInterfaceGenerator21splitNodesOnInterfaceERKSt3mapIsSt3setImSt4lessImESaImEES2_IsESaISt4pairIKsS5_EEERSt10unique_ptrIN7libMesh8MeshBaseESt14default_deleteISG_EE
FNDA:5,_ZN25BVFaultInterfaceGenerator15getSidesetNodesERKSt6vectorIP10BndElementSaIS2_EERKSt3setIsSt4lessIsESaIsEE
FNDA:5,_ZN25BVFaultInterfaceGenerator18stitchNodesToElemsERKSt3mapIsSt3setISt6vectorImSaImEESt4lessIS4_ESaIS4_EES5_IsESaISt4pairIKsS8_EEERS0_ImS4_S5_ImESaISA_IKmS4_EEERKS2_IP10BndElementSaISO_EERSt10unique_ptrIN7libMesh8MeshBaseESt14default_deleteISV_EE
FNDA:142,_ZN25BVFaultInterfaceGenerator11validParamsEv
FNDA:5,_ZN25BVFaultInterfaceGenerator8generateEv
FNDA:5,_ZN25BVFaultInterfaceGeneratorC2ERK15InputParameters
FNF:6
FNH:6
DA:29,142
DA:31,142
DA:33,284
DA:34,142
DA:35,284
DA:37,142
DA:38,0
DA:40,5
DA:42,5
DA:43,15
DA:47,5
DA:50,5
DA:52,5
DA:56,2390
DA:57,5818
DA:58,4633
DA:63,10
DA:64,5
DA:67,5
DA:68,5
DA:71,5
DA:72,969
DA:74,964
DA:75,964
DA:76,964
DA:78,964
DA:79,964
DA:84,5
DA:88,5
DA:91,5
DA:93,10
DA:94,5
DA:97,5
DA:104,10
DA:107,969
DA:108,964
DA:110,294
DA:111,294
DA:114,294
DA:117,294
DA:118,147
DA:121,147
DA:123,573
DA:125,426
DA:126,426
DA:128,320
DA:129,320
DA:132,106
DA:133,426
DA:143,5
DA:147,5
DA:154,10
DA:156,5
DA:159,111
DA:162,106
DA:164,106
DA:165,106
DA:166,106
DA:168,106
DA:169,106
DA:170,106
DA:171,106
DA:175,5
DA:179,5
DA:186,10
DA:188,5
DA:190,111
DA:193,106
DA:194,106
DA:198,1822
DA:200,717204
DA:202,715488
DA:204,214800
DA:205,214800
DA:208,852
DA:210,852
DA:211,852
DA:214,852
DA:215,5
DA:216,10
DA:219,852
DA:220,852
DA:223,426
DA:224,426
DA:225,426
DA:233,1822
DA:237,864
DA:238,864
DA:239,864
DA:240,864
DA:241,864
DA:242,864
DA:245,442
DA:246,442
DA:252,5
LF:95
LH:94
end_of_record
TN:
SF:/usr/share/miniconda3/envs/moose/libmesh/include/Eigen/src/Core/DenseStorage.h
FNF:0
FNH:0
DA:621,0
LF:1
LH:0
end_of_record
TN:
SF:/usr/share/miniconda3/envs/moose/libmesh/include/Eigen/src/Core/Matrix.h
FNF:0
FNH:0
DA:178,0
LF:1
LH:0
end_of_record
TN:
SF:/usr/share/miniconda3/envs/moose/libmesh/include/Eigen/src/Core/util/Memory.h
FNF:0
FNH:0
DA:203,0
LF:1
LH:0
end_of_record
TN:
SF:/usr/share/miniconda3/envs/moose/libmesh/include/libmesh/dense_matrix.h
FN:99,_ZN7libMesh11DenseMatrixIdED2Ev
FN:99,_ZN7libMesh11DenseMatrixIdED0Ev
FN:126,_ZNK7libMesh11DenseMatrixIdE2elEjj
FN:130,_ZN7libMesh11DenseMatrixIdE2elEjj
FN:911,_ZN7libMesh11DenseMatrixIdE4zeroEv
FNDA:0,_ZN7libMesh11DenseMatrixIdED0Ev
FNDA:0,_ZNK7libMesh11DenseMatrixIdE2elEjj
FNDA:66,_ZN7libMesh11DenseMatrixIdED2Ev
FNDA:0,_ZN7libMesh11DenseMatrixIdE2elEjj
FNDA:0,_ZN7libMesh11DenseMatrixIdE4zeroEv
FNF:5
FNH:1
DA:99,66
DA:126,0
DA:128,0
DA:130,0
DA:132,0
DA:911,0
DA:913,0
DA:916,0
DA:962,0
DA:977,0
LF:10
LH:1
end_of_record
TN:
SF:/usr/share/miniconda3/envs/moose/libmesh/include/libmesh/dense_vector.h
FN:102,_ZN7libMesh11DenseVectorIdED2Ev
FN:102,_ZN7libMesh11DenseVectorIdED0Ev
FN:104,_ZNK7libMesh11DenseVectorIdE4sizeEv
FN:109,_ZNK7libMesh11DenseVectorIdE5emptyEv
FN:124,_ZNK7libMesh11DenseVectorIdE2elEj
FN:127,_ZN7libMesh11DenseVectorIdE2elEj
FN:398,_ZN7libMesh11DenseVectorIdE4zeroEv
FNDA:0,_ZNK7libMesh11DenseVectorIdE2elEj
FNDA:0,_ZN7libMesh11DenseVectorIdE4zeroEv
FNDA:0,_ZN7libMesh11DenseVectorIdED2Ev
FNDA:0,_ZNK7libMesh11DenseVectorIdE4sizeEv
FNDA:0,_ZN7libMesh11DenseVectorIdED0Ev
FNDA:0,_ZNK7libMesh11DenseVectorIdE5emptyEv
FNDA:0,_ZN7libMesh11DenseVectorIdE2elEj
FNF:7
FNH:0
DA:102,0
DA:104,0
DA:106,0
DA:109,0
DA:110,0
DA:124,0
DA:125,0
DA:127,0
DA:128,0
DA:398,0
DA:403,0
DA:413,0
DA:424,0
LF:13
LH:0
end_of_record
TN:
SF:/usr/share/miniconda3/envs/moose/libmesh/include/libmesh/distributed_mesh.h
FN:264,_ZNK7libMesh15DistributedMesh7n_nodesEv
FN:349,_ZN7libMesh15DistributedMesh24active_element_ptr_rangeEv
FNDA:0,_ZNK7libMesh15DistributedMesh7n_nodesEv
FNDA:0,_ZN7libMesh15DistributedMesh24active_element_ptr_rangeEv
FNF:2
FNH:0
DA:264,0
DA:349,0
LF:2
LH:0
end_of_record
TN:
SF:/usr/share/miniconda3/envs/moose/libmesh/include/libmesh/dof_object.h
FN:73,_ZN7libMesh9DofObjectD2Ev
FN:725,_ZN7libMesh9DofObjectC2Ev
FN:749,_ZN7libMesh9DofObject15invalidate_dofsEj
FN:953,_ZNK7libMesh9DofObject12n_var_groupsEj
FN:1256,_ZNK7libMesh9DofObject7end_idxEj
FNDA:0,_ZNK7libMesh9DofObject12n_var_groupsEj
FNDA:106,_ZN7libMesh9DofObjectC2Ev
FNDA:0,_ZN7libMesh9DofObjectD2Ev
FNDA:106,_ZN7libMesh9DofObject15invalidate_dofsEj
FNDA:0,_ZNK7libMesh9DofObject7end_idxEj
FNF:5
FNH:2
DA:73,0
DA:200,106
DA:725,106
DA:727,106
DA:729,106
DA:730,106
DA:733,106
DA:749,106
DA:753,106
DA:755,106
DA:756,0
DA:757,0
DA:762,0
DA:763,0
DA:765,106
DA:788,106
DA:828,225137
DA:919,106
DA:935,106
DA:936,0
DA:937,106
DA:945,0
DA:946,0
DA:947,0
DA:953,0
DA:957,0
DA:1022,0
DA:1250,0
DA:1256,0
DA:1261,0
DA:1263,0
DA:1305,0
DA:1308,0
LF:33
LH:15
end_of_record
TN:
SF:/usr/share/miniconda3/envs/moose/libmesh/include/libmesh/elem.h
FN:576,_ZNK7libMesh4Elem9is_remoteEv
FN:634,_ZNK7libMesh4Elem16n_nodes_in_childEj
FN:720,_ZNK7libMesh4Elem18is_vertex_on_childEjj
FN:931,_ZNK7libMesh4Elem21supported_nodal_orderEv
FN:938,_ZNK7libMesh4Elem18default_side_orderEv
FN:982,_ZNK7libMesh4Elem17quasicircumcenterEv
FN:1042,_ZNK7libMesh4Elem11qual_boundsENS_11ElemQualityE
FN:1097,_ZNK7libMesh4Elem14has_affine_mapEv
FN:1113,_ZNK7libMesh4Elem9is_linearEv
FN:1731,_ZNK7libMesh4Elem19local_singular_nodeERKNS_5PointEd
FN:1738,_ZNK7libMesh4Elem16is_singular_nodeEj
FN:1939,_ZNK7libMesh4Elem24embedding_matrix_versionEv
FN:2098,_ZNK7libMesh4Elem26_get_bracketing_node_cacheEv
FN:2112,_ZNK7libMesh4Elem25_get_parent_indices_cacheEv
FN:2358,_ZNK7libMesh4Elem10local_nodeEm
FN:2428,_ZN7libMesh4Elem8set_nodeEj
FNDA:0,_ZNK7libMesh4Elem24embedding_matrix_versionEv
FNDA:0,_ZNK7libMesh4Elem19local_singular_nodeERKNS_5PointEd
FNDA:0,_ZNK7libMesh4Elem9is_linearEv
FNDA:0,_ZNK7libMesh4Elem18default_side_orderEv
[...]
FNDA:0,_ZNKSt14default_deleteIA_N11MetaPhysicL10DualNumberIdNS0_28SemiDynamicSparseNumberArrayIdmNS0_8NWrapperILm64EEEEELb1EEEEclIS6_EENSt9enable_ifIXsrSt14is_convertibleIPA_T_PS7_E5valueEvE4typeEPSC_
FNDA:3,_ZNSt10unique_ptrI26BVKelvinViscoelasticUpdateSt14default_deleteIS0_EED2Ev
FNDA:0,_ZSt11make_uniqueIN7libMesh10Parameters9ParameterINSt7__cxx1112basic_stringIcSt11char_traitsIcESaIcEEEEEJEENSt8__detail9_MakeUniqIT_E15__single_objectEDpOT0_
FNDA:8,_ZSt11make_uniqueI18BVDarcyVelocityAuxJRK15InputParametersEENSt8__detail9_MakeUniqIT_E15__single_objectEDpOT0_
FNDA:5,_ZSt11make_uniqueI18BVSinglePhaseDarcyJRK15InputParametersEENSt8__detail9_MakeUniqIT_E15__single_objectEDpOT0_
FNDA:0,_ZNSt10unique_ptrI29BVFVMultiPhaseSaturationDarcySt14default_deleteIS0_EED2Ev
FNDA:4,_ZSt11make_uniqueI29BVMechanicalInterfaceMaterialJRK15InputParametersEENSt8__detail9_MakeUniqIT_E15__single_objectEDpOT0_
FNDA:0,_ZNSt10unique_ptrIN7libMesh10Parameters5ValueESt14default_deleteIS2_EEaSINS1_9ParameterI9MooseEnumEES3_IS9_EEENSt9enable_ifIXsrSt6__and_IJSC_IJSt14is_convertibleINS_IT_T0_E7pointerEPS2_ESt6__not_ISt8is_arrayISE_EEEESt13is_assignableIRS4_OSF_EEE5valueERS5_E4typeEOSG_
FNDA:4,_ZSt11make_uniqueI17BVShearTractionBCJRK15InputParametersEENSt8__detail9_MakeUniqIT_E15__single_objectEDpOT0_
FNDA:0,_ZNKSt14default_deleteI10MooseArrayIN5Eigen6MatrixIdLin1ELi1ELi0ELin1ELi1EEEEEclEPS4_
FNDA:0,_ZNKSt14default_deleteI10MooseArrayIN11MetaPhysicL10DualNumberIdNS1_28SemiDynamicSparseNumberArrayIdmNS1_8NWrapperILm64EEEEELb1EEEEEclEPS8_
FNDA:0,_ZNSt10unique_ptrI30BVRelativePermeabilityPowerLawSt14default_deleteIS0_EED2Ev
FNDA:0,_ZNSt10unique_ptrI16MaterialPropertyIdESt14default_deleteIS1_EED2Ev
FNDA:0,_ZSt11make_uniqueI30BVRelativePermeabilityPowerLawJRK15InputParametersEENSt8__detail9_MakeUniqIT_E15__single_objectEDpOT0_
FNDA:0,_ZNSt10unique_ptrIN7libMesh10Parameters9ParameterINS0_11VectorValueIdEEEESt14default_deleteIS5_EED2Ev
FNDA:3,_ZNSt10unique_ptrI19BVBurgerModelUpdateSt14default_deleteIS0_EED2Ev
FNDA:0,_ZNSt10unique_ptrIA_18RankTwoTensorTemplIdESt14default_deleteIS2_EED2Ev
FNDA:0,_ZNSt10unique_ptrIN7libMesh10Parameters5ValueESt14default_deleteIS2_EEaSINS1_9ParameterIjEES3_IS8_EEENSt9enable_ifIXsrSt6__and_IJSB_IJSt14is_convertibleINS_IT_T0_E7pointerEPS2_ESt6__not_ISt8is_arrayISD_EEEESt13is_assignableIRS4_OSE_EEE5valueERS5_E4typeEOSF_
FNDA:0,_ZNSt10unique_ptrI10MooseArrayIN11MetaPhysicL10DualNumberIdNS1_28SemiDynamicSparseNumberArrayIdmNS1_8NWrapperILm64EEEEELb1EEEESt14default_deleteIS8_EED2Ev
FNDA:6,_ZSt11make_uniqueI16BVMisesStressAuxJRK15InputParametersEENSt8__detail9_MakeUniqIT_E15__single_objectEDpOT0_
FNDA:3,_ZNSt10unique_ptrI19BVLubby2ModelUpdateSt14default_deleteIS0_EED2Ev
FNDA:1628,_ZNSt10unique_ptrIN7libMesh10Parameters5ValueESt14default_deleteIS2_EED2Ev
FNDA:0,_ZSt11make_uniqueIN7libMesh10Parameters9ParameterI9MooseEnumEEJEENSt8__detail9_MakeUniqIT_E15__single_objectEDpOT0_
FNDA:0,_ZSt11make_uniqueIN7libMesh10Parameters9ParameterItEEJEENSt8__detail9_MakeUniqIT_E15__single_objectEDpOT0_
FNDA:0,_ZSt11make_uniqueIN7libMesh10Parameters9ParameterIdEEJEENSt8__detail9_MakeUniqIT_E15__single_objectEDpOT0_
FNDA:0,_ZSt11make_uniqueIN7libMesh10Parameters9ParameterI17MeshGeneratorNameEEJEENSt8__detail9_MakeUniqIT_E15__single_objectEDpOT0_
FNDA:3,_ZNSt10unique_ptrI29BVModifiedLemaitreModelUpdateSt14default_deleteIS0_EED2Ev
FNDA:3,_ZNSt10unique_ptrI20BVFVSinglePhaseDarcySt14default_deleteIS0_EED2Ev
FNDA:4,_ZNSt10unique_ptrI17BVShearTractionBCSt14default_deleteIS0_EED2Ev
FNDA:0,_ZNKSt14default_deleteI10MooseArrayIN7libMesh11VectorValueIdEEEEclEPS4_
FNDA:2,_ZSt11make_uniqueI13BVPressureAuxJRK15InputParametersEENSt8__detail9_MakeUniqIT_E15__single_objectEDpOT0_
FNDA:0,_ZNSt10unique_ptrIN7libMesh10Parameters5ValueESt14default_deleteIS2_EEaSINS1_9ParameterISt6vectorI12MaterialNameSaIS9_EEEES3_ISC_EEENSt9enable_ifIXsrSt6__and_IJSF_IJSt14is_convertibleINS_IT_T0_E7pointerEPS2_ESt6__not_ISt8is_arrayISH_EEEESt13is_assignableIRS4_OSI_EEE5valueERS5_E4typeEOSJ_
FNDA:3,_ZSt11make_uniqueI21BVFaultShearStressAuxJRK15InputParametersEENSt8__detail9_MakeUniqIT_E15__single_objectEDpOT0_
FNDA:1,_ZNSt10unique_ptrI29BVFVSinglePhaseTimeDerivativeSt14default_deleteIS0_EED2Ev
FNDA:0,_ZNSt10unique_ptrI10MooseArrayIN7libMesh11VectorValueIdEEESt14default_deleteIS4_EED2Ev
FNDA:0,_ZNSt10unique_ptrIN7libMesh10Parameters5ValueESt14default_deleteIS2_EEaSINS1_9ParameterIdEES3_IS8_EEENSt9enable_ifIXsrSt6__and_IJSB_IJSt14is_convertibleINS_IT_T0_E7pointerEPS2_ESt6__not_ISt8is_arrayISD_EEEESt13is_assignableIRS4_OSE_EEE5valueERS5_E4typeEOSF_
FNDA:0,_ZSt11make_uniqueI36BVFVMultiPhasePressureTimeDerivativeJRK15InputParametersEENSt8__detail9_MakeUniqIT_E15__single_objectEDpOT0_
FNDA:49,_ZNSt10unique_ptrI18BVStressDivergenceSt14default_deleteIS0_EED2Ev
FNDA:0,_ZNSt10unique_ptrI23AppFactoryBuildInfoBaseSt14default_deleteIS0_EED2Ev
FNDA:0,_ZNSt15__uniq_ptr_implI13PropertyValueSt14default_deleteIS0_EEaSEOS3_
FNDA:40,_ZNSt10unique_ptrIN23variant_filter_iteratorIN7libMesh10Predicates15multi_predicateEPNS1_4ElemERS5_PS5_KS5_RS8_PS8_E8IterBaseESt14default_deleteISC_EED2Ev
FNDA:0,_ZNSt10unique_ptrI10MooseArrayIdESt14default_deleteIS1_EED2Ev
FNDA:54,_ZNSt10unique_ptrI20BVMechanicalMaterialSt14default_deleteIS0_EED2Ev
FNDA:0,_ZNSt10unique_ptrI18ADMaterialPropertyIdESt14default_deleteIS1_EED2Ev
FNDA:5,_ZSt11make_uniqueI25BVFaultInterfaceGeneratorJRK15InputParametersEENSt8__detail9_MakeUniqIT_E15__single_objectEDpOT0_
FNDA:0,_ZNSt10unique_ptrIdSt14default_deleteIdEED2Ev
FNDA:0,_ZNSt10unique_ptrI10MooseArrayIN7libMesh11VectorValueIN11MetaPhysicL10DualNumberIdNS3_28SemiDynamicSparseNumberArrayIdmNS3_8NWrapperILm64EEEEELb1EEEEEESt14default_deleteISB_EED2Ev
FNDA:12,_ZSt11make_uniqueI18BVConstantPorosityJRK15InputParametersEENSt8__detail9_MakeUniqIT_E15__single_objectEDpOT0_
FNDA:10,_ZNSt10unique_ptrI21BVMechanicalInterfaceSt14default_deleteIS0_EED2Ev
FNDA:0,_ZNKSt14default_deleteIA_N7libMesh11VectorValueIN11MetaPhysicL10DualNumberIdNS2_28SemiDynamicSparseNumberArrayIdmNS2_8NWrapperILm64EEEEELb1EEEEEEclIS9_EENSt9enable_ifIXsrSt14is_convertibleIPA_T_PSA_E5valueEvE4typeEPSF_
FNDA:0,_ZNKSt14default_deleteIA_N7libMesh11TensorValueIN11MetaPhysicL10DualNumberIdNS2_28SemiDynamicSparseNumberArrayIdmNS2_8NWrapperILm64EEEEELb1EEEEEEclIS9_EENSt9enable_ifIXsrSt14is_convertibleIPA_T_PSA_E5valueEvE4typeEPSF_
FNDA:4,_ZSt11make_uniqueI18BVEqvStrainRateAuxJRK15InputParametersEENSt8__detail9_MakeUniqIT_E15__single_objectEDpOT0_
FNDA:0,_ZSt11make_uniqueIN7libMesh10Parameters9ParameterISt6vectorI12BoundaryNameSaIS4_EEEEJEENSt8__detail9_MakeUniqIT_E15__single_objectEDpOT0_
FNDA:12,_ZNSt10unique_ptrI18BVConstantPorositySt14default_deleteIS0_EED2Ev
FNDA:0,_ZNSt10unique_ptrIN7libMesh10Parameters9ParameterISt6vectorI12BoundaryNameSaIS4_EEEESt14default_deleteIS7_EED2Ev
FNDA:0,_ZNSt10unique_ptrI31BVSinglePhaseFlowSoluteMaterialSt14default_deleteIS0_EED2Ev
FNDA:4,_ZNSt10unique_ptrI14BVEqvStrainAuxSt14default_deleteIS0_EED2Ev
FNDA:0,_ZNSt10unique_ptrI33OptionalMaterialPropertyProxyBaseI25MaterialPropertyInterfaceESt14default_deleteIS2_EED2Ev
FNDA:0,_ZNSt10unique_ptrI26BVFVSinglePhaseSoluteDarcySt14default_deleteIS0_EED2Ev
FNDA:0,_ZNSt10unique_ptrIN7libMesh10Parameters5ValueESt14default_deleteIS2_EEaSINS1_9ParameterI12FunctionNameEES3_IS9_EEENSt9enable_ifIXsrSt6__and_IJSC_IJSt14is_convertibleINS_IT_T0_E7pointerEPS2_ESt6__not_ISt8is_arrayISE_EEEESt13is_assignableIRS4_OSF_EEE5valueERS5_E4typeEOSG_
FNDA:3,_ZNSt10unique_ptrI27BVSinglePhaseTimeDerivativeSt14default_deleteIS0_EED2Ev
FNDA:0,_ZNSt10unique_ptrIN7libMesh10Parameters5ValueESt14default_deleteIS2_EEaSINS1_9ParameterINS0_11VectorValueIdEEEES3_ISA_EEENSt9enable_ifIXsrSt6__and_IJSD_IJSt14is_convertibleINS_IT_T0_E7pointerEPS2_ESt6__not_ISt8is_arrayISF_EEEESt13is_assignableIRS4_OSG_EEE5valueERS5_E4typeEOSH_
FNDA:0,_ZNKSt14default_deleteIA_N7libMesh11TensorValueIdEEEclIS2_EENSt9enable_ifIXsrSt14is_convertibleIPA_T_PS3_E5valueEvE4typeEPS8_
FNF:201
FNH:81
DA:89,0
DA:95,1688
DA:96,1688
DA:128,0
DA:132,0
DA:133,0
DA:168,626
DA:178,10
DA:181,0
DA:185,0
DA:191,8461
DA:200,160
DA:201,160
DA:202,20
DA:203,0
DA:209,621
DA:210,466
DA:235,0
DA:353,0
DA:390,2324
DA:395,2324
DA:396,0
DA:398,2324
DA:422,160
DA:426,160
DA:665,2401
DA:668,2401
DA:669,0
DA:671,2401
DA:1064,621
DA:1065,621
LF:31
LH:20
end_of_record
TN:
SF:/usr/share/miniconda3/envs/moose/x86_64-conda-linux-gnu/include/c++/12.3.0/bits/unordered_map.h
FNF:0
FNH:0
DA:102,88
DA:980,0
LF:2
LH:1
end_of_record
TN:
SF:/usr/share/miniconda3/envs/moose/x86_64-conda-linux-gnu/include/c++/12.3.0/bits/unordered_set.h
FNF:0
FNH:0
DA:426,0
LF:1
LH:0
end_of_record
TN:
SF:/usr/share/miniconda3/envs/moose/x86_64-conda-linux-gnu/include/c++/12.3.0/bits/vector.tcc
FN:67,_ZNSt6vectorIP10BndElementSaIS1_EE7reserveEm
FN:111,_ZNSt6vectorISt10shared_ptrI17RegistryEntryBaseESaIS2_EE12emplace_backIJS2_EEERS2_DpOT_
FN:111,_ZNSt6vectorImSaImEE12emplace_backIJmEEERmDpOT_
FN:111,_ZNSt6vectorISt10unique_ptrI13PropertyValueSt14default_deleteIS1_EESaIS4_EE12emplace_backIJS0_I16MaterialPropertyIdES2_IS9_EEEEERS4_DpOT_
FN:111,_ZNSt6vectorISt10unique_ptrI13PropertyValueSt14default_deleteIS1_EESaIS4_EE12emplace_backIJS0_I18ADMaterialPropertyIdES2_IS9_EEEEERS4_DpOT_
FN:111,_ZNSt6vectorISt10unique_ptrI13PropertyValueSt14default_deleteIS1_EESaIS4_EE12emplace_backIJS0_I16MaterialPropertyIN7libMesh11VectorValueIdEEES2_ISC_EEEEERS4_DpOT_
FN:111,_ZNSt6vectorISt10unique_ptrI13PropertyValueSt14default_deleteIS1_EESaIS4_EE12emplace_backIJS0_I18ADMaterialPropertyIN7libMesh11VectorValueIdEEES2_ISC_EEEEERS4_DpOT_
FN:111,_ZNSt6vectorIP10BndElementSaIS1_EE12emplace_backIJS1_EEERS1_DpOT_
FN:204,_ZNSt6vectorI12MaterialNameSaIS0_EEaSERKS2_
FN:204,_ZNSt6vectorI12BoundaryNameSaIS0_EEaSERKS2_
FN:204,_ZNSt6vectorI21NonlinearVariableNameSaIS0_EEaSERKS2_
FN:204,_ZNSt6vectorI12FunctionNameSaIS0_EEaSERKS2_
FN:439,_ZNSt6vectorISt10unique_ptrI13PropertyValueSt14default_deleteIS1_EESaIS4_EE17_M_realloc_insertIJS0_I18ADMaterialPropertyIN7libMesh11VectorValueIdEEES2_ISC_EEEEEvN9__gnu_cxx17__normal_iteratorIPS4_S6_EEDpOT_
FN:439,_ZNSt6vectorImSaImEE17_M_realloc_insertIJmEEEvN9__gnu_cxx17__normal_iteratorIPmS1_EEDpOT_
FN:439,_ZNSt6vectorIP10BndElementSaIS1_EE17_M_realloc_insertIJS1_EEEvN9__gnu_cxx17__normal_iteratorIPS1_S3_EEDpOT_
FN:439,_ZNSt6vectorISt10unique_ptrI13PropertyValueSt14default_deleteIS1_EESaIS4_EE17_M_realloc_insertIJS0_I18ADMaterialPropertyIdES2_IS9_EEEEEvN9__gnu_cxx17__normal_iteratorIPS4_S6_EEDpOT_
FN:439,_ZNSt6vectorISt10unique_ptrI13PropertyValueSt14default_deleteIS1_EESaIS4_EE17_M_realloc_insertIJS0_I16MaterialPropertyIN7libMesh11VectorValueIdEEES2_ISC_EEEEEvN9__gnu_cxx17__normal_iteratorIPS4_S6_EEDpOT_
FN:439,_ZNSt6vectorIP21BVInelasticUpdateBaseSaIS1_EE17_M_realloc_insertIJRKS1_EEEvN9__gnu_cxx17__normal_iteratorIPS1_S3_EEDpOT_
FN:439,_ZNSt6vectorISt10unique_ptrI13PropertyValueSt14default_deleteIS1_EESaIS4_EE17_M_realloc_insertIJS0_I16MaterialPropertyIdES2_IS9_EEEEEvN9__gnu_cxx17__normal_iteratorIPS4_S6_EEDpOT_
FN:439,_ZNSt6vectorISt10shared_ptrI17RegistryEntryBaseESaIS2_EE17_M_realloc_insertIJS2_EEEvN9__gnu_cxx17__normal_iteratorIPS2_S4_EEDpOT_
FN:523,_ZNSt6vectorISt4pairIbdESaIS1_EE14_M_fill_insertEN9__gnu_cxx17__normal_iteratorIPS1_S3_EEmRKS1_
FN:523,_ZNSt6vectorISt4pairIbN11MetaPhysicL10DualNumberIdNS1_28SemiDynamicSparseNumberArrayIdmNS1_8NWrapperILm64EEEEELb1EEEESaIS8_EE14_M_fill_insertEN9__gnu_cxx17__normal_iteratorIPS8_SA_EEmRKS8_
FN:628,_ZNSt6vectorIS_ISt4pairIbN11MetaPhysicL10DualNumberIdNS1_28SemiDynamicSparseNumberArrayIdmNS1_8NWrapperILm64EEEEELb1EEEESaIS8_EESaISA_EE17_M_default_appendEm
FN:628,_ZNSt6vectorISt10unique_ptrI13PropertyValueSt14default_deleteIS1_EESaIS4_EE17_M_default_appendEm
FN:628,_ZNSt6vectorIPK8FunctionSaIS2_EE17_M_default_appendEm
FN:628,_ZNSt6vectorIS_ISt4pairIbdESaIS1_EESaIS3_EE17_M_default_appendEm
FNDA:0,_ZNSt6vectorISt10unique_ptrI13PropertyValueSt14default_deleteIS1_EESaIS4_EE17_M_realloc_insertIJS0_I18ADMaterialPropertyIN7libMesh11VectorValueIdEEES2_ISC_EEEEEvN9__gnu_cxx17__normal_iteratorIPS4_S6_EEDpOT_
FNDA:0,_ZNSt6vectorImSaImEE17_M_realloc_insertIJmEEEvN9__gnu_cxx17__normal_iteratorIPmS1_EEDpOT_
FNDA:0,_ZNSt6vectorIP10BndElementSaIS1_EE17_M_realloc_insertIJS1_EEEvN9__gnu_cxx17__normal_iteratorIPS1_S3_EEDpOT_
FNDA:1288,_ZNSt6vectorISt10shared_ptrI17RegistryEntryBaseESaIS2_EE12emplace_backIJS2_EEERS2_DpOT_
FNDA:0,_ZNSt6vectorIP10BndElementSaIS1_EE7reserveEm
FNDA:0,_ZNSt6vectorIS_ISt4pairIbN11MetaPhysicL10DualNumberIdNS1_28SemiDynamicSparseNumberArrayIdmNS1_8NWrapperILm64EEEEELb1EEEESaIS8_EESaISA_EE17_M_default_appendEm
FNDA:0,_ZNSt6vectorISt10unique_ptrI13PropertyValueSt14default_deleteIS1_EESaIS4_EE17_M_default_appendEm
FNDA:0,_ZNSt6vectorISt10unique_ptrI13PropertyValueSt14default_deleteIS1_EESaIS4_EE17_M_realloc_insertIJS0_I16MaterialPropertyIN7libMesh11VectorValueIdEEES2_ISC_EEEEEvN9__gnu_cxx17__normal_iteratorIPS4_S6_EEDpOT_
FNDA:0,_ZNSt6vectorISt4pairIbdESaIS1_EE14_M_fill_insertEN9__gnu_cxx17__normal_iteratorIPS1_S3_EEmRKS1_
FNDA:0,_ZNSt6vectorISt10unique_ptrI13PropertyValueSt14default_deleteIS1_EESaIS4_EE17_M_realloc_insertIJS0_I18ADMaterialPropertyIdES2_IS9_EEEEEvN9__gnu_cxx17__normal_iteratorIPS4_S6_EEDpOT_
FNDA:4628,_ZNSt6vectorImSaImEE12emplace_backIJmEEERmDpOT_
FNDA:0,_ZNSt6vectorISt10unique_ptrI13PropertyValueSt14default_deleteIS1_EESaIS4_EE12emplace_backIJS0_I16MaterialPropertyIdES2_IS9_EEEEERS4_DpOT_
FNDA:0,_ZNSt6vectorIPK8FunctionSaIS2_EE17_M_default_appendEm
FNDA:0,_ZNSt6vectorI12MaterialNameSaIS0_EEaSERKS2_
FNDA:18,_ZNSt6vectorIP21BVInelasticUpdateBaseSaIS1_EE17_M_realloc_insertIJRKS1_EEEvN9__gnu_cxx17__normal_iteratorIPS1_S3_EEDpOT_
FNDA:0,_ZNSt6vectorISt10unique_ptrI13PropertyValueSt14default_deleteIS1_EESaIS4_EE17_M_realloc_insertIJS0_I16MaterialPropertyIdES2_IS9_EEEEEvN9__gnu_cxx17__normal_iteratorIPS4_S6_EEDpOT_
FNDA:964,_ZNSt6vectorIP10BndElementSaIS1_EE12emplace_backIJS1_EEERS1_DpOT_
FNDA:0,_ZNSt6vectorISt10shared_ptrI17RegistryEntryBaseESaIS2_EE17_M_realloc_insertIJS2_EEEvN9__gnu_cxx17__normal_iteratorIPS2_S4_EEDpOT_
FNDA:0,_ZNSt6vectorISt4pairIbN11MetaPhysicL10DualNumberIdNS1_28SemiDynamicSparseNumberArrayIdmNS1_8NWrapperILm64EEEEELb1EEEESaIS8_EE14_M_fill_insertEN9__gnu_cxx17__normal_iteratorIPS8_SA_EEmRKS8_
FNDA:0,_ZNSt6vectorI12BoundaryNameSaIS0_EEaSERKS2_
FNDA:0,_ZNSt6vectorISt10unique_ptrI13PropertyValueSt14default_deleteIS1_EESaIS4_EE12emplace_backIJS0_I16MaterialPropertyIN7libMesh11VectorValueIdEEES2_ISC_EEEEERS4_DpOT_
FNDA:0,_ZNSt6vectorI21NonlinearVariableNameSaIS0_EEaSERKS2_
FNDA:0,_ZNSt6vectorIS_ISt4pairIbdESaIS1_EESaIS3_EE17_M_default_appendEm
FNDA:0,_ZNSt6vectorISt10unique_ptrI13PropertyValueSt14default_deleteIS1_EESaIS4_EE12emplace_backIJS0_I18ADMaterialPropertyIdES2_IS9_EEEEERS4_DpOT_
FNDA:0,_ZNSt6vectorISt10unique_ptrI13PropertyValueSt14default_deleteIS1_EESaIS4_EE12emplace_backIJS0_I18ADMaterialPropertyIN7libMesh11VectorValueIdEEES2_ISC_EEEEERS4_DpOT_
FNDA:204,_ZNSt6vectorI12FunctionNameSaIS0_EEaSERKS2_
FNF:26
FNH:5
DA:67,0
DA:70,0
DA:71,0
DA:72,0
DA:80,0
DA:94,0
DA:95,0
DA:96,0
DA:97,0
DA:98,0
DA:100,0
DA:111,6880
DA:114,6880
DA:119,4702
DA:123,2178
DA:125,6880
DA:204,204
DA:207,204
DA:230,204
DA:232,0
DA:234,0
DA:237,0
DA:238,0
DA:239,0
DA:240,0
DA:242,204
DA:249,0
DA:251,0
DA:252,0
DA:256,204
DA:258,204
DA:439,18
DA:449,18
DA:450,18
DA:451,18
DA:462,18
DA:463,18
DA:477,18
DA:514,18
DA:515,18
DA:516,18
DA:517,18
DA:518,18
DA:523,0
DA:526,0
DA:528,0
DA:529,0
DA:537,0
DA:539,0
DA:542,0
DA:546,0
DA:548,0
DA:550,0
DA:556,0
DA:557,0
DA:565,0
DA:574,0
DA:579,0
DA:580,0
DA:586,0
DA:595,0
DA:616,0
DA:617,0
DA:618,0
DA:619,0
DA:622,0
DA:628,0
DA:631,0
DA:634,0
DA:635,0
DA:637,0
DA:638,0
DA:640,0
DA:643,0
DA:656,0
DA:662,0
DA:670,0
DA:698,0
DA:699,0
DA:700,0
DA:701,0
DA:704,0
LF:82
LH:23
end_of_record
TN:
SF:/usr/share/miniconda3/envs/moose/x86_64-conda-linux-gnu/include/c++/12.3.0/complex
FNF:0
FNH:0
DA:1844,129077
LF:1
LH:1
end_of_record
TN:
SF:/usr/share/miniconda3/envs/moose/x86_64-conda-linux-gnu/include/c++/12.3.0/ext/aligned_buffer.h
FNF:0
FNH:0
DA:65,1862
DA:69,1187
DA:104,1320
LF:3
LH:3
end_of_record
TN:
SF:/usr/share/miniconda3/envs/moose/x86_64-conda-linux-gnu/include/c++/12.3.0/ext/atomicity.h
FNF:0
FNH:0
DA:66,1636
DA:71,1288
DA:84,0
DA:85,0
DA:92,0
DA:98,1636
DA:99,0
DA:101,1636
DA:108,1288
LF:9
LH:5
end_of_record
TN:
SF:/usr/share/miniconda3/envs/moose/x86_64-conda-linux-gnu/include/c++/12.3.0/future
FN:342,_ZNSt13__future_base13_State_baseV2D0Ev
FN:342,_ZNSt13__future_base13_State_baseV2D2Ev
FN:596,_ZNSt13__future_base13_State_baseV217_M_complete_asyncEv
FN:599,_ZNKSt13__future_base13_State_baseV221_M_is_deferred_futureEv
FN:670,_ZNSt13__future_base7_ResultIvE10_M_destroyEv
FNDA:0,_ZNSt13__future_base13_State_baseV2D2Ev
FNDA:0,_ZNKSt13__future_base13_State_baseV221_M_is_deferred_futureEv
FNDA:0,_ZNSt13__future_base13_State_baseV2D0Ev
FNDA:0,_ZNSt13__future_base13_State_baseV217_M_complete_asyncEv
FNDA:0,_ZNSt13__future_base7_ResultIvE10_M_destroyEv
FNF:5
FNH:0
DA:227,0
DA:342,0
DA:596,0
DA:599,0
DA:670,0
LF:5
LH:0
end_of_record
TN:
SF:/usr/share/miniconda3/envs/moose/x86_64-conda-linux-gnu/include/c++/12.3.0/initializer_list
FNF:0
FNH:0
DA:71,628
DA:79,628
LF:2
LH:2
end_of_record
TN:
SF:/usr/share/miniconda3/envs/moose/x86_64-conda-linux-gnu/include/c++/12.3.0/istream
FNF:0
FNH:0
DA:219,0
LF:1
LH:0
end_of_record
TN:
SF:/usr/share/miniconda3/envs/moose/x86_64-conda-linux-gnu/include/c++/12.3.0/ostream
FNF:0
FNH:0
DA:113,0
DA:175,0
DA:185,0
DA:196,0
DA:221,0
DA:246,0
LF:6
LH:0
end_of_record
TN:
SF:/usr/share/miniconda3/envs/moose/x86_64-conda-linux-gnu/include/c++/12.3.0/sstream
FNF:0
FNH:0
DA:918,0
DA:1137,0
LF:2
LH:0
end_of_record
TN:
SF:/usr/share/miniconda3/envs/moose/x86_64-conda-linux-gnu/include/c++/12.3.0/string_view
FN:317,_ZNKSt17basic_string_viewIcSt11char_traitsIcEE7compareES2_
FNDA:1080,_ZNKSt17basic_string_viewIcSt11char_traitsIcEE7compareES2_
FNF:1
FNH:1
DA:133,0
DA:134,0
DA:135,0
DA:317,1080
DA:319,1080
DA:320,1080
DA:321,1080
DA:323,1080
DA:508,0
DA:509,0
DA:511,0
DA:513,0
DA:603,160
DA:609,920
DA:674,0
LF:15
LH:7
end_of_record
TN:
SF:/usr/share/miniconda3/envs/moose/x86_64-conda-linux-gnu/include/c++/12.3.0/tuple
FN:1476,_ZNSt15__tuple_compareISt5tupleIJPK8FaceInfoN5Moose2FV11LimiterTypeEbbPKN7libMesh4ElemEEESB_Lm2ELm5EE6__lessERKSB_SE_
FN:1476,_ZNSt15__tuple_compareISt5tupleIJPK8FaceInfoN5Moose2FV11LimiterTypeEbbPKN7libMesh4ElemEEESB_Lm0ELm5EE6__lessERKSB_SE_
FN:1476,_ZNSt15__tuple_compareISt5tupleIJPK8FaceInfoN5Moose2FV11LimiterTypeEbbPKN7libMesh4ElemEEESB_Lm1ELm5EE6__lessERKSB_SE_
FN:1814,_ZNSt4pairIKNSt7__cxx1112basic_stringIcSt11char_traitsIcESaIcEEEN15InputParameters8MetadataEEC2IJRS6_EJLm0EEJEJEEERSt5tupleIJDpT_EERSC_IJDpT1_EESt12_Index_tupleIJXspT0_EEESL_IJXspT2_EEE
FNDA:0,_ZNSt15__tuple_compareISt5tupleIJPK8FaceInfoN5Moose2FV11LimiterTypeEbbPKN7libMesh4ElemEEESB_Lm2ELm5EE6__lessERKSB_SE_
FNDA:160,_ZNSt4pairIKNSt7__cxx1112basic_stringIcSt11char_traitsIcESaIcEEEN15InputParameters8MetadataEEC2IJRS6_EJLm0EEJEJEEERSt5tupleIJDpT_EERSC_IJDpT1_EESt12_Index_tupleIJXspT0_EEESL_IJXspT2_EEE
FNDA:0,_ZNSt15__tuple_compareISt5tupleIJPK8FaceInfoN5Moose2FV11LimiterTypeEbbPKN7libMesh4ElemEEESB_Lm1ELm5EE6__lessERKSB_SE_
FNDA:0,_ZNSt15__tuple_compareISt5tupleIJPK8FaceInfoN5Moose2FV11LimiterTypeEbbPKN7libMesh4ElemEEESB_Lm0ELm5EE6__lessERKSB_SE_
FNF:4
FNH:1
DA:124,0
DA:187,0
DA:189,165
DA:190,266
DA:192,415
DA:193,415
DA:199,0
DA:200,2205
DA:233,160
DA:301,10
DA:454,160
DA:456,2159
DA:609,0
DA:1476,0
DA:1478,0
DA:1479,0
DA:1480,0
DA:1546,0
DA:1802,160
DA:1807,160
DA:1814,2159
DA:1817,1664
DA:1818,160
DA:1819,160
LF:24
LH:15
end_of_record
TN:
SF:/usr/share/miniconda3/envs/moose/x86_64-conda-linux-gnu/include/c++/12.3.0/typeinfo
FN:193,_ZNKSt9type_infoeqERKS_
FNDA:0,_ZNKSt9type_infoeqERKS_
FNF:1
FNH:0
DA:104,28
DA:193,0
DA:198,0
DA:206,0
LF:4
LH:1
end_of_record
TN:
SF:/usr/share/miniconda3/envs/moose/x86_64-conda-linux-gnu/include/c++/12.3.0/x86_64-conda-linux-gnu/bits/gthr-default.h
FNF:0
FNH:0
DA:748,0
DA:749,0
DA:778,0
DA:779,0
LF:4
LH:0
end_of_record
